<?xml version="1.0" encoding="utf-8"?>
<log version="1.0" tool="runtool">

<msg id="1" tool="runtool">
  <type>log-start</type>
  <arg>2019/10/29 20:52:02</arg>
</msg>
<msg id="2" tool="runtool">
  <type>collector-starts</type>
</msg>
<msg id="3" tool="runtool">
  <type>marker-file</type>
  <arg>F:\Intel_parallel_studio\projects\task3\task3\My Inspector Results - task3\r017ti3\r017ti3.inspxe</arg>
</msg>
<msg id="4" tool="tc">
  <type>START</type>
  <severity>INFO</severity>
  <timestamp>Tue Oct 29 20:52:02 2019</timestamp>
</msg>
<msg id="5" tool="tc">
  <type>EXEC_OF_INTEREST</type>
  <arg>f:\intel_parallel_studio\projects\task3\x64\debug\task3.exe</arg>
  <arg>12368</arg>
  <severity>INFO</severity>
  <timestamp>Tue Oct 29 20:52:02 2019</timestamp>
</msg>
<msg id="6" tool="tc">
  <type>LOAD_MODULE</type>
  <arg>f:\intel_parallel_studio\projects\task3\x64\debug\task3.exe</arg>
  <arg>0x7ff794ce0000</arg>
  <arg>0x7ff794cfafff</arg>
  <severity>INFO</severity>
  <timestamp>Tue Oct 29 20:52:02 2019</timestamp>
</msg>
<msg id="7" tool="tc">
  <type>LOAD_MODULE</type>
  <arg>c:\windows\system32\kernelbase.dll</arg>
  <arg>0x7ffaaa9a0000</arg>
  <arg>0x7ffaaabbcfff</arg>
  <severity>INFO</severity>
  <timestamp>Tue Oct 29 20:52:02 2019</timestamp>
</msg>
<msg id="8" tool="tc">
  <type>LOAD_MODULE</type>
  <arg>c:\windows\system32\kernel32.dll</arg>
  <arg>0x7ffaab030000</arg>
  <arg>0x7ffaab0dafff</arg>
  <severity>INFO</severity>
  <timestamp>Tue Oct 29 20:52:02 2019</timestamp>
</msg>
<msg id="9" tool="tc">
  <type>LOAD_MODULE</type>
  <arg>c:\windows\system32\ntdll.dll</arg>
  <arg>0x7ffaad900000</arg>
  <arg>0x7ffaadad0fff</arg>
  <severity>INFO</severity>
  <timestamp>Tue Oct 29 20:52:02 2019</timestamp>
</msg>
<msg id="10" tool="tc">
  <type>LOAD_MODULE</type>
  <arg>c:\windows\system32\msvcp140d.dll</arg>
  <arg>0x7ffa476b0000</arg>
  <arg>0x7ffa477a0fff</arg>
  <severity>INFO</severity>
  <timestamp>Tue Oct 29 20:52:03 2019</timestamp>
</msg>
<msg id="11" tool="tc">
  <type>LOAD_MODULE</type>
  <arg>c:\windows\system32\vcruntime140d.dll</arg>
  <arg>0x7ffa54b70000</arg>
  <arg>0x7ffa54b91fff</arg>
  <severity>INFO</severity>
  <timestamp>Tue Oct 29 20:52:03 2019</timestamp>
</msg>
<msg id="12" tool="tc">
  <type>LOAD_MODULE</type>
  <arg>c:\windows\system32\ucrtbased.dll</arg>
  <arg>0x7ffa45e30000</arg>
  <arg>0x7ffa45ff1fff</arg>
  <severity>INFO</severity>
  <timestamp>Tue Oct 29 20:52:03 2019</timestamp>
</msg>
<msg id="13" tool="tc">
  <type>LOAD_MODULE</type>
  <arg>c:\program files (x86)\intelswtools\compilers_and_libraries_2019\windows\redist\intel64\compiler\cilkrts20.dll</arg>
  <arg>0x7ffa531d0000</arg>
  <arg>0x7ffa53222fff</arg>
  <severity>INFO</severity>
  <timestamp>Tue Oct 29 20:52:03 2019</timestamp>
</msg>
<msg id="14" tool="tc">
  <type>LOAD_MODULE</type>
  <arg>c:\windows\system32\user32.dll</arg>
  <arg>0x7ffaaaec0000</arg>
  <arg>0x7ffaab024fff</arg>
  <severity>INFO</severity>
  <timestamp>Tue Oct 29 20:52:04 2019</timestamp>
</msg>
<msg id="15" tool="tc">
  <type>LOAD_MODULE</type>
  <arg>c:\windows\system32\win32u.dll</arg>
  <arg>0x7ffaaa980000</arg>
  <arg>0x7ffaaa99dfff</arg>
  <severity>INFO</severity>
  <timestamp>Tue Oct 29 20:52:04 2019</timestamp>
</msg>
<msg id="16" tool="tc">
  <type>LOAD_MODULE</type>
  <arg>c:\windows\system32\gdi32.dll</arg>
  <arg>0x7ffaad8c0000</arg>
  <arg>0x7ffaad8f3fff</arg>
  <severity>INFO</severity>
  <timestamp>Tue Oct 29 20:52:04 2019</timestamp>
</msg>
<msg id="17" tool="tc">
  <type>LOAD_MODULE</type>
  <arg>c:\windows\system32\gdi32full.dll</arg>
  <arg>0x7ffaaa6f0000</arg>
  <arg>0x7ffaaa871fff</arg>
  <severity>INFO</severity>
  <timestamp>Tue Oct 29 20:52:04 2019</timestamp>
</msg>
<msg id="18" tool="tc">
  <type>LOAD_MODULE</type>
  <arg>c:\windows\system32\imm32.dll</arg>
  <arg>0x7ffaaae90000</arg>
  <arg>0x7ffaaaebdfff</arg>
  <severity>INFO</severity>
  <timestamp>Tue Oct 29 20:52:05 2019</timestamp>
</msg>
<msg id="19" tool="tc">
  <type>LOAD_MODULE</type>
  <arg>c:\program files (x86)\intelswtools\inspector 2019\bin64\runtime\libittnotify.dll</arg>
  <arg>0x7ffa54400000</arg>
  <arg>0x7ffa54432fff</arg>
  <severity>INFO</severity>
  <timestamp>Tue Oct 29 20:52:06 2019</timestamp>
</msg>
<msg id="20" tool="tc">
  <type>HEARTBEAT</type>
  <arg>12896,12200,10252,12264</arg>
  <arg>1,1,1,0</arg>
  <arg>805,3954,742,689015</arg>
  <severity>INFO</severity>
  <timestamp>Tue Oct 29 20:52:07 2019</timestamp>
</msg>
<msg id="21" tool="tc">
  <type>THREADNAME</type>
  <arg>12748</arg>
  <arg>Cilk Worker</arg>
  <severity>INFO</severity>
  <timestamp>Tue Oct 29 20:52:08 2019</timestamp>
</msg>
<msg id="22" tool="tc">
  <type>THREADNAME</type>
  <arg>11624</arg>
  <arg>Cilk Worker</arg>
  <severity>INFO</severity>
  <timestamp>Tue Oct 29 20:52:08 2019</timestamp>
</msg>
<msg id="23" tool="tc">
  <type>THREADNAME</type>
  <arg>10296</arg>
  <arg>Cilk Worker</arg>
  <severity>INFO</severity>
  <timestamp>Tue Oct 29 20:52:08 2019</timestamp>
</msg>
<msg id="24" tool="tc">
  <type>HEARTBEAT</type>
  <arg>12748,11624,10296,12896,12200,10252,12264</arg>
  <arg>0,0,0,1,1,1,0</arg>
  <arg>875919,1280991,1964146,0,0,0,654525</arg>
  <severity>INFO</severity>
  <timestamp>Tue Oct 29 20:52:08 2019</timestamp>
</msg>
<msg id="25" tool="tc">
  <type>LOAD_MODULE</type>
  <arg>c:\windows\system32\kernel.appcore.dll</arg>
  <arg>0x7ffaa9e20000</arg>
  <arg>0x7ffaa9e2efff</arg>
  <severity>INFO</severity>
  <timestamp>Tue Oct 29 20:52:08 2019</timestamp>
</msg>
<msg id="26" tool="tc">
  <type>LOAD_MODULE</type>
  <arg>c:\windows\system32\msvcrt.dll</arg>
  <arg>0x7ffaad6f0000</arg>
  <arg>0x7ffaad78dfff</arg>
  <severity>INFO</severity>
  <timestamp>Tue Oct 29 20:52:08 2019</timestamp>
</msg>
<msg id="27" tool="tc">
  <type>LOAD_MODULE</type>
  <arg>c:\windows\system32\rpcrt4.dll</arg>
  <arg>0x7ffaab160000</arg>
  <arg>0x7ffaab280fff</arg>
  <severity>INFO</severity>
  <timestamp>Tue Oct 29 20:52:08 2019</timestamp>
</msg>
<msg id="28" tool="tc">
  <type>UNLOAD_MODULE</type>
  <arg>f:\intel_parallel_studio\projects\task3\x64\debug\task3.exe</arg>
  <severity>INFO</severity>
  <timestamp>Tue Oct 29 20:52:09 2019</timestamp>
</msg>
<msg id="29" tool="tc">
  <type>UNLOAD_MODULE</type>
  <arg>c:\windows\system32\kernelbase.dll</arg>
  <severity>INFO</severity>
  <timestamp>Tue Oct 29 20:52:09 2019</timestamp>
</msg>
<msg id="30" tool="tc">
  <type>UNLOAD_MODULE</type>
  <arg>c:\windows\system32\kernel32.dll</arg>
  <severity>INFO</severity>
  <timestamp>Tue Oct 29 20:52:09 2019</timestamp>
</msg>
<msg id="31" tool="tc">
  <type>UNLOAD_MODULE</type>
  <arg>c:\windows\system32\ntdll.dll</arg>
  <severity>INFO</severity>
  <timestamp>Tue Oct 29 20:52:09 2019</timestamp>
</msg>
<msg id="32" tool="tc">
  <type>UNLOAD_MODULE</type>
  <arg>c:\windows\system32\msvcp140d.dll</arg>
  <severity>INFO</severity>
  <timestamp>Tue Oct 29 20:52:09 2019</timestamp>
</msg>
<msg id="33" tool="tc">
  <type>UNLOAD_MODULE</type>
  <arg>c:\windows\system32\vcruntime140d.dll</arg>
  <severity>INFO</severity>
  <timestamp>Tue Oct 29 20:52:09 2019</timestamp>
</msg>
<msg id="34" tool="tc">
  <type>UNLOAD_MODULE</type>
  <arg>c:\windows\system32\ucrtbased.dll</arg>
  <severity>INFO</severity>
  <timestamp>Tue Oct 29 20:52:09 2019</timestamp>
</msg>
<msg id="35" tool="tc">
  <type>UNLOAD_MODULE</type>
  <arg>c:\program files (x86)\intelswtools\compilers_and_libraries_2019\windows\redist\intel64\compiler\cilkrts20.dll</arg>
  <severity>INFO</severity>
  <timestamp>Tue Oct 29 20:52:09 2019</timestamp>
</msg>
<msg id="36" tool="tc">
  <type>UNLOAD_MODULE</type>
  <arg>c:\windows\system32\user32.dll</arg>
  <severity>INFO</severity>
  <timestamp>Tue Oct 29 20:52:09 2019</timestamp>
</msg>
<msg id="37" tool="tc">
  <type>UNLOAD_MODULE</type>
  <arg>c:\windows\system32\win32u.dll</arg>
  <severity>INFO</severity>
  <timestamp>Tue Oct 29 20:52:09 2019</timestamp>
</msg>
<msg id="38" tool="tc">
  <type>UNLOAD_MODULE</type>
  <arg>c:\windows\system32\gdi32.dll</arg>
  <severity>INFO</severity>
  <timestamp>Tue Oct 29 20:52:09 2019</timestamp>
</msg>
<msg id="39" tool="tc">
  <type>UNLOAD_MODULE</type>
  <arg>c:\windows\system32\gdi32full.dll</arg>
  <severity>INFO</severity>
  <timestamp>Tue Oct 29 20:52:09 2019</timestamp>
</msg>
<msg id="40" tool="tc">
  <type>UNLOAD_MODULE</type>
  <arg>c:\windows\system32\imm32.dll</arg>
  <severity>INFO</severity>
  <timestamp>Tue Oct 29 20:52:09 2019</timestamp>
</msg>
<msg id="41" tool="tc">
  <type>UNLOAD_MODULE</type>
  <arg>c:\program files (x86)\intelswtools\inspector 2019\bin64\runtime\libittnotify.dll</arg>
  <severity>INFO</severity>
  <timestamp>Tue Oct 29 20:52:09 2019</timestamp>
</msg>
<msg id="42" tool="tc">
  <type>UNLOAD_MODULE</type>
  <arg>c:\windows\system32\kernel.appcore.dll</arg>
  <severity>INFO</severity>
  <timestamp>Tue Oct 29 20:52:09 2019</timestamp>
</msg>
<msg id="43" tool="tc">
  <type>UNLOAD_MODULE</type>
  <arg>c:\windows\system32\msvcrt.dll</arg>
  <severity>INFO</severity>
  <timestamp>Tue Oct 29 20:52:09 2019</timestamp>
</msg>
<msg id="44" tool="tc">
  <type>UNLOAD_MODULE</type>
  <arg>c:\windows\system32\rpcrt4.dll</arg>
  <severity>INFO</severity>
  <timestamp>Tue Oct 29 20:52:09 2019</timestamp>
</msg>
<msg id="45" tool="tc">
  <type>PROCESS_TERMINATE</type>
  <arg>f:\intel_parallel_studio\projects\task3\x64\debug\task3.exe</arg>
  <arg>12368</arg>
  <severity>INFO</severity>
  <timestamp>Tue Oct 29 20:52:09 2019</timestamp>
</msg>
<msg id="46" tool="tc">
  <type>ANALYSIS_COMPLETE</type>
  <severity>INFO</severity>
  <timestamp>Tue Oct 29 20:52:09 2019</timestamp>
</msg>
<msg id="47" tool="tc">
  <type>STOP</type>
  <severity>INFO</severity>
  <timestamp>Tue Oct 29 20:52:09 2019</timestamp>
</msg>
<msg id="48" tool="runtool">
  <type>app-exit-code</type>
  <arg>0</arg>
</msg>
<msg id="49" tool="runtool">
  <type>marker-file</type>
  <arg>F:\Intel_parallel_studio\projects\task3\task3\My Inspector Results - task3\r017ti3\r017ti3.inspxe</arg>
</msg>
<msg id="50" tool="runtool">
  <type>collector-done</type>
</msg>
<msg id="51" tool="runtool">
  <type>log-end</type>
  <arg>2019/10/29 20:52:13</arg>
</msg>

</log>

