<?xml version="1.0" encoding="utf-8" ?>
<!-- DO NOT EDIT THIS FILE -->

<log version='2.0' source='tcet'>
	<!-- Sampling enabled with the following: -->
	<!--     Budget                              5: -->
	<!--     Overdraft Budget                   75: -->
	<!--     Savings Budget                      2: -->
	<!-- Opened annotation file C:\Program Files (x86)\IntelSWTools\Inspector 2019\bin64\..\config\tc\qt.ant -->
	<!-- Opened annotation file C:\Program Files (x86)\IntelSWTools\Inspector 2019\bin64\..\config\tc\cpp11.ant -->
	<!-- Opened annotation file C:\Program Files (x86)\IntelSWTools\Inspector 2019\bin64\..\config\tc\fortran.ant -->
	<!-- Opened annotation file C:\Program Files (x86)\IntelSWTools\Inspector 2019\bin64\..\config\tc\icl.ant -->
	<!-- Opened annotation file C:\Program Files (x86)\IntelSWTools\Inspector 2019\bin64\..\config\tc\allocators.ant -->
	<!-- Opened annotation file C:\Program Files (x86)\IntelSWTools\Inspector 2019\bin64\..\config\tc\boost.ant -->
	<!-- Opened annotation file C:\Program Files (x86)\IntelSWTools\Inspector 2019\bin64\..\config\tc\system_api_filter.ant -->
	<!-- Opened annotation file C:\Program Files (x86)\IntelSWTools\Inspector 2019\bin64\..\config\tc\system_api.ant -->
	<msg id='1' display='false' source='tccore'>
		<type>START</type>
		<severity>INFO</severity>
		<timestamp>Tue Oct 29 20:52:02 2019</timestamp>
	</msg>
	<!-- Successfully loaded CCRT 13.1.11 at address 0x55b00000 - 0x55b70000 -->
	<!-- Successfully loaded the TC Analysis Core 8.8.3 at address 0x7ffa46160000 - 0x7ffa4618e000 -->
	<!-- Successfully loaded the TC Instrumentation Engine 8.8.3 at address 0x55b90000 - 0x55dff000 -->
	<!-- This is the instance of interest -->
	<msg id='2' source='tcet'>
		<type>EXEC_OF_INTEREST</type>
		<severity>INFO</severity>
		<timestamp>Tue Oct 29 20:52:02 2019</timestamp>
		<arg name='process'>f:\intel_parallel_studio\projects\task3\x64\debug\task3.exe</arg>
		<arg name='pid'>12368</arg>
	</msg>
	<!-- Found ZCA section with version 1.1 -->
	<msg id='3' source='tcet'>
		<type>LOAD_MODULE</type>
		<severity>INFO</severity>
		<timestamp>Tue Oct 29 20:52:02 2019</timestamp>
		<arg name='module'>f:\intel_parallel_studio\projects\task3\x64\debug\task3.exe</arg>
		<arg name='basement'>0x7ff794ce0000</arg>
		<arg name='ceiling'>0x7ff794cfafff</arg>
	</msg>
	<msg id='4' source='tcet'>
		<type>LOAD_MODULE</type>
		<severity>INFO</severity>
		<timestamp>Tue Oct 29 20:52:02 2019</timestamp>
		<arg name='module'>c:\windows\system32\kernelbase.dll</arg>
		<arg name='basement'>0x7ffaaa9a0000</arg>
		<arg name='ceiling'>0x7ffaaabbcfff</arg>
	</msg>
	<!-- Target OS: Win8 or Server 2K2012 or later -->
	<msg id='5' source='tcet'>
		<type>LOAD_MODULE</type>
		<severity>INFO</severity>
		<timestamp>Tue Oct 29 20:52:02 2019</timestamp>
		<arg name='module'>c:\windows\system32\kernel32.dll</arg>
		<arg name='basement'>0x7ffaab030000</arg>
		<arg name='ceiling'>0x7ffaab0dafff</arg>
	</msg>
	<!-- Target OS: Win8 or Server 2K2012 or later -->
	<msg id='6' source='tcet'>
		<type>LOAD_MODULE</type>
		<severity>INFO</severity>
		<timestamp>Tue Oct 29 20:52:02 2019</timestamp>
		<arg name='module'>c:\windows\system32\ntdll.dll</arg>
		<arg name='basement'>0x7ffaad900000</arg>
		<arg name='ceiling'>0x7ffaadad0fff</arg>
	</msg>
	<!-- Target OS: Win8 or Server 2K2012 or later -->
	<msg id='7' source='tcet'>
		<type>LOAD_MODULE</type>
		<severity>INFO</severity>
		<timestamp>Tue Oct 29 20:52:03 2019</timestamp>
		<arg name='module'>c:\windows\system32\msvcp140d.dll</arg>
		<arg name='basement'>0x7ffa476b0000</arg>
		<arg name='ceiling'>0x7ffa477a0fff</arg>
	</msg>
	<msg id='8' source='tcet'>
		<type>LOAD_MODULE</type>
		<severity>INFO</severity>
		<timestamp>Tue Oct 29 20:52:03 2019</timestamp>
		<arg name='module'>c:\windows\system32\vcruntime140d.dll</arg>
		<arg name='basement'>0x7ffa54b70000</arg>
		<arg name='ceiling'>0x7ffa54b91fff</arg>
	</msg>
	<msg id='9' source='tcet'>
		<type>LOAD_MODULE</type>
		<severity>INFO</severity>
		<timestamp>Tue Oct 29 20:52:03 2019</timestamp>
		<arg name='module'>c:\windows\system32\ucrtbased.dll</arg>
		<arg name='basement'>0x7ffa45e30000</arg>
		<arg name='ceiling'>0x7ffa45ff1fff</arg>
	</msg>
	<!-- Found ZCA section with version 1.1 -->
	<!-- Found ZCA section with version 1.1 -->
	<!-- Found ZCA section with version 1.1 -->
	<!-- Found ZCA section with version 1.1 -->
	<!-- Found ZCA section with version 1.1 -->
	<!-- Found ZCA section with version 1.1 -->
	<!-- Found ZCA section with version 1.1 -->
	<!-- Found ZCA section with version 1.1 -->
	<!-- Found ZCA section with version 1.1 -->
	<!-- Found ZCA section with version 1.1 -->
	<!-- Found ZCA section with version 1.1 -->
	<!-- Found ZCA section with version 1.1 -->
	<!-- Found ZCA section with version 1.1 -->
	<!-- Found ZCA section with version 1.1 -->
	<!-- Found ZCA section with version 1.1 -->
	<!-- Found ZCA section with version 1.1 -->
	<!-- Found ZCA section with version 1.1 -->
	<!-- Found ZCA section with version 1.1 -->
	<!-- Found ZCA section with version 1.1 -->
	<!-- Found ZCA section with version 1.1 -->
	<!-- Found ZCA section with version 1.1 -->
	<!-- Found ZCA section with version 1.1 -->
	<!-- Found ZCA section with version 1.1 -->
	<msg id='10' source='tcet'>
		<type>LOAD_MODULE</type>
		<severity>INFO</severity>
		<timestamp>Tue Oct 29 20:52:03 2019</timestamp>
		<arg name='module'>c:\program files (x86)\intelswtools\compilers_and_libraries_2019\windows\redist\intel64\compiler\cilkrts20.dll</arg>
		<arg name='basement'>0x7ffa531d0000</arg>
		<arg name='ceiling'>0x7ffa53222fff</arg>
	</msg>
	<msg id='11' source='tcet'>
		<type>LOAD_MODULE</type>
		<severity>INFO</severity>
		<timestamp>Tue Oct 29 20:52:04 2019</timestamp>
		<arg name='module'>c:\windows\system32\user32.dll</arg>
		<arg name='basement'>0x7ffaaaec0000</arg>
		<arg name='ceiling'>0x7ffaab024fff</arg>
	</msg>
	<msg id='12' source='tcet'>
		<type>LOAD_MODULE</type>
		<severity>INFO</severity>
		<timestamp>Tue Oct 29 20:52:04 2019</timestamp>
		<arg name='module'>c:\windows\system32\win32u.dll</arg>
		<arg name='basement'>0x7ffaaa980000</arg>
		<arg name='ceiling'>0x7ffaaa99dfff</arg>
	</msg>
	<!-- Routine at entry point of image c:\windows\system32\win32u.dll is invalid -->
	<msg id='13' source='tcet'>
		<type>LOAD_MODULE</type>
		<severity>INFO</severity>
		<timestamp>Tue Oct 29 20:52:04 2019</timestamp>
		<arg name='module'>c:\windows\system32\gdi32.dll</arg>
		<arg name='basement'>0x7ffaad8c0000</arg>
		<arg name='ceiling'>0x7ffaad8f3fff</arg>
	</msg>
	<msg id='14' source='tcet'>
		<type>LOAD_MODULE</type>
		<severity>INFO</severity>
		<timestamp>Tue Oct 29 20:52:04 2019</timestamp>
		<arg name='module'>c:\windows\system32\gdi32full.dll</arg>
		<arg name='basement'>0x7ffaaa6f0000</arg>
		<arg name='ceiling'>0x7ffaaa871fff</arg>
	</msg>
	<msg id='15' source='tcet'>
		<type>LOAD_MODULE</type>
		<severity>INFO</severity>
		<timestamp>Tue Oct 29 20:52:05 2019</timestamp>
		<arg name='module'>c:\windows\system32\imm32.dll</arg>
		<arg name='basement'>0x7ffaaae90000</arg>
		<arg name='ceiling'>0x7ffaaaebdfff</arg>
	</msg>
	<msg id='16' source='tcet'>
		<type>LOAD_MODULE</type>
		<severity>INFO</severity>
		<timestamp>Tue Oct 29 20:52:06 2019</timestamp>
		<arg name='module'>c:\program files (x86)\intelswtools\inspector 2019\bin64\runtime\libittnotify.dll</arg>
		<arg name='basement'>0x7ffa54400000</arg>
		<arg name='ceiling'>0x7ffa54432fff</arg>
	</msg>
	<!-- Target OS: Win8 or Server 2K2012 or later -->
	<msg id='17' display='false' source='tcet'>
		<type>HEARTBEAT</type>
		<severity>INFO</severity>
		<timestamp>Tue Oct 29 20:52:07 2019</timestamp>
		<arg name='tids'>12896,12200,10252,12264</arg>
		<arg name='syscalls'>1,1,1,0</arg>
		<arg name='calls'>805,3954,742,689015</arg>
	</msg>
	<msg id='18' display='false' source='tcet'>
		<type>THREADNAME</type>
		<severity>INFO</severity>
		<timestamp>Tue Oct 29 20:52:08 2019</timestamp>
		<arg name='tid'>12748</arg>
		<arg name='name'>Cilk Worker</arg>
	</msg>
	<msg id='19' display='false' source='tcet'>
		<type>THREADNAME</type>
		<severity>INFO</severity>
		<timestamp>Tue Oct 29 20:52:08 2019</timestamp>
		<arg name='tid'>11624</arg>
		<arg name='name'>Cilk Worker</arg>
	</msg>
	<msg id='20' display='false' source='tcet'>
		<type>THREADNAME</type>
		<severity>INFO</severity>
		<timestamp>Tue Oct 29 20:52:08 2019</timestamp>
		<arg name='tid'>10296</arg>
		<arg name='name'>Cilk Worker</arg>
	</msg>
	<msg id='21' display='false' source='tcet'>
		<type>HEARTBEAT</type>
		<severity>INFO</severity>
		<timestamp>Tue Oct 29 20:52:08 2019</timestamp>
		<arg name='tids'>12748,11624,10296,12896,12200,10252,12264</arg>
		<arg name='syscalls'>0,0,0,1,1,1,0</arg>
		<arg name='calls'>875919,1280991,1964146,0,0,0,654525</arg>
	</msg>
	<msg id='22' source='tcet'>
		<type>LOAD_MODULE</type>
		<severity>INFO</severity>
		<timestamp>Tue Oct 29 20:52:08 2019</timestamp>
		<arg name='module'>c:\windows\system32\kernel.appcore.dll</arg>
		<arg name='basement'>0x7ffaa9e20000</arg>
		<arg name='ceiling'>0x7ffaa9e2efff</arg>
	</msg>
	<msg id='23' source='tcet'>
		<type>LOAD_MODULE</type>
		<severity>INFO</severity>
		<timestamp>Tue Oct 29 20:52:08 2019</timestamp>
		<arg name='module'>c:\windows\system32\msvcrt.dll</arg>
		<arg name='basement'>0x7ffaad6f0000</arg>
		<arg name='ceiling'>0x7ffaad78dfff</arg>
	</msg>
	<msg id='24' source='tcet'>
		<type>LOAD_MODULE</type>
		<severity>INFO</severity>
		<timestamp>Tue Oct 29 20:52:08 2019</timestamp>
		<arg name='module'>c:\windows\system32\rpcrt4.dll</arg>
		<arg name='basement'>0x7ffaab160000</arg>
		<arg name='ceiling'>0x7ffaab280fff</arg>
	</msg>
	<!-- A thread end notification for 2 was received by thread 0 -->
	<!-- A thread end notification for 3 was received by thread 0 -->
	<!-- A thread end notification for 4 was received by thread 0 -->
	<!-- A thread end notification for 5 was received by thread 0 -->
	<!-- A thread end notification for 6 was received by thread 0 -->
	<!-- A thread end notification for 7 was received by thread 0 -->
	<!-- Thread 0 effective sampling rate is 704191/14073343 -->
	<msg id='25' source='tcet'>
		<type>UNLOAD_MODULE</type>
		<severity>INFO</severity>
		<timestamp>Tue Oct 29 20:52:09 2019</timestamp>
		<arg name='module'>f:\intel_parallel_studio\projects\task3\x64\debug\task3.exe</arg>
	</msg>
	<msg id='26' source='tcet'>
		<type>UNLOAD_MODULE</type>
		<severity>INFO</severity>
		<timestamp>Tue Oct 29 20:52:09 2019</timestamp>
		<arg name='module'>c:\windows\system32\kernelbase.dll</arg>
	</msg>
	<msg id='27' source='tcet'>
		<type>UNLOAD_MODULE</type>
		<severity>INFO</severity>
		<timestamp>Tue Oct 29 20:52:09 2019</timestamp>
		<arg name='module'>c:\windows\system32\kernel32.dll</arg>
	</msg>
	<msg id='28' source='tcet'>
		<type>UNLOAD_MODULE</type>
		<severity>INFO</severity>
		<timestamp>Tue Oct 29 20:52:09 2019</timestamp>
		<arg name='module'>c:\windows\system32\ntdll.dll</arg>
	</msg>
	<msg id='29' source='tcet'>
		<type>UNLOAD_MODULE</type>
		<severity>INFO</severity>
		<timestamp>Tue Oct 29 20:52:09 2019</timestamp>
		<arg name='module'>c:\windows\system32\msvcp140d.dll</arg>
	</msg>
	<msg id='30' source='tcet'>
		<type>UNLOAD_MODULE</type>
		<severity>INFO</severity>
		<timestamp>Tue Oct 29 20:52:09 2019</timestamp>
		<arg name='module'>c:\windows\system32\vcruntime140d.dll</arg>
	</msg>
	<msg id='31' source='tcet'>
		<type>UNLOAD_MODULE</type>
		<severity>INFO</severity>
		<timestamp>Tue Oct 29 20:52:09 2019</timestamp>
		<arg name='module'>c:\windows\system32\ucrtbased.dll</arg>
	</msg>
	<msg id='32' source='tcet'>
		<type>UNLOAD_MODULE</type>
		<severity>INFO</severity>
		<timestamp>Tue Oct 29 20:52:09 2019</timestamp>
		<arg name='module'>c:\program files (x86)\intelswtools\compilers_and_libraries_2019\windows\redist\intel64\compiler\cilkrts20.dll</arg>
	</msg>
	<msg id='33' source='tcet'>
		<type>UNLOAD_MODULE</type>
		<severity>INFO</severity>
		<timestamp>Tue Oct 29 20:52:09 2019</timestamp>
		<arg name='module'>c:\windows\system32\user32.dll</arg>
	</msg>
	<msg id='34' source='tcet'>
		<type>UNLOAD_MODULE</type>
		<severity>INFO</severity>
		<timestamp>Tue Oct 29 20:52:09 2019</timestamp>
		<arg name='module'>c:\windows\system32\win32u.dll</arg>
	</msg>
	<msg id='35' source='tcet'>
		<type>UNLOAD_MODULE</type>
		<severity>INFO</severity>
		<timestamp>Tue Oct 29 20:52:09 2019</timestamp>
		<arg name='module'>c:\windows\system32\gdi32.dll</arg>
	</msg>
	<msg id='36' source='tcet'>
		<type>UNLOAD_MODULE</type>
		<severity>INFO</severity>
		<timestamp>Tue Oct 29 20:52:09 2019</timestamp>
		<arg name='module'>c:\windows\system32\gdi32full.dll</arg>
	</msg>
	<msg id='37' source='tcet'>
		<type>UNLOAD_MODULE</type>
		<severity>INFO</severity>
		<timestamp>Tue Oct 29 20:52:09 2019</timestamp>
		<arg name='module'>c:\windows\system32\imm32.dll</arg>
	</msg>
	<msg id='38' source='tcet'>
		<type>UNLOAD_MODULE</type>
		<severity>INFO</severity>
		<timestamp>Tue Oct 29 20:52:09 2019</timestamp>
		<arg name='module'>c:\program files (x86)\intelswtools\inspector 2019\bin64\runtime\libittnotify.dll</arg>
	</msg>
	<msg id='39' source='tcet'>
		<type>UNLOAD_MODULE</type>
		<severity>INFO</severity>
		<timestamp>Tue Oct 29 20:52:09 2019</timestamp>
		<arg name='module'>c:\windows\system32\kernel.appcore.dll</arg>
	</msg>
	<msg id='40' source='tcet'>
		<type>UNLOAD_MODULE</type>
		<severity>INFO</severity>
		<timestamp>Tue Oct 29 20:52:09 2019</timestamp>
		<arg name='module'>c:\windows\system32\msvcrt.dll</arg>
	</msg>
	<msg id='41' source='tcet'>
		<type>UNLOAD_MODULE</type>
		<severity>INFO</severity>
		<timestamp>Tue Oct 29 20:52:09 2019</timestamp>
		<arg name='module'>c:\windows\system32\rpcrt4.dll</arg>
	</msg>
	<msg id='42' source='tcet'>
		<type>PROCESS_TERMINATE</type>
		<severity>INFO</severity>
		<timestamp>Tue Oct 29 20:52:09 2019</timestamp>
		<arg name='process'>f:\intel_parallel_studio\projects\task3\x64\debug\task3.exe</arg>
		<arg name='pid'>12368</arg>
	</msg>
	<msg id='43' display='false' source='tccore'>
		<type>ANALYSIS_COMPLETE</type>
		<severity>INFO</severity>
		<timestamp>Tue Oct 29 20:52:09 2019</timestamp>
	</msg>
	<msg id='44' display='false' source='tccore'>
		<type>STOP</type>
		<severity>INFO</severity>
		<timestamp>Tue Oct 29 20:52:09 2019</timestamp>
	</msg>
</log>