<?xml version="1.0" encoding="utf-8"?>
<log version="1.0" tool="runtool">

<msg id="1" tool="runtool">
  <type>log-start</type>
  <arg>2019/10/28 23:08:01</arg>
</msg>
<msg id="2" tool="runtool">
  <type>collector-starts</type>
</msg>
<msg id="3" tool="runtool">
  <type>marker-file</type>
  <arg>F:\Intel_parallel_studio\projects\task3\task3\My Inspector Results - task3\r001mi3\r001mi3.inspxe</arg>
</msg>
<msg id="4" tool="mc">
  <type>EXEC_OF_INTEREST</type>
  <arg>F:\Intel_parallel_studio\projects\task3\x64\Debug\task3.exe</arg>
  <arg>10288</arg>
  <severity>INFO</severity>
  <timestamp>Mon Oct 28 23:08:02 2019</timestamp>
</msg>
<msg id="5" tool="mc">
  <type>MODULE_LOAD</type>
  <arg>F:\Intel_parallel_studio\projects\task3\x64\Debug\task3.exe</arg>
  <arg>0x7ff74e770000</arg>
  <arg>0x7ff74e787fff</arg>
  <severity>INFO</severity>
  <timestamp>Mon Oct 28 23:08:02 2019</timestamp>
</msg>
<msg id="6" tool="mc">
  <type>MODULE_LOAD_NO_ANALYSIS</type>
  <arg>C:\Program Files (x86)\IntelSWTools\Inspector 2019\bin64\dnclrprof.dll</arg>
  <arg>0x7ffa93b00000</arg>
  <arg>0x7ffa93b4dfff</arg>
  <severity>INFO</severity>
  <timestamp>Mon Oct 28 23:08:02 2019</timestamp>
</msg>
<msg id="7" tool="mc">
  <type>MODULE_LOAD_NO_ANALYSIS</type>
  <arg>C:\Windows\System32\bcryptPrimitives.dll</arg>
  <arg>0x7ffaa9ef0000</arg>
  <arg>0x7ffaa9f59fff</arg>
  <severity>INFO</severity>
  <timestamp>Mon Oct 28 23:08:02 2019</timestamp>
</msg>
<msg id="8" tool="mc">
  <type>MODULE_LOAD_NO_ANALYSIS</type>
  <arg>C:\Windows\System32\gdi32full.dll</arg>
  <arg>0x7ffaaa6f0000</arg>
  <arg>0x7ffaaa871fff</arg>
  <severity>INFO</severity>
  <timestamp>Mon Oct 28 23:08:02 2019</timestamp>
</msg>
<msg id="9" tool="mc">
  <type>MODULE_LOAD</type>
  <arg>C:\Windows\System32\ucrtbase.dll</arg>
  <arg>0x7ffaaa880000</arg>
  <arg>0x7ffaaa974fff</arg>
  <severity>INFO</severity>
  <timestamp>Mon Oct 28 23:08:02 2019</timestamp>
</msg>
<msg id="10" tool="mc">
  <type>MODULE_LOAD</type>
  <arg>C:\Windows\System32\win32u.dll</arg>
  <arg>0x7ffaaa980000</arg>
  <arg>0x7ffaaa99dfff</arg>
  <severity>INFO</severity>
  <timestamp>Mon Oct 28 23:08:02 2019</timestamp>
</msg>
<msg id="11" tool="mc">
  <type>MODULE_LOAD</type>
  <arg>C:\Windows\System32\KERNELBASE.dll</arg>
  <arg>0x7ffaaa9a0000</arg>
  <arg>0x7ffaaabbcfff</arg>
  <severity>INFO</severity>
  <timestamp>Mon Oct 28 23:08:02 2019</timestamp>
</msg>
<msg id="12" tool="mc">
  <type>MODULE_LOAD_NO_ANALYSIS</type>
  <arg>C:\Windows\System32\IMM32.DLL</arg>
  <arg>0x7ffaaae90000</arg>
  <arg>0x7ffaaaebdfff</arg>
  <severity>INFO</severity>
  <timestamp>Mon Oct 28 23:08:02 2019</timestamp>
</msg>
<msg id="13" tool="mc">
  <type>MODULE_LOAD_NO_ANALYSIS</type>
  <arg>C:\Windows\System32\USER32.dll</arg>
  <arg>0x7ffaaaec0000</arg>
  <arg>0x7ffaab024fff</arg>
  <severity>INFO</severity>
  <timestamp>Mon Oct 28 23:08:02 2019</timestamp>
</msg>
<msg id="14" tool="mc">
  <type>MODULE_LOAD</type>
  <arg>C:\Windows\System32\KERNEL32.DLL</arg>
  <arg>0x7ffaab030000</arg>
  <arg>0x7ffaab0dafff</arg>
  <severity>INFO</severity>
  <timestamp>Mon Oct 28 23:08:02 2019</timestamp>
</msg>
<msg id="15" tool="mc">
  <type>MODULE_LOAD</type>
  <arg>C:\Windows\System32\RPCRT4.dll</arg>
  <arg>0x7ffaab160000</arg>
  <arg>0x7ffaab280fff</arg>
  <severity>INFO</severity>
  <timestamp>Mon Oct 28 23:08:02 2019</timestamp>
</msg>
<msg id="16" tool="mc">
  <type>MODULE_LOAD</type>
  <arg>C:\Windows\System32\ole32.dll</arg>
  <arg>0x7ffaab350000</arg>
  <arg>0x7ffaab486fff</arg>
  <severity>INFO</severity>
  <timestamp>Mon Oct 28 23:08:02 2019</timestamp>
</msg>
<msg id="17" tool="mc">
  <type>MODULE_LOAD_NO_ANALYSIS</type>
  <arg>C:\Windows\System32\combase.dll</arg>
  <arg>0x7ffaab700000</arg>
  <arg>0x7ffaab9c6fff</arg>
  <severity>INFO</severity>
  <timestamp>Mon Oct 28 23:08:02 2019</timestamp>
</msg>
<msg id="18" tool="mc">
  <type>MODULE_LOAD</type>
  <arg>C:\Windows\System32\sechost.dll</arg>
  <arg>0x7ffaad690000</arg>
  <arg>0x7ffaad6e8fff</arg>
  <severity>INFO</severity>
  <timestamp>Mon Oct 28 23:08:02 2019</timestamp>
</msg>
<msg id="19" tool="mc">
  <type>MODULE_LOAD</type>
  <arg>C:\Windows\System32\msvcrt.dll</arg>
  <arg>0x7ffaad6f0000</arg>
  <arg>0x7ffaad78dfff</arg>
  <severity>INFO</severity>
  <timestamp>Mon Oct 28 23:08:02 2019</timestamp>
</msg>
<msg id="20" tool="mc">
  <type>MODULE_LOAD</type>
  <arg>C:\Windows\System32\ADVAPI32.dll</arg>
  <arg>0x7ffaad810000</arg>
  <arg>0x7ffaad8b1fff</arg>
  <severity>INFO</severity>
  <timestamp>Mon Oct 28 23:08:02 2019</timestamp>
</msg>
<msg id="21" tool="mc">
  <type>MODULE_LOAD</type>
  <arg>C:\Windows\System32\GDI32.dll</arg>
  <arg>0x7ffaad8c0000</arg>
  <arg>0x7ffaad8f3fff</arg>
  <severity>INFO</severity>
  <timestamp>Mon Oct 28 23:08:02 2019</timestamp>
</msg>
<msg id="22" tool="mc">
  <type>MODULE_LOAD</type>
  <arg>C:\Windows\SYSTEM32\ntdll.dll</arg>
  <arg>0x7ffaad900000</arg>
  <arg>0x7ffaadad0fff</arg>
  <severity>INFO</severity>
  <timestamp>Mon Oct 28 23:08:02 2019</timestamp>
</msg>
<msg id="23" tool="mc">
  <type>MODULE_LOAD</type>
  <arg>C:\Windows\SYSTEM32\MSVCP140D.dll</arg>
  <arg>0x7ffa52280000</arg>
  <arg>0x7ffa52370fff</arg>
  <severity>INFO</severity>
  <timestamp>Mon Oct 28 23:08:04 2019</timestamp>
</msg>
<msg id="24" tool="mc">
  <type>MODULE_LOAD</type>
  <arg>C:\Windows\SYSTEM32\ucrtbased.dll</arg>
  <arg>0x7ffa46000000</arg>
  <arg>0x7ffa461c1fff</arg>
  <severity>INFO</severity>
  <timestamp>Mon Oct 28 23:08:04 2019</timestamp>
</msg>
<msg id="25" tool="mc">
  <type>MODULE_LOAD</type>
  <arg>C:\Windows\SYSTEM32\VCRUNTIME140D.dll</arg>
  <arg>0x7ffa54b70000</arg>
  <arg>0x7ffa54b91fff</arg>
  <severity>INFO</severity>
  <timestamp>Mon Oct 28 23:08:04 2019</timestamp>
</msg>
<msg id="26" tool="mc">
  <type>MODULE_LOAD_NO_ANALYSIS</type>
  <arg>C:\Program Files (x86)\IntelSWTools\compilers_and_libraries_2019\windows\redist\intel64\compiler\cilkrts20.dll</arg>
  <arg>0x7ffa54410000</arg>
  <arg>0x7ffa54462fff</arg>
  <severity>INFO</severity>
  <timestamp>Mon Oct 28 23:08:04 2019</timestamp>
</msg>
<msg id="27" tool="mc">
  <type>MODULE_LOAD_NO_ANALYSIS</type>
  <arg>C:\Program Files (x86)\IntelSWTools\Inspector 2019\bin64\runtime\libittnotify.dll</arg>
  <arg>0x7ffa53210000</arg>
  <arg>0x7ffa53242fff</arg>
  <severity>INFO</severity>
  <timestamp>Mon Oct 28 23:08:07 2019</timestamp>
</msg>
<msg id="28" tool="mc">
  <type>HEARTBEAT</type>
  <arg>10292,10444,10468,10472</arg>
  <arg>0,1,1,1</arg>
  <arg>3085780,2124,640,584</arg>
  <severity>INFO</severity>
  <timestamp>Mon Oct 28 23:08:09 2019</timestamp>
</msg>
<msg id="29" tool="mc">
  <type>HEARTBEAT</type>
  <arg>10292,10444,10468,10472</arg>
  <arg>0,1,1,1</arg>
  <arg>6071522,0,0,0</arg>
  <severity>INFO</severity>
  <timestamp>Mon Oct 28 23:08:10 2019</timestamp>
</msg>
<msg id="30" tool="mc">
  <type>HEARTBEAT</type>
  <arg>10292,10444,10468,10472</arg>
  <arg>0,1,1,1</arg>
  <arg>5139614,0,0,0</arg>
  <severity>INFO</severity>
  <timestamp>Mon Oct 28 23:08:11 2019</timestamp>
</msg>
<msg id="31" tool="mc">
  <type>HEARTBEAT</type>
  <arg>10292,10444,10468,10472</arg>
  <arg>0,1,1,1</arg>
  <arg>4785815,0,0,0</arg>
  <severity>INFO</severity>
  <timestamp>Mon Oct 28 23:08:12 2019</timestamp>
</msg>
<msg id="32" tool="mc">
  <type>HEARTBEAT</type>
  <arg>10292,10444,10468,10472</arg>
  <arg>0,1,1,1</arg>
  <arg>4876139,0,0,0</arg>
  <severity>INFO</severity>
  <timestamp>Mon Oct 28 23:08:13 2019</timestamp>
</msg>
<msg id="33" tool="mc">
  <type>HEARTBEAT</type>
  <arg>10292,10444,10468,10472</arg>
  <arg>0,1,1,1</arg>
  <arg>5380226,0,0,0</arg>
  <severity>INFO</severity>
  <timestamp>Mon Oct 28 23:08:14 2019</timestamp>
</msg>
<msg id="34" tool="mc">
  <type>HEARTBEAT</type>
  <arg>10292,10444,10468,10472</arg>
  <arg>0,1,1,1</arg>
  <arg>5874164,0,0,0</arg>
  <severity>INFO</severity>
  <timestamp>Mon Oct 28 23:08:15 2019</timestamp>
</msg>
<msg id="35" tool="mc">
  <type>HEARTBEAT</type>
  <arg>10292,10444,10468,10472</arg>
  <arg>0,1,1,1</arg>
  <arg>5641015,0,0,0</arg>
  <severity>INFO</severity>
  <timestamp>Mon Oct 28 23:08:16 2019</timestamp>
</msg>
<msg id="36" tool="mc">
  <type>HEARTBEAT</type>
  <arg>10292,10444,10468,10472</arg>
  <arg>0,1,1,1</arg>
  <arg>6643269,0,0,0</arg>
  <severity>INFO</severity>
  <timestamp>Mon Oct 28 23:08:17 2019</timestamp>
</msg>
<msg id="37" tool="mc">
  <type>HEARTBEAT</type>
  <arg>10292,10444,10468,10472</arg>
  <arg>0,1,1,1</arg>
  <arg>7062698,0,0,0</arg>
  <severity>INFO</severity>
  <timestamp>Mon Oct 28 23:08:18 2019</timestamp>
</msg>
<msg id="38" tool="mc">
  <type>HEARTBEAT</type>
  <arg>10292,10444,10468,10472</arg>
  <arg>0,1,1,1</arg>
  <arg>6946108,0,0,0</arg>
  <severity>INFO</severity>
  <timestamp>Mon Oct 28 23:08:19 2019</timestamp>
</msg>
<msg id="39" tool="mc">
  <type>HEARTBEAT</type>
  <arg>10292,10444,10468,10472</arg>
  <arg>0,1,1,1</arg>
  <arg>1631881,0,0,0</arg>
  <severity>INFO</severity>
  <timestamp>Mon Oct 28 23:08:20 2019</timestamp>
</msg>
<msg id="40" tool="mc">
  <type>HEARTBEAT</type>
  <arg>10292,10444,10468,10472</arg>
  <arg>0,1,1,1</arg>
  <arg>0,0,0,0</arg>
  <severity>INFO</severity>
  <timestamp>Mon Oct 28 23:08:21 2019</timestamp>
</msg>
<msg id="41" tool="mc">
  <type>HEARTBEAT</type>
  <arg>10292,10444,10468,10472</arg>
  <arg>0,1,1,1</arg>
  <arg>0,0,0,0</arg>
  <severity>INFO</severity>
  <timestamp>Mon Oct 28 23:08:22 2019</timestamp>
</msg>
<msg id="42" tool="mc">
  <type>HEARTBEAT</type>
  <arg>10292,10444,10468,10472</arg>
  <arg>0,1,1,1</arg>
  <arg>0,0,0,0</arg>
  <severity>INFO</severity>
  <timestamp>Mon Oct 28 23:08:23 2019</timestamp>
</msg>
<msg id="43" tool="mc">
  <type>HEARTBEAT</type>
  <arg>10292,10444,10468,10472</arg>
  <arg>0,1,1,1</arg>
  <arg>0,0,0,0</arg>
  <severity>INFO</severity>
  <timestamp>Mon Oct 28 23:08:24 2019</timestamp>
</msg>
<msg id="44" tool="mc">
  <type>HEARTBEAT</type>
  <arg>10292,10444,10468,10472</arg>
  <arg>0,1,1,1</arg>
  <arg>0,0,0,0</arg>
  <severity>INFO</severity>
  <timestamp>Mon Oct 28 23:08:25 2019</timestamp>
</msg>
<msg id="45" tool="mc">
  <type>HEARTBEAT</type>
  <arg>10292,10444,10468,10472</arg>
  <arg>0,1,1,1</arg>
  <arg>0,0,0,0</arg>
  <severity>INFO</severity>
  <timestamp>Mon Oct 28 23:08:26 2019</timestamp>
</msg>
<msg id="46" tool="mc">
  <type>HEARTBEAT</type>
  <arg>10292,10444,10468,10472</arg>
  <arg>0,1,1,1</arg>
  <arg>0,0,0,0</arg>
  <severity>INFO</severity>
  <timestamp>Mon Oct 28 23:08:27 2019</timestamp>
</msg>
<msg id="47" tool="mc">
  <type>HEARTBEAT</type>
  <arg>10292,10444,10468,10472</arg>
  <arg>0,1,1,1</arg>
  <arg>0,0,0,0</arg>
  <severity>INFO</severity>
  <timestamp>Mon Oct 28 23:08:28 2019</timestamp>
</msg>
<msg id="48" tool="mc">
  <type>HEARTBEAT</type>
  <arg>10292,10444,10468,10472</arg>
  <arg>0,1,1,1</arg>
  <arg>0,0,0,0</arg>
  <severity>INFO</severity>
  <timestamp>Mon Oct 28 23:08:29 2019</timestamp>
</msg>
<msg id="49" tool="mc">
  <type>HEARTBEAT</type>
  <arg>10292,10444,10468,10472</arg>
  <arg>0,1,1,1</arg>
  <arg>0,0,0,0</arg>
  <severity>INFO</severity>
  <timestamp>Mon Oct 28 23:08:30 2019</timestamp>
</msg>
<msg id="50" tool="mc">
  <type>HEARTBEAT</type>
  <arg>10292,10444,10468,10472</arg>
  <arg>0,1,1,1</arg>
  <arg>0,0,0,0</arg>
  <severity>INFO</severity>
  <timestamp>Mon Oct 28 23:08:31 2019</timestamp>
</msg>
<msg id="51" tool="mc">
  <type>HEARTBEAT</type>
  <arg>10292,10444,10468,10472</arg>
  <arg>0,1,1,1</arg>
  <arg>0,0,0,0</arg>
  <severity>INFO</severity>
  <timestamp>Mon Oct 28 23:08:32 2019</timestamp>
</msg>
<msg id="52" tool="mc">
  <type>HEARTBEAT</type>
  <arg>10292,10444,10468,10472</arg>
  <arg>0,1,1,1</arg>
  <arg>0,0,0,0</arg>
  <severity>INFO</severity>
  <timestamp>Mon Oct 28 23:08:33 2019</timestamp>
</msg>
<msg id="53" tool="mc">
  <type>HEARTBEAT</type>
  <arg>10292,10444,10468,10472</arg>
  <arg>0,1,1,1</arg>
  <arg>0,0,0,0</arg>
  <severity>INFO</severity>
  <timestamp>Mon Oct 28 23:08:34 2019</timestamp>
</msg>
<msg id="54" tool="mc">
  <type>HEARTBEAT</type>
  <arg>10292,10444,10468,10472</arg>
  <arg>0,1,1,1</arg>
  <arg>0,0,0,0</arg>
  <severity>INFO</severity>
  <timestamp>Mon Oct 28 23:08:35 2019</timestamp>
</msg>
<msg id="55" tool="mc">
  <type>HEARTBEAT</type>
  <arg>10292,10444,10468,10472</arg>
  <arg>0,1,1,1</arg>
  <arg>0,0,0,0</arg>
  <severity>INFO</severity>
  <timestamp>Mon Oct 28 23:08:36 2019</timestamp>
</msg>
<msg id="56" tool="mc">
  <type>HEARTBEAT</type>
  <arg>10292,10444,10468,10472</arg>
  <arg>0,1,1,1</arg>
  <arg>0,0,0,0</arg>
  <severity>INFO</severity>
  <timestamp>Mon Oct 28 23:08:37 2019</timestamp>
</msg>
<msg id="57" tool="mc">
  <type>HEARTBEAT</type>
  <arg>10292,10444,10468,10472</arg>
  <arg>0,1,1,1</arg>
  <arg>0,0,0,0</arg>
  <severity>INFO</severity>
  <timestamp>Mon Oct 28 23:08:38 2019</timestamp>
</msg>
<msg id="58" tool="mc">
  <type>HEARTBEAT</type>
  <arg>10292,10444,10468,10472</arg>
  <arg>0,1,1,1</arg>
  <arg>0,0,0,0</arg>
  <severity>INFO</severity>
  <timestamp>Mon Oct 28 23:08:39 2019</timestamp>
</msg>
<msg id="59" tool="mc">
  <type>HEARTBEAT</type>
  <arg>10292,10444,10468,10472</arg>
  <arg>0,1,1,1</arg>
  <arg>0,0,0,0</arg>
  <severity>INFO</severity>
  <timestamp>Mon Oct 28 23:08:40 2019</timestamp>
</msg>
<msg id="60" tool="mc">
  <type>HEARTBEAT</type>
  <arg>10292,10444,10468,10472</arg>
  <arg>0,1,1,1</arg>
  <arg>0,0,0,0</arg>
  <severity>INFO</severity>
  <timestamp>Mon Oct 28 23:08:41 2019</timestamp>
</msg>
<msg id="61" tool="mc">
  <type>HEARTBEAT</type>
  <arg>10292,10444,10468,10472</arg>
  <arg>0,1,1,1</arg>
  <arg>0,0,0,0</arg>
  <severity>INFO</severity>
  <timestamp>Mon Oct 28 23:08:42 2019</timestamp>
</msg>
<msg id="62" tool="mc">
  <type>HEARTBEAT</type>
  <arg>10292,10444,10468,10472</arg>
  <arg>0,1,1,1</arg>
  <arg>0,0,0,0</arg>
  <severity>INFO</severity>
  <timestamp>Mon Oct 28 23:08:43 2019</timestamp>
</msg>
<msg id="63" tool="mc">
  <type>HEARTBEAT</type>
  <arg>10292,10444,10468,10472</arg>
  <arg>0,1,1,1</arg>
  <arg>0,0,0,0</arg>
  <severity>INFO</severity>
  <timestamp>Mon Oct 28 23:08:44 2019</timestamp>
</msg>
<msg id="64" tool="mc">
  <type>HEARTBEAT</type>
  <arg>10292,10444,10468,10472</arg>
  <arg>0,1,1,1</arg>
  <arg>0,0,0,0</arg>
  <severity>INFO</severity>
  <timestamp>Mon Oct 28 23:08:45 2019</timestamp>
</msg>
<msg id="65" tool="mc">
  <type>HEARTBEAT</type>
  <arg>10292,10444,10468,10472</arg>
  <arg>0,1,1,1</arg>
  <arg>0,0,0,0</arg>
  <severity>INFO</severity>
  <timestamp>Mon Oct 28 23:08:46 2019</timestamp>
</msg>
<msg id="66" tool="mc">
  <type>HEARTBEAT</type>
  <arg>10292,10444,10468,10472</arg>
  <arg>0,1,1,1</arg>
  <arg>0,0,0,0</arg>
  <severity>INFO</severity>
  <timestamp>Mon Oct 28 23:08:47 2019</timestamp>
</msg>
<msg id="67" tool="mc">
  <type>HEARTBEAT</type>
  <arg>10292,10444,10468,10472</arg>
  <arg>0,1,1,1</arg>
  <arg>0,0,0,0</arg>
  <severity>INFO</severity>
  <timestamp>Mon Oct 28 23:08:48 2019</timestamp>
</msg>
<msg id="68" tool="mc">
  <type>HEARTBEAT</type>
  <arg>10292,10444,10468,10472</arg>
  <arg>0,1,1,1</arg>
  <arg>0,0,0,0</arg>
  <severity>INFO</severity>
  <timestamp>Mon Oct 28 23:08:49 2019</timestamp>
</msg>
<msg id="69" tool="mc">
  <type>HEARTBEAT</type>
  <arg>10292,10444,10468,10472</arg>
  <arg>0,1,1,1</arg>
  <arg>0,0,0,0</arg>
  <severity>INFO</severity>
  <timestamp>Mon Oct 28 23:08:50 2019</timestamp>
</msg>
<msg id="70" tool="mc">
  <type>HEARTBEAT</type>
  <arg>10292,10444,10468,10472</arg>
  <arg>0,1,1,1</arg>
  <arg>0,0,0,0</arg>
  <severity>INFO</severity>
  <timestamp>Mon Oct 28 23:08:51 2019</timestamp>
</msg>
<msg id="71" tool="mc">
  <type>HEARTBEAT</type>
  <arg>10292,10444,10468,10472</arg>
  <arg>0,1,1,1</arg>
  <arg>0,0,0,0</arg>
  <severity>INFO</severity>
  <timestamp>Mon Oct 28 23:08:52 2019</timestamp>
</msg>
<msg id="72" tool="mc">
  <type>HEARTBEAT</type>
  <arg>10292,10444,10468,10472</arg>
  <arg>0,1,1,1</arg>
  <arg>0,0,0,0</arg>
  <severity>INFO</severity>
  <timestamp>Mon Oct 28 23:08:53 2019</timestamp>
</msg>
<msg id="73" tool="mc">
  <type>HEARTBEAT</type>
  <arg>10292,10444,10468,10472</arg>
  <arg>0,1,1,1</arg>
  <arg>0,0,0,0</arg>
  <severity>INFO</severity>
  <timestamp>Mon Oct 28 23:08:54 2019</timestamp>
</msg>
<msg id="74" tool="mc">
  <type>HEARTBEAT</type>
  <arg>10292,10444,10468,10472</arg>
  <arg>0,1,1,1</arg>
  <arg>0,0,0,0</arg>
  <severity>INFO</severity>
  <timestamp>Mon Oct 28 23:08:55 2019</timestamp>
</msg>
<msg id="75" tool="mc">
  <type>HEARTBEAT</type>
  <arg>10292,10444,10468,10472</arg>
  <arg>0,1,1,1</arg>
  <arg>0,0,0,0</arg>
  <severity>INFO</severity>
  <timestamp>Mon Oct 28 23:08:56 2019</timestamp>
</msg>
<msg id="76" tool="mc">
  <type>HEARTBEAT</type>
  <arg>10292,10444,10468,10472</arg>
  <arg>0,1,1,1</arg>
  <arg>0,0,0,0</arg>
  <severity>INFO</severity>
  <timestamp>Mon Oct 28 23:08:57 2019</timestamp>
</msg>
<msg id="77" tool="mc">
  <type>HEARTBEAT</type>
  <arg>10292,10444,10468,10472</arg>
  <arg>0,1,1,1</arg>
  <arg>0,0,0,0</arg>
  <severity>INFO</severity>
  <timestamp>Mon Oct 28 23:08:58 2019</timestamp>
</msg>
<msg id="78" tool="mc">
  <type>HEARTBEAT</type>
  <arg>10292,10444,10468,10472</arg>
  <arg>0,1,1,1</arg>
  <arg>0,0,0,0</arg>
  <severity>INFO</severity>
  <timestamp>Mon Oct 28 23:08:59 2019</timestamp>
</msg>
<msg id="79" tool="mc">
  <type>HEARTBEAT</type>
  <arg>10292,10444,10468,10472</arg>
  <arg>0,1,1,1</arg>
  <arg>0,0,0,0</arg>
  <severity>INFO</severity>
  <timestamp>Mon Oct 28 23:09:00 2019</timestamp>
</msg>
<msg id="80" tool="mc">
  <type>HEARTBEAT</type>
  <arg>10292,10444,10468,10472</arg>
  <arg>0,1,1,1</arg>
  <arg>0,0,0,0</arg>
  <severity>INFO</severity>
  <timestamp>Mon Oct 28 23:09:01 2019</timestamp>
</msg>
<msg id="81" tool="mc">
  <type>HEARTBEAT</type>
  <arg>10292,10444,10468,10472</arg>
  <arg>0,1,1,1</arg>
  <arg>0,0,0,0</arg>
  <severity>INFO</severity>
  <timestamp>Mon Oct 28 23:09:02 2019</timestamp>
</msg>
<msg id="82" tool="mc">
  <type>HEARTBEAT</type>
  <arg>10292,10444,10468,10472</arg>
  <arg>0,1,1,1</arg>
  <arg>0,0,0,0</arg>
  <severity>INFO</severity>
  <timestamp>Mon Oct 28 23:09:03 2019</timestamp>
</msg>
<msg id="83" tool="mc">
  <type>HEARTBEAT</type>
  <arg>10292</arg>
  <arg>0</arg>
  <arg>0</arg>
  <severity>INFO</severity>
  <timestamp>Mon Oct 28 23:09:04 2019</timestamp>
</msg>
<msg id="84" tool="mc">
  <type>HEARTBEAT</type>
  <arg>10292</arg>
  <arg>0</arg>
  <arg>0</arg>
  <severity>INFO</severity>
  <timestamp>Mon Oct 28 23:09:05 2019</timestamp>
</msg>
<msg id="85" tool="mc">
  <type>HEARTBEAT</type>
  <arg>10292</arg>
  <arg>0</arg>
  <arg>0</arg>
  <severity>INFO</severity>
  <timestamp>Mon Oct 28 23:09:06 2019</timestamp>
</msg>
<msg id="86" tool="mc">
  <type>HEARTBEAT</type>
  <arg>10292</arg>
  <arg>0</arg>
  <arg>0</arg>
  <severity>INFO</severity>
  <timestamp>Mon Oct 28 23:09:07 2019</timestamp>
</msg>
<msg id="87" tool="mc">
  <type>HEARTBEAT</type>
  <arg>10292</arg>
  <arg>0</arg>
  <arg>0</arg>
  <severity>INFO</severity>
  <timestamp>Mon Oct 28 23:09:08 2019</timestamp>
</msg>
<msg id="88" tool="mc">
  <type>HEARTBEAT</type>
  <arg>10292,10396</arg>
  <arg>0,0</arg>
  <arg>0,483</arg>
  <severity>INFO</severity>
  <timestamp>Mon Oct 28 23:09:09 2019</timestamp>
</msg>
<msg id="89" tool="mc">
  <type>PROCESS_COMPLETE</type>
  <arg>F:\Intel_parallel_studio\projects\task3\x64\Debug\task3.exe</arg>
  <arg>0</arg>
  <severity>INFO</severity>
  <timestamp>Mon Oct 28 23:09:09 2019</timestamp>
</msg>
