f:\intel_parallel_studio\projects\task5\task5\x64\debug\task5.pch
f:\intel_parallel_studio\projects\task5\task5\x64\debug\vc141.pdb
f:\intel_parallel_studio\projects\task5\task5\x64\debug\vc141.idb
f:\intel_parallel_studio\projects\task5\task5\x64\debug\pch.obj
f:\intel_parallel_studio\projects\task5\task5\x64\debug\task5.pchi
f:\intel_parallel_studio\projects\task5\task5\x64\debug\task5.obj
c:\users\08de~1\appdata\local\temp\lnk{8ccde176-9127-462c-9b54-1763780f328b}.tmp
f:\intel_parallel_studio\projects\task5\x64\debug\task5.exe
f:\intel_parallel_studio\projects\task5\x64\debug\task5.ilk
f:\intel_parallel_studio\projects\task5\x64\debug\task5.pdb
f:\intel_parallel_studio\projects\task5\task5\x64\debug\task5.tlog\cl.command.1.tlog
f:\intel_parallel_studio\projects\task5\task5\x64\debug\task5.tlog\cl.read.1.tlog
f:\intel_parallel_studio\projects\task5\task5\x64\debug\task5.tlog\cl.write.1.tlog
f:\intel_parallel_studio\projects\task5\task5\x64\debug\task5.tlog\icl-mcpcom.read.1.tlog
f:\intel_parallel_studio\projects\task5\task5\x64\debug\task5.tlog\icl-mcpcom.write.1.tlog
f:\intel_parallel_studio\projects\task5\task5\x64\debug\task5.tlog\icl.command.1.tlog
f:\intel_parallel_studio\projects\task5\task5\x64\debug\task5.tlog\icl.read.1.tlog
f:\intel_parallel_studio\projects\task5\task5\x64\debug\task5.tlog\icl.write.1.tlog
f:\intel_parallel_studio\projects\task5\task5\x64\debug\task5.tlog\xilink-link-cvtres.read.1.tlog
f:\intel_parallel_studio\projects\task5\task5\x64\debug\task5.tlog\xilink-link-cvtres.write.1.tlog
f:\intel_parallel_studio\projects\task5\task5\x64\debug\task5.tlog\xilink-link-rc.read.1.tlog
f:\intel_parallel_studio\projects\task5\task5\x64\debug\task5.tlog\xilink-link-rc.write.1.tlog
f:\intel_parallel_studio\projects\task5\task5\x64\debug\task5.tlog\xilink-link.10016-cvtres.read.1.tlog
f:\intel_parallel_studio\projects\task5\task5\x64\debug\task5.tlog\xilink-link.10016-cvtres.write.1.tlog
f:\intel_parallel_studio\projects\task5\task5\x64\debug\task5.tlog\xilink-link.10016-rc.read.1.tlog
f:\intel_parallel_studio\projects\task5\task5\x64\debug\task5.tlog\xilink-link.10016-rc.write.1.tlog
f:\intel_parallel_studio\projects\task5\task5\x64\debug\task5.tlog\xilink-link.10016.read.1.tlog
f:\intel_parallel_studio\projects\task5\task5\x64\debug\task5.tlog\xilink-link.10016.read.3.tlog
f:\intel_parallel_studio\projects\task5\task5\x64\debug\task5.tlog\xilink-link.10016.write.1.tlog
f:\intel_parallel_studio\projects\task5\task5\x64\debug\task5.tlog\xilink-link.10332-cvtres.read.1.tlog
f:\intel_parallel_studio\projects\task5\task5\x64\debug\task5.tlog\xilink-link.10332-cvtres.write.1.tlog
f:\intel_parallel_studio\projects\task5\task5\x64\debug\task5.tlog\xilink-link.10332-rc.read.1.tlog
f:\intel_parallel_studio\projects\task5\task5\x64\debug\task5.tlog\xilink-link.10332-rc.write.1.tlog
f:\intel_parallel_studio\projects\task5\task5\x64\debug\task5.tlog\xilink-link.10332.read.1.tlog
f:\intel_parallel_studio\projects\task5\task5\x64\debug\task5.tlog\xilink-link.10332.read.2.tlog
f:\intel_parallel_studio\projects\task5\task5\x64\debug\task5.tlog\xilink-link.10332.write.1.tlog
f:\intel_parallel_studio\projects\task5\task5\x64\debug\task5.tlog\xilink-link.9320-cvtres.read.1.tlog
f:\intel_parallel_studio\projects\task5\task5\x64\debug\task5.tlog\xilink-link.9320-cvtres.write.1.tlog
f:\intel_parallel_studio\projects\task5\task5\x64\debug\task5.tlog\xilink-link.9320-rc.read.1.tlog
f:\intel_parallel_studio\projects\task5\task5\x64\debug\task5.tlog\xilink-link.9320-rc.write.1.tlog
f:\intel_parallel_studio\projects\task5\task5\x64\debug\task5.tlog\xilink-link.9320.read.1.tlog
f:\intel_parallel_studio\projects\task5\task5\x64\debug\task5.tlog\xilink-link.9320.read.3.tlog
f:\intel_parallel_studio\projects\task5\task5\x64\debug\task5.tlog\xilink-link.9320.write.1.tlog
f:\intel_parallel_studio\projects\task5\task5\x64\debug\task5.tlog\xilink-link.read.1.tlog
f:\intel_parallel_studio\projects\task5\task5\x64\debug\task5.tlog\xilink-link.read.2.tlog
f:\intel_parallel_studio\projects\task5\task5\x64\debug\task5.tlog\xilink-link.read.3.tlog
f:\intel_parallel_studio\projects\task5\task5\x64\debug\task5.tlog\xilink-link.write.1.tlog
f:\intel_parallel_studio\projects\task5\task5\x64\debug\task5.tlog\xilink.command.1.tlog
f:\intel_parallel_studio\projects\task5\task5\x64\debug\task5.tlog\xilink.read.1.tlog
f:\intel_parallel_studio\projects\task5\task5\x64\debug\task5.tlog\xilink.write.1.tlog
