<?xml version="1.0" encoding="utf-8" ?>
<!-- DO NOT EDIT THIS FILE -->

<log version='2.0' source='tcet'>
	<!-- Sampling enabled with the following: -->
	<!--     Budget                              5: -->
	<!--     Overdraft Budget                   75: -->
	<!--     Savings Budget                      2: -->
	<!-- Opened annotation file C:\Program Files (x86)\IntelSWTools\Inspector 2019\bin64\..\config\tc\qt.ant -->
	<!-- Opened annotation file C:\Program Files (x86)\IntelSWTools\Inspector 2019\bin64\..\config\tc\cpp11.ant -->
	<!-- Opened annotation file C:\Program Files (x86)\IntelSWTools\Inspector 2019\bin64\..\config\tc\fortran.ant -->
	<!-- Opened annotation file C:\Program Files (x86)\IntelSWTools\Inspector 2019\bin64\..\config\tc\icl.ant -->
	<!-- Opened annotation file C:\Program Files (x86)\IntelSWTools\Inspector 2019\bin64\..\config\tc\allocators.ant -->
	<!-- Opened annotation file C:\Program Files (x86)\IntelSWTools\Inspector 2019\bin64\..\config\tc\boost.ant -->
	<!-- Opened annotation file C:\Program Files (x86)\IntelSWTools\Inspector 2019\bin64\..\config\tc\system_api_filter.ant -->
	<!-- Opened annotation file C:\Program Files (x86)\IntelSWTools\Inspector 2019\bin64\..\config\tc\system_api.ant -->
	<msg id='1' display='false' source='tccore'>
		<type>START</type>
		<severity>INFO</severity>
		<timestamp>Mon Oct 28 23:10:43 2019</timestamp>
	</msg>
	<!-- Successfully loaded CCRT 13.1.11 at address 0x55b00000 - 0x55b70000 -->
	<!-- Successfully loaded the TC Analysis Core 8.8.3 at address 0x7ffa46160000 - 0x7ffa4618e000 -->
	<!-- Successfully loaded the TC Instrumentation Engine 8.8.3 at address 0x55b90000 - 0x55dff000 -->
	<!-- This is the instance of interest -->
	<msg id='2' source='tcet'>
		<type>EXEC_OF_INTEREST</type>
		<severity>INFO</severity>
		<timestamp>Mon Oct 28 23:10:43 2019</timestamp>
		<arg name='process'>f:\intel_parallel_studio\projects\task3\x64\release\task3.exe</arg>
		<arg name='pid'>10992</arg>
	</msg>
	<msg id='3' source='tcet'>
		<type>LOAD_MODULE</type>
		<severity>INFO</severity>
		<timestamp>Mon Oct 28 23:10:43 2019</timestamp>
		<arg name='module'>f:\intel_parallel_studio\projects\task3\x64\release\task3.exe</arg>
		<arg name='basement'>0x7ff79d250000</arg>
		<arg name='ceiling'>0x7ff79d25dfff</arg>
	</msg>
	<msg id='4' source='tcet'>
		<type>LOAD_MODULE</type>
		<severity>INFO</severity>
		<timestamp>Mon Oct 28 23:10:43 2019</timestamp>
		<arg name='module'>c:\windows\system32\kernelbase.dll</arg>
		<arg name='basement'>0x7ffaaa9a0000</arg>
		<arg name='ceiling'>0x7ffaaabbcfff</arg>
	</msg>
	<!-- Target OS: Win8 or Server 2K2012 or later -->
	<msg id='5' source='tcet'>
		<type>LOAD_MODULE</type>
		<severity>INFO</severity>
		<timestamp>Mon Oct 28 23:10:43 2019</timestamp>
		<arg name='module'>c:\windows\system32\kernel32.dll</arg>
		<arg name='basement'>0x7ffaab030000</arg>
		<arg name='ceiling'>0x7ffaab0dafff</arg>
	</msg>
	<!-- Target OS: Win8 or Server 2K2012 or later -->
	<msg id='6' source='tcet'>
		<type>LOAD_MODULE</type>
		<severity>INFO</severity>
		<timestamp>Mon Oct 28 23:10:43 2019</timestamp>
		<arg name='module'>c:\windows\system32\ntdll.dll</arg>
		<arg name='basement'>0x7ffaad900000</arg>
		<arg name='ceiling'>0x7ffaadad0fff</arg>
	</msg>
	<!-- Target OS: Win8 or Server 2K2012 or later -->
	<msg id='7' source='tcet'>
		<type>LOAD_MODULE</type>
		<severity>INFO</severity>
		<timestamp>Mon Oct 28 23:10:44 2019</timestamp>
		<arg name='module'>c:\windows\system32\ucrtbase.dll</arg>
		<arg name='basement'>0x7ffaaa880000</arg>
		<arg name='ceiling'>0x7ffaaa974fff</arg>
	</msg>
	<msg id='8' source='tcet'>
		<type>LOAD_MODULE</type>
		<severity>INFO</severity>
		<timestamp>Mon Oct 28 23:10:44 2019</timestamp>
		<arg name='module'>c:\windows\system32\vcruntime140.dll</arg>
		<arg name='basement'>0x7ffa98840000</arg>
		<arg name='ceiling'>0x7ffa98854fff</arg>
	</msg>
	<!-- Found ZCA section with version 1.1 -->
	<!-- Found ZCA section with version 1.1 -->
	<!-- Found ZCA section with version 1.1 -->
	<!-- Found ZCA section with version 1.1 -->
	<!-- Found ZCA section with version 1.1 -->
	<!-- Found ZCA section with version 1.1 -->
	<!-- Found ZCA section with version 1.1 -->
	<!-- Found ZCA section with version 1.1 -->
	<!-- Found ZCA section with version 1.1 -->
	<!-- Found ZCA section with version 1.1 -->
	<!-- Found ZCA section with version 1.1 -->
	<!-- Found ZCA section with version 1.1 -->
	<!-- Found ZCA section with version 1.1 -->
	<!-- Found ZCA section with version 1.1 -->
	<!-- Found ZCA section with version 1.1 -->
	<!-- Found ZCA section with version 1.1 -->
	<!-- Found ZCA section with version 1.1 -->
	<!-- Found ZCA section with version 1.1 -->
	<!-- Found ZCA section with version 1.1 -->
	<!-- Found ZCA section with version 1.1 -->
	<!-- Found ZCA section with version 1.1 -->
	<!-- Found ZCA section with version 1.1 -->
	<!-- Found ZCA section with version 1.1 -->
	<msg id='9' source='tcet'>
		<type>LOAD_MODULE</type>
		<severity>INFO</severity>
		<timestamp>Mon Oct 28 23:10:44 2019</timestamp>
		<arg name='module'>c:\program files (x86)\intelswtools\compilers_and_libraries_2019\windows\redist\intel64\compiler\cilkrts20.dll</arg>
		<arg name='basement'>0x7ffa93af0000</arg>
		<arg name='ceiling'>0x7ffa93b42fff</arg>
	</msg>
	<msg id='10' source='tcet'>
		<type>LOAD_MODULE</type>
		<severity>INFO</severity>
		<timestamp>Mon Oct 28 23:10:44 2019</timestamp>
		<arg name='module'>c:\windows\system32\msvcp140.dll</arg>
		<arg name='basement'>0x7ffa98860000</arg>
		<arg name='ceiling'>0x7ffa988fafff</arg>
	</msg>
	<msg id='11' source='tcet'>
		<type>LOAD_MODULE</type>
		<severity>INFO</severity>
		<timestamp>Mon Oct 28 23:10:45 2019</timestamp>
		<arg name='module'>c:\windows\system32\user32.dll</arg>
		<arg name='basement'>0x7ffaaaec0000</arg>
		<arg name='ceiling'>0x7ffaab024fff</arg>
	</msg>
	<msg id='12' source='tcet'>
		<type>LOAD_MODULE</type>
		<severity>INFO</severity>
		<timestamp>Mon Oct 28 23:10:45 2019</timestamp>
		<arg name='module'>c:\windows\system32\win32u.dll</arg>
		<arg name='basement'>0x7ffaaa980000</arg>
		<arg name='ceiling'>0x7ffaaa99dfff</arg>
	</msg>
	<!-- Routine at entry point of image c:\windows\system32\win32u.dll is invalid -->
	<msg id='13' source='tcet'>
		<type>LOAD_MODULE</type>
		<severity>INFO</severity>
		<timestamp>Mon Oct 28 23:10:45 2019</timestamp>
		<arg name='module'>c:\windows\system32\gdi32.dll</arg>
		<arg name='basement'>0x7ffaad8c0000</arg>
		<arg name='ceiling'>0x7ffaad8f3fff</arg>
	</msg>
	<msg id='14' source='tcet'>
		<type>LOAD_MODULE</type>
		<severity>INFO</severity>
		<timestamp>Mon Oct 28 23:10:45 2019</timestamp>
		<arg name='module'>c:\windows\system32\gdi32full.dll</arg>
		<arg name='basement'>0x7ffaaa6f0000</arg>
		<arg name='ceiling'>0x7ffaaa871fff</arg>
	</msg>
	<msg id='15' source='tcet'>
		<type>LOAD_MODULE</type>
		<severity>INFO</severity>
		<timestamp>Mon Oct 28 23:10:46 2019</timestamp>
		<arg name='module'>c:\windows\system32\imm32.dll</arg>
		<arg name='basement'>0x7ffaaae90000</arg>
		<arg name='ceiling'>0x7ffaaaebdfff</arg>
	</msg>
	<msg id='16' source='tcet'>
		<type>LOAD_MODULE</type>
		<severity>INFO</severity>
		<timestamp>Mon Oct 28 23:10:47 2019</timestamp>
		<arg name='module'>c:\program files (x86)\intelswtools\inspector 2019\bin64\runtime\libittnotify.dll</arg>
		<arg name='basement'>0x7ffa544d0000</arg>
		<arg name='ceiling'>0x7ffa54502fff</arg>
	</msg>
	<!-- Target OS: Win8 or Server 2K2012 or later -->
	<msg id='17' display='false' source='tcet'>
		<type>HEARTBEAT</type>
		<severity>INFO</severity>
		<timestamp>Mon Oct 28 23:10:48 2019</timestamp>
		<arg name='tids'>2176,2204,10928,10580</arg>
		<arg name='syscalls'>1,1,1,0</arg>
		<arg name='calls'>701,4060,717,3698913</arg>
	</msg>
	<msg id='18' display='false' source='tcet'>
		<type>HEARTBEAT</type>
		<severity>INFO</severity>
		<timestamp>Mon Oct 28 23:10:49 2019</timestamp>
		<arg name='tids'>2176,2204,10928,10580</arg>
		<arg name='syscalls'>1,1,1,0</arg>
		<arg name='calls'>0,0,0,18745798</arg>
	</msg>
	<msg id='19' display='false' source='tcet'>
		<type>HEARTBEAT</type>
		<severity>INFO</severity>
		<timestamp>Mon Oct 28 23:10:50 2019</timestamp>
		<arg name='tids'>2176,2204,10928,10580</arg>
		<arg name='syscalls'>1,1,1,0</arg>
		<arg name='calls'>0,0,0,4604160</arg>
	</msg>
	<msg id='20' display='false' source='tcet'>
		<type>HEARTBEAT</type>
		<severity>INFO</severity>
		<timestamp>Mon Oct 28 23:10:51 2019</timestamp>
		<arg name='tids'>2176,2204,10928,10580</arg>
		<arg name='syscalls'>1,1,1,0</arg>
		<arg name='calls'>0,0,0,0</arg>
	</msg>
	<msg id='21' display='false' source='tcet'>
		<type>HEARTBEAT</type>
		<severity>INFO</severity>
		<timestamp>Mon Oct 28 23:10:52 2019</timestamp>
		<arg name='tids'>2176,2204,10928,10580</arg>
		<arg name='syscalls'>1,1,1,0</arg>
		<arg name='calls'>0,0,0,0</arg>
	</msg>
	<msg id='22' display='false' source='tcet'>
		<type>HEARTBEAT</type>
		<severity>INFO</severity>
		<timestamp>Mon Oct 28 23:10:53 2019</timestamp>
		<arg name='tids'>2176,2204,10928,10580</arg>
		<arg name='syscalls'>1,1,1,0</arg>
		<arg name='calls'>0,0,0,0</arg>
	</msg>
	<msg id='23' display='false' source='tcet'>
		<type>HEARTBEAT</type>
		<severity>INFO</severity>
		<timestamp>Mon Oct 28 23:10:54 2019</timestamp>
		<arg name='tids'>2176,2204,10928,10580</arg>
		<arg name='syscalls'>1,1,1,0</arg>
		<arg name='calls'>0,0,0,0</arg>
	</msg>
	<msg id='24' display='false' source='tcet'>
		<type>HEARTBEAT</type>
		<severity>INFO</severity>
		<timestamp>Mon Oct 28 23:10:55 2019</timestamp>
		<arg name='tids'>2176,2204,10928,10580</arg>
		<arg name='syscalls'>1,1,1,0</arg>
		<arg name='calls'>0,0,0,0</arg>
	</msg>
	<msg id='25' display='false' source='tcet'>
		<type>HEARTBEAT</type>
		<severity>INFO</severity>
		<timestamp>Mon Oct 28 23:10:56 2019</timestamp>
		<arg name='tids'>2176,2204,10928,10580</arg>
		<arg name='syscalls'>1,1,1,0</arg>
		<arg name='calls'>0,0,0,0</arg>
	</msg>
	<msg id='26' display='false' source='tcet'>
		<type>HEARTBEAT</type>
		<severity>INFO</severity>
		<timestamp>Mon Oct 28 23:10:57 2019</timestamp>
		<arg name='tids'>2176,2204,10928,10580</arg>
		<arg name='syscalls'>1,1,1,0</arg>
		<arg name='calls'>0,0,0,0</arg>
	</msg>
	<msg id='27' display='false' source='tcet'>
		<type>HEARTBEAT</type>
		<severity>INFO</severity>
		<timestamp>Mon Oct 28 23:10:58 2019</timestamp>
		<arg name='tids'>2176,2204,10928,10580</arg>
		<arg name='syscalls'>1,1,1,0</arg>
		<arg name='calls'>0,0,0,0</arg>
	</msg>
	<msg id='28' display='false' source='tcet'>
		<type>HEARTBEAT</type>
		<severity>INFO</severity>
		<timestamp>Mon Oct 28 23:10:59 2019</timestamp>
		<arg name='tids'>2176,2204,10928,10580</arg>
		<arg name='syscalls'>1,1,1,0</arg>
		<arg name='calls'>0,0,0,0</arg>
	</msg>
	<msg id='29' display='false' source='tcet'>
		<type>HEARTBEAT</type>
		<severity>INFO</severity>
		<timestamp>Mon Oct 28 23:11:00 2019</timestamp>
		<arg name='tids'>2176,2204,10928,10580</arg>
		<arg name='syscalls'>1,1,1,0</arg>
		<arg name='calls'>0,0,0,0</arg>
	</msg>
	<msg id='30' display='false' source='tcet'>
		<type>HEARTBEAT</type>
		<severity>INFO</severity>
		<timestamp>Mon Oct 28 23:11:01 2019</timestamp>
		<arg name='tids'>2176,2204,10928,10580</arg>
		<arg name='syscalls'>1,1,1,0</arg>
		<arg name='calls'>0,0,0,0</arg>
	</msg>
	<msg id='31' display='false' source='tcet'>
		<type>HEARTBEAT</type>
		<severity>INFO</severity>
		<timestamp>Mon Oct 28 23:11:02 2019</timestamp>
		<arg name='tids'>2176,2204,10928,10580</arg>
		<arg name='syscalls'>1,1,1,0</arg>
		<arg name='calls'>0,0,0,0</arg>
	</msg>
	<msg id='32' display='false' source='tcet'>
		<type>HEARTBEAT</type>
		<severity>INFO</severity>
		<timestamp>Mon Oct 28 23:11:03 2019</timestamp>
		<arg name='tids'>2176,2204,10928,10580</arg>
		<arg name='syscalls'>1,1,1,0</arg>
		<arg name='calls'>0,0,0,0</arg>
	</msg>
	<msg id='33' display='false' source='tcet'>
		<type>HEARTBEAT</type>
		<severity>INFO</severity>
		<timestamp>Mon Oct 28 23:11:04 2019</timestamp>
		<arg name='tids'>2176,2204,10928,10580</arg>
		<arg name='syscalls'>1,1,1,0</arg>
		<arg name='calls'>0,0,0,0</arg>
	</msg>
	<msg id='34' display='false' source='tcet'>
		<type>HEARTBEAT</type>
		<severity>INFO</severity>
		<timestamp>Mon Oct 28 23:11:05 2019</timestamp>
		<arg name='tids'>2176,2204,10928,10580</arg>
		<arg name='syscalls'>1,1,1,0</arg>
		<arg name='calls'>0,0,0,0</arg>
	</msg>
	<msg id='35' display='false' source='tcet'>
		<type>HEARTBEAT</type>
		<severity>INFO</severity>
		<timestamp>Mon Oct 28 23:11:06 2019</timestamp>
		<arg name='tids'>2176,2204,10928,10580</arg>
		<arg name='syscalls'>1,1,1,0</arg>
		<arg name='calls'>0,0,0,0</arg>
	</msg>
	<msg id='36' display='false' source='tcet'>
		<type>HEARTBEAT</type>
		<severity>INFO</severity>
		<timestamp>Mon Oct 28 23:11:07 2019</timestamp>
		<arg name='tids'>2176,2204,10928,10580</arg>
		<arg name='syscalls'>1,1,1,0</arg>
		<arg name='calls'>0,0,0,0</arg>
	</msg>
	<msg id='37' display='false' source='tcet'>
		<type>HEARTBEAT</type>
		<severity>INFO</severity>
		<timestamp>Mon Oct 28 23:11:08 2019</timestamp>
		<arg name='tids'>2176,2204,10928,10580</arg>
		<arg name='syscalls'>1,1,1,0</arg>
		<arg name='calls'>0,0,0,0</arg>
	</msg>
	<msg id='38' display='false' source='tcet'>
		<type>HEARTBEAT</type>
		<severity>INFO</severity>
		<timestamp>Mon Oct 28 23:11:09 2019</timestamp>
		<arg name='tids'>2176,2204,10928,10580</arg>
		<arg name='syscalls'>1,1,1,0</arg>
		<arg name='calls'>0,0,0,0</arg>
	</msg>
	<msg id='39' display='false' source='tcet'>
		<type>HEARTBEAT</type>
		<severity>INFO</severity>
		<timestamp>Mon Oct 28 23:11:10 2019</timestamp>
		<arg name='tids'>2176,2204,10928,10580</arg>
		<arg name='syscalls'>1,1,1,0</arg>
		<arg name='calls'>0,0,0,0</arg>
	</msg>
	<msg id='40' display='false' source='tcet'>
		<type>HEARTBEAT</type>
		<severity>INFO</severity>
		<timestamp>Mon Oct 28 23:11:11 2019</timestamp>
		<arg name='tids'>2176,2204,10928,10580</arg>
		<arg name='syscalls'>1,1,1,0</arg>
		<arg name='calls'>0,0,0,0</arg>
	</msg>
	<msg id='41' display='false' source='tcet'>
		<type>HEARTBEAT</type>
		<severity>INFO</severity>
		<timestamp>Mon Oct 28 23:11:12 2019</timestamp>
		<arg name='tids'>2176,2204,10928,10580</arg>
		<arg name='syscalls'>1,1,1,0</arg>
		<arg name='calls'>0,0,0,0</arg>
	</msg>
	<msg id='42' display='false' source='tcet'>
		<type>HEARTBEAT</type>
		<severity>INFO</severity>
		<timestamp>Mon Oct 28 23:11:13 2019</timestamp>
		<arg name='tids'>2176,2204,10928,10580</arg>
		<arg name='syscalls'>1,1,1,0</arg>
		<arg name='calls'>0,0,0,0</arg>
	</msg>
	<msg id='43' display='false' source='tcet'>
		<type>HEARTBEAT</type>
		<severity>INFO</severity>
		<timestamp>Mon Oct 28 23:11:14 2019</timestamp>
		<arg name='tids'>2176,2204,10928,10580</arg>
		<arg name='syscalls'>1,1,1,0</arg>
		<arg name='calls'>0,0,0,0</arg>
	</msg>
	<msg id='44' display='false' source='tcet'>
		<type>HEARTBEAT</type>
		<severity>INFO</severity>
		<timestamp>Mon Oct 28 23:11:15 2019</timestamp>
		<arg name='tids'>2176,2204,10928,10580</arg>
		<arg name='syscalls'>1,1,1,0</arg>
		<arg name='calls'>0,0,0,0</arg>
	</msg>
	<msg id='45' display='false' source='tcet'>
		<type>HEARTBEAT</type>
		<severity>INFO</severity>
		<timestamp>Mon Oct 28 23:11:16 2019</timestamp>
		<arg name='tids'>2176,2204,10928,10580</arg>
		<arg name='syscalls'>1,1,1,0</arg>
		<arg name='calls'>0,0,0,0</arg>
	</msg>
	<msg id='46' display='false' source='tcet'>
		<type>HEARTBEAT</type>
		<severity>INFO</severity>
		<timestamp>Mon Oct 28 23:11:17 2019</timestamp>
		<arg name='tids'>2176,2204,10928,10580</arg>
		<arg name='syscalls'>1,1,1,0</arg>
		<arg name='calls'>0,0,0,0</arg>
	</msg>
	<msg id='47' display='false' source='tcet'>
		<type>HEARTBEAT</type>
		<severity>INFO</severity>
		<timestamp>Mon Oct 28 23:11:18 2019</timestamp>
		<arg name='tids'>2176,2204,10928,10580</arg>
		<arg name='syscalls'>1,1,1,0</arg>
		<arg name='calls'>0,0,0,0</arg>
	</msg>
	<msg id='48' display='false' source='tcet'>
		<type>HEARTBEAT</type>
		<severity>INFO</severity>
		<timestamp>Mon Oct 28 23:11:19 2019</timestamp>
		<arg name='tids'>2176,2204,10928,10580</arg>
		<arg name='syscalls'>1,1,1,0</arg>
		<arg name='calls'>0,0,0,0</arg>
	</msg>
	<msg id='49' display='false' source='tcet'>
		<type>HEARTBEAT</type>
		<severity>INFO</severity>
		<timestamp>Mon Oct 28 23:11:20 2019</timestamp>
		<arg name='tids'>2176,2204,10928,10580</arg>
		<arg name='syscalls'>1,1,1,0</arg>
		<arg name='calls'>0,0,0,0</arg>
	</msg>
	<msg id='50' display='false' source='tcet'>
		<type>HEARTBEAT</type>
		<severity>INFO</severity>
		<timestamp>Mon Oct 28 23:11:21 2019</timestamp>
		<arg name='tids'>2176,2204,10928,10580</arg>
		<arg name='syscalls'>1,1,1,0</arg>
		<arg name='calls'>0,0,0,0</arg>
	</msg>
	<msg id='51' display='false' source='tcet'>
		<type>HEARTBEAT</type>
		<severity>INFO</severity>
		<timestamp>Mon Oct 28 23:11:22 2019</timestamp>
		<arg name='tids'>2176,2204,10928,10580</arg>
		<arg name='syscalls'>1,1,1,0</arg>
		<arg name='calls'>0,0,0,0</arg>
	</msg>
	<msg id='52' display='false' source='tcet'>
		<type>HEARTBEAT</type>
		<severity>INFO</severity>
		<timestamp>Mon Oct 28 23:11:23 2019</timestamp>
		<arg name='tids'>2176,2204,10928,10580</arg>
		<arg name='syscalls'>1,1,1,0</arg>
		<arg name='calls'>0,0,0,0</arg>
	</msg>
	<msg id='53' display='false' source='tcet'>
		<type>HEARTBEAT</type>
		<severity>INFO</severity>
		<timestamp>Mon Oct 28 23:11:24 2019</timestamp>
		<arg name='tids'>2176,2204,10928,10580</arg>
		<arg name='syscalls'>1,1,1,0</arg>
		<arg name='calls'>0,0,0,0</arg>
	</msg>
	<msg id='54' display='false' source='tcet'>
		<type>HEARTBEAT</type>
		<severity>INFO</severity>
		<timestamp>Mon Oct 28 23:11:25 2019</timestamp>
		<arg name='tids'>2176,2204,10928,10580</arg>
		<arg name='syscalls'>1,1,1,0</arg>
		<arg name='calls'>0,0,0,0</arg>
	</msg>
	<msg id='55' display='false' source='tcet'>
		<type>HEARTBEAT</type>
		<severity>INFO</severity>
		<timestamp>Mon Oct 28 23:11:26 2019</timestamp>
		<arg name='tids'>2176,2204,10928,10580</arg>
		<arg name='syscalls'>1,1,1,0</arg>
		<arg name='calls'>0,0,0,0</arg>
	</msg>
	<msg id='56' display='false' source='tcet'>
		<type>HEARTBEAT</type>
		<severity>INFO</severity>
		<timestamp>Mon Oct 28 23:11:27 2019</timestamp>
		<arg name='tids'>2176,2204,10928,10580</arg>
		<arg name='syscalls'>1,1,1,0</arg>
		<arg name='calls'>0,0,0,0</arg>
	</msg>
	<msg id='57' display='false' source='tcet'>
		<type>HEARTBEAT</type>
		<severity>INFO</severity>
		<timestamp>Mon Oct 28 23:11:28 2019</timestamp>
		<arg name='tids'>2176,2204,10928,10580</arg>
		<arg name='syscalls'>1,1,1,0</arg>
		<arg name='calls'>0,0,0,0</arg>
	</msg>
	<msg id='58' display='false' source='tcet'>
		<type>HEARTBEAT</type>
		<severity>INFO</severity>
		<timestamp>Mon Oct 28 23:11:29 2019</timestamp>
		<arg name='tids'>2176,2204,10928,10580</arg>
		<arg name='syscalls'>1,1,1,0</arg>
		<arg name='calls'>0,0,0,0</arg>
	</msg>
	<msg id='59' display='false' source='tcet'>
		<type>HEARTBEAT</type>
		<severity>INFO</severity>
		<timestamp>Mon Oct 28 23:11:30 2019</timestamp>
		<arg name='tids'>2176,2204,10928,10580</arg>
		<arg name='syscalls'>1,1,1,0</arg>
		<arg name='calls'>0,0,0,82</arg>
	</msg>
	<msg id='60' display='false' source='tcet'>
		<type>THREADNAME</type>
		<severity>INFO</severity>
		<timestamp>Mon Oct 28 23:11:31 2019</timestamp>
		<arg name='tid'>10568</arg>
		<arg name='name'>Cilk Worker</arg>
	</msg>
	<msg id='61' display='false' source='tcet'>
		<type>THREADNAME</type>
		<severity>INFO</severity>
		<timestamp>Mon Oct 28 23:11:31 2019</timestamp>
		<arg name='tid'>10464</arg>
		<arg name='name'>Cilk Worker</arg>
	</msg>
	<msg id='62' display='false' source='tcet'>
		<type>THREADNAME</type>
		<severity>INFO</severity>
		<timestamp>Mon Oct 28 23:11:31 2019</timestamp>
		<arg name='tid'>10560</arg>
		<arg name='name'>Cilk Worker</arg>
	</msg>
	<msg id='63' display='false' source='tcet'>
		<type>HEARTBEAT</type>
		<severity>INFO</severity>
		<timestamp>Mon Oct 28 23:11:31 2019</timestamp>
		<arg name='tids'>10568,10464,10560,2176,2204,10928,10580</arg>
		<arg name='syscalls'>0,0,0,1,1,1,0</arg>
		<arg name='calls'>307481,331473,47152,0,0,0,245921</arg>
	</msg>
	<msg id='64' display='false' source='tcet'>
		<type>HEARTBEAT</type>
		<severity>INFO</severity>
		<timestamp>Mon Oct 28 23:11:32 2019</timestamp>
		<arg name='tids'>10568,10464,10560,2176,2204,10928,10580</arg>
		<arg name='syscalls'>0,0,0,1,1,1,0</arg>
		<arg name='calls'>263428,251639,325406,0,0,0,187131</arg>
	</msg>
	<msg id='65' display='false' source='tcet'>
		<type>HEARTBEAT</type>
		<severity>INFO</severity>
		<timestamp>Mon Oct 28 23:11:33 2019</timestamp>
		<arg name='tids'>10568,10464,10560,2176,2204,10928,10580</arg>
		<arg name='syscalls'>0,0,0,1,1,1,0</arg>
		<arg name='calls'>445272,286749,292651,0,0,0,193797</arg>
	</msg>
	<msg id='66' display='false' source='tcet'>
		<type>HEARTBEAT</type>
		<severity>INFO</severity>
		<timestamp>Mon Oct 28 23:11:34 2019</timestamp>
		<arg name='tids'>10568,10464,10560,2176,2204,10928,10580</arg>
		<arg name='syscalls'>0,0,0,1,1,1,0</arg>
		<arg name='calls'>263895,192666,436440,0,0,0,386321</arg>
	</msg>
	<msg id='67' display='false' source='tcet'>
		<type>HEARTBEAT</type>
		<severity>INFO</severity>
		<timestamp>Mon Oct 28 23:11:35 2019</timestamp>
		<arg name='tids'>10568,10464,10560,2176,2204,10928,10580</arg>
		<arg name='syscalls'>0,0,0,1,1,1,0</arg>
		<arg name='calls'>320892,143519,307667,0,0,0,222678</arg>
	</msg>
	<msg id='68' display='false' source='tcet'>
		<type>HEARTBEAT</type>
		<severity>INFO</severity>
		<timestamp>Mon Oct 28 23:11:36 2019</timestamp>
		<arg name='tids'>10568,10464,10560,2176,2204,10928,10580</arg>
		<arg name='syscalls'>0,0,0,1,1,1,0</arg>
		<arg name='calls'>311445,313662,382821,0,0,0,89862</arg>
	</msg>
	<msg id='69' display='false' source='tcet'>
		<type>HEARTBEAT</type>
		<severity>INFO</severity>
		<timestamp>Mon Oct 28 23:11:37 2019</timestamp>
		<arg name='tids'>10568,10464,10560,2176,2204,10928,10580</arg>
		<arg name='syscalls'>0,0,0,1,1,1,0</arg>
		<arg name='calls'>268456,368045,352185,0,0,0,265705</arg>
	</msg>
	<msg id='70' display='false' source='tcet'>
		<type>HEARTBEAT</type>
		<severity>INFO</severity>
		<timestamp>Mon Oct 28 23:11:38 2019</timestamp>
		<arg name='tids'>10568,10464,10560,2176,2204,10928,10580</arg>
		<arg name='syscalls'>0,0,0,1,1,1,0</arg>
		<arg name='calls'>238745,454094,299257,0,0,0,418801</arg>
	</msg>
	<msg id='71' display='false' source='tcet'>
		<type>HEARTBEAT</type>
		<severity>INFO</severity>
		<timestamp>Mon Oct 28 23:11:39 2019</timestamp>
		<arg name='tids'>10568,10464,10560,2176,2204,10928,10580</arg>
		<arg name='syscalls'>0,0,0,1,1,1,0</arg>
		<arg name='calls'>258376,436040,96599,0,0,0,266286</arg>
	</msg>
	<msg id='72' display='false' source='tcet'>
		<type>HEARTBEAT</type>
		<severity>INFO</severity>
		<timestamp>Mon Oct 28 23:11:40 2019</timestamp>
		<arg name='tids'>10568,10464,10560,2176,2204,10928,10580</arg>
		<arg name='syscalls'>0,0,0,1,1,1,0</arg>
		<arg name='calls'>298172,321527,281378,0,0,0,213823</arg>
	</msg>
	<msg id='73' display='false' source='tcet'>
		<type>HEARTBEAT</type>
		<severity>INFO</severity>
		<timestamp>Mon Oct 28 23:11:41 2019</timestamp>
		<arg name='tids'>10568,10464,10560,2176,2204,10928,10580</arg>
		<arg name='syscalls'>0,0,0,1,1,1,0</arg>
		<arg name='calls'>371871,361824,244751,0,0,0,311123</arg>
	</msg>
	<msg id='74' display='false' source='tcet'>
		<type>HEARTBEAT</type>
		<severity>INFO</severity>
		<timestamp>Mon Oct 28 23:11:42 2019</timestamp>
		<arg name='tids'>10568,10464,10560,2176,2204,10928,10580</arg>
		<arg name='syscalls'>0,0,0,1,1,1,0</arg>
		<arg name='calls'>411893,433030,379405,0,0,0,331466</arg>
	</msg>
	<msg id='75' display='false' source='tcet'>
		<type>HEARTBEAT</type>
		<severity>INFO</severity>
		<timestamp>Mon Oct 28 23:11:43 2019</timestamp>
		<arg name='tids'>10568,10464,10560,2176,2204,10928,10580</arg>
		<arg name='syscalls'>0,0,0,1,1,1,0</arg>
		<arg name='calls'>329096,254113,246750,0,0,0,265643</arg>
	</msg>
	<!-- Thread 2 effective sampling rate is 0/0 -->
	<!-- Thread 4 effective sampling rate is 0/0 -->
	<!-- Thread 3 effective sampling rate is 0/0 -->
	<msg id='76' display='false' source='tcet'>
		<type>HEARTBEAT</type>
		<severity>INFO</severity>
		<timestamp>Mon Oct 28 23:11:44 2019</timestamp>
		<arg name='tids'>10568,10464,10560,10580</arg>
		<arg name='syscalls'>0,0,0,0</arg>
		<arg name='calls'>313023,229130,293285,378808</arg>
	</msg>
	<msg id='77' display='false' source='tcet'>
		<type>HEARTBEAT</type>
		<severity>INFO</severity>
		<timestamp>Mon Oct 28 23:11:45 2019</timestamp>
		<arg name='tids'>10568,10464,10560,10580</arg>
		<arg name='syscalls'>0,0,0,0</arg>
		<arg name='calls'>286690,178810,342252,294511</arg>
	</msg>
	<msg id='78' display='false' source='tcet'>
		<type>HEARTBEAT</type>
		<severity>INFO</severity>
		<timestamp>Mon Oct 28 23:11:46 2019</timestamp>
		<arg name='tids'>10568,10464,10560,10580</arg>
		<arg name='syscalls'>0,0,0,0</arg>
		<arg name='calls'>361552,332823,315354,405777</arg>
	</msg>
	<msg id='79' display='false' source='tcet'>
		<type>HEARTBEAT</type>
		<severity>INFO</severity>
		<timestamp>Mon Oct 28 23:11:47 2019</timestamp>
		<arg name='tids'>10568,10464,10560,10580</arg>
		<arg name='syscalls'>0,0,0,0</arg>
		<arg name='calls'>379853,400594,264118,416754</arg>
	</msg>
	<msg id='80' display='false' source='tcet'>
		<type>HEARTBEAT</type>
		<severity>INFO</severity>
		<timestamp>Mon Oct 28 23:11:48 2019</timestamp>
		<arg name='tids'>10568,10464,10560,10580</arg>
		<arg name='syscalls'>0,0,0,0</arg>
		<arg name='calls'>324081,293422,268758,280439</arg>
	</msg>
	<msg id='81' display='false' source='tcet'>
		<type>HEARTBEAT</type>
		<severity>INFO</severity>
		<timestamp>Mon Oct 28 23:11:49 2019</timestamp>
		<arg name='tids'>10568,10464,10560,10580</arg>
		<arg name='syscalls'>0,0,0,0</arg>
		<arg name='calls'>312162,272243,305582,286577</arg>
	</msg>
	<msg id='82' display='false' source='tcet'>
		<type>HEARTBEAT</type>
		<severity>INFO</severity>
		<timestamp>Mon Oct 28 23:11:50 2019</timestamp>
		<arg name='tids'>10568,10464,10560,10580</arg>
		<arg name='syscalls'>0,0,0,0</arg>
		<arg name='calls'>352292,450974,275030,315725</arg>
	</msg>
	<msg id='83' display='false' source='tcet'>
		<type>HEARTBEAT</type>
		<severity>INFO</severity>
		<timestamp>Mon Oct 28 23:11:51 2019</timestamp>
		<arg name='tids'>10568,10464,10560,10580</arg>
		<arg name='syscalls'>0,0,0,0</arg>
		<arg name='calls'>322913,311612,210785,417046</arg>
	</msg>
	<msg id='84' display='false' source='tcet'>
		<type>HEARTBEAT</type>
		<severity>INFO</severity>
		<timestamp>Mon Oct 28 23:11:52 2019</timestamp>
		<arg name='tids'>10568,10464,10560,10580</arg>
		<arg name='syscalls'>0,0,0,0</arg>
		<arg name='calls'>227552,201586,245557,196546</arg>
	</msg>
	<msg id='85' display='false' source='tcet'>
		<type>HEARTBEAT</type>
		<severity>INFO</severity>
		<timestamp>Mon Oct 28 23:11:53 2019</timestamp>
		<arg name='tids'>10568,10464,10560,10580</arg>
		<arg name='syscalls'>0,0,0,0</arg>
		<arg name='calls'>332629,291922,282888,291629</arg>
	</msg>
	<msg id='86' display='false' source='tcet'>
		<type>HEARTBEAT</type>
		<severity>INFO</severity>
		<timestamp>Mon Oct 28 23:11:54 2019</timestamp>
		<arg name='tids'>10568,10464,10560,10580</arg>
		<arg name='syscalls'>0,0,0,0</arg>
		<arg name='calls'>302084,314162,261517,167376</arg>
	</msg>
	<msg id='87' display='false' source='tcet'>
		<type>HEARTBEAT</type>
		<severity>INFO</severity>
		<timestamp>Mon Oct 28 23:11:55 2019</timestamp>
		<arg name='tids'>10568,10464,10560,10580</arg>
		<arg name='syscalls'>0,0,0,0</arg>
		<arg name='calls'>298605,178592,271472,277189</arg>
	</msg>
	<msg id='88' display='false' source='tcet'>
		<type>HEARTBEAT</type>
		<severity>INFO</severity>
		<timestamp>Mon Oct 28 23:11:56 2019</timestamp>
		<arg name='tids'>10568,10464,10560,10580</arg>
		<arg name='syscalls'>0,0,0,0</arg>
		<arg name='calls'>252954,345126,248987,249184</arg>
	</msg>
	<msg id='89' display='false' source='tcet'>
		<type>HEARTBEAT</type>
		<severity>INFO</severity>
		<timestamp>Mon Oct 28 23:11:57 2019</timestamp>
		<arg name='tids'>10568,10464,10560,10580</arg>
		<arg name='syscalls'>0,0,0,0</arg>
		<arg name='calls'>264858,159213,326219,287511</arg>
	</msg>
	<msg id='90' display='false' source='tcet'>
		<type>HEARTBEAT</type>
		<severity>INFO</severity>
		<timestamp>Mon Oct 28 23:11:58 2019</timestamp>
		<arg name='tids'>10568,10464,10560,10580</arg>
		<arg name='syscalls'>0,0,0,0</arg>
		<arg name='calls'>321443,300716,291018,288880</arg>
	</msg>
	<msg id='91' display='false' source='tcet'>
		<type>HEARTBEAT</type>
		<severity>INFO</severity>
		<timestamp>Mon Oct 28 23:11:59 2019</timestamp>
		<arg name='tids'>10568,10464,10560,10580</arg>
		<arg name='syscalls'>0,0,0,0</arg>
		<arg name='calls'>292765,305775,293695,380863</arg>
	</msg>
	<msg id='92' display='false' source='tcet'>
		<type>HEARTBEAT</type>
		<severity>INFO</severity>
		<timestamp>Mon Oct 28 23:12:00 2019</timestamp>
		<arg name='tids'>10568,10464,10560,10580</arg>
		<arg name='syscalls'>0,0,0,0</arg>
		<arg name='calls'>315433,333628,400644,268700</arg>
	</msg>
	<msg id='93' display='false' source='tcet'>
		<type>HEARTBEAT</type>
		<severity>INFO</severity>
		<timestamp>Mon Oct 28 23:12:01 2019</timestamp>
		<arg name='tids'>10568,10464,10560,10580</arg>
		<arg name='syscalls'>0,0,0,0</arg>
		<arg name='calls'>316828,284848,341774,329483</arg>
	</msg>
	<msg id='94' display='false' source='tcet'>
		<type>HEARTBEAT</type>
		<severity>INFO</severity>
		<timestamp>Mon Oct 28 23:12:02 2019</timestamp>
		<arg name='tids'>10568,10464,10560,10580</arg>
		<arg name='syscalls'>0,0,0,0</arg>
		<arg name='calls'>324115,357911,380860,294114</arg>
	</msg>
	<msg id='95' display='false' source='tcet'>
		<type>HEARTBEAT</type>
		<severity>INFO</severity>
		<timestamp>Mon Oct 28 23:12:03 2019</timestamp>
		<arg name='tids'>10568,10464,10560,10580</arg>
		<arg name='syscalls'>0,0,0,0</arg>
		<arg name='calls'>313972,306730,270238,252683</arg>
	</msg>
	<msg id='96' display='false' source='tcet'>
		<type>HEARTBEAT</type>
		<severity>INFO</severity>
		<timestamp>Mon Oct 28 23:12:04 2019</timestamp>
		<arg name='tids'>10568,10464,10560,10580</arg>
		<arg name='syscalls'>0,0,0,0</arg>
		<arg name='calls'>389320,394405,369605,313179</arg>
	</msg>
	<msg id='97' display='false' source='tcet'>
		<type>HEARTBEAT</type>
		<severity>INFO</severity>
		<timestamp>Mon Oct 28 23:12:05 2019</timestamp>
		<arg name='tids'>10568,10464,10560,10580</arg>
		<arg name='syscalls'>0,0,0,0</arg>
		<arg name='calls'>387304,424880,431020,380534</arg>
	</msg>
	<msg id='98' display='false' source='tcet'>
		<type>HEARTBEAT</type>
		<severity>INFO</severity>
		<timestamp>Mon Oct 28 23:12:06 2019</timestamp>
		<arg name='tids'>10568,10464,10560,10580</arg>
		<arg name='syscalls'>0,0,0,0</arg>
		<arg name='calls'>482496,415103,484523,409874</arg>
	</msg>
	<msg id='99' display='false' source='tcet'>
		<type>HEARTBEAT</type>
		<severity>INFO</severity>
		<timestamp>Mon Oct 28 23:12:07 2019</timestamp>
		<arg name='tids'>10568,10464,10560,10580</arg>
		<arg name='syscalls'>1,1,1,0</arg>
		<arg name='calls'>1498301,1526156,1549401,809418</arg>
	</msg>
	<msg id='100' source='tcet'>
		<type>LOAD_MODULE</type>
		<severity>INFO</severity>
		<timestamp>Mon Oct 28 23:12:07 2019</timestamp>
		<arg name='module'>c:\windows\system32\kernel.appcore.dll</arg>
		<arg name='basement'>0x7ffaa9e20000</arg>
		<arg name='ceiling'>0x7ffaa9e2efff</arg>
	</msg>
	<msg id='101' source='tcet'>
		<type>LOAD_MODULE</type>
		<severity>INFO</severity>
		<timestamp>Mon Oct 28 23:12:07 2019</timestamp>
		<arg name='module'>c:\windows\system32\msvcrt.dll</arg>
		<arg name='basement'>0x7ffaad6f0000</arg>
		<arg name='ceiling'>0x7ffaad78dfff</arg>
	</msg>
	<msg id='102' source='tcet'>
		<type>LOAD_MODULE</type>
		<severity>INFO</severity>
		<timestamp>Mon Oct 28 23:12:07 2019</timestamp>
		<arg name='module'>c:\windows\system32\rpcrt4.dll</arg>
		<arg name='basement'>0x7ffaab160000</arg>
		<arg name='ceiling'>0x7ffaab280fff</arg>
	</msg>
	<!-- A thread end notification for 5 was received by thread 0 -->
	<!-- A thread end notification for 6 was received by thread 0 -->
	<!-- A thread end notification for 7 was received by thread 0 -->
	<!-- A thread end notification for 8 was received by thread 0 -->
	<!-- Thread 0 effective sampling rate is 244841761/4896822625 -->
	<msg id='103' source='tcet'>
		<type>UNLOAD_MODULE</type>
		<severity>INFO</severity>
		<timestamp>Mon Oct 28 23:12:08 2019</timestamp>
		<arg name='module'>f:\intel_parallel_studio\projects\task3\x64\release\task3.exe</arg>
	</msg>
	<msg id='104' source='tcet'>
		<type>UNLOAD_MODULE</type>
		<severity>INFO</severity>
		<timestamp>Mon Oct 28 23:12:08 2019</timestamp>
		<arg name='module'>c:\windows\system32\kernelbase.dll</arg>
	</msg>
	<msg id='105' source='tcet'>
		<type>UNLOAD_MODULE</type>
		<severity>INFO</severity>
		<timestamp>Mon Oct 28 23:12:08 2019</timestamp>
		<arg name='module'>c:\windows\system32\kernel32.dll</arg>
	</msg>
	<msg id='106' source='tcet'>
		<type>UNLOAD_MODULE</type>
		<severity>INFO</severity>
		<timestamp>Mon Oct 28 23:12:08 2019</timestamp>
		<arg name='module'>c:\windows\system32\ntdll.dll</arg>
	</msg>
	<msg id='107' source='tcet'>
		<type>UNLOAD_MODULE</type>
		<severity>INFO</severity>
		<timestamp>Mon Oct 28 23:12:08 2019</timestamp>
		<arg name='module'>c:\windows\system32\ucrtbase.dll</arg>
	</msg>
	<msg id='108' source='tcet'>
		<type>UNLOAD_MODULE</type>
		<severity>INFO</severity>
		<timestamp>Mon Oct 28 23:12:08 2019</timestamp>
		<arg name='module'>c:\windows\system32\vcruntime140.dll</arg>
	</msg>
	<msg id='109' source='tcet'>
		<type>UNLOAD_MODULE</type>
		<severity>INFO</severity>
		<timestamp>Mon Oct 28 23:12:08 2019</timestamp>
		<arg name='module'>c:\program files (x86)\intelswtools\compilers_and_libraries_2019\windows\redist\intel64\compiler\cilkrts20.dll</arg>
	</msg>
	<msg id='110' source='tcet'>
		<type>UNLOAD_MODULE</type>
		<severity>INFO</severity>
		<timestamp>Mon Oct 28 23:12:08 2019</timestamp>
		<arg name='module'>c:\windows\system32\msvcp140.dll</arg>
	</msg>
	<msg id='111' source='tcet'>
		<type>UNLOAD_MODULE</type>
		<severity>INFO</severity>
		<timestamp>Mon Oct 28 23:12:08 2019</timestamp>
		<arg name='module'>c:\windows\system32\user32.dll</arg>
	</msg>
	<msg id='112' source='tcet'>
		<type>UNLOAD_MODULE</type>
		<severity>INFO</severity>
		<timestamp>Mon Oct 28 23:12:08 2019</timestamp>
		<arg name='module'>c:\windows\system32\win32u.dll</arg>
	</msg>
	<msg id='113' source='tcet'>
		<type>UNLOAD_MODULE</type>
		<severity>INFO</severity>
		<timestamp>Mon Oct 28 23:12:08 2019</timestamp>
		<arg name='module'>c:\windows\system32\gdi32.dll</arg>
	</msg>
	<msg id='114' source='tcet'>
		<type>UNLOAD_MODULE</type>
		<severity>INFO</severity>
		<timestamp>Mon Oct 28 23:12:08 2019</timestamp>
		<arg name='module'>c:\windows\system32\gdi32full.dll</arg>
	</msg>
	<msg id='115' source='tcet'>
		<type>UNLOAD_MODULE</type>
		<severity>INFO</severity>
		<timestamp>Mon Oct 28 23:12:08 2019</timestamp>
		<arg name='module'>c:\windows\system32\imm32.dll</arg>
	</msg>
	<msg id='116' source='tcet'>
		<type>UNLOAD_MODULE</type>
		<severity>INFO</severity>
		<timestamp>Mon Oct 28 23:12:08 2019</timestamp>
		<arg name='module'>c:\program files (x86)\intelswtools\inspector 2019\bin64\runtime\libittnotify.dll</arg>
	</msg>
	<msg id='117' source='tcet'>
		<type>UNLOAD_MODULE</type>
		<severity>INFO</severity>
		<timestamp>Mon Oct 28 23:12:08 2019</timestamp>
		<arg name='module'>c:\windows\system32\kernel.appcore.dll</arg>
	</msg>
	<msg id='118' source='tcet'>
		<type>UNLOAD_MODULE</type>
		<severity>INFO</severity>
		<timestamp>Mon Oct 28 23:12:08 2019</timestamp>
		<arg name='module'>c:\windows\system32\msvcrt.dll</arg>
	</msg>
	<msg id='119' source='tcet'>
		<type>UNLOAD_MODULE</type>
		<severity>INFO</severity>
		<timestamp>Mon Oct 28 23:12:08 2019</timestamp>
		<arg name='module'>c:\windows\system32\rpcrt4.dll</arg>
	</msg>
	<msg id='120' source='tcet'>
		<type>PROCESS_TERMINATE</type>
		<severity>INFO</severity>
		<timestamp>Mon Oct 28 23:12:08 2019</timestamp>
		<arg name='process'>f:\intel_parallel_studio\projects\task3\x64\release\task3.exe</arg>
		<arg name='pid'>10992</arg>
	</msg>
	<msg id='121' display='false' source='tccore'>
		<type>ANALYSIS_COMPLETE</type>
		<severity>INFO</severity>
		<timestamp>Mon Oct 28 23:12:08 2019</timestamp>
	</msg>
	<msg id='122' display='false' source='tccore'>
		<type>STOP</type>
		<severity>INFO</severity>
		<timestamp>Mon Oct 28 23:12:08 2019</timestamp>
	</msg>
</log>