
10884 : 0x2d7ac8e9d1 : 1 : spill_jit_data :  Jit agent is not initialized
10884 : 0x2d7ac8ebd1 : 2 : ittapi_config_mask_get :  --itt-config mask to be applied: 55
10884 : 0x2d7ac8ebf1 : 2 : ittapi_config_apply_per_lib :  ITTAPI function instrumented: __itt_domain_createA
10884 : 0x2d7ac8ebfb : 2 : ittapi_config_apply_per_lib :  ITTAPI function instrumented: __itt_domain_createW
10884 : 0x2d7ac8ec04 : 2 : ittapi_config_apply_per_lib :  ITTAPI function instrumented: __itt_string_handle_createA
10884 : 0x2d7ac8ec0d : 2 : ittapi_config_apply_per_lib :  ITTAPI function instrumented: __itt_string_handle_createW
10884 : 0x2d7ac8ec15 : 2 : ittapi_config_apply_per_lib :  ITTAPI function instrumented: __itt_counter_createA
10884 : 0x2d7ac8ec1d : 2 : ittapi_config_apply_per_lib :  ITTAPI function instrumented: __itt_counter_createW
10884 : 0x2d7ac8ec25 : 2 : ittapi_config_apply_per_lib :  ITTAPI function instrumented: __itt_counter_create_typedA
10884 : 0x2d7ac8ec2d : 2 : ittapi_config_apply_per_lib :  ITTAPI function instrumented: __itt_counter_create_typedW
10884 : 0x2d7ac8ed2b : 2 : ittapi_config_apply_per_lib :  ITTAPI function instrumented: __itt_pause
10884 : 0x2d7ac8ed37 : 2 : ittapi_config_apply_per_lib :  ITTAPI function instrumented: __itt_resume
10884 : 0x2d7ac8ed3e : 2 : ittapi_config_apply_per_lib :  ITTAPI function instrumented: __itt_thread_set_nameA
10884 : 0x2d7ac8ed46 : 2 : ittapi_config_apply_per_lib :  ITTAPI function instrumented: __itt_thread_set_nameW
10884 : 0x2d7ac8ed4e : 2 : ittapi_config_apply_per_lib :  ITTAPI function instrumented: __itt_thread_ignore
10884 : 0x2d7ac8ed57 : 2 : ittapi_config_apply_per_lib :  ITTAPI function instrumented: __itt_thr_name_setA
10884 : 0x2d7ac8ed5f : 2 : ittapi_config_apply_per_lib :  ITTAPI function instrumented: __itt_thr_name_setW
10884 : 0x2d7ac8ed68 : 2 : ittapi_config_apply_per_lib :  ITTAPI function instrumented: __itt_thr_ignore
10884 : 0x2d7ac8ed75 : 2 : ittapi_config_apply_per_lib :  ITTAPI function not implemented: __itt_enable_attach
10884 : 0x2d7ac8ed7e : 2 : ittapi_config_apply_per_lib :  ITTAPI function instrumented: __itt_detach
10884 : 0x2d7ac8eda0 : 2 : ittapi_config_apply_per_lib :  ITTAPI function NOT instrumented (not matched by --itt-config option): __itt_sync_createA

10884 : 0x2d7ac8eda9 : 2 : ittapi_config_apply_per_lib :  ITTAPI function NOT instrumented (not matched by --itt-config option): __itt_sync_createW

10884 : 0x2d7ac8edb2 : 2 : ittapi_config_apply_per_lib :  ITTAPI function NOT instrumented (not matched by --itt-config option): __itt_sync_renameA

10884 : 0x2d7ac8edb9 : 2 : ittapi_config_apply_per_lib :  ITTAPI function NOT instrumented (not matched by --itt-config option): __itt_sync_renameW

10884 : 0x2d7ac8edbf : 2 : ittapi_config_apply_per_lib :  ITTAPI function NOT instrumented (not matched by --itt-config option): __itt_sync_destroy

10884 : 0x2d7ac8edc6 : 2 : ittapi_config_apply_per_lib :  ITTAPI function NOT instrumented (not matched by --itt-config option): __itt_sync_prepare

10884 : 0x2d7ac8edce : 2 : ittapi_config_apply_per_lib :  ITTAPI function NOT instrumented (not matched by --itt-config option): __itt_sync_cancel

10884 : 0x2d7ac8edd6 : 2 : ittapi_config_apply_per_lib :  ITTAPI function NOT instrumented (not matched by --itt-config option): __itt_sync_acquired

10884 : 0x2d7ac8eddd : 2 : ittapi_config_apply_per_lib :  ITTAPI function NOT instrumented (not matched by --itt-config option): __itt_sync_releasing

10884 : 0x2d7ac8edf4 : 2 : ittapi_config_apply_per_lib :  ITTAPI function not implemented: __itt_suppress_push
10884 : 0x2d7ac8ee0b : 2 : ittapi_config_apply_per_lib :  ITTAPI function not implemented: __itt_suppress_pop
10884 : 0x2d7ac8ee13 : 2 : ittapi_config_apply_per_lib :  ITTAPI function not implemented: __itt_suppress_mark_range
10884 : 0x2d7ac8ee1c : 2 : ittapi_config_apply_per_lib :  ITTAPI function not implemented: __itt_suppress_clear_range
10884 : 0x2d7ac8ee22 : 2 : ittapi_config_apply_per_lib :  ITTAPI function NOT instrumented (not matched by --itt-config option): __itt_sync_prepare

10884 : 0x2d7ac8ee2b : 2 : ittapi_config_apply_per_lib :  ITTAPI function NOT instrumented (not matched by --itt-config option): __itt_sync_cancel

10884 : 0x2d7ac8ee33 : 2 : ittapi_config_apply_per_lib :  ITTAPI function NOT instrumented (not matched by --itt-config option): __itt_sync_acquired

10884 : 0x2d7ac8ee3a : 2 : ittapi_config_apply_per_lib :  ITTAPI function NOT instrumented (not matched by --itt-config option): __itt_sync_releasing

10884 : 0x2d7ac8ee43 : 2 : ittapi_config_apply_per_lib :  ITTAPI function not implemented: __itt_model_site_begin
10884 : 0x2d7ac8ee4a : 2 : ittapi_config_apply_per_lib :  ITTAPI function not implemented: __itt_model_site_end
10884 : 0x2d7ac8ee51 : 2 : ittapi_config_apply_per_lib :  ITTAPI function not implemented: __itt_model_task_begin
10884 : 0x2d7ac8eeb2 : 2 : ittapi_config_apply_per_lib :  ITTAPI function not implemented: __itt_model_task_end
10884 : 0x2d7ac8eebc : 2 : ittapi_config_apply_per_lib :  ITTAPI function not implemented: __itt_model_lock_acquire
10884 : 0x2d7ac8eec4 : 2 : ittapi_config_apply_per_lib :  ITTAPI function not implemented: __itt_model_lock_release
10884 : 0x2d7ac8eecc : 2 : ittapi_config_apply_per_lib :  ITTAPI function not implemented: __itt_model_record_allocation
10884 : 0x2d7ac8eed5 : 2 : ittapi_config_apply_per_lib :  ITTAPI function not implemented: __itt_model_record_deallocation
10884 : 0x2d7ac8eedd : 2 : ittapi_config_apply_per_lib :  ITTAPI function not implemented: __itt_model_induction_uses
10884 : 0x2d7ac8eee6 : 2 : ittapi_config_apply_per_lib :  ITTAPI function not implemented: __itt_model_reduction_uses
10884 : 0x2d7ac8eeed : 2 : ittapi_config_apply_per_lib :  ITTAPI function not implemented: __itt_model_observe_uses
10884 : 0x2d7ac8eef6 : 2 : ittapi_config_apply_per_lib :  ITTAPI function not implemented: __itt_model_clear_uses
10884 : 0x2d7ac8eeff : 2 : ittapi_config_apply_per_lib :  ITTAPI function not implemented: __itt_model_site_beginW
10884 : 0x2d7ac8ef19 : 2 : ittapi_config_apply_per_lib :  ITTAPI function not implemented: __itt_model_task_beginW
10884 : 0x2d7ac8ef21 : 2 : ittapi_config_apply_per_lib :  ITTAPI function not implemented: __itt_model_iteration_taskW
10884 : 0x2d7ac8ef29 : 2 : ittapi_config_apply_per_lib :  ITTAPI function not implemented: __itt_model_site_beginA
10884 : 0x2d7ac8ef30 : 2 : ittapi_config_apply_per_lib :  ITTAPI function not implemented: __itt_model_site_beginAL
10884 : 0x2d7ac8ef38 : 2 : ittapi_config_apply_per_lib :  ITTAPI function not implemented: __itt_model_task_beginA
10884 : 0x2d7ac8ef40 : 2 : ittapi_config_apply_per_lib :  ITTAPI function not implemented: __itt_model_task_beginAL
10884 : 0x2d7ac8ef49 : 2 : ittapi_config_apply_per_lib :  ITTAPI function not implemented: __itt_model_iteration_taskA
10884 : 0x2d7ac8ef51 : 2 : ittapi_config_apply_per_lib :  ITTAPI function not implemented: __itt_model_iteration_taskAL
10884 : 0x2d7ac8ef5a : 2 : ittapi_config_apply_per_lib :  ITTAPI function not implemented: __itt_model_site_end_2
10884 : 0x2d7ac8ef62 : 2 : ittapi_config_apply_per_lib :  ITTAPI function not implemented: __itt_model_task_end_2
10884 : 0x2d7ac8ef77 : 2 : ittapi_config_apply_per_lib :  ITTAPI function not implemented: __itt_model_lock_acquire_2
10884 : 0x2d7ac8ef7f : 2 : ittapi_config_apply_per_lib :  ITTAPI function not implemented: __itt_model_lock_release_2
10884 : 0x2d7ac8ef87 : 2 : ittapi_config_apply_per_lib :  ITTAPI function not implemented: __itt_model_aggregate_task
10884 : 0x2d7ac8ef8f : 2 : ittapi_config_apply_per_lib :  ITTAPI function not implemented: __itt_model_disable_push
10884 : 0x2d7ac8ef97 : 2 : ittapi_config_apply_per_lib :  ITTAPI function not implemented: __itt_model_disable_pop
10884 : 0x2d7ac8ef9f : 2 : ittapi_config_apply_per_lib :  ITTAPI function instrumented: __itt_heap_function_createA
10884 : 0x2d7ac8efa7 : 2 : ittapi_config_apply_per_lib :  ITTAPI function instrumented: __itt_heap_function_createW
10884 : 0x2d7ac8efaf : 2 : ittapi_config_apply_per_lib :  ITTAPI function instrumented: __itt_heap_allocate_begin
10884 : 0x2d7ac8efb7 : 2 : ittapi_config_apply_per_lib :  ITTAPI function instrumented: __itt_heap_allocate_end
10884 : 0x2d7ac8efbe : 2 : ittapi_config_apply_per_lib :  ITTAPI function instrumented: __itt_heap_free_begin
10884 : 0x2d7ac8f02d : 2 : ittapi_config_apply_per_lib :  ITTAPI function instrumented: __itt_heap_free_end
10884 : 0x2d7ac8f037 : 2 : ittapi_config_apply_per_lib :  ITTAPI function instrumented: __itt_heap_reallocate_begin
10884 : 0x2d7ac8f040 : 2 : ittapi_config_apply_per_lib :  ITTAPI function instrumented: __itt_heap_reallocate_end
10884 : 0x2d7ac8f049 : 2 : ittapi_config_apply_per_lib :  ITTAPI function not implemented: __itt_heap_internal_access_begin
10884 : 0x2d7ac8f052 : 2 : ittapi_config_apply_per_lib :  ITTAPI function not implemented: __itt_heap_internal_access_end
10884 : 0x2d7ac8f05b : 2 : ittapi_config_apply_per_lib :  ITTAPI function not implemented: __itt_heap_record_memory_growth_begin
10884 : 0x2d7ac8f064 : 2 : ittapi_config_apply_per_lib :  ITTAPI function not implemented: __itt_heap_record_memory_growth_end
10884 : 0x2d7ac8f06c : 2 : ittapi_config_apply_per_lib :  ITTAPI function not implemented: __itt_heap_reset_detection
10884 : 0x2d7ac8f074 : 2 : ittapi_config_apply_per_lib :  ITTAPI function not implemented: __itt_heap_record
10884 : 0x2d7ac8f07d : 2 : ittapi_config_apply_per_lib :  ITTAPI function not implemented: __itt_id_create
10884 : 0x2d7ac8f098 : 2 : ittapi_config_apply_per_lib :  ITTAPI function not implemented: __itt_id_destroy
10884 : 0x2d7ac8f0a0 : 2 : ittapi_config_apply_per_lib :  ITTAPI function instrumented: __itt_get_timestamp
10884 : 0x2d7ac8f0a7 : 2 : ittapi_config_apply_per_lib :  ITTAPI function not implemented: __itt_region_begin
10884 : 0x2d7ac8f0ae : 2 : ittapi_config_apply_per_lib :  ITTAPI function not implemented: __itt_region_end
10884 : 0x2d7ac8f0b6 : 2 : ittapi_config_apply_per_lib :  ITTAPI function instrumented: __itt_frame_begin_v3
10884 : 0x2d7ac8f0bd : 2 : ittapi_config_apply_per_lib :  ITTAPI function instrumented: __itt_frame_end_v3
10884 : 0x2d7ac8f0c5 : 2 : ittapi_config_apply_per_lib :  ITTAPI function instrumented: __itt_frame_submit_v3
10884 : 0x2d7ac8f0ce : 2 : ittapi_config_apply_per_lib :  ITTAPI function not implemented: __itt_task_group
10884 : 0x2d7ac8f0d5 : 2 : ittapi_config_apply_per_lib :  ITTAPI function instrumented: __itt_task_begin
10884 : 0x2d7ac8f0dc : 2 : ittapi_config_apply_per_lib :  ITTAPI function instrumented: __itt_task_begin_fn
10884 : 0x2d7ac8f0ec : 2 : ittapi_config_apply_per_lib :  ITTAPI function instrumented: __itt_task_end
10884 : 0x2d7ac8f0f4 : 2 : ittapi_config_apply_per_lib :  ITTAPI function not implemented: __itt_counter_inc_v3
10884 : 0x2d7ac8f0fb : 2 : ittapi_config_apply_per_lib :  ITTAPI function not implemented: __itt_counter_inc_delta_v3
10884 : 0x2d7ac8f102 : 2 : ittapi_config_apply_per_lib :  ITTAPI function not implemented: __itt_counter_dec_v3
10884 : 0x2d7ac8f10a : 2 : ittapi_config_apply_per_lib :  ITTAPI function not implemented: __itt_counter_dec_delta_v3
10884 : 0x2d7ac8f111 : 2 : ittapi_config_apply_per_lib :  ITTAPI function not implemented: __itt_marker
10884 : 0x2d7ac8f117 : 2 : ittapi_config_apply_per_lib :  ITTAPI function instrumented: __itt_metadata_add
10884 : 0x2d7ac8f11e : 2 : ittapi_config_apply_per_lib :  ITTAPI function not implemented: __itt_metadata_str_addA
10884 : 0x2d7ac8f125 : 2 : ittapi_config_apply_per_lib :  ITTAPI function not implemented: __itt_metadata_str_addW
10884 : 0x2d7ac8f12c : 2 : ittapi_config_apply_per_lib :  ITTAPI function not implemented: __itt_relation_add_to_current
10884 : 0x2d7ac8f13b : 2 : ittapi_config_apply_per_lib :  ITTAPI function not implemented: __itt_relation_add
10884 : 0x2d7ac8f142 : 2 : ittapi_config_apply_per_lib :  ITTAPI function instrumented: __itt_event_createA
10884 : 0x2d7ac8f149 : 2 : ittapi_config_apply_per_lib :  ITTAPI function instrumented: __itt_event_createW
10884 : 0x2d7ac8f14f : 2 : ittapi_config_apply_per_lib :  ITTAPI function instrumented: __itt_event_start
10884 : 0x2d7ac8f156 : 2 : ittapi_config_apply_per_lib :  ITTAPI function instrumented: __itt_event_end
10884 : 0x2d7ac8f15a : 2 : ittapi_config_apply_per_lib :  ITTAPI function NOT instrumented (not matched by --itt-config option): __itt_sync_set_nameA

10884 : 0x2d7ac8f161 : 2 : ittapi_config_apply_per_lib :  ITTAPI function NOT instrumented (not matched by --itt-config option): __itt_sync_set_nameW

10884 : 0x2d7ac8f168 : 2 : ittapi_config_apply_per_lib :  ITTAPI function NOT instrumented (not matched by --itt-config option): __itt_notify_sync_nameA

10884 : 0x2d7ac8f16f : 2 : ittapi_config_apply_per_lib :  ITTAPI function NOT instrumented (not matched by --itt-config option): __itt_notify_sync_nameW

10884 : 0x2d7ac8f176 : 2 : ittapi_config_apply_per_lib :  ITTAPI function NOT instrumented (not matched by --itt-config option): __itt_notify_sync_prepare

10884 : 0x2d7ac8f18b : 2 : ittapi_config_apply_per_lib :  ITTAPI function NOT instrumented (not matched by --itt-config option): __itt_notify_sync_cancel

10884 : 0x2d7ac8f193 : 2 : ittapi_config_apply_per_lib :  ITTAPI function NOT instrumented (not matched by --itt-config option): __itt_notify_sync_acquired

10884 : 0x2d7ac8f19b : 2 : ittapi_config_apply_per_lib :  ITTAPI function NOT instrumented (not matched by --itt-config option): __itt_notify_sync_releasing

10884 : 0x2d7ac8f1a7 : 2 : ittapi_config_apply_per_lib :  ITTAPI function not implemented: __itt_memory_read
10884 : 0x2d7ac8f1ae : 2 : ittapi_config_apply_per_lib :  ITTAPI function not implemented: __itt_memory_write
10884 : 0x2d7ac8f1b7 : 2 : ittapi_config_apply_per_lib :  ITTAPI function not implemented: __itt_memory_update
10884 : 0x2d7ac8f1bf : 2 : ittapi_config_apply_per_lib :  ITTAPI function not implemented: __itt_state_get
10884 : 0x2d7ac8f1c8 : 2 : ittapi_config_apply_per_lib :  ITTAPI function not implemented: __itt_state_set
10884 : 0x2d7ac8f1d0 : 2 : ittapi_config_apply_per_lib :  ITTAPI function not implemented: __itt_obj_mode_set
10884 : 0x2d7ac8f1d8 : 2 : ittapi_config_apply_per_lib :  ITTAPI function not implemented: __itt_thr_mode_set
10884 : 0x2d7ac8f1f1 : 2 : ittapi_config_apply_per_lib :  ITTAPI function instrumented: __itt_frame_createA
10884 : 0x2d7ac8f1f9 : 2 : ittapi_config_apply_per_lib :  ITTAPI function instrumented: __itt_frame_createW
10884 : 0x2d7ac8f202 : 2 : ittapi_config_apply_per_lib :  ITTAPI function instrumented: __itt_frame_begin
10884 : 0x2d7ac8f20b : 2 : ittapi_config_apply_per_lib :  ITTAPI function instrumented: __itt_frame_end
10884 : 0x2d7ac8f213 : 2 : ittapi_config_apply_per_lib :  ITTAPI function not implemented: __itt_counter_destroy
10884 : 0x2d7ac8f21c : 2 : ittapi_config_apply_per_lib :  ITTAPI function instrumented: __itt_counter_inc
10884 : 0x2d7ac8f225 : 2 : ittapi_config_apply_per_lib :  ITTAPI function instrumented: __itt_counter_inc_delta
10884 : 0x2d7ac8f22f : 2 : ittapi_config_apply_per_lib :  ITTAPI function instrumented: __itt_counter_dec
10884 : 0x2d7ac8f238 : 2 : ittapi_config_apply_per_lib :  ITTAPI function instrumented: __itt_counter_dec_delta
10884 : 0x2d7ac8f241 : 2 : ittapi_config_apply_per_lib :  ITTAPI function instrumented: __itt_counter_set_value
10884 : 0x2d7ac8f255 : 2 : ittapi_config_apply_per_lib :  ITTAPI function not implemented: __itt_counter_set_value_ex
10884 : 0x2d7ac8f25e : 2 : ittapi_config_apply_per_lib :  ITTAPI function not implemented: __itt_mark_createA
10884 : 0x2d7ac8f267 : 2 : ittapi_config_apply_per_lib :  ITTAPI function not implemented: __itt_mark_createW
10884 : 0x2d7ac8f271 : 2 : ittapi_config_apply_per_lib :  ITTAPI function not implemented: __itt_markA
10884 : 0x2d7ac8f279 : 2 : ittapi_config_apply_per_lib :  ITTAPI function not implemented: __itt_markW
10884 : 0x2d7ac8f283 : 2 : ittapi_config_apply_per_lib :  ITTAPI function not implemented: __itt_mark_off
10884 : 0x2d7ac8f28c : 2 : ittapi_config_apply_per_lib :  ITTAPI function not implemented: __itt_mark_globalA
10884 : 0x2d7ac8f295 : 2 : ittapi_config_apply_per_lib :  ITTAPI function not implemented: __itt_mark_globalW
10884 : 0x2d7ac8f29d : 2 : ittapi_config_apply_per_lib :  ITTAPI function not implemented: __itt_mark_global_off
10884 : 0x2d7ac8f2a7 : 2 : ittapi_config_apply_per_lib :  ITTAPI function instrumented: __itt_stack_caller_create
10884 : 0x2d7ac8f2bf : 2 : ittapi_config_apply_per_lib :  ITTAPI function instrumented: __itt_stack_caller_destroy
10884 : 0x2d7ac8f2c8 : 2 : ittapi_config_apply_per_lib :  ITTAPI function instrumented: __itt_stack_callee_enter
10884 : 0x2d7ac8f2d1 : 2 : ittapi_config_apply_per_lib :  ITTAPI function instrumented: __itt_stack_callee_leave
10884 : 0x2d7ac8f2da : 2 : ittapi_config_apply_per_lib :  ITTAPI function not implemented: __itt_clock_domain_create
10884 : 0x2d7ac8f2e4 : 2 : ittapi_config_apply_per_lib :  ITTAPI function not implemented: __itt_clock_domain_reset
10884 : 0x2d7ac8f2ed : 2 : ittapi_config_apply_per_lib :  ITTAPI function not implemented: __itt_id_create_ex
10884 : 0x2d7ac8f2f6 : 2 : ittapi_config_apply_per_lib :  ITTAPI function not implemented: __itt_id_destroy_ex
10884 : 0x2d7ac8f2ff : 2 : ittapi_config_apply_per_lib :  ITTAPI function not implemented: __itt_task_begin_ex
10884 : 0x2d7ac8f309 : 2 : ittapi_config_apply_per_lib :  ITTAPI function not implemented: __itt_task_begin_fn_ex
10884 : 0x2d7ac8f312 : 2 : ittapi_config_apply_per_lib :  ITTAPI function not implemented: __itt_task_end_ex
10884 : 0x2d7ac8f327 : 2 : ittapi_config_apply_per_lib :  ITTAPI function instrumented: __itt_task_begin_overlapped
10884 : 0x2d7ac8f331 : 2 : ittapi_config_apply_per_lib :  ITTAPI function not implemented: __itt_task_begin_overlapped_ex
10884 : 0x2d7ac8f339 : 2 : ittapi_config_apply_per_lib :  ITTAPI function instrumented: __itt_task_end_overlapped
10884 : 0x2d7ac8f342 : 2 : ittapi_config_apply_per_lib :  ITTAPI function not implemented: __itt_task_end_overlapped_ex
10884 : 0x2d7ac8f34b : 2 : ittapi_config_apply_per_lib :  ITTAPI function not implemented: __itt_marker_ex
10884 : 0x2d7ac8f354 : 2 : ittapi_config_apply_per_lib :  ITTAPI function not implemented: __itt_metadata_add_with_scope
10884 : 0x2d7ac8f35d : 2 : ittapi_config_apply_per_lib :  ITTAPI function not implemented: __itt_metadata_str_add_with_scopeA
10884 : 0x2d7ac8f366 : 2 : ittapi_config_apply_per_lib :  ITTAPI function not implemented: __itt_metadata_str_add_with_scopeW
10884 : 0x2d7ac8f370 : 2 : ittapi_config_apply_per_lib :  ITTAPI function not implemented: __itt_relation_add_to_current_ex
10884 : 0x2d7ac8f37a : 2 : ittapi_config_apply_per_lib :  ITTAPI function not implemented: __itt_relation_add_ex
10884 : 0x2d7ac8f38e : 2 : ittapi_config_apply_per_lib :  ITTAPI function not implemented: __itt_track_group_create
10884 : 0x2d7ac8f397 : 2 : ittapi_config_apply_per_lib :  ITTAPI function not implemented: __itt_track_create
10884 : 0x2d7ac8f3a0 : 2 : ittapi_config_apply_per_lib :  ITTAPI function not implemented: __itt_set_track
10884 : 0x2d7ac8f3a9 : 2 : ittapi_config_apply_per_lib :  ITTAPI function instrumented: __itt_api_version
10884 : 0x2d7ac8f3b2 : 2 : ittapi_config_apply_per_lib :  ITTAPI function not implemented: __itt_av_saveA
10884 : 0x2d7ac8f3bd : 2 : ittapi_config_apply_per_lib :  ITTAPI function not implemented: __itt_av_saveW
10884 : 0x2d7ac8f3c5 : 2 : ittapi_config_apply_per_lib :  ITTAPI function instrumented: __itt_module_loadA
10884 : 0x2d7ac8f3cd : 2 : ittapi_config_apply_per_lib :  ITTAPI function instrumented: __itt_module_loadW