<?xml version="1.0" encoding="utf-8" ?>
<!-- DO NOT EDIT THIS FILE -->

<log version='2.0' source='mc'>
	<!-- Successfully loaded CCRT at address 0x61370000 - 0x613df000 -->
	<!-- Successfully loaded MC at address 0x5f740000 - 0x603e8000 -->
	<!-- Analysis started for F:\Intel_parallel_studio\projects\task_final\x64\Debug\task_final.exe, pid = 13788 -->
	<msg id='1' source='mc'>
		<type>EXEC_OF_INTEREST</type>
		<severity>INFO</severity>
		<timestamp>Fri Dec 27 00:06:17 2019</timestamp>
		<arg name='path'>F:\Intel_parallel_studio\projects\task_final\x64\Debug\task_final.exe</arg>
		<arg name='pid'>13788</arg>
	</msg>
	<!-- Command line: C:\Program Files (x86)\IntelSWTools\Inspector 2019\bin32\pin -xyzzy -mesgoff console -xyzzy -bridge_save_x87 0 -bridge_save_mxcsr 0 -follow_execv -error_file F:\Intel_parallel_studio\projects\task_final\task_final\My Inspector Results - task_final\r000mi1\data.0\pin_error.log -logfile F:\Intel_parallel_studio\projects\task_final\task_final\My Inspector Results - task_final\r000mi1\data.0\pin.log -xyzzy -region_max_inss 500 -p64 C:\Program Files (x86)\IntelSWTools\Inspector 2019\bin64\pin -t64 C:\Program Files (x86)\IntelSWTools\Inspector 2019\bin64\memchkr.dll -t C:\Program Files (x86)\IntelSWTools\Inspector 2019\bin32\memchkr.dll -no-analyze-stack -no-check-invalid-access -leak-check-on-exit -leak-check-report-reachable -check-resource-leaks -freelist-vol 0 -leak-maximum 100000 -guard-zone-size 0 -stack-depth 8 -heartbeat 1 -mrte-mode auto -working-dir F:\Intel_parallel_studio\projects\task_final\task_final\My Inspector Results - task_final\r000mi1\data.0 -log mc_task_final.log -result task_final - F:\Intel_parallel_studio\projects\task_final\x64\Debug\task_final.exe  -->
	<!-- mc's options are the following:  -->
	<!-- -help                              false -->
	<!-- -verbose                           false -->
	<!-- -xyzzy                             false -->
	<!-- -version                           false -->
	<!-- -help-all                          false -->
	<!-- -xyzzy-all                         false -->
	<!-- -report-all-instances              false -->
	<!-- -check-for-padded-structures       true -->
	<!-- -check-for-bitfields               true -->
	<!-- -analyze-stack                     false -->
	<!-- -access-checks                     false -->
	<!-- -check-uninit-read                 false -->
	<!-- -check-invalid-access              false -->
	<!-- -advanced-uninit-read              false -->
	<!-- -track-origins                     true -->
	<!-- -duplicate-uninits                 false -->
	<!-- -bss-initialized                   true -->
	<!-- -align-alloc-size                  false -->
	<!-- -report-uninit-read                false -->
	<!-- -ignore-system-libraries           false -->
	<!-- -gen-suppressions                  false -->
	<!-- -leak-check-on-exit                true -->
	<!-- -leak-check-on-demand              false -->
	<!-- -leak-check-uses-baseline          true -->
	<!-- -enable-memory-growth              false -->
	<!-- -leak-check-report-reachable       true -->
	<!-- -leak-check-full                   true -->
	<!-- -check-resource-leaks              true -->
	<!-- -trace-children                    false -->
	<!-- -enable-poke                       false -->
	<!-- -jit-mode-anyway                   false -->
	<!-- -disable-probe-mode-mismatches-64  true -->
	<!-- -aggressive-callstack-caching      false -->
	<!-- -suppress-breakpoints              false -->
	<!-- -monitor-memory                    false -->
	<!-- -freelist-vol                      0 -->
	<!-- -leak-maximum                      100000 -->
	<!-- -guard-zone-size                   0 -->
	<!-- -stack-depth                       8 -->
	<!-- -heartbeat                         1 -->
	<!-- -breakpoint-file                   (null) -->
	<!-- -config-file                       (null) -->
	<!-- -log                               mc_task_final.log -->
	<!-- -ignore-commands                   (null),  -->
	<!-- -ignore-modules                    (null),  -->
	<!-- -ignore-symbols                    (null),  -->
	<!-- -module-of-interest                (null),  -->
	<!-- -executable-of-interest            (null),  -->
	<!-- -working-dir                       F:\Intel_parallel_studio\projects\task_final\task_final\My Inspector Results - task_final\r000mi1\data.0 -->
	<!-- -result                            task_final -->
	<!-- -exclude-module                    (null),  -->
	<!-- -include-module                    (null),  -->
	<!-- -only-exec-commands                (null),  -->
	<!-- -suppressions                      (null),  -->
	<!-- -debug                             none -->
	<!-- -shared-mem-name                   (null) -->
	<!-- -poke-function                     (null),  -->
	<!-- -analysis-mode                     (null) -->
	<!-- -disable-gatekeeping               false -->
	<!-- -ignore-os-allocators              false -->
	<!-- -mrte-mode                         auto -->
	<!-- probe mode: yes -->
	<!-- invalid access: no -->
	<!-- uninit read: no -->
	<!-- track origin: no -->
	<!-- DIAG: 1 -->
	<!-- Module loaded F:\Intel_parallel_studio\projects\task_final\x64\Debug\task_final.exe, address range [0x00007ff7e5320000-0x00007ff7e5372fff] -->
	<msg id='2' source='mc'>
		<type>MODULE_LOAD</type>
		<severity>INFO</severity>
		<timestamp>Fri Dec 27 00:06:17 2019</timestamp>
		<arg name='path'>F:\Intel_parallel_studio\projects\task_final\x64\Debug\task_final.exe</arg>
		<arg name='addr1'>0x7ff7e5320000</arg>
		<arg name='addr2'>0x7ff7e5372fff</arg>
	</msg>
	<!-- Module loaded C:\Program Files (x86)\IntelSWTools\Inspector 2019\bin64\dnclrprof.dll, address range [0x00007ffd0b550000-0x00007ffd0b59dfff], minimal analysis -->
	<msg id='3' source='mc'>
		<type>MODULE_LOAD_NO_ANALYSIS</type>
		<severity>INFO</severity>
		<timestamp>Fri Dec 27 00:06:17 2019</timestamp>
		<arg name='path'>C:\Program Files (x86)\IntelSWTools\Inspector 2019\bin64\dnclrprof.dll</arg>
		<arg name='addr1'>0x7ffd0b550000</arg>
		<arg name='addr2'>0x7ffd0b59dfff</arg>
	</msg>
	<!-- Module loaded C:\Windows\System32\ucrtbase.dll, address range [0x00007ffd30110000-0x00007ffd30204fff] -->
	<msg id='4' source='mc'>
		<type>MODULE_LOAD</type>
		<severity>INFO</severity>
		<timestamp>Fri Dec 27 00:06:17 2019</timestamp>
		<arg name='path'>C:\Windows\System32\ucrtbase.dll</arg>
		<arg name='addr1'>0x7ffd30110000</arg>
		<arg name='addr2'>0x7ffd30204fff</arg>
	</msg>
	<!-- Module loaded C:\Windows\System32\gdi32full.dll, address range [0x00007ffd30210000-0x00007ffd30391fff], minimal analysis -->
	<msg id='5' source='mc'>
		<type>MODULE_LOAD_NO_ANALYSIS</type>
		<severity>INFO</severity>
		<timestamp>Fri Dec 27 00:06:17 2019</timestamp>
		<arg name='path'>C:\Windows\System32\gdi32full.dll</arg>
		<arg name='addr1'>0x7ffd30210000</arg>
		<arg name='addr2'>0x7ffd30391fff</arg>
	</msg>
	<!-- Module loaded C:\Windows\System32\KERNELBASE.dll, address range [0x00007ffd306d0000-0x00007ffd308ecfff], minimal analysis -->
	<msg id='6' source='mc'>
		<type>MODULE_LOAD_NO_ANALYSIS</type>
		<severity>INFO</severity>
		<timestamp>Fri Dec 27 00:06:18 2019</timestamp>
		<arg name='path'>C:\Windows\System32\KERNELBASE.dll</arg>
		<arg name='addr1'>0x7ffd306d0000</arg>
		<arg name='addr2'>0x7ffd308ecfff</arg>
	</msg>
	<!-- Module loaded C:\Windows\System32\win32u.dll, address range [0x00007ffd309a0000-0x00007ffd309bdfff] -->
	<msg id='7' source='mc'>
		<type>MODULE_LOAD</type>
		<severity>INFO</severity>
		<timestamp>Fri Dec 27 00:06:18 2019</timestamp>
		<arg name='path'>C:\Windows\System32\win32u.dll</arg>
		<arg name='addr1'>0x7ffd309a0000</arg>
		<arg name='addr2'>0x7ffd309bdfff</arg>
	</msg>
	<!-- Module loaded C:\Windows\System32\bcryptPrimitives.dll, address range [0x00007ffd310a0000-0x00007ffd31109fff], minimal analysis -->
	<msg id='8' source='mc'>
		<type>MODULE_LOAD_NO_ANALYSIS</type>
		<severity>INFO</severity>
		<timestamp>Fri Dec 27 00:06:18 2019</timestamp>
		<arg name='path'>C:\Windows\System32\bcryptPrimitives.dll</arg>
		<arg name='addr1'>0x7ffd310a0000</arg>
		<arg name='addr2'>0x7ffd31109fff</arg>
	</msg>
	<!-- Module loaded C:\Windows\System32\msvcrt.dll, address range [0x00007ffd31110000-0x00007ffd311adfff], minimal analysis -->
	<msg id='9' source='mc'>
		<type>MODULE_LOAD_NO_ANALYSIS</type>
		<severity>INFO</severity>
		<timestamp>Fri Dec 27 00:06:18 2019</timestamp>
		<arg name='path'>C:\Windows\System32\msvcrt.dll</arg>
		<arg name='addr1'>0x7ffd31110000</arg>
		<arg name='addr2'>0x7ffd311adfff</arg>
	</msg>
	<!-- Module loaded C:\Windows\System32\IMM32.DLL, address range [0x00007ffd311d0000-0x00007ffd311fdfff], minimal analysis -->
	<msg id='10' source='mc'>
		<type>MODULE_LOAD_NO_ANALYSIS</type>
		<severity>INFO</severity>
		<timestamp>Fri Dec 27 00:06:18 2019</timestamp>
		<arg name='path'>C:\Windows\System32\IMM32.DLL</arg>
		<arg name='addr1'>0x7ffd311d0000</arg>
		<arg name='addr2'>0x7ffd311fdfff</arg>
	</msg>
	<!-- Module loaded C:\Windows\System32\USER32.dll, address range [0x00007ffd31560000-0x00007ffd316c4fff], minimal analysis -->
	<msg id='11' source='mc'>
		<type>MODULE_LOAD_NO_ANALYSIS</type>
		<severity>INFO</severity>
		<timestamp>Fri Dec 27 00:06:18 2019</timestamp>
		<arg name='path'>C:\Windows\System32\USER32.dll</arg>
		<arg name='addr1'>0x7ffd31560000</arg>
		<arg name='addr2'>0x7ffd316c4fff</arg>
	</msg>
	<!-- Module loaded C:\Windows\System32\GDI32.dll, address range [0x00007ffd316d0000-0x00007ffd31703fff], minimal analysis -->
	<msg id='12' source='mc'>
		<type>MODULE_LOAD_NO_ANALYSIS</type>
		<severity>INFO</severity>
		<timestamp>Fri Dec 27 00:06:18 2019</timestamp>
		<arg name='path'>C:\Windows\System32\GDI32.dll</arg>
		<arg name='addr1'>0x7ffd316d0000</arg>
		<arg name='addr2'>0x7ffd31703fff</arg>
	</msg>
	<!-- Module loaded C:\Windows\System32\combase.dll, address range [0x00007ffd31990000-0x00007ffd31c56fff], minimal analysis -->
	<msg id='13' source='mc'>
		<type>MODULE_LOAD_NO_ANALYSIS</type>
		<severity>INFO</severity>
		<timestamp>Fri Dec 27 00:06:18 2019</timestamp>
		<arg name='path'>C:\Windows\System32\combase.dll</arg>
		<arg name='addr1'>0x7ffd31990000</arg>
		<arg name='addr2'>0x7ffd31c56fff</arg>
	</msg>
	<!-- Module loaded C:\Windows\System32\sechost.dll, address range [0x00007ffd32090000-0x00007ffd320e8fff] -->
	<msg id='14' source='mc'>
		<type>MODULE_LOAD</type>
		<severity>INFO</severity>
		<timestamp>Fri Dec 27 00:06:18 2019</timestamp>
		<arg name='path'>C:\Windows\System32\sechost.dll</arg>
		<arg name='addr1'>0x7ffd32090000</arg>
		<arg name='addr2'>0x7ffd320e8fff</arg>
	</msg>
	<!-- Module loaded C:\Windows\System32\ADVAPI32.dll, address range [0x00007ffd320f0000-0x00007ffd32191fff], minimal analysis -->
	<msg id='15' source='mc'>
		<type>MODULE_LOAD_NO_ANALYSIS</type>
		<severity>INFO</severity>
		<timestamp>Fri Dec 27 00:06:18 2019</timestamp>
		<arg name='path'>C:\Windows\System32\ADVAPI32.dll</arg>
		<arg name='addr1'>0x7ffd320f0000</arg>
		<arg name='addr2'>0x7ffd32191fff</arg>
	</msg>
	<!-- Module loaded C:\Windows\System32\RPCRT4.dll, address range [0x00007ffd33720000-0x00007ffd33840fff], minimal analysis -->
	<msg id='16' source='mc'>
		<type>MODULE_LOAD_NO_ANALYSIS</type>
		<severity>INFO</severity>
		<timestamp>Fri Dec 27 00:06:18 2019</timestamp>
		<arg name='path'>C:\Windows\System32\RPCRT4.dll</arg>
		<arg name='addr1'>0x7ffd33720000</arg>
		<arg name='addr2'>0x7ffd33840fff</arg>
	</msg>
	<!-- Module loaded C:\Windows\System32\ole32.dll, address range [0x00007ffd338b0000-0x00007ffd339e6fff], minimal analysis -->
	<msg id='17' source='mc'>
		<type>MODULE_LOAD_NO_ANALYSIS</type>
		<severity>INFO</severity>
		<timestamp>Fri Dec 27 00:06:18 2019</timestamp>
		<arg name='path'>C:\Windows\System32\ole32.dll</arg>
		<arg name='addr1'>0x7ffd338b0000</arg>
		<arg name='addr2'>0x7ffd339e6fff</arg>
	</msg>
	<!-- entry point not safe for probe insertion in KERNEL32.DLL -->
	<!-- Module loaded C:\Windows\System32\KERNEL32.DLL, address range [0x00007ffd33a50000-0x00007ffd33afafff], minimal analysis -->
	<msg id='18' source='mc'>
		<type>MODULE_LOAD_NO_ANALYSIS</type>
		<severity>INFO</severity>
		<timestamp>Fri Dec 27 00:06:18 2019</timestamp>
		<arg name='path'>C:\Windows\System32\KERNEL32.DLL</arg>
		<arg name='addr1'>0x7ffd33a50000</arg>
		<arg name='addr2'>0x7ffd33afafff</arg>
	</msg>
	<!-- Module loaded C:\Windows\SYSTEM32\ntdll.dll, address range [0x00007ffd33b80000-0x00007ffd33d50fff], minimal analysis -->
	<msg id='19' source='mc'>
		<type>MODULE_LOAD_NO_ANALYSIS</type>
		<severity>INFO</severity>
		<timestamp>Fri Dec 27 00:06:19 2019</timestamp>
		<arg name='path'>C:\Windows\SYSTEM32\ntdll.dll</arg>
		<arg name='addr1'>0x7ffd33b80000</arg>
		<arg name='addr2'>0x7ffd33d50fff</arg>
	</msg>
	<!-- Module loaded C:\Windows\SYSTEM32\MSVCP140D.dll, address range [0x00007ffd0b3a0000-0x00007ffd0b490fff] -->
	<msg id='20' source='mc'>
		<type>MODULE_LOAD</type>
		<severity>INFO</severity>
		<timestamp>Fri Dec 27 00:06:19 2019</timestamp>
		<arg name='path'>C:\Windows\SYSTEM32\MSVCP140D.dll</arg>
		<arg name='addr1'>0x7ffd0b3a0000</arg>
		<arg name='addr2'>0x7ffd0b490fff</arg>
	</msg>
	<!-- Module loaded C:\Program Files (x86)\IntelSWTools\compilers_and_libraries_2019\windows\redist\intel64\compiler\libmmdd.dll, address range [0x00007ffd08f50000-0x00007ffd09388fff] -->
	<msg id='21' source='mc'>
		<type>MODULE_LOAD</type>
		<severity>INFO</severity>
		<timestamp>Fri Dec 27 00:06:19 2019</timestamp>
		<arg name='path'>C:\Program Files (x86)\IntelSWTools\compilers_and_libraries_2019\windows\redist\intel64\compiler\libmmdd.dll</arg>
		<arg name='addr1'>0x7ffd08f50000</arg>
		<arg name='addr2'>0x7ffd09388fff</arg>
	</msg>
	<!-- Module loaded C:\Program Files (x86)\IntelSWTools\compilers_and_libraries_2019\windows\redist\intel64\compiler\cilkrts20.dll, address range [0x00007ffd09cb0000-0x00007ffd09d02fff], minimal analysis -->
	<msg id='22' source='mc'>
		<type>MODULE_LOAD_NO_ANALYSIS</type>
		<severity>INFO</severity>
		<timestamp>Fri Dec 27 00:06:19 2019</timestamp>
		<arg name='path'>C:\Program Files (x86)\IntelSWTools\compilers_and_libraries_2019\windows\redist\intel64\compiler\cilkrts20.dll</arg>
		<arg name='addr1'>0x7ffd09cb0000</arg>
		<arg name='addr2'>0x7ffd09d02fff</arg>
	</msg>
	<!-- Module loaded C:\Windows\SYSTEM32\VCRUNTIME140D.dll, address range [0x00007ffd15c40000-0x00007ffd15c61fff] -->
	<msg id='23' source='mc'>
		<type>MODULE_LOAD</type>
		<severity>INFO</severity>
		<timestamp>Fri Dec 27 00:06:19 2019</timestamp>
		<arg name='path'>C:\Windows\SYSTEM32\VCRUNTIME140D.dll</arg>
		<arg name='addr1'>0x7ffd15c40000</arg>
		<arg name='addr2'>0x7ffd15c61fff</arg>
	</msg>
	<!-- Module loaded C:\Windows\SYSTEM32\ucrtbased.dll, address range [0x00007ffd09ae0000-0x00007ffd09ca1fff] -->
	<msg id='24' source='mc'>
		<type>MODULE_LOAD</type>
		<severity>INFO</severity>
		<timestamp>Fri Dec 27 00:06:19 2019</timestamp>
		<arg name='path'>C:\Windows\SYSTEM32\ucrtbased.dll</arg>
		<arg name='addr1'>0x7ffd09ae0000</arg>
		<arg name='addr2'>0x7ffd09ca1fff</arg>
	</msg>
	<!-- Module loaded C:\Program Files (x86)\IntelSWTools\Inspector 2019\bin64\runtime\libittnotify.dll, address range [0x00007ffd0b660000-0x00007ffd0b692fff], minimal analysis -->
	<msg id='25' source='mc'>
		<type>MODULE_LOAD_NO_ANALYSIS</type>
		<severity>INFO</severity>
		<timestamp>Fri Dec 27 00:06:20 2019</timestamp>
		<arg name='path'>C:\Program Files (x86)\IntelSWTools\Inspector 2019\bin64\runtime\libittnotify.dll</arg>
		<arg name='addr1'>0x7ffd0b660000</arg>
		<arg name='addr2'>0x7ffd0b692fff</arg>
	</msg>
	<!-- DIAG: 2 -->
	<!-- DIAG: 3 -->
	<!-- DIAG: 4 -->
	<!-- Module loaded C:\Windows\System32\kernel.appcore.dll, address range [0x00007ffd300a0000-0x00007ffd300aefff] -->
	<msg id='26' source='mc'>
		<type>MODULE_LOAD</type>
		<severity>INFO</severity>
		<timestamp>Fri Dec 27 00:06:21 2019</timestamp>
		<arg name='path'>C:\Windows\System32\kernel.appcore.dll</arg>
		<arg name='addr1'>0x7ffd300a0000</arg>
		<arg name='addr2'>0x7ffd300aefff</arg>
	</msg>
	<!-- DIAG: 5 -->
	<!-- DIAG: 6 -->
	<!-- DIAG: 7 -->
	<!-- DIAG: 8 -->
	<!-- DIAG: 9 -->
	<!-- DIAG: 10 -->
	<!-- DIAG: 11 -->
	<!-- DIAG: 12 -->
	<!-- DIAG: 13 -->
	<!-- DIAG: 14 -->
	<!-- Process F:\Intel_parallel_studio\projects\task_final\x64\Debug\task_final.exe exited with code 0. Leak analysis starting - this may take a while. -->
	<msg id='27' source='mc'>
		<type>PROCESS_COMPLETE</type>
		<severity>INFO</severity>
		<timestamp>Fri Dec 27 00:06:21 2019</timestamp>
		<arg name='path'>F:\Intel_parallel_studio\projects\task_final\x64\Debug\task_final.exe</arg>
		<arg name='code'>0</arg>
	</msg>
	<!-- DIAG: 15 -->
	<!-- DIAG: 16 -->
	<!-- DIAG: 17 -->
	<!-- DIAG: 18 -->
	<!-- DIAG: 19 -->
	<!-- DIAG: 20 -->
	<!-- DIAG: 21 -->
	<!-- DIAG: 22 -->
	<!-- DIAG: 23 -->
	<!-- DIAG: 24 -->
	<!-- DIAG: 25 -->
	<!-- DIAG: 26 -->
	<!-- DIAG: 27 -->
	<!-- DIAG: 28 -->
	<!-- DIAG: 29 -->
	<!-- DIAG: 30 -->
	<!-- DIAG: 31 -->
	<!-- DIAG: 32 -->
	<!-- DIAG: 33 -->
	<!-- DIAG: 34 -->
	<!-- DIAG: 35 -->
	<!-- DIAG: 36 -->
	<!-- DIAG: 37 -->
	<!-- DIAG: 38 -->
	<!-- DIAG: 39 -->
	<!-- DIAG: 40 -->
	<!-- DIAG: 41 -->
	<!-- DIAG: 42 -->
	<!-- DIAG: 43 -->
	<!-- DIAG: 44 -->
	<!-- DIAG: 45 -->
	<!-- DIAG: 46 -->
	<!-- DIAG: 47 -->
	<!-- DIAG: 48 -->
	<!-- DIAG: 49 -->
	<!-- DIAG: 50 -->
	<!-- DIAG: 51 -->
	<!-- DIAG: 52 -->
	<!-- DIAG: 53 -->
	<!-- DIAG: 54 -->
	<!-- DIAG: 55 -->
	<!-- DIAG: 56 -->
	<!-- DIAG: 57 -->
	<!-- DIAG: 58 -->
	<!-- DIAG: 59 -->
	<!-- DIAG: 60 -->
	<!-- DIAG: 61 -->
	<!-- DIAG: 62 -->
	<!-- DIAG: 63 -->
	<!-- DIAG: 64 -->
	<!-- DIAG: 65 -->
	<!-- DIAG: 66 -->
	<!-- DIAG: 67 -->
	<!-- DIAG: 68 -->
	<!-- DIAG: 69 -->
	<!-- DIAG: 70 -->
	<!-- DIAG: 71 -->
	<!-- DIAG: 72 -->
	<!-- DIAG: 73 -->
	<!-- DIAG: 74 -->
	<!-- DIAG: 75 -->
	<!-- DIAG: 76 -->
	<!-- DIAG: 77 -->
	<!-- DIAG: 78 -->
	<!-- DIAG: 79 -->
	<!-- DIAG: 80 -->
	<!-- DIAG: 81 -->
	<!-- DIAG: 82 -->
	<!-- DIAG: 83 -->
	<!-- DIAG: 84 -->
	<!-- DIAG: 85 -->
	<!-- DIAG: 86 -->
	<!-- Analysis completed for F:\Intel_parallel_studio\projects\task_final\x64\Debug\task_final.exe -->
	<msg id='28' source='mc'>
		<type>ANALYSIS_COMPLETE</type>
		<severity>INFO</severity>
		<timestamp>Fri Dec 27 00:06:21 2019</timestamp>
		<arg name='path'>F:\Intel_parallel_studio\projects\task_final\x64\Debug\task_final.exe</arg>
	</msg>