<?xml version="1.0" encoding="utf-8" ?>
<!-- DO NOT EDIT THIS FILE -->

<log version='2.0' source='mc'>
	<!-- Successfully loaded CCRT at address 0x55350000 - 0x553bf000 -->
	<!-- Successfully loaded MC at address 0x553e0000 - 0x56088000 -->
	<!-- Analysis started for F:\Intel_parallel_studio\projects\task3\x64\Debug\task3.exe, pid = 10288 -->
	<msg id='1' source='mc'>
		<type>EXEC_OF_INTEREST</type>
		<severity>INFO</severity>
		<timestamp>Mon Oct 28 23:08:02 2019</timestamp>
		<arg name='path'>F:\Intel_parallel_studio\projects\task3\x64\Debug\task3.exe</arg>
		<arg name='pid'>10288</arg>
	</msg>
	<!-- Command line: C:\Program Files (x86)\IntelSWTools\Inspector 2019\bin32\pin -xyzzy -mesgoff console -xyzzy -bridge_save_x87 0 -bridge_save_mxcsr 0 -follow_execv -error_file F:\Intel_parallel_studio\projects\task3\task3\My Inspector Results - task3\r001mi3\data.0\pin_error.log -logfile F:\Intel_parallel_studio\projects\task3\task3\My Inspector Results - task3\r001mi3\data.0\pin.log -xyzzy -region_max_inss 500 -p64 C:\Program Files (x86)\IntelSWTools\Inspector 2019\bin64\pin -t64 C:\Program Files (x86)\IntelSWTools\Inspector 2019\bin64\memchkr.dll -t C:\Program Files (x86)\IntelSWTools\Inspector 2019\bin32\memchkr.dll -no-analyze-stack -check-invalid-access -leak-check-on-exit -leak-check-on-demand -enable-memory-growth -leak-check-report-reachable -check-resource-leaks -freelist-vol 1000000 -leak-maximum 100000 -guard-zone-size 32 -stack-depth 16 -heartbeat 1 -mrte-mode auto -working-dir F:\Intel_parallel_studio\projects\task3\task3\My Inspector Results - task3\r001mi3\data.0 -log mc_task3.log -result task3 - F:\Intel_parallel_studio\projects\task3\x64\Debug\task3.exe  -->
	<!-- mc's options are the following:  -->
	<!-- -help                              false -->
	<!-- -verbose                           false -->
	<!-- -xyzzy                             false -->
	<!-- -version                           false -->
	<!-- -help-all                          false -->
	<!-- -xyzzy-all                         false -->
	<!-- -report-all-instances              false -->
	<!-- -check-for-padded-structures       true -->
	<!-- -check-for-bitfields               true -->
	<!-- -analyze-stack                     false -->
	<!-- -access-checks                     false -->
	<!-- -check-uninit-read                 false -->
	<!-- -check-invalid-access              true -->
	<!-- -advanced-uninit-read              false -->
	<!-- -track-origins                     true -->
	<!-- -duplicate-uninits                 false -->
	<!-- -bss-initialized                   true -->
	<!-- -align-alloc-size                  false -->
	<!-- -report-uninit-read                false -->
	<!-- -ignore-system-libraries           false -->
	<!-- -gen-suppressions                  false -->
	<!-- -leak-check-on-exit                true -->
	<!-- -leak-check-on-demand              true -->
	<!-- -leak-check-uses-baseline          true -->
	<!-- -enable-memory-growth              true -->
	<!-- -leak-check-report-reachable       true -->
	<!-- -leak-check-full                   true -->
	<!-- -check-resource-leaks              true -->
	<!-- -trace-children                    false -->
	<!-- -enable-poke                       false -->
	<!-- -jit-mode-anyway                   false -->
	<!-- -disable-probe-mode-mismatches-64  true -->
	<!-- -aggressive-callstack-caching      false -->
	<!-- -suppress-breakpoints              false -->
	<!-- -monitor-memory                    false -->
	<!-- -freelist-vol                      1000000 -->
	<!-- -leak-maximum                      100000 -->
	<!-- -guard-zone-size                   32 -->
	<!-- -stack-depth                       16 -->
	<!-- -heartbeat                         1 -->
	<!-- -breakpoint-file                   (null) -->
	<!-- -config-file                       (null) -->
	<!-- -log                               mc_task3.log -->
	<!-- -ignore-commands                   (null),  -->
	<!-- -ignore-modules                    (null),  -->
	<!-- -ignore-symbols                    (null),  -->
	<!-- -module-of-interest                (null),  -->
	<!-- -executable-of-interest            (null),  -->
	<!-- -working-dir                       F:\Intel_parallel_studio\projects\task3\task3\My Inspector Results - task3\r001mi3\data.0 -->
	<!-- -result                            task3 -->
	<!-- -exclude-module                    (null),  -->
	<!-- -include-module                    (null),  -->
	<!-- -only-exec-commands                (null),  -->
	<!-- -suppressions                      (null),  -->
	<!-- -debug                             none -->
	<!-- -shared-mem-name                   (null) -->
	<!-- -poke-function                     (null),  -->
	<!-- -analysis-mode                     (null) -->
	<!-- -disable-gatekeeping               false -->
	<!-- -ignore-os-allocators              false -->
	<!-- -mrte-mode                         auto -->
	<!-- probe mode: no -->
	<!-- invalid access: yes -->
	<!-- uninit read: no -->
	<!-- track origin: no -->
	<!-- Module loaded F:\Intel_parallel_studio\projects\task3\x64\Debug\task3.exe, address range [0x00007ff74e770000-0x00007ff74e787fff] -->
	<msg id='2' source='mc'>
		<type>MODULE_LOAD</type>
		<severity>INFO</severity>
		<timestamp>Mon Oct 28 23:08:02 2019</timestamp>
		<arg name='path'>F:\Intel_parallel_studio\projects\task3\x64\Debug\task3.exe</arg>
		<arg name='addr1'>0x7ff74e770000</arg>
		<arg name='addr2'>0x7ff74e787fff</arg>
	</msg>
	<!-- Module loaded C:\Program Files (x86)\IntelSWTools\Inspector 2019\bin64\dnclrprof.dll, address range [0x00007ffa93b00000-0x00007ffa93b4dfff], minimal analysis -->
	<msg id='3' source='mc'>
		<type>MODULE_LOAD_NO_ANALYSIS</type>
		<severity>INFO</severity>
		<timestamp>Mon Oct 28 23:08:02 2019</timestamp>
		<arg name='path'>C:\Program Files (x86)\IntelSWTools\Inspector 2019\bin64\dnclrprof.dll</arg>
		<arg name='addr1'>0x7ffa93b00000</arg>
		<arg name='addr2'>0x7ffa93b4dfff</arg>
	</msg>
	<!-- Module loaded C:\Windows\System32\bcryptPrimitives.dll, address range [0x00007ffaa9ef0000-0x00007ffaa9f59fff], minimal analysis -->
	<msg id='4' source='mc'>
		<type>MODULE_LOAD_NO_ANALYSIS</type>
		<severity>INFO</severity>
		<timestamp>Mon Oct 28 23:08:02 2019</timestamp>
		<arg name='path'>C:\Windows\System32\bcryptPrimitives.dll</arg>
		<arg name='addr1'>0x7ffaa9ef0000</arg>
		<arg name='addr2'>0x7ffaa9f59fff</arg>
	</msg>
	<!-- Module loaded C:\Windows\System32\gdi32full.dll, address range [0x00007ffaaa6f0000-0x00007ffaaa871fff], minimal analysis -->
	<msg id='5' source='mc'>
		<type>MODULE_LOAD_NO_ANALYSIS</type>
		<severity>INFO</severity>
		<timestamp>Mon Oct 28 23:08:02 2019</timestamp>
		<arg name='path'>C:\Windows\System32\gdi32full.dll</arg>
		<arg name='addr1'>0x7ffaaa6f0000</arg>
		<arg name='addr2'>0x7ffaaa871fff</arg>
	</msg>
	<!-- Module loaded C:\Windows\System32\ucrtbase.dll, address range [0x00007ffaaa880000-0x00007ffaaa974fff] -->
	<msg id='6' source='mc'>
		<type>MODULE_LOAD</type>
		<severity>INFO</severity>
		<timestamp>Mon Oct 28 23:08:02 2019</timestamp>
		<arg name='path'>C:\Windows\System32\ucrtbase.dll</arg>
		<arg name='addr1'>0x7ffaaa880000</arg>
		<arg name='addr2'>0x7ffaaa974fff</arg>
	</msg>
	<!-- Module loaded C:\Windows\System32\win32u.dll, address range [0x00007ffaaa980000-0x00007ffaaa99dfff] -->
	<msg id='7' source='mc'>
		<type>MODULE_LOAD</type>
		<severity>INFO</severity>
		<timestamp>Mon Oct 28 23:08:02 2019</timestamp>
		<arg name='path'>C:\Windows\System32\win32u.dll</arg>
		<arg name='addr1'>0x7ffaaa980000</arg>
		<arg name='addr2'>0x7ffaaa99dfff</arg>
	</msg>
	<!-- Module loaded C:\Windows\System32\KERNELBASE.dll, address range [0x00007ffaaa9a0000-0x00007ffaaabbcfff] -->
	<msg id='8' source='mc'>
		<type>MODULE_LOAD</type>
		<severity>INFO</severity>
		<timestamp>Mon Oct 28 23:08:02 2019</timestamp>
		<arg name='path'>C:\Windows\System32\KERNELBASE.dll</arg>
		<arg name='addr1'>0x7ffaaa9a0000</arg>
		<arg name='addr2'>0x7ffaaabbcfff</arg>
	</msg>
	<!-- Module loaded C:\Windows\System32\IMM32.DLL, address range [0x00007ffaaae90000-0x00007ffaaaebdfff], minimal analysis -->
	<msg id='9' source='mc'>
		<type>MODULE_LOAD_NO_ANALYSIS</type>
		<severity>INFO</severity>
		<timestamp>Mon Oct 28 23:08:02 2019</timestamp>
		<arg name='path'>C:\Windows\System32\IMM32.DLL</arg>
		<arg name='addr1'>0x7ffaaae90000</arg>
		<arg name='addr2'>0x7ffaaaebdfff</arg>
	</msg>
	<!-- Module loaded C:\Windows\System32\USER32.dll, address range [0x00007ffaaaec0000-0x00007ffaab024fff], minimal analysis -->
	<msg id='10' source='mc'>
		<type>MODULE_LOAD_NO_ANALYSIS</type>
		<severity>INFO</severity>
		<timestamp>Mon Oct 28 23:08:02 2019</timestamp>
		<arg name='path'>C:\Windows\System32\USER32.dll</arg>
		<arg name='addr1'>0x7ffaaaec0000</arg>
		<arg name='addr2'>0x7ffaab024fff</arg>
	</msg>
	<!-- Module loaded C:\Windows\System32\KERNEL32.DLL, address range [0x00007ffaab030000-0x00007ffaab0dafff] -->
	<msg id='11' source='mc'>
		<type>MODULE_LOAD</type>
		<severity>INFO</severity>
		<timestamp>Mon Oct 28 23:08:02 2019</timestamp>
		<arg name='path'>C:\Windows\System32\KERNEL32.DLL</arg>
		<arg name='addr1'>0x7ffaab030000</arg>
		<arg name='addr2'>0x7ffaab0dafff</arg>
	</msg>
	<!-- Module loaded C:\Windows\System32\RPCRT4.dll, address range [0x00007ffaab160000-0x00007ffaab280fff] -->
	<msg id='12' source='mc'>
		<type>MODULE_LOAD</type>
		<severity>INFO</severity>
		<timestamp>Mon Oct 28 23:08:02 2019</timestamp>
		<arg name='path'>C:\Windows\System32\RPCRT4.dll</arg>
		<arg name='addr1'>0x7ffaab160000</arg>
		<arg name='addr2'>0x7ffaab280fff</arg>
	</msg>
	<!-- Module loaded C:\Windows\System32\ole32.dll, address range [0x00007ffaab350000-0x00007ffaab486fff] -->
	<msg id='13' source='mc'>
		<type>MODULE_LOAD</type>
		<severity>INFO</severity>
		<timestamp>Mon Oct 28 23:08:02 2019</timestamp>
		<arg name='path'>C:\Windows\System32\ole32.dll</arg>
		<arg name='addr1'>0x7ffaab350000</arg>
		<arg name='addr2'>0x7ffaab486fff</arg>
	</msg>
	<!-- Module loaded C:\Windows\System32\combase.dll, address range [0x00007ffaab700000-0x00007ffaab9c6fff], minimal analysis -->
	<msg id='14' source='mc'>
		<type>MODULE_LOAD_NO_ANALYSIS</type>
		<severity>INFO</severity>
		<timestamp>Mon Oct 28 23:08:02 2019</timestamp>
		<arg name='path'>C:\Windows\System32\combase.dll</arg>
		<arg name='addr1'>0x7ffaab700000</arg>
		<arg name='addr2'>0x7ffaab9c6fff</arg>
	</msg>
	<!-- Module loaded C:\Windows\System32\sechost.dll, address range [0x00007ffaad690000-0x00007ffaad6e8fff] -->
	<msg id='15' source='mc'>
		<type>MODULE_LOAD</type>
		<severity>INFO</severity>
		<timestamp>Mon Oct 28 23:08:02 2019</timestamp>
		<arg name='path'>C:\Windows\System32\sechost.dll</arg>
		<arg name='addr1'>0x7ffaad690000</arg>
		<arg name='addr2'>0x7ffaad6e8fff</arg>
	</msg>
	<!-- Module loaded C:\Windows\System32\msvcrt.dll, address range [0x00007ffaad6f0000-0x00007ffaad78dfff] -->
	<msg id='16' source='mc'>
		<type>MODULE_LOAD</type>
		<severity>INFO</severity>
		<timestamp>Mon Oct 28 23:08:02 2019</timestamp>
		<arg name='path'>C:\Windows\System32\msvcrt.dll</arg>
		<arg name='addr1'>0x7ffaad6f0000</arg>
		<arg name='addr2'>0x7ffaad78dfff</arg>
	</msg>
	<!-- Module loaded C:\Windows\System32\ADVAPI32.dll, address range [0x00007ffaad810000-0x00007ffaad8b1fff] -->
	<msg id='17' source='mc'>
		<type>MODULE_LOAD</type>
		<severity>INFO</severity>
		<timestamp>Mon Oct 28 23:08:02 2019</timestamp>
		<arg name='path'>C:\Windows\System32\ADVAPI32.dll</arg>
		<arg name='addr1'>0x7ffaad810000</arg>
		<arg name='addr2'>0x7ffaad8b1fff</arg>
	</msg>
	<!-- Module loaded C:\Windows\System32\GDI32.dll, address range [0x00007ffaad8c0000-0x00007ffaad8f3fff] -->
	<msg id='18' source='mc'>
		<type>MODULE_LOAD</type>
		<severity>INFO</severity>
		<timestamp>Mon Oct 28 23:08:02 2019</timestamp>
		<arg name='path'>C:\Windows\System32\GDI32.dll</arg>
		<arg name='addr1'>0x7ffaad8c0000</arg>
		<arg name='addr2'>0x7ffaad8f3fff</arg>
	</msg>
	<!-- Module loaded C:\Windows\SYSTEM32\ntdll.dll, address range [0x00007ffaad900000-0x00007ffaadad0fff] -->
	<msg id='19' source='mc'>
		<type>MODULE_LOAD</type>
		<severity>INFO</severity>
		<timestamp>Mon Oct 28 23:08:02 2019</timestamp>
		<arg name='path'>C:\Windows\SYSTEM32\ntdll.dll</arg>
		<arg name='addr1'>0x7ffaad900000</arg>
		<arg name='addr2'>0x7ffaadad0fff</arg>
	</msg>
	<!-- DIAG: 1 -->
	<!-- DIAG: 2 -->
	<!-- DIAG: 3 -->
	<!-- DIAG: 4 -->
	<!-- Module loaded C:\Windows\SYSTEM32\MSVCP140D.dll, address range [0x00007ffa52280000-0x00007ffa52370fff] -->
	<msg id='20' source='mc'>
		<type>MODULE_LOAD</type>
		<severity>INFO</severity>
		<timestamp>Mon Oct 28 23:08:04 2019</timestamp>
		<arg name='path'>C:\Windows\SYSTEM32\MSVCP140D.dll</arg>
		<arg name='addr1'>0x7ffa52280000</arg>
		<arg name='addr2'>0x7ffa52370fff</arg>
	</msg>
	<!-- Module loaded C:\Windows\SYSTEM32\ucrtbased.dll, address range [0x00007ffa46000000-0x00007ffa461c1fff] -->
	<msg id='21' source='mc'>
		<type>MODULE_LOAD</type>
		<severity>INFO</severity>
		<timestamp>Mon Oct 28 23:08:04 2019</timestamp>
		<arg name='path'>C:\Windows\SYSTEM32\ucrtbased.dll</arg>
		<arg name='addr1'>0x7ffa46000000</arg>
		<arg name='addr2'>0x7ffa461c1fff</arg>
	</msg>
	<!-- Module loaded C:\Windows\SYSTEM32\VCRUNTIME140D.dll, address range [0x00007ffa54b70000-0x00007ffa54b91fff] -->
	<msg id='22' source='mc'>
		<type>MODULE_LOAD</type>
		<severity>INFO</severity>
		<timestamp>Mon Oct 28 23:08:04 2019</timestamp>
		<arg name='path'>C:\Windows\SYSTEM32\VCRUNTIME140D.dll</arg>
		<arg name='addr1'>0x7ffa54b70000</arg>
		<arg name='addr2'>0x7ffa54b91fff</arg>
	</msg>
	<!-- MapViewOfSection called with different tid, before tid = 4, current tid = 0 -->
	<!-- MapViewOfSection called with different tid, before tid = 4, current tid = 3 -->
	<!-- Found ZCA section with version 1.1 -->
	<!-- Found ZCA section with version 1.1 -->
	<!-- Found ZCA section with version 1.1 -->
	<!-- Found ZCA section with version 1.1 -->
	<!-- Found ZCA section with version 1.1 -->
	<!-- Found ZCA section with version 1.1 -->
	<!-- Found ZCA section with version 1.1 -->
	<!-- Found ZCA section with version 1.1 -->
	<!-- Found ZCA section with version 1.1 -->
	<!-- Found ZCA section with version 1.1 -->
	<!-- Found ZCA section with version 1.1 -->
	<!-- Found ZCA section with version 1.1 -->
	<!-- Found ZCA section with version 1.1 -->
	<!-- Found ZCA section with version 1.1 -->
	<!-- Found ZCA section with version 1.1 -->
	<!-- Found ZCA section with version 1.1 -->
	<!-- Found ZCA section with version 1.1 -->
	<!-- Found ZCA section with version 1.1 -->
	<!-- Found ZCA section with version 1.1 -->
	<!-- Found ZCA section with version 1.1 -->
	<!-- Found ZCA section with version 1.1 -->
	<!-- Found ZCA section with version 1.1 -->
	<!-- Found ZCA section with version 1.1 -->
	<!-- Module loaded C:\Program Files (x86)\IntelSWTools\compilers_and_libraries_2019\windows\redist\intel64\compiler\cilkrts20.dll, address range [0x00007ffa54410000-0x00007ffa54462fff], minimal analysis -->
	<msg id='23' source='mc'>
		<type>MODULE_LOAD_NO_ANALYSIS</type>
		<severity>INFO</severity>
		<timestamp>Mon Oct 28 23:08:04 2019</timestamp>
		<arg name='path'>C:\Program Files (x86)\IntelSWTools\compilers_and_libraries_2019\windows\redist\intel64\compiler\cilkrts20.dll</arg>
		<arg name='addr1'>0x7ffa54410000</arg>
		<arg name='addr2'>0x7ffa54462fff</arg>
	</msg>
	<!-- Module loaded C:\Program Files (x86)\IntelSWTools\Inspector 2019\bin64\runtime\libittnotify.dll, address range [0x00007ffa53210000-0x00007ffa53242fff], minimal analysis -->
	<msg id='24' source='mc'>
		<type>MODULE_LOAD_NO_ANALYSIS</type>
		<severity>INFO</severity>
		<timestamp>Mon Oct 28 23:08:07 2019</timestamp>
		<arg name='path'>C:\Program Files (x86)\IntelSWTools\Inspector 2019\bin64\runtime\libittnotify.dll</arg>
		<arg name='addr1'>0x7ffa53210000</arg>
		<arg name='addr2'>0x7ffa53242fff</arg>
	</msg>
	<!-- Heartbeat, tids = 10292,10444,10468,10472, syscallStatus = 0,1,1,1, calls = 3085780,2124,640,584 -->
	<msg id='25' display='false' source='mc'>
		<type>HEARTBEAT</type>
		<severity>INFO</severity>
		<timestamp>Mon Oct 28 23:08:09 2019</timestamp>
		<arg name='tids'>10292,10444,10468,10472</arg>
		<arg name='syscalls'>0,1,1,1</arg>
		<arg name='calls'>3085780,2124,640,584</arg>
	</msg>
	<!-- Heartbeat, tids = 10292,10444,10468,10472, syscallStatus = 0,1,1,1, calls = 6071522,0,0,0 -->
	<msg id='26' display='false' source='mc'>
		<type>HEARTBEAT</type>
		<severity>INFO</severity>
		<timestamp>Mon Oct 28 23:08:10 2019</timestamp>
		<arg name='tids'>10292,10444,10468,10472</arg>
		<arg name='syscalls'>0,1,1,1</arg>
		<arg name='calls'>6071522,0,0,0</arg>
	</msg>
	<!-- Heartbeat, tids = 10292,10444,10468,10472, syscallStatus = 0,1,1,1, calls = 5139614,0,0,0 -->
	<msg id='27' display='false' source='mc'>
		<type>HEARTBEAT</type>
		<severity>INFO</severity>
		<timestamp>Mon Oct 28 23:08:11 2019</timestamp>
		<arg name='tids'>10292,10444,10468,10472</arg>
		<arg name='syscalls'>0,1,1,1</arg>
		<arg name='calls'>5139614,0,0,0</arg>
	</msg>
	<!-- Heartbeat, tids = 10292,10444,10468,10472, syscallStatus = 0,1,1,1, calls = 4785815,0,0,0 -->
	<msg id='28' display='false' source='mc'>
		<type>HEARTBEAT</type>
		<severity>INFO</severity>
		<timestamp>Mon Oct 28 23:08:12 2019</timestamp>
		<arg name='tids'>10292,10444,10468,10472</arg>
		<arg name='syscalls'>0,1,1,1</arg>
		<arg name='calls'>4785815,0,0,0</arg>
	</msg>
	<!-- Heartbeat, tids = 10292,10444,10468,10472, syscallStatus = 0,1,1,1, calls = 4876139,0,0,0 -->
	<msg id='29' display='false' source='mc'>
		<type>HEARTBEAT</type>
		<severity>INFO</severity>
		<timestamp>Mon Oct 28 23:08:13 2019</timestamp>
		<arg name='tids'>10292,10444,10468,10472</arg>
		<arg name='syscalls'>0,1,1,1</arg>
		<arg name='calls'>4876139,0,0,0</arg>
	</msg>
	<!-- Heartbeat, tids = 10292,10444,10468,10472, syscallStatus = 0,1,1,1, calls = 5380226,0,0,0 -->
	<msg id='30' display='false' source='mc'>
		<type>HEARTBEAT</type>
		<severity>INFO</severity>
		<timestamp>Mon Oct 28 23:08:14 2019</timestamp>
		<arg name='tids'>10292,10444,10468,10472</arg>
		<arg name='syscalls'>0,1,1,1</arg>
		<arg name='calls'>5380226,0,0,0</arg>
	</msg>
	<!-- Heartbeat, tids = 10292,10444,10468,10472, syscallStatus = 0,1,1,1, calls = 5874164,0,0,0 -->
	<msg id='31' display='false' source='mc'>
		<type>HEARTBEAT</type>
		<severity>INFO</severity>
		<timestamp>Mon Oct 28 23:08:15 2019</timestamp>
		<arg name='tids'>10292,10444,10468,10472</arg>
		<arg name='syscalls'>0,1,1,1</arg>
		<arg name='calls'>5874164,0,0,0</arg>
	</msg>
	<!-- Heartbeat, tids = 10292,10444,10468,10472, syscallStatus = 0,1,1,1, calls = 5641015,0,0,0 -->
	<msg id='32' display='false' source='mc'>
		<type>HEARTBEAT</type>
		<severity>INFO</severity>
		<timestamp>Mon Oct 28 23:08:16 2019</timestamp>
		<arg name='tids'>10292,10444,10468,10472</arg>
		<arg name='syscalls'>0,1,1,1</arg>
		<arg name='calls'>5641015,0,0,0</arg>
	</msg>
	<!-- Heartbeat, tids = 10292,10444,10468,10472, syscallStatus = 0,1,1,1, calls = 6643269,0,0,0 -->
	<msg id='33' display='false' source='mc'>
		<type>HEARTBEAT</type>
		<severity>INFO</severity>
		<timestamp>Mon Oct 28 23:08:17 2019</timestamp>
		<arg name='tids'>10292,10444,10468,10472</arg>
		<arg name='syscalls'>0,1,1,1</arg>
		<arg name='calls'>6643269,0,0,0</arg>
	</msg>
	<!-- Heartbeat, tids = 10292,10444,10468,10472, syscallStatus = 0,1,1,1, calls = 7062698,0,0,0 -->
	<msg id='34' display='false' source='mc'>
		<type>HEARTBEAT</type>
		<severity>INFO</severity>
		<timestamp>Mon Oct 28 23:08:18 2019</timestamp>
		<arg name='tids'>10292,10444,10468,10472</arg>
		<arg name='syscalls'>0,1,1,1</arg>
		<arg name='calls'>7062698,0,0,0</arg>
	</msg>
	<!-- Heartbeat, tids = 10292,10444,10468,10472, syscallStatus = 0,1,1,1, calls = 6946108,0,0,0 -->
	<msg id='35' display='false' source='mc'>
		<type>HEARTBEAT</type>
		<severity>INFO</severity>
		<timestamp>Mon Oct 28 23:08:19 2019</timestamp>
		<arg name='tids'>10292,10444,10468,10472</arg>
		<arg name='syscalls'>0,1,1,1</arg>
		<arg name='calls'>6946108,0,0,0</arg>
	</msg>
	<!-- Heartbeat, tids = 10292,10444,10468,10472, syscallStatus = 0,1,1,1, calls = 1631881,0,0,0 -->
	<msg id='36' display='false' source='mc'>
		<type>HEARTBEAT</type>
		<severity>INFO</severity>
		<timestamp>Mon Oct 28 23:08:20 2019</timestamp>
		<arg name='tids'>10292,10444,10468,10472</arg>
		<arg name='syscalls'>0,1,1,1</arg>
		<arg name='calls'>1631881,0,0,0</arg>
	</msg>
	<!-- Heartbeat, tids = 10292,10444,10468,10472, syscallStatus = 0,1,1,1, calls = 0,0,0,0 -->
	<msg id='37' display='false' source='mc'>
		<type>HEARTBEAT</type>
		<severity>INFO</severity>
		<timestamp>Mon Oct 28 23:08:21 2019</timestamp>
		<arg name='tids'>10292,10444,10468,10472</arg>
		<arg name='syscalls'>0,1,1,1</arg>
		<arg name='calls'>0,0,0,0</arg>
	</msg>
	<!-- Heartbeat, tids = 10292,10444,10468,10472, syscallStatus = 0,1,1,1, calls = 0,0,0,0 -->
	<msg id='38' display='false' source='mc'>
		<type>HEARTBEAT</type>
		<severity>INFO</severity>
		<timestamp>Mon Oct 28 23:08:22 2019</timestamp>
		<arg name='tids'>10292,10444,10468,10472</arg>
		<arg name='syscalls'>0,1,1,1</arg>
		<arg name='calls'>0,0,0,0</arg>
	</msg>
	<!-- Heartbeat, tids = 10292,10444,10468,10472, syscallStatus = 0,1,1,1, calls = 0,0,0,0 -->
	<msg id='39' display='false' source='mc'>
		<type>HEARTBEAT</type>
		<severity>INFO</severity>
		<timestamp>Mon Oct 28 23:08:23 2019</timestamp>
		<arg name='tids'>10292,10444,10468,10472</arg>
		<arg name='syscalls'>0,1,1,1</arg>
		<arg name='calls'>0,0,0,0</arg>
	</msg>
	<!-- Heartbeat, tids = 10292,10444,10468,10472, syscallStatus = 0,1,1,1, calls = 0,0,0,0 -->
	<msg id='40' display='false' source='mc'>
		<type>HEARTBEAT</type>
		<severity>INFO</severity>
		<timestamp>Mon Oct 28 23:08:24 2019</timestamp>
		<arg name='tids'>10292,10444,10468,10472</arg>
		<arg name='syscalls'>0,1,1,1</arg>
		<arg name='calls'>0,0,0,0</arg>
	</msg>
	<!-- Heartbeat, tids = 10292,10444,10468,10472, syscallStatus = 0,1,1,1, calls = 0,0,0,0 -->
	<msg id='41' display='false' source='mc'>
		<type>HEARTBEAT</type>
		<severity>INFO</severity>
		<timestamp>Mon Oct 28 23:08:25 2019</timestamp>
		<arg name='tids'>10292,10444,10468,10472</arg>
		<arg name='syscalls'>0,1,1,1</arg>
		<arg name='calls'>0,0,0,0</arg>
	</msg>
	<!-- Heartbeat, tids = 10292,10444,10468,10472, syscallStatus = 0,1,1,1, calls = 0,0,0,0 -->
	<msg id='42' display='false' source='mc'>
		<type>HEARTBEAT</type>
		<severity>INFO</severity>
		<timestamp>Mon Oct 28 23:08:26 2019</timestamp>
		<arg name='tids'>10292,10444,10468,10472</arg>
		<arg name='syscalls'>0,1,1,1</arg>
		<arg name='calls'>0,0,0,0</arg>
	</msg>
	<!-- Heartbeat, tids = 10292,10444,10468,10472, syscallStatus = 0,1,1,1, calls = 0,0,0,0 -->
	<msg id='43' display='false' source='mc'>
		<type>HEARTBEAT</type>
		<severity>INFO</severity>
		<timestamp>Mon Oct 28 23:08:27 2019</timestamp>
		<arg name='tids'>10292,10444,10468,10472</arg>
		<arg name='syscalls'>0,1,1,1</arg>
		<arg name='calls'>0,0,0,0</arg>
	</msg>
	<!-- Heartbeat, tids = 10292,10444,10468,10472, syscallStatus = 0,1,1,1, calls = 0,0,0,0 -->
	<msg id='44' display='false' source='mc'>
		<type>HEARTBEAT</type>
		<severity>INFO</severity>
		<timestamp>Mon Oct 28 23:08:28 2019</timestamp>
		<arg name='tids'>10292,10444,10468,10472</arg>
		<arg name='syscalls'>0,1,1,1</arg>
		<arg name='calls'>0,0,0,0</arg>
	</msg>
	<!-- Heartbeat, tids = 10292,10444,10468,10472, syscallStatus = 0,1,1,1, calls = 0,0,0,0 -->
	<msg id='45' display='false' source='mc'>
		<type>HEARTBEAT</type>
		<severity>INFO</severity>
		<timestamp>Mon Oct 28 23:08:29 2019</timestamp>
		<arg name='tids'>10292,10444,10468,10472</arg>
		<arg name='syscalls'>0,1,1,1</arg>
		<arg name='calls'>0,0,0,0</arg>
	</msg>
	<!-- Heartbeat, tids = 10292,10444,10468,10472, syscallStatus = 0,1,1,1, calls = 0,0,0,0 -->
	<msg id='46' display='false' source='mc'>
		<type>HEARTBEAT</type>
		<severity>INFO</severity>
		<timestamp>Mon Oct 28 23:08:30 2019</timestamp>
		<arg name='tids'>10292,10444,10468,10472</arg>
		<arg name='syscalls'>0,1,1,1</arg>
		<arg name='calls'>0,0,0,0</arg>
	</msg>
	<!-- Heartbeat, tids = 10292,10444,10468,10472, syscallStatus = 0,1,1,1, calls = 0,0,0,0 -->
	<msg id='47' display='false' source='mc'>
		<type>HEARTBEAT</type>
		<severity>INFO</severity>
		<timestamp>Mon Oct 28 23:08:31 2019</timestamp>
		<arg name='tids'>10292,10444,10468,10472</arg>
		<arg name='syscalls'>0,1,1,1</arg>
		<arg name='calls'>0,0,0,0</arg>
	</msg>
	<!-- Heartbeat, tids = 10292,10444,10468,10472, syscallStatus = 0,1,1,1, calls = 0,0,0,0 -->
	<msg id='48' display='false' source='mc'>
		<type>HEARTBEAT</type>
		<severity>INFO</severity>
		<timestamp>Mon Oct 28 23:08:32 2019</timestamp>
		<arg name='tids'>10292,10444,10468,10472</arg>
		<arg name='syscalls'>0,1,1,1</arg>
		<arg name='calls'>0,0,0,0</arg>
	</msg>
	<!-- Heartbeat, tids = 10292,10444,10468,10472, syscallStatus = 0,1,1,1, calls = 0,0,0,0 -->
	<msg id='49' display='false' source='mc'>
		<type>HEARTBEAT</type>
		<severity>INFO</severity>
		<timestamp>Mon Oct 28 23:08:33 2019</timestamp>
		<arg name='tids'>10292,10444,10468,10472</arg>
		<arg name='syscalls'>0,1,1,1</arg>
		<arg name='calls'>0,0,0,0</arg>
	</msg>
	<!-- Heartbeat, tids = 10292,10444,10468,10472, syscallStatus = 0,1,1,1, calls = 0,0,0,0 -->
	<msg id='50' display='false' source='mc'>
		<type>HEARTBEAT</type>
		<severity>INFO</severity>
		<timestamp>Mon Oct 28 23:08:34 2019</timestamp>
		<arg name='tids'>10292,10444,10468,10472</arg>
		<arg name='syscalls'>0,1,1,1</arg>
		<arg name='calls'>0,0,0,0</arg>
	</msg>
	<!-- Heartbeat, tids = 10292,10444,10468,10472, syscallStatus = 0,1,1,1, calls = 0,0,0,0 -->
	<msg id='51' display='false' source='mc'>
		<type>HEARTBEAT</type>
		<severity>INFO</severity>
		<timestamp>Mon Oct 28 23:08:35 2019</timestamp>
		<arg name='tids'>10292,10444,10468,10472</arg>
		<arg name='syscalls'>0,1,1,1</arg>
		<arg name='calls'>0,0,0,0</arg>
	</msg>
	<!-- Heartbeat, tids = 10292,10444,10468,10472, syscallStatus = 0,1,1,1, calls = 0,0,0,0 -->
	<msg id='52' display='false' source='mc'>
		<type>HEARTBEAT</type>
		<severity>INFO</severity>
		<timestamp>Mon Oct 28 23:08:36 2019</timestamp>
		<arg name='tids'>10292,10444,10468,10472</arg>
		<arg name='syscalls'>0,1,1,1</arg>
		<arg name='calls'>0,0,0,0</arg>
	</msg>
	<!-- Heartbeat, tids = 10292,10444,10468,10472, syscallStatus = 0,1,1,1, calls = 0,0,0,0 -->
	<msg id='53' display='false' source='mc'>
		<type>HEARTBEAT</type>
		<severity>INFO</severity>
		<timestamp>Mon Oct 28 23:08:37 2019</timestamp>
		<arg name='tids'>10292,10444,10468,10472</arg>
		<arg name='syscalls'>0,1,1,1</arg>
		<arg name='calls'>0,0,0,0</arg>
	</msg>
	<!-- Heartbeat, tids = 10292,10444,10468,10472, syscallStatus = 0,1,1,1, calls = 0,0,0,0 -->
	<msg id='54' display='false' source='mc'>
		<type>HEARTBEAT</type>
		<severity>INFO</severity>
		<timestamp>Mon Oct 28 23:08:38 2019</timestamp>
		<arg name='tids'>10292,10444,10468,10472</arg>
		<arg name='syscalls'>0,1,1,1</arg>
		<arg name='calls'>0,0,0,0</arg>
	</msg>
	<!-- Heartbeat, tids = 10292,10444,10468,10472, syscallStatus = 0,1,1,1, calls = 0,0,0,0 -->
	<msg id='55' display='false' source='mc'>
		<type>HEARTBEAT</type>
		<severity>INFO</severity>
		<timestamp>Mon Oct 28 23:08:39 2019</timestamp>
		<arg name='tids'>10292,10444,10468,10472</arg>
		<arg name='syscalls'>0,1,1,1</arg>
		<arg name='calls'>0,0,0,0</arg>
	</msg>
	<!-- Heartbeat, tids = 10292,10444,10468,10472, syscallStatus = 0,1,1,1, calls = 0,0,0,0 -->
	<msg id='56' display='false' source='mc'>
		<type>HEARTBEAT</type>
		<severity>INFO</severity>
		<timestamp>Mon Oct 28 23:08:40 2019</timestamp>
		<arg name='tids'>10292,10444,10468,10472</arg>
		<arg name='syscalls'>0,1,1,1</arg>
		<arg name='calls'>0,0,0,0</arg>
	</msg>
	<!-- Heartbeat, tids = 10292,10444,10468,10472, syscallStatus = 0,1,1,1, calls = 0,0,0,0 -->
	<msg id='57' display='false' source='mc'>
		<type>HEARTBEAT</type>
		<severity>INFO</severity>
		<timestamp>Mon Oct 28 23:08:41 2019</timestamp>
		<arg name='tids'>10292,10444,10468,10472</arg>
		<arg name='syscalls'>0,1,1,1</arg>
		<arg name='calls'>0,0,0,0</arg>
	</msg>
	<!-- Heartbeat, tids = 10292,10444,10468,10472, syscallStatus = 0,1,1,1, calls = 0,0,0,0 -->
	<msg id='58' display='false' source='mc'>
		<type>HEARTBEAT</type>
		<severity>INFO</severity>
		<timestamp>Mon Oct 28 23:08:42 2019</timestamp>
		<arg name='tids'>10292,10444,10468,10472</arg>
		<arg name='syscalls'>0,1,1,1</arg>
		<arg name='calls'>0,0,0,0</arg>
	</msg>
	<!-- Heartbeat, tids = 10292,10444,10468,10472, syscallStatus = 0,1,1,1, calls = 0,0,0,0 -->
	<msg id='59' display='false' source='mc'>
		<type>HEARTBEAT</type>
		<severity>INFO</severity>
		<timestamp>Mon Oct 28 23:08:43 2019</timestamp>
		<arg name='tids'>10292,10444,10468,10472</arg>
		<arg name='syscalls'>0,1,1,1</arg>
		<arg name='calls'>0,0,0,0</arg>
	</msg>
	<!-- Heartbeat, tids = 10292,10444,10468,10472, syscallStatus = 0,1,1,1, calls = 0,0,0,0 -->
	<msg id='60' display='false' source='mc'>
		<type>HEARTBEAT</type>
		<severity>INFO</severity>
		<timestamp>Mon Oct 28 23:08:44 2019</timestamp>
		<arg name='tids'>10292,10444,10468,10472</arg>
		<arg name='syscalls'>0,1,1,1</arg>
		<arg name='calls'>0,0,0,0</arg>
	</msg>
	<!-- Heartbeat, tids = 10292,10444,10468,10472, syscallStatus = 0,1,1,1, calls = 0,0,0,0 -->
	<msg id='61' display='false' source='mc'>
		<type>HEARTBEAT</type>
		<severity>INFO</severity>
		<timestamp>Mon Oct 28 23:08:45 2019</timestamp>
		<arg name='tids'>10292,10444,10468,10472</arg>
		<arg name='syscalls'>0,1,1,1</arg>
		<arg name='calls'>0,0,0,0</arg>
	</msg>
	<!-- Heartbeat, tids = 10292,10444,10468,10472, syscallStatus = 0,1,1,1, calls = 0,0,0,0 -->
	<msg id='62' display='false' source='mc'>
		<type>HEARTBEAT</type>
		<severity>INFO</severity>
		<timestamp>Mon Oct 28 23:08:46 2019</timestamp>
		<arg name='tids'>10292,10444,10468,10472</arg>
		<arg name='syscalls'>0,1,1,1</arg>
		<arg name='calls'>0,0,0,0</arg>
	</msg>
	<!-- Heartbeat, tids = 10292,10444,10468,10472, syscallStatus = 0,1,1,1, calls = 0,0,0,0 -->
	<msg id='63' display='false' source='mc'>
		<type>HEARTBEAT</type>
		<severity>INFO</severity>
		<timestamp>Mon Oct 28 23:08:47 2019</timestamp>
		<arg name='tids'>10292,10444,10468,10472</arg>
		<arg name='syscalls'>0,1,1,1</arg>
		<arg name='calls'>0,0,0,0</arg>
	</msg>
	<!-- Heartbeat, tids = 10292,10444,10468,10472, syscallStatus = 0,1,1,1, calls = 0,0,0,0 -->
	<msg id='64' display='false' source='mc'>
		<type>HEARTBEAT</type>
		<severity>INFO</severity>
		<timestamp>Mon Oct 28 23:08:48 2019</timestamp>
		<arg name='tids'>10292,10444,10468,10472</arg>
		<arg name='syscalls'>0,1,1,1</arg>
		<arg name='calls'>0,0,0,0</arg>
	</msg>
	<!-- Heartbeat, tids = 10292,10444,10468,10472, syscallStatus = 0,1,1,1, calls = 0,0,0,0 -->
	<msg id='65' display='false' source='mc'>
		<type>HEARTBEAT</type>
		<severity>INFO</severity>
		<timestamp>Mon Oct 28 23:08:49 2019</timestamp>
		<arg name='tids'>10292,10444,10468,10472</arg>
		<arg name='syscalls'>0,1,1,1</arg>
		<arg name='calls'>0,0,0,0</arg>
	</msg>
	<!-- Heartbeat, tids = 10292,10444,10468,10472, syscallStatus = 0,1,1,1, calls = 0,0,0,0 -->
	<msg id='66' display='false' source='mc'>
		<type>HEARTBEAT</type>
		<severity>INFO</severity>
		<timestamp>Mon Oct 28 23:08:50 2019</timestamp>
		<arg name='tids'>10292,10444,10468,10472</arg>
		<arg name='syscalls'>0,1,1,1</arg>
		<arg name='calls'>0,0,0,0</arg>
	</msg>
	<!-- Heartbeat, tids = 10292,10444,10468,10472, syscallStatus = 0,1,1,1, calls = 0,0,0,0 -->
	<msg id='67' display='false' source='mc'>
		<type>HEARTBEAT</type>
		<severity>INFO</severity>
		<timestamp>Mon Oct 28 23:08:51 2019</timestamp>
		<arg name='tids'>10292,10444,10468,10472</arg>
		<arg name='syscalls'>0,1,1,1</arg>
		<arg name='calls'>0,0,0,0</arg>
	</msg>
	<!-- Heartbeat, tids = 10292,10444,10468,10472, syscallStatus = 0,1,1,1, calls = 0,0,0,0 -->
	<msg id='68' display='false' source='mc'>
		<type>HEARTBEAT</type>
		<severity>INFO</severity>
		<timestamp>Mon Oct 28 23:08:52 2019</timestamp>
		<arg name='tids'>10292,10444,10468,10472</arg>
		<arg name='syscalls'>0,1,1,1</arg>
		<arg name='calls'>0,0,0,0</arg>
	</msg>
	<!-- Heartbeat, tids = 10292,10444,10468,10472, syscallStatus = 0,1,1,1, calls = 0,0,0,0 -->
	<msg id='69' display='false' source='mc'>
		<type>HEARTBEAT</type>
		<severity>INFO</severity>
		<timestamp>Mon Oct 28 23:08:53 2019</timestamp>
		<arg name='tids'>10292,10444,10468,10472</arg>
		<arg name='syscalls'>0,1,1,1</arg>
		<arg name='calls'>0,0,0,0</arg>
	</msg>
	<!-- Heartbeat, tids = 10292,10444,10468,10472, syscallStatus = 0,1,1,1, calls = 0,0,0,0 -->
	<msg id='70' display='false' source='mc'>
		<type>HEARTBEAT</type>
		<severity>INFO</severity>
		<timestamp>Mon Oct 28 23:08:54 2019</timestamp>
		<arg name='tids'>10292,10444,10468,10472</arg>
		<arg name='syscalls'>0,1,1,1</arg>
		<arg name='calls'>0,0,0,0</arg>
	</msg>
	<!-- Heartbeat, tids = 10292,10444,10468,10472, syscallStatus = 0,1,1,1, calls = 0,0,0,0 -->
	<msg id='71' display='false' source='mc'>
		<type>HEARTBEAT</type>
		<severity>INFO</severity>
		<timestamp>Mon Oct 28 23:08:55 2019</timestamp>
		<arg name='tids'>10292,10444,10468,10472</arg>
		<arg name='syscalls'>0,1,1,1</arg>
		<arg name='calls'>0,0,0,0</arg>
	</msg>
	<!-- Heartbeat, tids = 10292,10444,10468,10472, syscallStatus = 0,1,1,1, calls = 0,0,0,0 -->
	<msg id='72' display='false' source='mc'>
		<type>HEARTBEAT</type>
		<severity>INFO</severity>
		<timestamp>Mon Oct 28 23:08:56 2019</timestamp>
		<arg name='tids'>10292,10444,10468,10472</arg>
		<arg name='syscalls'>0,1,1,1</arg>
		<arg name='calls'>0,0,0,0</arg>
	</msg>
	<!-- Heartbeat, tids = 10292,10444,10468,10472, syscallStatus = 0,1,1,1, calls = 0,0,0,0 -->
	<msg id='73' display='false' source='mc'>
		<type>HEARTBEAT</type>
		<severity>INFO</severity>
		<timestamp>Mon Oct 28 23:08:57 2019</timestamp>
		<arg name='tids'>10292,10444,10468,10472</arg>
		<arg name='syscalls'>0,1,1,1</arg>
		<arg name='calls'>0,0,0,0</arg>
	</msg>
	<!-- Heartbeat, tids = 10292,10444,10468,10472, syscallStatus = 0,1,1,1, calls = 0,0,0,0 -->
	<msg id='74' display='false' source='mc'>
		<type>HEARTBEAT</type>
		<severity>INFO</severity>
		<timestamp>Mon Oct 28 23:08:58 2019</timestamp>
		<arg name='tids'>10292,10444,10468,10472</arg>
		<arg name='syscalls'>0,1,1,1</arg>
		<arg name='calls'>0,0,0,0</arg>
	</msg>
	<!-- Heartbeat, tids = 10292,10444,10468,10472, syscallStatus = 0,1,1,1, calls = 0,0,0,0 -->
	<msg id='75' display='false' source='mc'>
		<type>HEARTBEAT</type>
		<severity>INFO</severity>
		<timestamp>Mon Oct 28 23:08:59 2019</timestamp>
		<arg name='tids'>10292,10444,10468,10472</arg>
		<arg name='syscalls'>0,1,1,1</arg>
		<arg name='calls'>0,0,0,0</arg>
	</msg>
	<!-- Heartbeat, tids = 10292,10444,10468,10472, syscallStatus = 0,1,1,1, calls = 0,0,0,0 -->
	<msg id='76' display='false' source='mc'>
		<type>HEARTBEAT</type>
		<severity>INFO</severity>
		<timestamp>Mon Oct 28 23:09:00 2019</timestamp>
		<arg name='tids'>10292,10444,10468,10472</arg>
		<arg name='syscalls'>0,1,1,1</arg>
		<arg name='calls'>0,0,0,0</arg>
	</msg>
	<!-- Heartbeat, tids = 10292,10444,10468,10472, syscallStatus = 0,1,1,1, calls = 0,0,0,0 -->
	<msg id='77' display='false' source='mc'>
		<type>HEARTBEAT</type>
		<severity>INFO</severity>
		<timestamp>Mon Oct 28 23:09:01 2019</timestamp>
		<arg name='tids'>10292,10444,10468,10472</arg>
		<arg name='syscalls'>0,1,1,1</arg>
		<arg name='calls'>0,0,0,0</arg>
	</msg>
	<!-- Heartbeat, tids = 10292,10444,10468,10472, syscallStatus = 0,1,1,1, calls = 0,0,0,0 -->
	<msg id='78' display='false' source='mc'>
		<type>HEARTBEAT</type>
		<severity>INFO</severity>
		<timestamp>Mon Oct 28 23:09:02 2019</timestamp>
		<arg name='tids'>10292,10444,10468,10472</arg>
		<arg name='syscalls'>0,1,1,1</arg>
		<arg name='calls'>0,0,0,0</arg>
	</msg>
	<!-- Heartbeat, tids = 10292,10444,10468,10472, syscallStatus = 0,1,1,1, calls = 0,0,0,0 -->
	<msg id='79' display='false' source='mc'>
		<type>HEARTBEAT</type>
		<severity>INFO</severity>
		<timestamp>Mon Oct 28 23:09:03 2019</timestamp>
		<arg name='tids'>10292,10444,10468,10472</arg>
		<arg name='syscalls'>0,1,1,1</arg>
		<arg name='calls'>0,0,0,0</arg>
	</msg>
	<!-- DIAG: 5 -->
	<!-- DIAG: 6 -->
	<!-- DIAG: 7 -->
	<!-- Heartbeat, tids = 10292, syscallStatus = 0, calls = 0 -->
	<msg id='80' display='false' source='mc'>
		<type>HEARTBEAT</type>
		<severity>INFO</severity>
		<timestamp>Mon Oct 28 23:09:04 2019</timestamp>
		<arg name='tids'>10292</arg>
		<arg name='syscalls'>0</arg>
		<arg name='calls'>0</arg>
	</msg>
	<!-- Heartbeat, tids = 10292, syscallStatus = 0, calls = 0 -->
	<msg id='81' display='false' source='mc'>
		<type>HEARTBEAT</type>
		<severity>INFO</severity>
		<timestamp>Mon Oct 28 23:09:05 2019</timestamp>
		<arg name='tids'>10292</arg>
		<arg name='syscalls'>0</arg>
		<arg name='calls'>0</arg>
	</msg>
	<!-- Heartbeat, tids = 10292, syscallStatus = 0, calls = 0 -->
	<msg id='82' display='false' source='mc'>
		<type>HEARTBEAT</type>
		<severity>INFO</severity>
		<timestamp>Mon Oct 28 23:09:06 2019</timestamp>
		<arg name='tids'>10292</arg>
		<arg name='syscalls'>0</arg>
		<arg name='calls'>0</arg>
	</msg>
	<!-- Heartbeat, tids = 10292, syscallStatus = 0, calls = 0 -->
	<msg id='83' display='false' source='mc'>
		<type>HEARTBEAT</type>
		<severity>INFO</severity>
		<timestamp>Mon Oct 28 23:09:07 2019</timestamp>
		<arg name='tids'>10292</arg>
		<arg name='syscalls'>0</arg>
		<arg name='calls'>0</arg>
	</msg>
	<!-- Heartbeat, tids = 10292, syscallStatus = 0, calls = 0 -->
	<msg id='84' display='false' source='mc'>
		<type>HEARTBEAT</type>
		<severity>INFO</severity>
		<timestamp>Mon Oct 28 23:09:08 2019</timestamp>
		<arg name='tids'>10292</arg>
		<arg name='syscalls'>0</arg>
		<arg name='calls'>0</arg>
	</msg>
	<!-- DIAG: 8 -->
	<!-- Heartbeat, tids = 10292,10396, syscallStatus = 0,0, calls = 0,483 -->
	<msg id='85' display='false' source='mc'>
		<type>HEARTBEAT</type>
		<severity>INFO</severity>
		<timestamp>Mon Oct 28 23:09:09 2019</timestamp>
		<arg name='tids'>10292,10396</arg>
		<arg name='syscalls'>0,0</arg>
		<arg name='calls'>0,483</arg>
	</msg>
	<!-- DIAG: 9 -->
	<!-- Process F:\Intel_parallel_studio\projects\task3\x64\Debug\task3.exe exited with code 0. Leak analysis starting - this may take a while. -->
	<msg id='86' source='mc'>
		<type>PROCESS_COMPLETE</type>
		<severity>INFO</severity>
		<timestamp>Mon Oct 28 23:09:09 2019</timestamp>
		<arg name='path'>F:\Intel_parallel_studio\projects\task3\x64\Debug\task3.exe</arg>
		<arg name='code'>0</arg>
	</msg>
	<!-- DIAG: 10 -->
	<!-- Module unloaded F:\Intel_parallel_studio\projects\task3\x64\Debug\task3.exe -->
	<msg id='87' source='mc'>
		<type>MODULE_UNLOAD</type>
		<severity>INFO</severity>
		<timestamp>Mon Oct 28 23:09:09 2019</timestamp>
		<arg name='path'>F:\Intel_parallel_studio\projects\task3\x64\Debug\task3.exe</arg>
	</msg>
	<!-- Module unloaded C:\Program Files (x86)\IntelSWTools\Inspector 2019\bin64\dnclrprof.dll -->
	<msg id='88' source='mc'>
		<type>MODULE_UNLOAD</type>
		<severity>INFO</severity>
		<timestamp>Mon Oct 28 23:09:09 2019</timestamp>
		<arg name='path'>C:\Program Files (x86)\IntelSWTools\Inspector 2019\bin64\dnclrprof.dll</arg>
	</msg>
	<!-- Module unloaded C:\Windows\System32\bcryptPrimitives.dll -->
	<msg id='89' source='mc'>
		<type>MODULE_UNLOAD</type>
		<severity>INFO</severity>
		<timestamp>Mon Oct 28 23:09:09 2019</timestamp>
		<arg name='path'>C:\Windows\System32\bcryptPrimitives.dll</arg>
	</msg>
	<!-- Module unloaded C:\Windows\System32\gdi32full.dll -->
	<msg id='90' source='mc'>
		<type>MODULE_UNLOAD</type>
		<severity>INFO</severity>
		<timestamp>Mon Oct 28 23:09:09 2019</timestamp>
		<arg name='path'>C:\Windows\System32\gdi32full.dll</arg>
	</msg>
	<!-- Module unloaded C:\Windows\System32\ucrtbase.dll -->
	<msg id='91' source='mc'>
		<type>MODULE_UNLOAD</type>
		<severity>INFO</severity>
		<timestamp>Mon Oct 28 23:09:09 2019</timestamp>
		<arg name='path'>C:\Windows\System32\ucrtbase.dll</arg>
	</msg>
	<!-- Module unloaded C:\Windows\System32\win32u.dll -->
	<msg id='92' source='mc'>
		<type>MODULE_UNLOAD</type>
		<severity>INFO</severity>
		<timestamp>Mon Oct 28 23:09:09 2019</timestamp>
		<arg name='path'>C:\Windows\System32\win32u.dll</arg>
	</msg>
	<!-- Module unloaded C:\Windows\System32\KERNELBASE.dll -->
	<msg id='93' source='mc'>
		<type>MODULE_UNLOAD</type>
		<severity>INFO</severity>
		<timestamp>Mon Oct 28 23:09:09 2019</timestamp>
		<arg name='path'>C:\Windows\System32\KERNELBASE.dll</arg>
	</msg>
	<!-- Module unloaded C:\Windows\System32\IMM32.DLL -->
	<msg id='94' source='mc'>
		<type>MODULE_UNLOAD</type>
		<severity>INFO</severity>
		<timestamp>Mon Oct 28 23:09:09 2019</timestamp>
		<arg name='path'>C:\Windows\System32\IMM32.DLL</arg>
	</msg>
	<!-- Module unloaded C:\Windows\System32\USER32.dll -->
	<msg id='95' source='mc'>
		<type>MODULE_UNLOAD</type>
		<severity>INFO</severity>
		<timestamp>Mon Oct 28 23:09:09 2019</timestamp>
		<arg name='path'>C:\Windows\System32\USER32.dll</arg>
	</msg>
	<!-- Module unloaded C:\Windows\System32\KERNEL32.DLL -->
	<msg id='96' source='mc'>
		<type>MODULE_UNLOAD</type>
		<severity>INFO</severity>
		<timestamp>Mon Oct 28 23:09:09 2019</timestamp>
		<arg name='path'>C:\Windows\System32\KERNEL32.DLL</arg>
	</msg>
	<!-- Module unloaded C:\Windows\System32\RPCRT4.dll -->
	<msg id='97' source='mc'>
		<type>MODULE_UNLOAD</type>
		<severity>INFO</severity>
		<timestamp>Mon Oct 28 23:09:09 2019</timestamp>
		<arg name='path'>C:\Windows\System32\RPCRT4.dll</arg>
	</msg>
	<!-- Module unloaded C:\Windows\System32\ole32.dll -->
	<msg id='98' source='mc'>
		<type>MODULE_UNLOAD</type>
		<severity>INFO</severity>
		<timestamp>Mon Oct 28 23:09:09 2019</timestamp>
		<arg name='path'>C:\Windows\System32\ole32.dll</arg>
	</msg>
	<!-- Module unloaded C:\Windows\System32\combase.dll -->
	<msg id='99' source='mc'>
		<type>MODULE_UNLOAD</type>
		<severity>INFO</severity>
		<timestamp>Mon Oct 28 23:09:09 2019</timestamp>
		<arg name='path'>C:\Windows\System32\combase.dll</arg>
	</msg>
	<!-- Module unloaded C:\Windows\System32\sechost.dll -->
	<msg id='100' source='mc'>
		<type>MODULE_UNLOAD</type>
		<severity>INFO</severity>
		<timestamp>Mon Oct 28 23:09:09 2019</timestamp>
		<arg name='path'>C:\Windows\System32\sechost.dll</arg>
	</msg>
	<!-- Module unloaded C:\Windows\System32\msvcrt.dll -->
	<msg id='101' source='mc'>
		<type>MODULE_UNLOAD</type>
		<severity>INFO</severity>
		<timestamp>Mon Oct 28 23:09:09 2019</timestamp>
		<arg name='path'>C:\Windows\System32\msvcrt.dll</arg>
	</msg>
	<!-- Module unloaded C:\Windows\System32\ADVAPI32.dll -->
	<msg id='102' source='mc'>
		<type>MODULE_UNLOAD</type>
		<severity>INFO</severity>
		<timestamp>Mon Oct 28 23:09:09 2019</timestamp>
		<arg name='path'>C:\Windows\System32\ADVAPI32.dll</arg>
	</msg>
	<!-- Module unloaded C:\Windows\System32\GDI32.dll -->
	<msg id='103' source='mc'>
		<type>MODULE_UNLOAD</type>
		<severity>INFO</severity>
		<timestamp>Mon Oct 28 23:09:09 2019</timestamp>
		<arg name='path'>C:\Windows\System32\GDI32.dll</arg>
	</msg>
	<!-- Module unloaded C:\Windows\SYSTEM32\ntdll.dll -->
	<msg id='104' source='mc'>
		<type>MODULE_UNLOAD</type>
		<severity>INFO</severity>
		<timestamp>Mon Oct 28 23:09:09 2019</timestamp>
		<arg name='path'>C:\Windows\SYSTEM32\ntdll.dll</arg>
	</msg>
	<!-- Module unloaded C:\Windows\SYSTEM32\MSVCP140D.dll -->
	<msg id='105' source='mc'>
		<type>MODULE_UNLOAD</type>
		<severity>INFO</severity>
		<timestamp>Mon Oct 28 23:09:09 2019</timestamp>
		<arg name='path'>C:\Windows\SYSTEM32\MSVCP140D.dll</arg>
	</msg>
	<!-- Module unloaded C:\Windows\SYSTEM32\ucrtbased.dll -->
	<msg id='106' source='mc'>
		<type>MODULE_UNLOAD</type>
		<severity>INFO</severity>
		<timestamp>Mon Oct 28 23:09:09 2019</timestamp>
		<arg name='path'>C:\Windows\SYSTEM32\ucrtbased.dll</arg>
	</msg>
	<!-- Module unloaded C:\Windows\SYSTEM32\VCRUNTIME140D.dll -->
	<msg id='107' source='mc'>
		<type>MODULE_UNLOAD</type>
		<severity>INFO</severity>
		<timestamp>Mon Oct 28 23:09:09 2019</timestamp>
		<arg name='path'>C:\Windows\SYSTEM32\VCRUNTIME140D.dll</arg>
	</msg>
	<!-- Module unloaded C:\Program Files (x86)\IntelSWTools\compilers_and_libraries_2019\windows\redist\intel64\compiler\cilkrts20.dll -->
	<msg id='108' source='mc'>
		<type>MODULE_UNLOAD</type>
		<severity>INFO</severity>
		<timestamp>Mon Oct 28 23:09:09 2019</timestamp>
		<arg name='path'>C:\Program Files (x86)\IntelSWTools\compilers_and_libraries_2019\windows\redist\intel64\compiler\cilkrts20.dll</arg>
	</msg>
	<!-- Module unloaded C:\Program Files (x86)\IntelSWTools\Inspector 2019\bin64\runtime\libittnotify.dll -->
	<msg id='109' source='mc'>
		<type>MODULE_UNLOAD</type>
		<severity>INFO</severity>
		<timestamp>Mon Oct 28 23:09:09 2019</timestamp>
		<arg name='path'>C:\Program Files (x86)\IntelSWTools\Inspector 2019\bin64\runtime\libittnotify.dll</arg>
	</msg>
	<!-- DIAG: 11 -->
	<!-- DIAG: 12 -->
	<!-- DIAG: 13 -->
	<!-- DIAG: 14 -->
	<!-- DIAG: 15 -->
	<!-- Analysis completed for F:\Intel_parallel_studio\projects\task3\x64\Debug\task3.exe -->
	<msg id='110' source='mc'>
		<type>ANALYSIS_COMPLETE</type>
		<severity>INFO</severity>
		<timestamp>Mon Oct 28 23:09:09 2019</timestamp>
		<arg name='path'>F:\Intel_parallel_studio\projects\task3\x64\Debug\task3.exe</arg>
	</msg>