<?xml version="1.0" encoding="UTF-8"?>
<feedback>
 <message severity="info">Analysis started...</message>
 <nop/>
 <message severity="info">Result file: F:\Intel_parallel_studio\projects\task3\task3\My Inspector Results - task3\r002ti3\r002ti3.inspxe </message>
 <nop/>
 <message severity="info">Found target process f:\intel_parallel_studio\projects\task3\x64\release\task3.exe (PID = 10992). Analysis started... </message>
 <nop/>
 <message severity="info">Loaded module: f:\intel_parallel_studio\projects\task3\x64\release\task3.exe. </message>
 <nop/>
 <message severity="info">Loaded module: c:\windows\system32\kernelbase.dll. </message>
 <nop/>
 <message severity="info">Loaded module: c:\windows\system32\kernel32.dll. </message>
 <nop/>
 <message severity="info">Loaded module: c:\windows\system32\ntdll.dll. </message>
 <nop/>
 <message severity="info">Loaded module: c:\windows\system32\ucrtbase.dll. </message>
 <nop/>
 <message severity="info">Loaded module: c:\windows\system32\vcruntime140.dll. </message>
 <nop/>
 <message severity="info">Loaded module: c:\program files (x86)\intelswtools\compilers_and_libraries_2019\windows\redist\intel64\compiler\cilkrts20.dll. </message>
 <nop/>
 <message severity="info">Loaded module: c:\windows\system32\msvcp140.dll. </message>
 <nop/>
 <message severity="info">Loaded module: c:\windows\system32\user32.dll. </message>
 <nop/>
 <message severity="info">Loaded module: c:\windows\system32\win32u.dll. </message>
 <nop/>
 <message severity="info">Loaded module: c:\windows\system32\gdi32.dll. </message>
 <nop/>
 <message severity="info">Loaded module: c:\windows\system32\gdi32full.dll. </message>
 <nop/>
 <message severity="info">Loaded module: c:\windows\system32\imm32.dll. </message>
 <nop/>
 <message severity="info">Loaded module: c:\program files (x86)\intelswtools\inspector 2019\bin64\runtime\libittnotify.dll. </message>
 <nop/>
 <message severity="info">Loaded module: c:\windows\system32\kernel.appcore.dll. </message>
 <nop/>
 <message severity="info">Loaded module: c:\windows\system32\msvcrt.dll. </message>
 <nop/>
 <message severity="info">Loaded module: c:\windows\system32\rpcrt4.dll. </message>
 <nop/>
 <message severity="info">Unloaded module: f:\intel_parallel_studio\projects\task3\x64\release\task3.exe. </message>
 <nop/>
 <message severity="info">Unloaded module: c:\windows\system32\kernelbase.dll. </message>
 <nop/>
 <message severity="info">Unloaded module: c:\windows\system32\kernel32.dll. </message>
 <nop/>
 <message severity="info">Unloaded module: c:\windows\system32\ntdll.dll. </message>
 <nop/>
 <message severity="info">Unloaded module: c:\windows\system32\ucrtbase.dll. </message>
 <nop/>
 <message severity="info">Unloaded module: c:\windows\system32\vcruntime140.dll. </message>
 <nop/>
 <message severity="info">Unloaded module: c:\program files (x86)\intelswtools\compilers_and_libraries_2019\windows\redist\intel64\compiler\cilkrts20.dll. </message>
 <nop/>
 <message severity="info">Unloaded module: c:\windows\system32\msvcp140.dll. </message>
 <nop/>
 <message severity="info">Unloaded module: c:\windows\system32\user32.dll. </message>
 <nop/>
 <message severity="info">Unloaded module: c:\windows\system32\win32u.dll. </message>
 <nop/>
 <message severity="info">Unloaded module: c:\windows\system32\gdi32.dll. </message>
 <nop/>
 <message severity="info">Unloaded module: c:\windows\system32\gdi32full.dll. </message>
 <nop/>
 <message severity="info">Unloaded module: c:\windows\system32\imm32.dll. </message>
 <nop/>
 <message severity="info">Unloaded module: c:\program files (x86)\intelswtools\inspector 2019\bin64\runtime\libittnotify.dll. </message>
 <nop/>
 <message severity="info">Unloaded module: c:\windows\system32\kernel.appcore.dll. </message>
 <nop/>
 <message severity="info">Unloaded module: c:\windows\system32\msvcrt.dll. </message>
 <nop/>
 <message severity="info">Unloaded module: c:\windows\system32\rpcrt4.dll. </message>
 <nop/>
 <message severity="info">Process f:\intel_parallel_studio\projects\task3\x64\release\task3.exe (PID = 10992) has terminated. </message>
 <nop/>
 <message severity="info">Application exit code: 0 </message>
 <nop/>
 <message severity="info">Result file: F:\Intel_parallel_studio\projects\task3\task3\My Inspector Results - task3\r002ti3\r002ti3.inspxe </message>
 <nop/>
 <message severity="info">Analysis completed</message>
 <nop/>
</feedback>
