<?xml version="1.0" encoding="utf-8"?>
<log version="1.0" tool="runtool">

<msg id="1" tool="runtool">
  <type>log-start</type>
  <arg>2019/10/28 23:01:36</arg>
</msg>
<msg id="2" tool="runtool">
  <type>collector-starts</type>
</msg>
<msg id="3" tool="runtool">
  <type>marker-file</type>
  <arg>F:\Intel_parallel_studio\projects\task3\task3\My Inspector Results - task3\r000ti3\r000ti3.inspxe</arg>
</msg>
<msg id="4" tool="tc">
  <type>START</type>
  <severity>INFO</severity>
  <timestamp>Mon Oct 28 23:01:36 2019</timestamp>
</msg>
<msg id="5" tool="tc">
  <type>EXEC_OF_INTEREST</type>
  <arg>f:\intel_parallel_studio\projects\task3\x64\debug\task3.exe</arg>
  <arg>4324</arg>
  <severity>INFO</severity>
  <timestamp>Mon Oct 28 23:01:36 2019</timestamp>
</msg>
<msg id="6" tool="tc">
  <type>LOAD_MODULE</type>
  <arg>f:\intel_parallel_studio\projects\task3\x64\debug\task3.exe</arg>
  <arg>0x7ff74e770000</arg>
  <arg>0x7ff74e787fff</arg>
  <severity>INFO</severity>
  <timestamp>Mon Oct 28 23:01:36 2019</timestamp>
</msg>
<msg id="7" tool="tc">
  <type>LOAD_MODULE</type>
  <arg>c:\windows\system32\kernelbase.dll</arg>
  <arg>0x7ffaaa9a0000</arg>
  <arg>0x7ffaaabbcfff</arg>
  <severity>INFO</severity>
  <timestamp>Mon Oct 28 23:01:36 2019</timestamp>
</msg>
<msg id="8" tool="tc">
  <type>LOAD_MODULE</type>
  <arg>c:\windows\system32\kernel32.dll</arg>
  <arg>0x7ffaab030000</arg>
  <arg>0x7ffaab0dafff</arg>
  <severity>INFO</severity>
  <timestamp>Mon Oct 28 23:01:36 2019</timestamp>
</msg>
<msg id="9" tool="tc">
  <type>LOAD_MODULE</type>
  <arg>c:\windows\system32\ntdll.dll</arg>
  <arg>0x7ffaad900000</arg>
  <arg>0x7ffaadad0fff</arg>
  <severity>INFO</severity>
  <timestamp>Mon Oct 28 23:01:36 2019</timestamp>
</msg>
<msg id="10" tool="tc">
  <type>LOAD_MODULE</type>
  <arg>c:\windows\system32\vcruntime140d.dll</arg>
  <arg>0x7ffa93b20000</arg>
  <arg>0x7ffa93b41fff</arg>
  <severity>INFO</severity>
  <timestamp>Mon Oct 28 23:01:37 2019</timestamp>
</msg>
<msg id="11" tool="tc">
  <type>LOAD_MODULE</type>
  <arg>c:\windows\system32\msvcp140d.dll</arg>
  <arg>0x7ffa52280000</arg>
  <arg>0x7ffa52370fff</arg>
  <severity>INFO</severity>
  <timestamp>Mon Oct 28 23:01:37 2019</timestamp>
</msg>
<msg id="12" tool="tc">
  <type>LOAD_MODULE</type>
  <arg>c:\windows\system32\ucrtbased.dll</arg>
  <arg>0x7ffa45bd0000</arg>
  <arg>0x7ffa45d91fff</arg>
  <severity>INFO</severity>
  <timestamp>Mon Oct 28 23:01:38 2019</timestamp>
</msg>
<msg id="13" tool="tc">
  <type>LOAD_MODULE</type>
  <arg>c:\program files (x86)\intelswtools\compilers_and_libraries_2019\windows\redist\intel64\compiler\cilkrts20.dll</arg>
  <arg>0x7ffa531f0000</arg>
  <arg>0x7ffa53242fff</arg>
  <severity>INFO</severity>
  <timestamp>Mon Oct 28 23:01:38 2019</timestamp>
</msg>
<msg id="14" tool="tc">
  <type>LOAD_MODULE</type>
  <arg>c:\windows\system32\user32.dll</arg>
  <arg>0x7ffaaaec0000</arg>
  <arg>0x7ffaab024fff</arg>
  <severity>INFO</severity>
  <timestamp>Mon Oct 28 23:01:38 2019</timestamp>
</msg>
<msg id="15" tool="tc">
  <type>LOAD_MODULE</type>
  <arg>c:\windows\system32\win32u.dll</arg>
  <arg>0x7ffaaa980000</arg>
  <arg>0x7ffaaa99dfff</arg>
  <severity>INFO</severity>
  <timestamp>Mon Oct 28 23:01:38 2019</timestamp>
</msg>
<msg id="16" tool="tc">
  <type>LOAD_MODULE</type>
  <arg>c:\windows\system32\gdi32.dll</arg>
  <arg>0x7ffaad8c0000</arg>
  <arg>0x7ffaad8f3fff</arg>
  <severity>INFO</severity>
  <timestamp>Mon Oct 28 23:01:38 2019</timestamp>
</msg>
<msg id="17" tool="tc">
  <type>LOAD_MODULE</type>
  <arg>c:\windows\system32\gdi32full.dll</arg>
  <arg>0x7ffaaa6f0000</arg>
  <arg>0x7ffaaa871fff</arg>
  <severity>INFO</severity>
  <timestamp>Mon Oct 28 23:01:38 2019</timestamp>
</msg>
<msg id="18" tool="tc">
  <type>LOAD_MODULE</type>
  <arg>c:\windows\system32\imm32.dll</arg>
  <arg>0x7ffaaae90000</arg>
  <arg>0x7ffaaaebdfff</arg>
  <severity>INFO</severity>
  <timestamp>Mon Oct 28 23:01:40 2019</timestamp>
</msg>
<msg id="19" tool="tc">
  <type>LOAD_MODULE</type>
  <arg>c:\program files (x86)\intelswtools\inspector 2019\bin64\runtime\libittnotify.dll</arg>
  <arg>0x7ffa54430000</arg>
  <arg>0x7ffa54462fff</arg>
  <severity>INFO</severity>
  <timestamp>Mon Oct 28 23:01:41 2019</timestamp>
</msg>
<msg id="20" tool="tc">
  <type>HEARTBEAT</type>
  <arg>5752,216,2140,4936</arg>
  <arg>1,1,1,0</arg>
  <arg>740,746,596,93809</arg>
  <severity>INFO</severity>
  <timestamp>Mon Oct 28 23:01:42 2019</timestamp>
</msg>
<msg id="21" tool="tc">
  <type>HEARTBEAT</type>
  <arg>5752,216,2140,4936</arg>
  <arg>1,1,1,0</arg>
  <arg>0,0,0,32550005</arg>
  <severity>INFO</severity>
  <timestamp>Mon Oct 28 23:01:43 2019</timestamp>
</msg>
<msg id="22" tool="tc">
  <type>HEARTBEAT</type>
  <arg>5752,216,2140,4936</arg>
  <arg>1,1,1,0</arg>
  <arg>0,0,0,63052085</arg>
  <severity>INFO</severity>
  <timestamp>Mon Oct 28 23:01:44 2019</timestamp>
</msg>
<msg id="23" tool="tc">
  <type>HEARTBEAT</type>
  <arg>5752,216,2140,4936</arg>
  <arg>1,1,1,0</arg>
  <arg>0,0,0,0</arg>
  <severity>INFO</severity>
  <timestamp>Mon Oct 28 23:01:45 2019</timestamp>
</msg>
<msg id="24" tool="tc">
  <type>HEARTBEAT</type>
  <arg>5752,216,2140,4936</arg>
  <arg>1,1,1,0</arg>
  <arg>0,0,0,0</arg>
  <severity>INFO</severity>
  <timestamp>Mon Oct 28 23:01:46 2019</timestamp>
</msg>
<msg id="25" tool="tc">
  <type>HEARTBEAT</type>
  <arg>5752,216,2140,4936</arg>
  <arg>1,1,1,0</arg>
  <arg>0,0,0,0</arg>
  <severity>INFO</severity>
  <timestamp>Mon Oct 28 23:01:47 2019</timestamp>
</msg>
<msg id="26" tool="tc">
  <type>HEARTBEAT</type>
  <arg>5752,216,2140,4936</arg>
  <arg>1,1,1,0</arg>
  <arg>0,0,0,0</arg>
  <severity>INFO</severity>
  <timestamp>Mon Oct 28 23:01:48 2019</timestamp>
</msg>
<msg id="27" tool="tc">
  <type>HEARTBEAT</type>
  <arg>5752,216,2140,4936</arg>
  <arg>1,1,1,0</arg>
  <arg>0,0,0,0</arg>
  <severity>INFO</severity>
  <timestamp>Mon Oct 28 23:01:49 2019</timestamp>
</msg>
<msg id="28" tool="tc">
  <type>HEARTBEAT</type>
  <arg>5752,216,2140,4936</arg>
  <arg>1,1,1,0</arg>
  <arg>0,0,0,0</arg>
  <severity>INFO</severity>
  <timestamp>Mon Oct 28 23:01:50 2019</timestamp>
</msg>
<msg id="29" tool="tc">
  <type>HEARTBEAT</type>
  <arg>5752,216,2140,4936</arg>
  <arg>1,1,1,0</arg>
  <arg>0,0,0,0</arg>
  <severity>INFO</severity>
  <timestamp>Mon Oct 28 23:01:51 2019</timestamp>
</msg>
<msg id="30" tool="tc">
  <type>HEARTBEAT</type>
  <arg>5752,216,2140,4936</arg>
  <arg>1,1,1,0</arg>
  <arg>0,0,0,0</arg>
  <severity>INFO</severity>
  <timestamp>Mon Oct 28 23:01:52 2019</timestamp>
</msg>
<msg id="31" tool="tc">
  <type>HEARTBEAT</type>
  <arg>5752,216,2140,4936</arg>
  <arg>1,1,1,0</arg>
  <arg>0,0,0,0</arg>
  <severity>INFO</severity>
  <timestamp>Mon Oct 28 23:01:53 2019</timestamp>
</msg>
<msg id="32" tool="tc">
  <type>HEARTBEAT</type>
  <arg>5752,216,2140,4936</arg>
  <arg>1,1,1,0</arg>
  <arg>0,0,0,0</arg>
  <severity>INFO</severity>
  <timestamp>Mon Oct 28 23:01:54 2019</timestamp>
</msg>
<msg id="33" tool="tc">
  <type>HEARTBEAT</type>
  <arg>5752,216,2140,4936</arg>
  <arg>1,1,1,0</arg>
  <arg>0,0,0,0</arg>
  <severity>INFO</severity>
  <timestamp>Mon Oct 28 23:01:55 2019</timestamp>
</msg>
<msg id="34" tool="tc">
  <type>HEARTBEAT</type>
  <arg>5752,216,2140,4936</arg>
  <arg>1,1,1,0</arg>
  <arg>0,0,0,0</arg>
  <severity>INFO</severity>
  <timestamp>Mon Oct 28 23:01:56 2019</timestamp>
</msg>
<msg id="35" tool="tc">
  <type>HEARTBEAT</type>
  <arg>5752,216,2140,4936</arg>
  <arg>1,1,1,0</arg>
  <arg>0,0,0,0</arg>
  <severity>INFO</severity>
  <timestamp>Mon Oct 28 23:01:57 2019</timestamp>
</msg>
<msg id="36" tool="tc">
  <type>HEARTBEAT</type>
  <arg>5752,216,2140,4936</arg>
  <arg>1,1,1,0</arg>
  <arg>0,0,0,0</arg>
  <severity>INFO</severity>
  <timestamp>Mon Oct 28 23:01:58 2019</timestamp>
</msg>
<msg id="37" tool="tc">
  <type>HEARTBEAT</type>
  <arg>5752,216,2140,4936</arg>
  <arg>1,1,1,0</arg>
  <arg>0,0,0,0</arg>
  <severity>INFO</severity>
  <timestamp>Mon Oct 28 23:01:59 2019</timestamp>
</msg>
<msg id="38" tool="tc">
  <type>HEARTBEAT</type>
  <arg>5752,216,2140,4936</arg>
  <arg>1,1,1,0</arg>
  <arg>0,0,0,0</arg>
  <severity>INFO</severity>
  <timestamp>Mon Oct 28 23:02:00 2019</timestamp>
</msg>
<msg id="39" tool="tc">
  <type>HEARTBEAT</type>
  <arg>5752,216,2140,4936</arg>
  <arg>1,1,1,0</arg>
  <arg>0,0,0,0</arg>
  <severity>INFO</severity>
  <timestamp>Mon Oct 28 23:02:01 2019</timestamp>
</msg>
<msg id="40" tool="tc">
  <type>HEARTBEAT</type>
  <arg>5752,216,2140,4936</arg>
  <arg>1,1,1,0</arg>
  <arg>0,0,0,0</arg>
  <severity>INFO</severity>
  <timestamp>Mon Oct 28 23:02:02 2019</timestamp>
</msg>
<msg id="41" tool="tc">
  <type>HEARTBEAT</type>
  <arg>5752,216,2140,4936</arg>
  <arg>1,1,1,0</arg>
  <arg>0,0,0,0</arg>
  <severity>INFO</severity>
  <timestamp>Mon Oct 28 23:02:03 2019</timestamp>
</msg>
<msg id="42" tool="tc">
  <type>HEARTBEAT</type>
  <arg>5752,216,2140,4936</arg>
  <arg>1,1,1,0</arg>
  <arg>0,0,0,0</arg>
  <severity>INFO</severity>
  <timestamp>Mon Oct 28 23:02:04 2019</timestamp>
</msg>
<msg id="43" tool="tc">
  <type>HEARTBEAT</type>
  <arg>5752,216,2140,4936</arg>
  <arg>1,1,1,0</arg>
  <arg>0,0,0,0</arg>
  <severity>INFO</severity>
  <timestamp>Mon Oct 28 23:02:05 2019</timestamp>
</msg>
<msg id="44" tool="tc">
  <type>HEARTBEAT</type>
  <arg>5752,216,2140,4936</arg>
  <arg>1,1,1,0</arg>
  <arg>0,0,0,0</arg>
  <severity>INFO</severity>
  <timestamp>Mon Oct 28 23:02:06 2019</timestamp>
</msg>
<msg id="45" tool="tc">
  <type>HEARTBEAT</type>
  <arg>5752,216,2140,4936</arg>
  <arg>1,1,1,0</arg>
  <arg>0,0,0,0</arg>
  <severity>INFO</severity>
  <timestamp>Mon Oct 28 23:02:07 2019</timestamp>
</msg>
<msg id="46" tool="tc">
  <type>HEARTBEAT</type>
  <arg>5752,216,2140,4936</arg>
  <arg>1,1,1,0</arg>
  <arg>0,0,0,0</arg>
  <severity>INFO</severity>
  <timestamp>Mon Oct 28 23:02:08 2019</timestamp>
</msg>
<msg id="47" tool="tc">
  <type>HEARTBEAT</type>
  <arg>5752,216,2140,4936</arg>
  <arg>1,1,1,0</arg>
  <arg>0,0,0,0</arg>
  <severity>INFO</severity>
  <timestamp>Mon Oct 28 23:02:09 2019</timestamp>
</msg>
<msg id="48" tool="tc">
  <type>HEARTBEAT</type>
  <arg>5752,216,2140,4936</arg>
  <arg>1,1,1,0</arg>
  <arg>0,0,0,0</arg>
  <severity>INFO</severity>
  <timestamp>Mon Oct 28 23:02:10 2019</timestamp>
</msg>
<msg id="49" tool="tc">
  <type>HEARTBEAT</type>
  <arg>5752,216,2140,4936</arg>
  <arg>1,1,1,0</arg>
  <arg>0,0,0,0</arg>
  <severity>INFO</severity>
  <timestamp>Mon Oct 28 23:02:11 2019</timestamp>
</msg>
<msg id="50" tool="tc">
  <type>HEARTBEAT</type>
  <arg>5752,216,2140,4936</arg>
  <arg>1,1,1,0</arg>
  <arg>0,0,0,0</arg>
  <severity>INFO</severity>
  <timestamp>Mon Oct 28 23:02:12 2019</timestamp>
</msg>
<msg id="51" tool="tc">
  <type>HEARTBEAT</type>
  <arg>5752,216,2140,4936</arg>
  <arg>1,1,1,0</arg>
  <arg>0,0,0,0</arg>
  <severity>INFO</severity>
  <timestamp>Mon Oct 28 23:02:13 2019</timestamp>
</msg>
<msg id="52" tool="tc">
  <type>HEARTBEAT</type>
  <arg>5752,216,2140,4936</arg>
  <arg>1,1,1,0</arg>
  <arg>0,0,0,0</arg>
  <severity>INFO</severity>
  <timestamp>Mon Oct 28 23:02:14 2019</timestamp>
</msg>
<msg id="53" tool="tc">
  <type>HEARTBEAT</type>
  <arg>5752,216,2140,4936</arg>
  <arg>1,1,1,0</arg>
  <arg>0,0,0,0</arg>
  <severity>INFO</severity>
  <timestamp>Mon Oct 28 23:02:15 2019</timestamp>
</msg>
<msg id="54" tool="tc">
  <type>HEARTBEAT</type>
  <arg>5752,216,2140,4936</arg>
  <arg>1,1,1,0</arg>
  <arg>0,0,0,0</arg>
  <severity>INFO</severity>
  <timestamp>Mon Oct 28 23:02:16 2019</timestamp>
</msg>
<msg id="55" tool="tc">
  <type>HEARTBEAT</type>
  <arg>5752,216,2140,4936</arg>
  <arg>1,1,1,0</arg>
  <arg>0,0,0,0</arg>
  <severity>INFO</severity>
  <timestamp>Mon Oct 28 23:02:17 2019</timestamp>
</msg>
<msg id="56" tool="tc">
  <type>HEARTBEAT</type>
  <arg>5752,216,2140,4936</arg>
  <arg>1,1,1,0</arg>
  <arg>0,0,0,0</arg>
  <severity>INFO</severity>
  <timestamp>Mon Oct 28 23:02:18 2019</timestamp>
</msg>
<msg id="57" tool="tc">
  <type>HEARTBEAT</type>
  <arg>5752,216,2140,4936</arg>
  <arg>1,1,1,0</arg>
  <arg>0,0,0,0</arg>
  <severity>INFO</severity>
  <timestamp>Mon Oct 28 23:02:19 2019</timestamp>
</msg>
<msg id="58" tool="tc">
  <type>HEARTBEAT</type>
  <arg>5752,216,2140,4936</arg>
  <arg>1,1,1,0</arg>
  <arg>0,0,0,0</arg>
  <severity>INFO</severity>
  <timestamp>Mon Oct 28 23:02:20 2019</timestamp>
</msg>
<msg id="59" tool="tc">
  <type>HEARTBEAT</type>
  <arg>5752,216,2140,4936</arg>
  <arg>1,1,1,0</arg>
  <arg>0,0,0,0</arg>
  <severity>INFO</severity>
  <timestamp>Mon Oct 28 23:02:21 2019</timestamp>
</msg>
<msg id="60" tool="tc">
  <type>HEARTBEAT</type>
  <arg>5752,216,2140,4936</arg>
  <arg>1,1,1,0</arg>
  <arg>0,0,0,0</arg>
  <severity>INFO</severity>
  <timestamp>Mon Oct 28 23:02:22 2019</timestamp>
</msg>
<msg id="61" tool="tc">
  <type>HEARTBEAT</type>
  <arg>5752,216,2140,4936</arg>
  <arg>1,1,1,0</arg>
  <arg>0,0,0,0</arg>
  <severity>INFO</severity>
  <timestamp>Mon Oct 28 23:02:23 2019</timestamp>
</msg>
<msg id="62" tool="tc">
  <type>HEARTBEAT</type>
  <arg>5752,216,2140,4936</arg>
  <arg>1,1,1,0</arg>
  <arg>0,0,0,0</arg>
  <severity>INFO</severity>
  <timestamp>Mon Oct 28 23:02:24 2019</timestamp>
</msg>
<msg id="63" tool="tc">
  <type>HEARTBEAT</type>
  <arg>5752,216,2140,4936</arg>
  <arg>1,1,1,0</arg>
  <arg>0,0,0,0</arg>
  <severity>INFO</severity>
  <timestamp>Mon Oct 28 23:02:25 2019</timestamp>
</msg>
<msg id="64" tool="tc">
  <type>HEARTBEAT</type>
  <arg>5752,216,2140,4936</arg>
  <arg>1,1,1,0</arg>
  <arg>0,0,0,0</arg>
  <severity>INFO</severity>
  <timestamp>Mon Oct 28 23:02:26 2019</timestamp>
</msg>
<msg id="65" tool="tc">
  <type>HEARTBEAT</type>
  <arg>5752,216,2140,4936</arg>
  <arg>1,1,1,0</arg>
  <arg>0,0,0,0</arg>
  <severity>INFO</severity>
  <timestamp>Mon Oct 28 23:02:27 2019</timestamp>
</msg>
<msg id="66" tool="tc">
  <type>HEARTBEAT</type>
  <arg>5752,216,2140,4936</arg>
  <arg>1,1,1,0</arg>
  <arg>0,0,0,0</arg>
  <severity>INFO</severity>
  <timestamp>Mon Oct 28 23:02:28 2019</timestamp>
</msg>
<msg id="67" tool="tc">
  <type>HEARTBEAT</type>
  <arg>5752,216,2140,4936</arg>
  <arg>1,1,1,0</arg>
  <arg>0,0,0,0</arg>
  <severity>INFO</severity>
  <timestamp>Mon Oct 28 23:02:29 2019</timestamp>
</msg>
<msg id="68" tool="tc">
  <type>HEARTBEAT</type>
  <arg>5752,216,2140,4936</arg>
  <arg>1,1,1,0</arg>
  <arg>0,0,0,0</arg>
  <severity>INFO</severity>
  <timestamp>Mon Oct 28 23:02:30 2019</timestamp>
</msg>
<msg id="69" tool="tc">
  <type>HEARTBEAT</type>
  <arg>5752,216,2140,4936</arg>
  <arg>1,1,1,0</arg>
  <arg>0,0,0,0</arg>
  <severity>INFO</severity>
  <timestamp>Mon Oct 28 23:02:31 2019</timestamp>
</msg>
<msg id="70" tool="tc">
  <type>HEARTBEAT</type>
  <arg>5752,216,2140,4936</arg>
  <arg>1,1,1,0</arg>
  <arg>0,0,0,0</arg>
  <severity>INFO</severity>
  <timestamp>Mon Oct 28 23:02:32 2019</timestamp>
</msg>
<msg id="71" tool="tc">
  <type>HEARTBEAT</type>
  <arg>5752,216,2140,4936</arg>
  <arg>1,1,1,0</arg>
  <arg>0,0,0,0</arg>
  <severity>INFO</severity>
  <timestamp>Mon Oct 28 23:02:33 2019</timestamp>
</msg>
<msg id="72" tool="tc">
  <type>HEARTBEAT</type>
  <arg>5752,216,2140,4936</arg>
  <arg>1,1,1,0</arg>
  <arg>0,0,0,0</arg>
  <severity>INFO</severity>
  <timestamp>Mon Oct 28 23:02:34 2019</timestamp>
</msg>
<msg id="73" tool="tc">
  <type>HEARTBEAT</type>
  <arg>5752,216,2140,4936</arg>
  <arg>1,1,1,0</arg>
  <arg>0,0,0,0</arg>
  <severity>INFO</severity>
  <timestamp>Mon Oct 28 23:02:35 2019</timestamp>
</msg>
<msg id="74" tool="tc">
  <type>HEARTBEAT</type>
  <arg>5752,216,2140,4936</arg>
  <arg>1,1,1,0</arg>
  <arg>0,0,0,0</arg>
  <severity>INFO</severity>
  <timestamp>Mon Oct 28 23:02:36 2019</timestamp>
</msg>
<msg id="75" tool="tc">
  <type>HEARTBEAT</type>
  <arg>4936</arg>
  <arg>0</arg>
  <arg>0</arg>
  <severity>INFO</severity>
  <timestamp>Mon Oct 28 23:02:37 2019</timestamp>
</msg>
<msg id="76" tool="tc">
  <type>HEARTBEAT</type>
  <arg>4936</arg>
  <arg>0</arg>
  <arg>0</arg>
  <severity>INFO</severity>
  <timestamp>Mon Oct 28 23:02:38 2019</timestamp>
</msg>
<msg id="77" tool="tc">
  <type>HEARTBEAT</type>
  <arg>4936</arg>
  <arg>0</arg>
  <arg>0</arg>
  <severity>INFO</severity>
  <timestamp>Mon Oct 28 23:02:39 2019</timestamp>
</msg>
<msg id="78" tool="tc">
  <type>HEARTBEAT</type>
  <arg>4936</arg>
  <arg>0</arg>
  <arg>0</arg>
  <severity>INFO</severity>
  <timestamp>Mon Oct 28 23:02:40 2019</timestamp>
</msg>
<msg id="79" tool="tc">
  <type>HEARTBEAT</type>
  <arg>4936</arg>
  <arg>0</arg>
  <arg>0</arg>
  <severity>INFO</severity>
  <timestamp>Mon Oct 28 23:02:41 2019</timestamp>
</msg>
<msg id="80" tool="tc">
  <type>HEARTBEAT</type>
  <arg>4936</arg>
  <arg>0</arg>
  <arg>0</arg>
  <severity>INFO</severity>
  <timestamp>Mon Oct 28 23:02:42 2019</timestamp>
</msg>
<msg id="81" tool="tc">
  <type>HEARTBEAT</type>
  <arg>4936</arg>
  <arg>0</arg>
  <arg>0</arg>
  <severity>INFO</severity>
  <timestamp>Mon Oct 28 23:02:43 2019</timestamp>
</msg>
<msg id="82" tool="tc">
  <type>HEARTBEAT</type>
  <arg>4936</arg>
  <arg>0</arg>
  <arg>0</arg>
  <severity>INFO</severity>
  <timestamp>Mon Oct 28 23:02:44 2019</timestamp>
</msg>
<msg id="83" tool="tc">
  <type>HEARTBEAT</type>
  <arg>4936</arg>
  <arg>0</arg>
  <arg>0</arg>
  <severity>INFO</severity>
  <timestamp>Mon Oct 28 23:02:45 2019</timestamp>
</msg>
<msg id="84" tool="tc">
  <type>HEARTBEAT</type>
  <arg>4936</arg>
  <arg>0</arg>
  <arg>0</arg>
  <severity>INFO</severity>
  <timestamp>Mon Oct 28 23:02:46 2019</timestamp>
</msg>
<msg id="85" tool="tc">
  <type>HEARTBEAT</type>
  <arg>4936</arg>
  <arg>0</arg>
  <arg>0</arg>
  <severity>INFO</severity>
  <timestamp>Mon Oct 28 23:02:47 2019</timestamp>
</msg>
<msg id="86" tool="tc">
  <type>HEARTBEAT</type>
  <arg>4936</arg>
  <arg>0</arg>
  <arg>0</arg>
  <severity>INFO</severity>
  <timestamp>Mon Oct 28 23:02:48 2019</timestamp>
</msg>
<msg id="87" tool="tc">
  <type>HEARTBEAT</type>
  <arg>4936</arg>
  <arg>0</arg>
  <arg>0</arg>
  <severity>INFO</severity>
  <timestamp>Mon Oct 28 23:02:49 2019</timestamp>
</msg>
<msg id="88" tool="tc">
  <type>HEARTBEAT</type>
  <arg>4936</arg>
  <arg>0</arg>
  <arg>0</arg>
  <severity>INFO</severity>
  <timestamp>Mon Oct 28 23:02:50 2019</timestamp>
</msg>
<msg id="89" tool="tc">
  <type>HEARTBEAT</type>
  <arg>4936</arg>
  <arg>0</arg>
  <arg>0</arg>
  <severity>INFO</severity>
  <timestamp>Mon Oct 28 23:02:51 2019</timestamp>
</msg>
<msg id="90" tool="tc">
  <type>HEARTBEAT</type>
  <arg>4936</arg>
  <arg>0</arg>
  <arg>0</arg>
  <severity>INFO</severity>
  <timestamp>Mon Oct 28 23:02:52 2019</timestamp>
</msg>
<msg id="91" tool="tc">
  <type>HEARTBEAT</type>
  <arg>4936</arg>
  <arg>0</arg>
  <arg>0</arg>
  <severity>INFO</severity>
  <timestamp>Mon Oct 28 23:02:53 2019</timestamp>
</msg>
<msg id="92" tool="tc">
  <type>HEARTBEAT</type>
  <arg>4936</arg>
  <arg>0</arg>
  <arg>0</arg>
  <severity>INFO</severity>
  <timestamp>Mon Oct 28 23:02:54 2019</timestamp>
</msg>
<msg id="93" tool="tc">
  <type>HEARTBEAT</type>
  <arg>4936</arg>
  <arg>0</arg>
  <arg>0</arg>
  <severity>INFO</severity>
  <timestamp>Mon Oct 28 23:02:55 2019</timestamp>
</msg>
<msg id="94" tool="tc">
  <type>HEARTBEAT</type>
  <arg>4936</arg>
  <arg>0</arg>
  <arg>0</arg>
  <severity>INFO</severity>
  <timestamp>Mon Oct 28 23:02:56 2019</timestamp>
</msg>
<msg id="95" tool="tc">
  <type>HEARTBEAT</type>
  <arg>4936</arg>
  <arg>0</arg>
  <arg>0</arg>
  <severity>INFO</severity>
  <timestamp>Mon Oct 28 23:02:57 2019</timestamp>
</msg>
<msg id="96" tool="tc">
  <type>HEARTBEAT</type>
  <arg>4936</arg>
  <arg>0</arg>
  <arg>0</arg>
  <severity>INFO</severity>
  <timestamp>Mon Oct 28 23:02:58 2019</timestamp>
</msg>
<msg id="97" tool="tc">
  <type>HEARTBEAT</type>
  <arg>4936</arg>
  <arg>0</arg>
  <arg>0</arg>
  <severity>INFO</severity>
  <timestamp>Mon Oct 28 23:02:59 2019</timestamp>
</msg>
<msg id="98" tool="tc">
  <type>THREADNAME</type>
  <arg>3452</arg>
  <arg>Cilk Worker</arg>
  <severity>INFO</severity>
  <timestamp>Mon Oct 28 23:03:00 2019</timestamp>
</msg>
<msg id="99" tool="tc">
  <type>HEARTBEAT</type>
  <arg>10156,9364,3452,4936</arg>
  <arg>1,0,0,0</arg>
  <arg>382,428,437,2378</arg>
  <severity>INFO</severity>
  <timestamp>Mon Oct 28 23:03:00 2019</timestamp>
</msg>
<msg id="100" tool="tc">
  <type>THREADNAME</type>
  <arg>10156</arg>
  <arg>Cilk Worker</arg>
  <severity>INFO</severity>
  <timestamp>Mon Oct 28 23:03:01 2019</timestamp>
</msg>
<msg id="101" tool="tc">
  <type>THREADNAME</type>
  <arg>9364</arg>
  <arg>Cilk Worker</arg>
  <severity>INFO</severity>
  <timestamp>Mon Oct 28 23:03:01 2019</timestamp>
</msg>
<msg id="102" tool="tc">
  <type>HEARTBEAT</type>
  <arg>10156,9364,3452,4936</arg>
  <arg>0,0,0,0</arg>
  <arg>549730,539143,471716,192622</arg>
  <severity>INFO</severity>
  <timestamp>Mon Oct 28 23:03:01 2019</timestamp>
</msg>
<msg id="103" tool="tc">
  <type>HEARTBEAT</type>
  <arg>10156,9364,3452,4936</arg>
  <arg>0,0,0,0</arg>
  <arg>385761,389444,123809,414046</arg>
  <severity>INFO</severity>
  <timestamp>Mon Oct 28 23:03:02 2019</timestamp>
</msg>
<msg id="104" tool="tc">
  <type>HEARTBEAT</type>
  <arg>10156,9364,3452,4936</arg>
  <arg>0,0,0,0</arg>
  <arg>360220,491158,320818,127417</arg>
  <severity>INFO</severity>
  <timestamp>Mon Oct 28 23:03:03 2019</timestamp>
</msg>
<msg id="105" tool="tc">
  <type>HEARTBEAT</type>
  <arg>10156,9364,3452,4936</arg>
  <arg>0,0,0,0</arg>
  <arg>137568,371751,383119,239261</arg>
  <severity>INFO</severity>
  <timestamp>Mon Oct 28 23:03:04 2019</timestamp>
</msg>
<msg id="106" tool="tc">
  <type>HEARTBEAT</type>
  <arg>10156,9364,3452,4936</arg>
  <arg>0,0,0,0</arg>
  <arg>213481,191346,58805,244454</arg>
  <severity>INFO</severity>
  <timestamp>Mon Oct 28 23:03:05 2019</timestamp>
</msg>
<msg id="107" tool="tc">
  <type>HEARTBEAT</type>
  <arg>10156,9364,3452,4936</arg>
  <arg>0,0,0,0</arg>
  <arg>198793,425118,271005,292350</arg>
  <severity>INFO</severity>
  <timestamp>Mon Oct 28 23:03:06 2019</timestamp>
</msg>
<msg id="108" tool="tc">
  <type>HEARTBEAT</type>
  <arg>10156,9364,3452,4936</arg>
  <arg>0,0,0,0</arg>
  <arg>75079,136911,33873,103717</arg>
  <severity>INFO</severity>
  <timestamp>Mon Oct 28 23:03:07 2019</timestamp>
</msg>
<msg id="109" tool="tc">
  <type>HEARTBEAT</type>
  <arg>10156,9364,3452,4936</arg>
  <arg>0,0,0,0</arg>
  <arg>125401,301960,188309,230716</arg>
  <severity>INFO</severity>
  <timestamp>Mon Oct 28 23:03:08 2019</timestamp>
</msg>
<msg id="110" tool="tc">
  <type>HEARTBEAT</type>
  <arg>10156,9364,3452,4936</arg>
  <arg>0,0,0,0</arg>
  <arg>326838,362092,370622,118397</arg>
  <severity>INFO</severity>
  <timestamp>Mon Oct 28 23:03:09 2019</timestamp>
</msg>
<msg id="111" tool="tc">
  <type>HEARTBEAT</type>
  <arg>10156,9364,3452,4936</arg>
  <arg>0,0,0,0</arg>
  <arg>221298,318332,284967,349798</arg>
  <severity>INFO</severity>
  <timestamp>Mon Oct 28 23:03:10 2019</timestamp>
</msg>
<msg id="112" tool="tc">
  <type>HEARTBEAT</type>
  <arg>10156,9364,3452,4936</arg>
  <arg>0,0,0,0</arg>
  <arg>131569,265319,185132,73199</arg>
  <severity>INFO</severity>
  <timestamp>Mon Oct 28 23:03:11 2019</timestamp>
</msg>
<msg id="113" tool="tc">
  <type>HEARTBEAT</type>
  <arg>10156,9364,3452,4936</arg>
  <arg>0,0,0,0</arg>
  <arg>71758,279606,438611,448686</arg>
  <severity>INFO</severity>
  <timestamp>Mon Oct 28 23:03:12 2019</timestamp>
</msg>
<msg id="114" tool="tc">
  <type>HEARTBEAT</type>
  <arg>10156,9364,3452,4936</arg>
  <arg>0,0,0,0</arg>
  <arg>95424,357431,453421,170165</arg>
  <severity>INFO</severity>
  <timestamp>Mon Oct 28 23:03:13 2019</timestamp>
</msg>
<msg id="115" tool="tc">
  <type>HEARTBEAT</type>
  <arg>10156,9364,3452,4936</arg>
  <arg>0,0,0,0</arg>
  <arg>261462,101525,162701,65462</arg>
  <severity>INFO</severity>
  <timestamp>Mon Oct 28 23:03:14 2019</timestamp>
</msg>
<msg id="116" tool="tc">
  <type>HEARTBEAT</type>
  <arg>10156,9364,3452,4936</arg>
  <arg>0,0,0,0</arg>
  <arg>317292,153219,100631,104700</arg>
  <severity>INFO</severity>
  <timestamp>Mon Oct 28 23:03:15 2019</timestamp>
</msg>
<msg id="117" tool="tc">
  <type>HEARTBEAT</type>
  <arg>10156,9364,3452,4936</arg>
  <arg>0,0,0,0</arg>
  <arg>60082,157894,69060,77646</arg>
  <severity>INFO</severity>
  <timestamp>Mon Oct 28 23:03:16 2019</timestamp>
</msg>
<msg id="118" tool="tc">
  <type>HEARTBEAT</type>
  <arg>10156,9364,3452,4936</arg>
  <arg>0,0,0,0</arg>
  <arg>385089,240237,276299,325322</arg>
  <severity>INFO</severity>
  <timestamp>Mon Oct 28 23:03:17 2019</timestamp>
</msg>
<msg id="119" tool="tc">
  <type>HEARTBEAT</type>
  <arg>10156,9364,3452,4936</arg>
  <arg>0,0,0,0</arg>
  <arg>336900,406292,118823,256799</arg>
  <severity>INFO</severity>
  <timestamp>Mon Oct 28 23:03:18 2019</timestamp>
</msg>
<msg id="120" tool="tc">
  <type>HEARTBEAT</type>
  <arg>10156,9364,3452,4936</arg>
  <arg>0,0,0,0</arg>
  <arg>22096,327647,301409,344315</arg>
  <severity>INFO</severity>
  <timestamp>Mon Oct 28 23:03:19 2019</timestamp>
</msg>
<msg id="121" tool="tc">
  <type>HEARTBEAT</type>
  <arg>10156,9364,3452,4936</arg>
  <arg>0,0,0,0</arg>
  <arg>313997,131109,293123,125153</arg>
  <severity>INFO</severity>
  <timestamp>Mon Oct 28 23:03:20 2019</timestamp>
</msg>
<msg id="122" tool="tc">
  <type>HEARTBEAT</type>
  <arg>10156,9364,3452,4936</arg>
  <arg>0,0,0,0</arg>
  <arg>178289,189631,367316,252092</arg>
  <severity>INFO</severity>
  <timestamp>Mon Oct 28 23:03:21 2019</timestamp>
</msg>
<msg id="123" tool="tc">
  <type>HEARTBEAT</type>
  <arg>10156,9364,3452,4936</arg>
  <arg>0,0,0,0</arg>
  <arg>325523,179152,28873,292174</arg>
  <severity>INFO</severity>
  <timestamp>Mon Oct 28 23:03:22 2019</timestamp>
</msg>
<msg id="124" tool="tc">
  <type>HEARTBEAT</type>
  <arg>10156,9364,3452,4936</arg>
  <arg>0,0,0,0</arg>
  <arg>260142,165905,102037,225198</arg>
  <severity>INFO</severity>
  <timestamp>Mon Oct 28 23:03:23 2019</timestamp>
</msg>
<msg id="125" tool="tc">
  <type>HEARTBEAT</type>
  <arg>10156,9364,3452,4936</arg>
  <arg>0,0,0,0</arg>
  <arg>230124,171293,339898,244490</arg>
  <severity>INFO</severity>
  <timestamp>Mon Oct 28 23:03:24 2019</timestamp>
</msg>
<msg id="126" tool="tc">
  <type>HEARTBEAT</type>
  <arg>10156,9364,3452,4936</arg>
  <arg>0,0,0,0</arg>
  <arg>267296,427357,125508,230203</arg>
  <severity>INFO</severity>
  <timestamp>Mon Oct 28 23:03:25 2019</timestamp>
</msg>
<msg id="127" tool="tc">
  <type>HEARTBEAT</type>
  <arg>10156,9364,3452,4936</arg>
  <arg>0,0,0,0</arg>
  <arg>95223,252466,169152,110796</arg>
  <severity>INFO</severity>
  <timestamp>Mon Oct 28 23:03:26 2019</timestamp>
</msg>
<msg id="128" tool="tc">
  <type>HEARTBEAT</type>
  <arg>10156,9364,3452,4936</arg>
  <arg>0,0,0,0</arg>
  <arg>240890,314305,87193,117746</arg>
  <severity>INFO</severity>
  <timestamp>Mon Oct 28 23:03:27 2019</timestamp>
</msg>
<msg id="129" tool="tc">
  <type>HEARTBEAT</type>
  <arg>10156,9364,3452,4936</arg>
  <arg>0,0,0,0</arg>
  <arg>154082,328308,204820,308787</arg>
  <severity>INFO</severity>
  <timestamp>Mon Oct 28 23:03:28 2019</timestamp>
</msg>
<msg id="130" tool="tc">
  <type>HEARTBEAT</type>
  <arg>10156,9364,3452,4936</arg>
  <arg>0,0,0,0</arg>
  <arg>240394,258468,229638,315240</arg>
  <severity>INFO</severity>
  <timestamp>Mon Oct 28 23:03:29 2019</timestamp>
</msg>
<msg id="131" tool="tc">
  <type>HEARTBEAT</type>
  <arg>10156,9364,3452,4936</arg>
  <arg>0,0,0,0</arg>
  <arg>435007,317388,122048,172027</arg>
  <severity>INFO</severity>
  <timestamp>Mon Oct 28 23:03:30 2019</timestamp>
</msg>
<msg id="132" tool="tc">
  <type>HEARTBEAT</type>
  <arg>10156,9364,3452,4936</arg>
  <arg>0,0,0,0</arg>
  <arg>227770,237152,377000,121546</arg>
  <severity>INFO</severity>
  <timestamp>Mon Oct 28 23:03:31 2019</timestamp>
</msg>
<msg id="133" tool="tc">
  <type>HEARTBEAT</type>
  <arg>10156,9364,3452,4936</arg>
  <arg>0,0,0,0</arg>
  <arg>281522,268151,176842,260947</arg>
  <severity>INFO</severity>
  <timestamp>Mon Oct 28 23:03:32 2019</timestamp>
</msg>
<msg id="134" tool="tc">
  <type>HEARTBEAT</type>
  <arg>10156,9364,3452,4936</arg>
  <arg>0,0,0,0</arg>
  <arg>297071,238231,236690,91778</arg>
  <severity>INFO</severity>
  <timestamp>Mon Oct 28 23:03:33 2019</timestamp>
</msg>
<msg id="135" tool="tc">
  <type>HEARTBEAT</type>
  <arg>10156,9364,3452,4936</arg>
  <arg>0,0,0,0</arg>
  <arg>270297,309827,179253,127860</arg>
  <severity>INFO</severity>
  <timestamp>Mon Oct 28 23:03:34 2019</timestamp>
</msg>
<msg id="136" tool="tc">
  <type>HEARTBEAT</type>
  <arg>10156,9364,3452,4936</arg>
  <arg>0,0,0,0</arg>
  <arg>81063,228298,180280,325553</arg>
  <severity>INFO</severity>
  <timestamp>Mon Oct 28 23:03:35 2019</timestamp>
</msg>
<msg id="137" tool="tc">
  <type>HEARTBEAT</type>
  <arg>10156,9364,3452,4936</arg>
  <arg>0,0,0,0</arg>
  <arg>324989,246755,86260,226453</arg>
  <severity>INFO</severity>
  <timestamp>Mon Oct 28 23:03:36 2019</timestamp>
</msg>
<msg id="138" tool="tc">
  <type>HEARTBEAT</type>
  <arg>10156,9364,3452,4936</arg>
  <arg>0,0,0,0</arg>
  <arg>177915,200231,31982,46368</arg>
  <severity>INFO</severity>
  <timestamp>Mon Oct 28 23:03:37 2019</timestamp>
</msg>
<msg id="139" tool="tc">
  <type>HEARTBEAT</type>
  <arg>10156,9364,3452,4936</arg>
  <arg>0,0,0,0</arg>
  <arg>406465,198406,360623,131272</arg>
  <severity>INFO</severity>
  <timestamp>Mon Oct 28 23:03:38 2019</timestamp>
</msg>
<msg id="140" tool="tc">
  <type>HEARTBEAT</type>
  <arg>10156,9364,3452,4936</arg>
  <arg>0,0,0,0</arg>
  <arg>111782,103824,109539,175149</arg>
  <severity>INFO</severity>
  <timestamp>Mon Oct 28 23:03:39 2019</timestamp>
</msg>
<msg id="141" tool="tc">
  <type>HEARTBEAT</type>
  <arg>10156,9364,3452,4936</arg>
  <arg>0,0,0,0</arg>
  <arg>552166,253260,169905,150500</arg>
  <severity>INFO</severity>
  <timestamp>Mon Oct 28 23:03:40 2019</timestamp>
</msg>
<msg id="142" tool="tc">
  <type>HEARTBEAT</type>
  <arg>10156,9364,3452,4936</arg>
  <arg>0,0,0,0</arg>
  <arg>182220,74268,236645,129046</arg>
  <severity>INFO</severity>
  <timestamp>Mon Oct 28 23:03:41 2019</timestamp>
</msg>
<msg id="143" tool="tc">
  <type>HEARTBEAT</type>
  <arg>10156,9364,3452,4936</arg>
  <arg>0,0,0,0</arg>
  <arg>124948,173699,105129,152196</arg>
  <severity>INFO</severity>
  <timestamp>Mon Oct 28 23:03:42 2019</timestamp>
</msg>
<msg id="144" tool="tc">
  <type>HEARTBEAT</type>
  <arg>10156,9364,3452,4936</arg>
  <arg>0,0,0,0</arg>
  <arg>169844,519927,220884,271311</arg>
  <severity>INFO</severity>
  <timestamp>Mon Oct 28 23:03:43 2019</timestamp>
</msg>
<msg id="145" tool="tc">
  <type>HEARTBEAT</type>
  <arg>10156,9364,3452,4936</arg>
  <arg>0,0,0,0</arg>
  <arg>211736,163477,404031,199797</arg>
  <severity>INFO</severity>
  <timestamp>Mon Oct 28 23:03:44 2019</timestamp>
</msg>
<msg id="146" tool="tc">
  <type>HEARTBEAT</type>
  <arg>10156,9364,3452,4936</arg>
  <arg>0,0,0,0</arg>
  <arg>271155,106093,100183,120147</arg>
  <severity>INFO</severity>
  <timestamp>Mon Oct 28 23:03:45 2019</timestamp>
</msg>
<msg id="147" tool="tc">
  <type>HEARTBEAT</type>
  <arg>10156,9364,3452,4936</arg>
  <arg>0,0,0,0</arg>
  <arg>171401,99202,55370,157931</arg>
  <severity>INFO</severity>
  <timestamp>Mon Oct 28 23:03:46 2019</timestamp>
</msg>
<msg id="148" tool="tc">
  <type>HEARTBEAT</type>
  <arg>10156,9364,3452,4936</arg>
  <arg>0,0,0,0</arg>
  <arg>175153,372080,303081,115950</arg>
  <severity>INFO</severity>
  <timestamp>Mon Oct 28 23:03:47 2019</timestamp>
</msg>
<msg id="149" tool="tc">
  <type>HEARTBEAT</type>
  <arg>10156,9364,3452,4936</arg>
  <arg>0,0,0,0</arg>
  <arg>154343,210588,183455,245074</arg>
  <severity>INFO</severity>
  <timestamp>Mon Oct 28 23:03:48 2019</timestamp>
</msg>
<msg id="150" tool="tc">
  <type>HEARTBEAT</type>
  <arg>10156,9364,3452,4936</arg>
  <arg>0,0,0,0</arg>
  <arg>264906,327878,204223,237344</arg>
  <severity>INFO</severity>
  <timestamp>Mon Oct 28 23:03:49 2019</timestamp>
</msg>
<msg id="151" tool="tc">
  <type>HEARTBEAT</type>
  <arg>10156,9364,3452,4936</arg>
  <arg>0,0,0,0</arg>
  <arg>159154,277953,245319,389952</arg>
  <severity>INFO</severity>
  <timestamp>Mon Oct 28 23:03:50 2019</timestamp>
</msg>
<msg id="152" tool="tc">
  <type>HEARTBEAT</type>
  <arg>10156,9364,3452,4936</arg>
  <arg>0,0,0,0</arg>
  <arg>216866,150327,142662,90166</arg>
  <severity>INFO</severity>
  <timestamp>Mon Oct 28 23:03:51 2019</timestamp>
</msg>
<msg id="153" tool="tc">
  <type>HEARTBEAT</type>
  <arg>10156,9364,3452,4936</arg>
  <arg>0,0,0,0</arg>
  <arg>309666,414707,314452,49333</arg>
  <severity>INFO</severity>
  <timestamp>Mon Oct 28 23:03:52 2019</timestamp>
</msg>
<msg id="154" tool="tc">
  <type>HEARTBEAT</type>
  <arg>10156,9364,3452,4936</arg>
  <arg>0,0,0,0</arg>
  <arg>149226,286083,220068,385377</arg>
  <severity>INFO</severity>
  <timestamp>Mon Oct 28 23:03:53 2019</timestamp>
</msg>
<msg id="155" tool="tc">
  <type>HEARTBEAT</type>
  <arg>10156,9364,3452,4936</arg>
  <arg>0,0,0,0</arg>
  <arg>117909,234883,223473,183873</arg>
  <severity>INFO</severity>
  <timestamp>Mon Oct 28 23:03:54 2019</timestamp>
</msg>
<msg id="156" tool="tc">
  <type>HEARTBEAT</type>
  <arg>10156,9364,3452,4936</arg>
  <arg>0,0,0,0</arg>
  <arg>354870,57658,376515,470287</arg>
  <severity>INFO</severity>
  <timestamp>Mon Oct 28 23:03:55 2019</timestamp>
</msg>
<msg id="157" tool="tc">
  <type>HEARTBEAT</type>
  <arg>10156,9364,3452,4936</arg>
  <arg>0,0,0,0</arg>
  <arg>166405,190899,158148,259118</arg>
  <severity>INFO</severity>
  <timestamp>Mon Oct 28 23:03:56 2019</timestamp>
</msg>
<msg id="158" tool="tc">
  <type>HEARTBEAT</type>
  <arg>10156,9364,3452,4936</arg>
  <arg>0,0,0,0</arg>
  <arg>274369,220622,127572,243332</arg>
  <severity>INFO</severity>
  <timestamp>Mon Oct 28 23:03:57 2019</timestamp>
</msg>
<msg id="159" tool="tc">
  <type>HEARTBEAT</type>
  <arg>10156,9364,3452,4936</arg>
  <arg>0,0,0,0</arg>
  <arg>214369,275808,198240,191496</arg>
  <severity>INFO</severity>
  <timestamp>Mon Oct 28 23:03:58 2019</timestamp>
</msg>
<msg id="160" tool="tc">
  <type>HEARTBEAT</type>
  <arg>10156,9364,3452,4936</arg>
  <arg>0,0,0,0</arg>
  <arg>220338,210956,197092,76319</arg>
  <severity>INFO</severity>
  <timestamp>Mon Oct 28 23:03:59 2019</timestamp>
</msg>
<msg id="161" tool="tc">
  <type>HEARTBEAT</type>
  <arg>10156,9364,3452,4936</arg>
  <arg>0,0,0,0</arg>
  <arg>229610,163689,202492,102905</arg>
  <severity>INFO</severity>
  <timestamp>Mon Oct 28 23:04:00 2019</timestamp>
</msg>
<msg id="162" tool="tc">
  <type>HEARTBEAT</type>
  <arg>10156,9364,3452,4936</arg>
  <arg>0,0,0,0</arg>
  <arg>398888,251980,99496,269043</arg>
  <severity>INFO</severity>
  <timestamp>Mon Oct 28 23:04:01 2019</timestamp>
</msg>
<msg id="163" tool="tc">
  <type>HEARTBEAT</type>
  <arg>10156,9364,3452,4936</arg>
  <arg>0,0,0,0</arg>
  <arg>209817,166690,190553,240707</arg>
  <severity>INFO</severity>
  <timestamp>Mon Oct 28 23:04:02 2019</timestamp>
</msg>
<msg id="164" tool="tc">
  <type>HEARTBEAT</type>
  <arg>10156,9364,3452,4936</arg>
  <arg>0,0,0,0</arg>
  <arg>207948,236951,295419,281877</arg>
  <severity>INFO</severity>
  <timestamp>Mon Oct 28 23:04:03 2019</timestamp>
</msg>
<msg id="165" tool="tc">
  <type>HEARTBEAT</type>
  <arg>10156,9364,3452,4936</arg>
  <arg>0,0,0,0</arg>
  <arg>215419,256953,70099,329287</arg>
  <severity>INFO</severity>
  <timestamp>Mon Oct 28 23:04:04 2019</timestamp>
</msg>
<msg id="166" tool="tc">
  <type>HEARTBEAT</type>
  <arg>10156,9364,3452,4936</arg>
  <arg>0,0,0,0</arg>
  <arg>257308,333419,267644,43073</arg>
  <severity>INFO</severity>
  <timestamp>Mon Oct 28 23:04:05 2019</timestamp>
</msg>
<msg id="167" tool="tc">
  <type>HEARTBEAT</type>
  <arg>10156,9364,3452,4936</arg>
  <arg>0,0,0,0</arg>
  <arg>238437,234151,158774,186306</arg>
  <severity>INFO</severity>
  <timestamp>Mon Oct 28 23:04:06 2019</timestamp>
</msg>
<msg id="168" tool="tc">
  <type>HEARTBEAT</type>
  <arg>10156,9364,3452,4936</arg>
  <arg>0,0,0,0</arg>
  <arg>154662,155015,235398,319777</arg>
  <severity>INFO</severity>
  <timestamp>Mon Oct 28 23:04:07 2019</timestamp>
</msg>
<msg id="169" tool="tc">
  <type>HEARTBEAT</type>
  <arg>10156,9364,3452,4936</arg>
  <arg>0,0,0,0</arg>
  <arg>211565,310932,281065,446611</arg>
  <severity>INFO</severity>
  <timestamp>Mon Oct 28 23:04:08 2019</timestamp>
</msg>
<msg id="170" tool="tc">
  <type>HEARTBEAT</type>
  <arg>10156,9364,3452,4936</arg>
  <arg>0,0,0,0</arg>
  <arg>341121,154211,250864,281736</arg>
  <severity>INFO</severity>
  <timestamp>Mon Oct 28 23:04:09 2019</timestamp>
</msg>
<msg id="171" tool="tc">
  <type>HEARTBEAT</type>
  <arg>10156,9364,3452,4936</arg>
  <arg>0,0,0,0</arg>
  <arg>258357,133792,403861,335305</arg>
  <severity>INFO</severity>
  <timestamp>Mon Oct 28 23:04:10 2019</timestamp>
</msg>
<msg id="172" tool="tc">
  <type>HEARTBEAT</type>
  <arg>10156,9364,3452,4936</arg>
  <arg>0,0,0,0</arg>
  <arg>230593,315987,326667,333130</arg>
  <severity>INFO</severity>
  <timestamp>Mon Oct 28 23:04:11 2019</timestamp>
</msg>
<msg id="173" tool="tc">
  <type>HEARTBEAT</type>
  <arg>10156,9364,3452,4936</arg>
  <arg>0,0,0,0</arg>
  <arg>122844,174849,103545,199381</arg>
  <severity>INFO</severity>
  <timestamp>Mon Oct 28 23:04:12 2019</timestamp>
</msg>
<msg id="174" tool="tc">
  <type>HEARTBEAT</type>
  <arg>10156,9364,3452,4936</arg>
  <arg>0,0,0,0</arg>
  <arg>189442,454001,105917,180019</arg>
  <severity>INFO</severity>
  <timestamp>Mon Oct 28 23:04:13 2019</timestamp>
</msg>
<msg id="175" tool="tc">
  <type>HEARTBEAT</type>
  <arg>10156,9364,3452,4936</arg>
  <arg>0,0,0,0</arg>
  <arg>330008,502364,149710,358825</arg>
  <severity>INFO</severity>
  <timestamp>Mon Oct 28 23:04:14 2019</timestamp>
</msg>
<msg id="176" tool="tc">
  <type>HEARTBEAT</type>
  <arg>10156,9364,3452,4936</arg>
  <arg>0,0,0,0</arg>
  <arg>302602,151685,143528,265989</arg>
  <severity>INFO</severity>
  <timestamp>Mon Oct 28 23:04:15 2019</timestamp>
</msg>
<msg id="177" tool="tc">
  <type>HEARTBEAT</type>
  <arg>10156,9364,3452,4936</arg>
  <arg>0,0,0,0</arg>
  <arg>201194,297285,420281,354280</arg>
  <severity>INFO</severity>
  <timestamp>Mon Oct 28 23:04:16 2019</timestamp>
</msg>
<msg id="178" tool="tc">
  <type>HEARTBEAT</type>
  <arg>10156,9364,3452,4936</arg>
  <arg>0,0,0,0</arg>
  <arg>150744,457618,426869,362062</arg>
  <severity>INFO</severity>
  <timestamp>Mon Oct 28 23:04:17 2019</timestamp>
</msg>
<msg id="179" tool="tc">
  <type>HEARTBEAT</type>
  <arg>10156,9364,3452,4936</arg>
  <arg>0,0,0,0</arg>
  <arg>167296,185584,344104,339504</arg>
  <severity>INFO</severity>
  <timestamp>Mon Oct 28 23:04:18 2019</timestamp>
</msg>
<msg id="180" tool="tc">
  <type>HEARTBEAT</type>
  <arg>10156,9364,3452,4936</arg>
  <arg>0,0,0,0</arg>
  <arg>192475,188791,417969,323254</arg>
  <severity>INFO</severity>
  <timestamp>Mon Oct 28 23:04:19 2019</timestamp>
</msg>
<msg id="181" tool="tc">
  <type>HEARTBEAT</type>
  <arg>10156,9364,3452,4936</arg>
  <arg>0,0,0,0</arg>
  <arg>302250,193998,245073,116430</arg>
  <severity>INFO</severity>
  <timestamp>Mon Oct 28 23:04:20 2019</timestamp>
</msg>
<msg id="182" tool="tc">
  <type>HEARTBEAT</type>
  <arg>10156,9364,3452,4936</arg>
  <arg>0,0,0,0</arg>
  <arg>201761,89766,276775,249978</arg>
  <severity>INFO</severity>
  <timestamp>Mon Oct 28 23:04:21 2019</timestamp>
</msg>
<msg id="183" tool="tc">
  <type>HEARTBEAT</type>
  <arg>10156,9364,3452,4936</arg>
  <arg>0,0,0,0</arg>
  <arg>364416,270297,173527,255266</arg>
  <severity>INFO</severity>
  <timestamp>Mon Oct 28 23:04:22 2019</timestamp>
</msg>
<msg id="184" tool="tc">
  <type>HEARTBEAT</type>
  <arg>10156,9364,3452,4936</arg>
  <arg>0,0,0,0</arg>
  <arg>32849,52957,59837,63705</arg>
  <severity>INFO</severity>
  <timestamp>Mon Oct 28 23:04:23 2019</timestamp>
</msg>
<msg id="185" tool="tc">
  <type>HEARTBEAT</type>
  <arg>10156,9364,3452,4936</arg>
  <arg>0,0,0,0</arg>
  <arg>274542,186801,205148,142510</arg>
  <severity>INFO</severity>
  <timestamp>Mon Oct 28 23:04:24 2019</timestamp>
</msg>
<msg id="186" tool="tc">
  <type>HEARTBEAT</type>
  <arg>10156,9364,3452,4936</arg>
  <arg>0,0,0,0</arg>
  <arg>304372,256147,281900,354223</arg>
  <severity>INFO</severity>
  <timestamp>Mon Oct 28 23:04:25 2019</timestamp>
</msg>
<msg id="187" tool="tc">
  <type>HEARTBEAT</type>
  <arg>10156,9364,3452,4936</arg>
  <arg>0,0,0,0</arg>
  <arg>230650,283548,204784,404424</arg>
  <severity>INFO</severity>
  <timestamp>Mon Oct 28 23:04:26 2019</timestamp>
</msg>
<msg id="188" tool="tc">
  <type>HEARTBEAT</type>
  <arg>10156,9364,3452,4936</arg>
  <arg>0,0,0,0</arg>
  <arg>273407,139580,371348,153749</arg>
  <severity>INFO</severity>
  <timestamp>Mon Oct 28 23:04:27 2019</timestamp>
</msg>
<msg id="189" tool="tc">
  <type>HEARTBEAT</type>
  <arg>10156,9364,3452,4936</arg>
  <arg>0,0,0,0</arg>
  <arg>230657,301226,295684,190782</arg>
  <severity>INFO</severity>
  <timestamp>Mon Oct 28 23:04:28 2019</timestamp>
</msg>
<msg id="190" tool="tc">
  <type>HEARTBEAT</type>
  <arg>10156,9364,3452,4936</arg>
  <arg>0,0,0,0</arg>
  <arg>195043,250227,281644,363580</arg>
  <severity>INFO</severity>
  <timestamp>Mon Oct 28 23:04:29 2019</timestamp>
</msg>
<msg id="191" tool="tc">
  <type>HEARTBEAT</type>
  <arg>10156,9364,3452,4936</arg>
  <arg>0,0,0,0</arg>
  <arg>310373,270208,197161,272051</arg>
  <severity>INFO</severity>
  <timestamp>Mon Oct 28 23:04:30 2019</timestamp>
</msg>
<msg id="192" tool="tc">
  <type>HEARTBEAT</type>
  <arg>10156,9364,3452,4936</arg>
  <arg>0,0,0,0</arg>
  <arg>356097,308305,202808,509726</arg>
  <severity>INFO</severity>
  <timestamp>Mon Oct 28 23:04:31 2019</timestamp>
</msg>
<msg id="193" tool="tc">
  <type>HEARTBEAT</type>
  <arg>10156,9364,3452,4936</arg>
  <arg>0,0,0,0</arg>
  <arg>108255,258581,399186,488939</arg>
  <severity>INFO</severity>
  <timestamp>Mon Oct 28 23:04:32 2019</timestamp>
</msg>
<msg id="194" tool="tc">
  <type>HEARTBEAT</type>
  <arg>10156,9364,3452,4936</arg>
  <arg>0,0,0,0</arg>
  <arg>208444,243922,317998,239833</arg>
  <severity>INFO</severity>
  <timestamp>Mon Oct 28 23:04:33 2019</timestamp>
</msg>
<msg id="195" tool="tc">
  <type>HEARTBEAT</type>
  <arg>10156,9364,3452,4936</arg>
  <arg>0,0,0,0</arg>
  <arg>61642,263525,218755,278363</arg>
  <severity>INFO</severity>
  <timestamp>Mon Oct 28 23:04:34 2019</timestamp>
</msg>
<msg id="196" tool="tc">
  <type>HEARTBEAT</type>
  <arg>10156,9364,3452,4936</arg>
  <arg>0,0,0,0</arg>
  <arg>280041,248807,98013,270042</arg>
  <severity>INFO</severity>
  <timestamp>Mon Oct 28 23:04:35 2019</timestamp>
</msg>
<msg id="197" tool="tc">
  <type>HEARTBEAT</type>
  <arg>10156,9364,3452,4936</arg>
  <arg>0,0,0,0</arg>
  <arg>236326,216226,317013,269101</arg>
  <severity>INFO</severity>
  <timestamp>Mon Oct 28 23:04:36 2019</timestamp>
</msg>
<msg id="198" tool="tc">
  <type>HEARTBEAT</type>
  <arg>10156,9364,3452,4936</arg>
  <arg>0,0,0,0</arg>
  <arg>180324,124067,283191,250715</arg>
  <severity>INFO</severity>
  <timestamp>Mon Oct 28 23:04:37 2019</timestamp>
</msg>
<msg id="199" tool="tc">
  <type>HEARTBEAT</type>
  <arg>10156,9364,3452,4936</arg>
  <arg>0,0,0,0</arg>
  <arg>256614,156072,272521,293060</arg>
  <severity>INFO</severity>
  <timestamp>Mon Oct 28 23:04:38 2019</timestamp>
</msg>
<msg id="200" tool="tc">
  <type>HEARTBEAT</type>
  <arg>10156,9364,3452,4936</arg>
  <arg>0,0,0,0</arg>
  <arg>261701,203193,270662,135979</arg>
  <severity>INFO</severity>
  <timestamp>Mon Oct 28 23:04:39 2019</timestamp>
</msg>
<msg id="201" tool="tc">
  <type>HEARTBEAT</type>
  <arg>10156,9364,3452,4936</arg>
  <arg>0,0,0,0</arg>
  <arg>330801,234160,286022,185645</arg>
  <severity>INFO</severity>
  <timestamp>Mon Oct 28 23:04:40 2019</timestamp>
</msg>
<msg id="202" tool="tc">
  <type>HEARTBEAT</type>
  <arg>10156,9364,3452,4936</arg>
  <arg>0,0,0,0</arg>
  <arg>237588,65996,324624,182112</arg>
  <severity>INFO</severity>
  <timestamp>Mon Oct 28 23:04:41 2019</timestamp>
</msg>
<msg id="203" tool="tc">
  <type>HEARTBEAT</type>
  <arg>10156,9364,3452,4936</arg>
  <arg>0,0,0,0</arg>
  <arg>280769,216213,203210,238558</arg>
  <severity>INFO</severity>
  <timestamp>Mon Oct 28 23:04:42 2019</timestamp>
</msg>
<msg id="204" tool="tc">
  <type>HEARTBEAT</type>
  <arg>10156,9364,3452,4936</arg>
  <arg>0,0,0,0</arg>
  <arg>174908,126782,189600,330329</arg>
  <severity>INFO</severity>
  <timestamp>Mon Oct 28 23:04:43 2019</timestamp>
</msg>
<msg id="205" tool="tc">
  <type>HEARTBEAT</type>
  <arg>10156,9364,3452,4936</arg>
  <arg>0,0,0,0</arg>
  <arg>257615,136788,201167,168381</arg>
  <severity>INFO</severity>
  <timestamp>Mon Oct 28 23:04:44 2019</timestamp>
</msg>
<msg id="206" tool="tc">
  <type>HEARTBEAT</type>
  <arg>10156,9364,3452,4936</arg>
  <arg>0,0,0,0</arg>
  <arg>242796,195809,235314,203014</arg>
  <severity>INFO</severity>
  <timestamp>Mon Oct 28 23:04:45 2019</timestamp>
</msg>
<msg id="207" tool="tc">
  <type>HEARTBEAT</type>
  <arg>10156,9364,3452,4936</arg>
  <arg>0,0,0,0</arg>
  <arg>228997,348443,252759,173890</arg>
  <severity>INFO</severity>
  <timestamp>Mon Oct 28 23:04:46 2019</timestamp>
</msg>
<msg id="208" tool="tc">
  <type>HEARTBEAT</type>
  <arg>10156,9364,3452,4936</arg>
  <arg>0,0,0,0</arg>
  <arg>226633,226670,189288,145929</arg>
  <severity>INFO</severity>
  <timestamp>Mon Oct 28 23:04:47 2019</timestamp>
</msg>
<msg id="209" tool="tc">
  <type>HEARTBEAT</type>
  <arg>10156,9364,3452,4936</arg>
  <arg>0,0,0,0</arg>
  <arg>137704,204519,146277,290907</arg>
  <severity>INFO</severity>
  <timestamp>Mon Oct 28 23:04:48 2019</timestamp>
</msg>
<msg id="210" tool="tc">
  <type>HEARTBEAT</type>
  <arg>10156,9364,3452,4936</arg>
  <arg>0,0,0,0</arg>
  <arg>314430,236334,272490,352702</arg>
  <severity>INFO</severity>
  <timestamp>Mon Oct 28 23:04:49 2019</timestamp>
</msg>
<msg id="211" tool="tc">
  <type>HEARTBEAT</type>
  <arg>10156,9364,3452,4936</arg>
  <arg>0,0,0,0</arg>
  <arg>295312,286189,219542,210894</arg>
  <severity>INFO</severity>
  <timestamp>Mon Oct 28 23:04:50 2019</timestamp>
</msg>
<msg id="212" tool="tc">
  <type>HEARTBEAT</type>
  <arg>10156,9364,3452,4936</arg>
  <arg>0,0,0,0</arg>
  <arg>296461,229980,290582,236290</arg>
  <severity>INFO</severity>
  <timestamp>Mon Oct 28 23:04:51 2019</timestamp>
</msg>
<msg id="213" tool="tc">
  <type>HEARTBEAT</type>
  <arg>10156,9364,3452,4936</arg>
  <arg>0,0,0,0</arg>
  <arg>244445,218606,248352,430973</arg>
  <severity>INFO</severity>
  <timestamp>Mon Oct 28 23:04:52 2019</timestamp>
</msg>
<msg id="214" tool="tc">
  <type>HEARTBEAT</type>
  <arg>10156,9364,3452,4936</arg>
  <arg>0,0,0,0</arg>
  <arg>146675,232620,314626,191772</arg>
  <severity>INFO</severity>
  <timestamp>Mon Oct 28 23:04:53 2019</timestamp>
</msg>
<msg id="215" tool="tc">
  <type>HEARTBEAT</type>
  <arg>10156,9364,3452,4936</arg>
  <arg>0,0,0,0</arg>
  <arg>189553,302126,165667,192582</arg>
  <severity>INFO</severity>
  <timestamp>Mon Oct 28 23:04:54 2019</timestamp>
</msg>
<msg id="216" tool="tc">
  <type>HEARTBEAT</type>
  <arg>10156,9364,3452,4936</arg>
  <arg>0,0,0,0</arg>
  <arg>248274,357545,204183,237924</arg>
  <severity>INFO</severity>
  <timestamp>Mon Oct 28 23:04:55 2019</timestamp>
</msg>
<msg id="217" tool="tc">
  <type>HEARTBEAT</type>
  <arg>10156,9364,3452,4936</arg>
  <arg>0,0,0,0</arg>
  <arg>178499,268610,197852,269668</arg>
  <severity>INFO</severity>
  <timestamp>Mon Oct 28 23:04:56 2019</timestamp>
</msg>
<msg id="218" tool="tc">
  <type>HEARTBEAT</type>
  <arg>10156,9364,3452,4936</arg>
  <arg>0,0,0,0</arg>
  <arg>240811,212489,313640,331641</arg>
  <severity>INFO</severity>
  <timestamp>Mon Oct 28 23:04:57 2019</timestamp>
</msg>
<msg id="219" tool="tc">
  <type>HEARTBEAT</type>
  <arg>10156,9364,3452,4936</arg>
  <arg>0,0,0,0</arg>
  <arg>264737,274020,286805,284478</arg>
  <severity>INFO</severity>
  <timestamp>Mon Oct 28 23:04:58 2019</timestamp>
</msg>
<msg id="220" tool="tc">
  <type>HEARTBEAT</type>
  <arg>10156,9364,3452,4936</arg>
  <arg>0,0,0,0</arg>
  <arg>268715,298908,186187,235661</arg>
  <severity>INFO</severity>
  <timestamp>Mon Oct 28 23:04:59 2019</timestamp>
</msg>
<msg id="221" tool="tc">
  <type>HEARTBEAT</type>
  <arg>10156,9364,3452,4936</arg>
  <arg>0,0,0,0</arg>
  <arg>271047,275578,378883,300629</arg>
  <severity>INFO</severity>
  <timestamp>Mon Oct 28 23:05:00 2019</timestamp>
</msg>
<msg id="222" tool="tc">
  <type>HEARTBEAT</type>
  <arg>10156,9364,3452,4936</arg>
  <arg>0,0,0,0</arg>
  <arg>337429,360234,335811,285340</arg>
  <severity>INFO</severity>
  <timestamp>Mon Oct 28 23:05:01 2019</timestamp>
</msg>
<msg id="223" tool="tc">
  <type>HEARTBEAT</type>
  <arg>10156,9364,3452,4936</arg>
  <arg>0,0,0,0</arg>
  <arg>320364,267422,337083,223171</arg>
  <severity>INFO</severity>
  <timestamp>Mon Oct 28 23:05:02 2019</timestamp>
</msg>
<msg id="224" tool="tc">
  <type>HEARTBEAT</type>
  <arg>10156,9364,3452,4936</arg>
  <arg>0,0,0,0</arg>
  <arg>556431,563916,543474,486089</arg>
  <severity>INFO</severity>
  <timestamp>Mon Oct 28 23:05:03 2019</timestamp>
</msg>
<msg id="225" tool="tc">
  <type>HEARTBEAT</type>
  <arg>10156,9364,3452,4936</arg>
  <arg>0,0,0,0</arg>
  <arg>1975013,1920150,2066885,1429844</arg>
  <severity>INFO</severity>
  <timestamp>Mon Oct 28 23:05:04 2019</timestamp>
</msg>
<msg id="226" tool="tc">
  <type>LOAD_MODULE</type>
  <arg>c:\windows\system32\kernel.appcore.dll</arg>
  <arg>0x7ffaa9e20000</arg>
  <arg>0x7ffaa9e2efff</arg>
  <severity>INFO</severity>
  <timestamp>Mon Oct 28 23:05:04 2019</timestamp>
</msg>
<msg id="227" tool="tc">
  <type>LOAD_MODULE</type>
  <arg>c:\windows\system32\msvcrt.dll</arg>
  <arg>0x7ffaad6f0000</arg>
  <arg>0x7ffaad78dfff</arg>
  <severity>INFO</severity>
  <timestamp>Mon Oct 28 23:05:04 2019</timestamp>
</msg>
<msg id="228" tool="tc">
  <type>LOAD_MODULE</type>
  <arg>c:\windows\system32\rpcrt4.dll</arg>
  <arg>0x7ffaab160000</arg>
  <arg>0x7ffaab280fff</arg>
  <severity>INFO</severity>
  <timestamp>Mon Oct 28 23:05:05 2019</timestamp>
</msg>
<msg id="229" tool="tc">
  <type>UNLOAD_MODULE</type>
  <arg>f:\intel_parallel_studio\projects\task3\x64\debug\task3.exe</arg>
  <severity>INFO</severity>
  <timestamp>Mon Oct 28 23:05:06 2019</timestamp>
</msg>
<msg id="230" tool="tc">
  <type>UNLOAD_MODULE</type>
  <arg>c:\windows\system32\kernelbase.dll</arg>
  <severity>INFO</severity>
  <timestamp>Mon Oct 28 23:05:06 2019</timestamp>
</msg>
<msg id="231" tool="tc">
  <type>UNLOAD_MODULE</type>
  <arg>c:\windows\system32\kernel32.dll</arg>
  <severity>INFO</severity>
  <timestamp>Mon Oct 28 23:05:06 2019</timestamp>
</msg>
<msg id="232" tool="tc">
  <type>UNLOAD_MODULE</type>
  <arg>c:\windows\system32\ntdll.dll</arg>
  <severity>INFO</severity>
  <timestamp>Mon Oct 28 23:05:06 2019</timestamp>
</msg>
<msg id="233" tool="tc">
  <type>UNLOAD_MODULE</type>
  <arg>c:\windows\system32\vcruntime140d.dll</arg>
  <severity>INFO</severity>
  <timestamp>Mon Oct 28 23:05:06 2019</timestamp>
</msg>
<msg id="234" tool="tc">
  <type>UNLOAD_MODULE</type>
  <arg>c:\windows\system32\msvcp140d.dll</arg>
  <severity>INFO</severity>
  <timestamp>Mon Oct 28 23:05:06 2019</timestamp>
</msg>
<msg id="235" tool="tc">
  <type>UNLOAD_MODULE</type>
  <arg>c:\windows\system32\ucrtbased.dll</arg>
  <severity>INFO</severity>
  <timestamp>Mon Oct 28 23:05:06 2019</timestamp>
</msg>
<msg id="236" tool="tc">
  <type>UNLOAD_MODULE</type>
  <arg>c:\program files (x86)\intelswtools\compilers_and_libraries_2019\windows\redist\intel64\compiler\cilkrts20.dll</arg>
  <severity>INFO</severity>
  <timestamp>Mon Oct 28 23:05:06 2019</timestamp>
</msg>
<msg id="237" tool="tc">
  <type>UNLOAD_MODULE</type>
  <arg>c:\windows\system32\user32.dll</arg>
  <severity>INFO</severity>
  <timestamp>Mon Oct 28 23:05:06 2019</timestamp>
</msg>
<msg id="238" tool="tc">
  <type>UNLOAD_MODULE</type>
  <arg>c:\windows\system32\win32u.dll</arg>
  <severity>INFO</severity>
  <timestamp>Mon Oct 28 23:05:06 2019</timestamp>
</msg>
<msg id="239" tool="tc">
  <type>UNLOAD_MODULE</type>
  <arg>c:\windows\system32\gdi32.dll</arg>
  <severity>INFO</severity>
  <timestamp>Mon Oct 28 23:05:06 2019</timestamp>
</msg>
<msg id="240" tool="tc">
  <type>UNLOAD_MODULE</type>
  <arg>c:\windows\system32\gdi32full.dll</arg>
  <severity>INFO</severity>
  <timestamp>Mon Oct 28 23:05:06 2019</timestamp>
</msg>
<msg id="241" tool="tc">
  <type>UNLOAD_MODULE</type>
  <arg>c:\windows\system32\imm32.dll</arg>
  <severity>INFO</severity>
  <timestamp>Mon Oct 28 23:05:06 2019</timestamp>
</msg>
<msg id="242" tool="tc">
  <type>UNLOAD_MODULE</type>
  <arg>c:\program files (x86)\intelswtools\inspector 2019\bin64\runtime\libittnotify.dll</arg>
  <severity>INFO</severity>
  <timestamp>Mon Oct 28 23:05:06 2019</timestamp>
</msg>
<msg id="243" tool="tc">
  <type>UNLOAD_MODULE</type>
  <arg>c:\windows\system32\kernel.appcore.dll</arg>
  <severity>INFO</severity>
  <timestamp>Mon Oct 28 23:05:06 2019</timestamp>
</msg>
<msg id="244" tool="tc">
  <type>UNLOAD_MODULE</type>
  <arg>c:\windows\system32\msvcrt.dll</arg>
  <severity>INFO</severity>
  <timestamp>Mon Oct 28 23:05:06 2019</timestamp>
</msg>
<msg id="245" tool="tc">
  <type>UNLOAD_MODULE</type>
  <arg>c:\windows\system32\rpcrt4.dll</arg>
  <severity>INFO</severity>
  <timestamp>Mon Oct 28 23:05:06 2019</timestamp>
</msg>
<msg id="246" tool="tc">
  <type>PROCESS_TERMINATE</type>
  <arg>f:\intel_parallel_studio\projects\task3\x64\debug\task3.exe</arg>
  <arg>4324</arg>
  <severity>INFO</severity>
  <timestamp>Mon Oct 28 23:05:06 2019</timestamp>
</msg>
<msg id="247" tool="tc">
  <type>ANALYSIS_COMPLETE</type>
  <severity>INFO</severity>
  <timestamp>Mon Oct 28 23:05:06 2019</timestamp>
</msg>
<msg id="248" tool="tc">
  <type>STOP</type>
  <severity>INFO</severity>
  <timestamp>Mon Oct 28 23:05:06 2019</timestamp>
</msg>
<msg id="249" tool="runtool">
  <type>app-exit-code</type>
  <arg>0</arg>
</msg>
<msg id="250" tool="runtool">
  <type>marker-file</type>
  <arg>F:\Intel_parallel_studio\projects\task3\task3\My Inspector Results - task3\r000ti3\r000ti3.inspxe</arg>
</msg>
<msg id="251" tool="runtool">
  <type>collector-done</type>
</msg>
<msg id="252" tool="runtool">
  <type>log-end</type>
  <arg>2019/10/28 23:05:10</arg>
</msg>

</log>

