
14088 : 0x2d72100261 : 1 : spill_jit_data :  Jit agent is not initialized
14088 : 0x2d72100831 : 2 : ittapi_config_mask_get :  --itt-config mask to be applied: 55
14088 : 0x2d7210084a : 2 : ittapi_config_apply_per_lib :  ITTAPI function instrumented: __itt_domain_createA
14088 : 0x2d72100851 : 2 : ittapi_config_apply_per_lib :  ITTAPI function instrumented: __itt_domain_createW
14088 : 0x2d72100857 : 2 : ittapi_config_apply_per_lib :  ITTAPI function instrumented: __itt_string_handle_createA
14088 : 0x2d7210085c : 2 : ittapi_config_apply_per_lib :  ITTAPI function instrumented: __itt_string_handle_createW
14088 : 0x2d72100861 : 2 : ittapi_config_apply_per_lib :  ITTAPI function instrumented: __itt_counter_createA
14088 : 0x2d72100866 : 2 : ittapi_config_apply_per_lib :  ITTAPI function instrumented: __itt_counter_createW
14088 : 0x2d7210086b : 2 : ittapi_config_apply_per_lib :  ITTAPI function instrumented: __itt_counter_create_typedA
14088 : 0x2d72100870 : 2 : ittapi_config_apply_per_lib :  ITTAPI function instrumented: __itt_counter_create_typedW
14088 : 0x2d72100939 : 2 : ittapi_config_apply_per_lib :  ITTAPI function instrumented: __itt_pause
14088 : 0x2d72100940 : 2 : ittapi_config_apply_per_lib :  ITTAPI function instrumented: __itt_resume
14088 : 0x2d72100945 : 2 : ittapi_config_apply_per_lib :  ITTAPI function instrumented: __itt_thread_set_nameA
14088 : 0x2d7210094a : 2 : ittapi_config_apply_per_lib :  ITTAPI function instrumented: __itt_thread_set_nameW
14088 : 0x2d72100950 : 2 : ittapi_config_apply_per_lib :  ITTAPI function instrumented: __itt_thread_ignore
14088 : 0x2d72100955 : 2 : ittapi_config_apply_per_lib :  ITTAPI function instrumented: __itt_thr_name_setA
14088 : 0x2d7210095a : 2 : ittapi_config_apply_per_lib :  ITTAPI function instrumented: __itt_thr_name_setW
14088 : 0x2d7210095f : 2 : ittapi_config_apply_per_lib :  ITTAPI function instrumented: __itt_thr_ignore
14088 : 0x2d72100967 : 2 : ittapi_config_apply_per_lib :  ITTAPI function not implemented: __itt_enable_attach
14088 : 0x2d7210096d : 2 : ittapi_config_apply_per_lib :  ITTAPI function instrumented: __itt_detach
14088 : 0x2d72100984 : 2 : ittapi_config_apply_per_lib :  ITTAPI function NOT instrumented (not matched by --itt-config option): __itt_sync_createA

14088 : 0x2d7210098a : 2 : ittapi_config_apply_per_lib :  ITTAPI function NOT instrumented (not matched by --itt-config option): __itt_sync_createW

14088 : 0x2d7210098f : 2 : ittapi_config_apply_per_lib :  ITTAPI function NOT instrumented (not matched by --itt-config option): __itt_sync_renameA

14088 : 0x2d72100995 : 2 : ittapi_config_apply_per_lib :  ITTAPI function NOT instrumented (not matched by --itt-config option): __itt_sync_renameW

14088 : 0x2d7210099a : 2 : ittapi_config_apply_per_lib :  ITTAPI function NOT instrumented (not matched by --itt-config option): __itt_sync_destroy

14088 : 0x2d7210099f : 2 : ittapi_config_apply_per_lib :  ITTAPI function NOT instrumented (not matched by --itt-config option): __itt_sync_prepare

14088 : 0x2d721009a4 : 2 : ittapi_config_apply_per_lib :  ITTAPI function NOT instrumented (not matched by --itt-config option): __itt_sync_cancel

14088 : 0x2d721009a9 : 2 : ittapi_config_apply_per_lib :  ITTAPI function NOT instrumented (not matched by --itt-config option): __itt_sync_acquired

14088 : 0x2d721009af : 2 : ittapi_config_apply_per_lib :  ITTAPI function NOT instrumented (not matched by --itt-config option): __itt_sync_releasing

14088 : 0x2d721009bc : 2 : ittapi_config_apply_per_lib :  ITTAPI function not implemented: __itt_suppress_push
14088 : 0x2d721009cb : 2 : ittapi_config_apply_per_lib :  ITTAPI function not implemented: __itt_suppress_pop
14088 : 0x2d721009d0 : 2 : ittapi_config_apply_per_lib :  ITTAPI function not implemented: __itt_suppress_mark_range
14088 : 0x2d721009d6 : 2 : ittapi_config_apply_per_lib :  ITTAPI function not implemented: __itt_suppress_clear_range
14088 : 0x2d721009da : 2 : ittapi_config_apply_per_lib :  ITTAPI function NOT instrumented (not matched by --itt-config option): __itt_sync_prepare

14088 : 0x2d721009df : 2 : ittapi_config_apply_per_lib :  ITTAPI function NOT instrumented (not matched by --itt-config option): __itt_sync_cancel

14088 : 0x2d721009e5 : 2 : ittapi_config_apply_per_lib :  ITTAPI function NOT instrumented (not matched by --itt-config option): __itt_sync_acquired

14088 : 0x2d721009ea : 2 : ittapi_config_apply_per_lib :  ITTAPI function NOT instrumented (not matched by --itt-config option): __itt_sync_releasing

14088 : 0x2d721009f1 : 2 : ittapi_config_apply_per_lib :  ITTAPI function not implemented: __itt_model_site_begin
14088 : 0x2d721009f6 : 2 : ittapi_config_apply_per_lib :  ITTAPI function not implemented: __itt_model_site_end
14088 : 0x2d721009fc : 2 : ittapi_config_apply_per_lib :  ITTAPI function not implemented: __itt_model_task_begin
14088 : 0x2d72100a3d : 2 : ittapi_config_apply_per_lib :  ITTAPI function not implemented: __itt_model_task_end
14088 : 0x2d72100a43 : 2 : ittapi_config_apply_per_lib :  ITTAPI function not implemented: __itt_model_lock_acquire
14088 : 0x2d72100a49 : 2 : ittapi_config_apply_per_lib :  ITTAPI function not implemented: __itt_model_lock_release
14088 : 0x2d72100a4f : 2 : ittapi_config_apply_per_lib :  ITTAPI function not implemented: __itt_model_record_allocation
14088 : 0x2d72100a54 : 2 : ittapi_config_apply_per_lib :  ITTAPI function not implemented: __itt_model_record_deallocation
14088 : 0x2d72100a5a : 2 : ittapi_config_apply_per_lib :  ITTAPI function not implemented: __itt_model_induction_uses
14088 : 0x2d72100a5f : 2 : ittapi_config_apply_per_lib :  ITTAPI function not implemented: __itt_model_reduction_uses
14088 : 0x2d72100a65 : 2 : ittapi_config_apply_per_lib :  ITTAPI function not implemented: __itt_model_observe_uses
14088 : 0x2d72100a6a : 2 : ittapi_config_apply_per_lib :  ITTAPI function not implemented: __itt_model_clear_uses
14088 : 0x2d72100a6f : 2 : ittapi_config_apply_per_lib :  ITTAPI function not implemented: __itt_model_site_beginW
14088 : 0x2d72100a80 : 2 : ittapi_config_apply_per_lib :  ITTAPI function not implemented: __itt_model_task_beginW
14088 : 0x2d72100a85 : 2 : ittapi_config_apply_per_lib :  ITTAPI function not implemented: __itt_model_iteration_taskW
14088 : 0x2d72100a8b : 2 : ittapi_config_apply_per_lib :  ITTAPI function not implemented: __itt_model_site_beginA
14088 : 0x2d72100a90 : 2 : ittapi_config_apply_per_lib :  ITTAPI function not implemented: __itt_model_site_beginAL
14088 : 0x2d72100a95 : 2 : ittapi_config_apply_per_lib :  ITTAPI function not implemented: __itt_model_task_beginA
14088 : 0x2d72100a9a : 2 : ittapi_config_apply_per_lib :  ITTAPI function not implemented: __itt_model_task_beginAL
14088 : 0x2d72100aa0 : 2 : ittapi_config_apply_per_lib :  ITTAPI function not implemented: __itt_model_iteration_taskA
14088 : 0x2d72100aa5 : 2 : ittapi_config_apply_per_lib :  ITTAPI function not implemented: __itt_model_iteration_taskAL
14088 : 0x2d72100aab : 2 : ittapi_config_apply_per_lib :  ITTAPI function not implemented: __itt_model_site_end_2
14088 : 0x2d72100ab0 : 2 : ittapi_config_apply_per_lib :  ITTAPI function not implemented: __itt_model_task_end_2
14088 : 0x2d72100abc : 2 : ittapi_config_apply_per_lib :  ITTAPI function not implemented: __itt_model_lock_acquire_2
14088 : 0x2d72100ac2 : 2 : ittapi_config_apply_per_lib :  ITTAPI function not implemented: __itt_model_lock_release_2
14088 : 0x2d72100ac7 : 2 : ittapi_config_apply_per_lib :  ITTAPI function not implemented: __itt_model_aggregate_task
14088 : 0x2d72100acc : 2 : ittapi_config_apply_per_lib :  ITTAPI function not implemented: __itt_model_disable_push
14088 : 0x2d72100ad1 : 2 : ittapi_config_apply_per_lib :  ITTAPI function not implemented: __itt_model_disable_pop
14088 : 0x2d72100ad7 : 2 : ittapi_config_apply_per_lib :  ITTAPI function instrumented: __itt_heap_function_createA
14088 : 0x2d72100adc : 2 : ittapi_config_apply_per_lib :  ITTAPI function instrumented: __itt_heap_function_createW
14088 : 0x2d72100ae1 : 2 : ittapi_config_apply_per_lib :  ITTAPI function instrumented: __itt_heap_allocate_begin
14088 : 0x2d72100ae7 : 2 : ittapi_config_apply_per_lib :  ITTAPI function instrumented: __itt_heap_allocate_end
14088 : 0x2d72100aec : 2 : ittapi_config_apply_per_lib :  ITTAPI function instrumented: __itt_heap_free_begin
14088 : 0x2d72100afb : 2 : ittapi_config_apply_per_lib :  ITTAPI function instrumented: __itt_heap_free_end
14088 : 0x2d72100b00 : 2 : ittapi_config_apply_per_lib :  ITTAPI function instrumented: __itt_heap_reallocate_begin
14088 : 0x2d72100b05 : 2 : ittapi_config_apply_per_lib :  ITTAPI function instrumented: __itt_heap_reallocate_end
14088 : 0x2d72100b0b : 2 : ittapi_config_apply_per_lib :  ITTAPI function not implemented: __itt_heap_internal_access_begin
14088 : 0x2d72100b10 : 2 : ittapi_config_apply_per_lib :  ITTAPI function not implemented: __itt_heap_internal_access_end
14088 : 0x2d72100b19 : 2 : ittapi_config_apply_per_lib :  ITTAPI function not implemented: __itt_heap_record_memory_growth_begin
14088 : 0x2d72100b22 : 2 : ittapi_config_apply_per_lib :  ITTAPI function not implemented: __itt_heap_record_memory_growth_end
14088 : 0x2d72100b2a : 2 : ittapi_config_apply_per_lib :  ITTAPI function not implemented: __itt_heap_reset_detection
14088 : 0x2d72100b32 : 2 : ittapi_config_apply_per_lib :  ITTAPI function not implemented: __itt_heap_record
14088 : 0x2d72100b3a : 2 : ittapi_config_apply_per_lib :  ITTAPI function not implemented: __itt_id_create
14088 : 0x2d72100b50 : 2 : ittapi_config_apply_per_lib :  ITTAPI function not implemented: __itt_id_destroy
14088 : 0x2d72100b58 : 2 : ittapi_config_apply_per_lib :  ITTAPI function instrumented: __itt_get_timestamp
14088 : 0x2d72100b61 : 2 : ittapi_config_apply_per_lib :  ITTAPI function not implemented: __itt_region_begin
14088 : 0x2d72100b6a : 2 : ittapi_config_apply_per_lib :  ITTAPI function not implemented: __itt_region_end
14088 : 0x2d72100b72 : 2 : ittapi_config_apply_per_lib :  ITTAPI function instrumented: __itt_frame_begin_v3
14088 : 0x2d72100b7a : 2 : ittapi_config_apply_per_lib :  ITTAPI function instrumented: __itt_frame_end_v3
14088 : 0x2d72100b81 : 2 : ittapi_config_apply_per_lib :  ITTAPI function instrumented: __itt_frame_submit_v3
14088 : 0x2d72100b8a : 2 : ittapi_config_apply_per_lib :  ITTAPI function not implemented: __itt_task_group
14088 : 0x2d72100b92 : 2 : ittapi_config_apply_per_lib :  ITTAPI function instrumented: __itt_task_begin
14088 : 0x2d72100b9a : 2 : ittapi_config_apply_per_lib :  ITTAPI function instrumented: __itt_task_begin_fn
14088 : 0x2d72100bb0 : 2 : ittapi_config_apply_per_lib :  ITTAPI function instrumented: __itt_task_end
14088 : 0x2d72100bb9 : 2 : ittapi_config_apply_per_lib :  ITTAPI function not implemented: __itt_counter_inc_v3
14088 : 0x2d72100bc2 : 2 : ittapi_config_apply_per_lib :  ITTAPI function not implemented: __itt_counter_inc_delta_v3
14088 : 0x2d72100bca : 2 : ittapi_config_apply_per_lib :  ITTAPI function not implemented: __itt_counter_dec_v3
14088 : 0x2d72100bd3 : 2 : ittapi_config_apply_per_lib :  ITTAPI function not implemented: __itt_counter_dec_delta_v3
14088 : 0x2d72100bef : 2 : ittapi_config_apply_per_lib :  ITTAPI function not implemented: __itt_marker
14088 : 0x2d72100bf7 : 2 : ittapi_config_apply_per_lib :  ITTAPI function instrumented: __itt_metadata_add
14088 : 0x2d72100c00 : 2 : ittapi_config_apply_per_lib :  ITTAPI function not implemented: __itt_metadata_str_addA
14088 : 0x2d72100c08 : 2 : ittapi_config_apply_per_lib :  ITTAPI function not implemented: __itt_metadata_str_addW
14088 : 0x2d72100c0f : 2 : ittapi_config_apply_per_lib :  ITTAPI function not implemented: __itt_relation_add_to_current
14088 : 0x2d72100c20 : 2 : ittapi_config_apply_per_lib :  ITTAPI function not implemented: __itt_relation_add
14088 : 0x2d72100c26 : 2 : ittapi_config_apply_per_lib :  ITTAPI function instrumented: __itt_event_createA
14088 : 0x2d72100c2b : 2 : ittapi_config_apply_per_lib :  ITTAPI function instrumented: __itt_event_createW
14088 : 0x2d72100c30 : 2 : ittapi_config_apply_per_lib :  ITTAPI function instrumented: __itt_event_start
14088 : 0x2d72100c35 : 2 : ittapi_config_apply_per_lib :  ITTAPI function instrumented: __itt_event_end
14088 : 0x2d72100c38 : 2 : ittapi_config_apply_per_lib :  ITTAPI function NOT instrumented (not matched by --itt-config option): __itt_sync_set_nameA

14088 : 0x2d72100c3e : 2 : ittapi_config_apply_per_lib :  ITTAPI function NOT instrumented (not matched by --itt-config option): __itt_sync_set_nameW

14088 : 0x2d72100c43 : 2 : ittapi_config_apply_per_lib :  ITTAPI function NOT instrumented (not matched by --itt-config option): __itt_notify_sync_nameA

14088 : 0x2d72100c48 : 2 : ittapi_config_apply_per_lib :  ITTAPI function NOT instrumented (not matched by --itt-config option): __itt_notify_sync_nameW

14088 : 0x2d72100c4e : 2 : ittapi_config_apply_per_lib :  ITTAPI function NOT instrumented (not matched by --itt-config option): __itt_notify_sync_prepare

14088 : 0x2d72100c5d : 2 : ittapi_config_apply_per_lib :  ITTAPI function NOT instrumented (not matched by --itt-config option): __itt_notify_sync_cancel

14088 : 0x2d72100c62 : 2 : ittapi_config_apply_per_lib :  ITTAPI function NOT instrumented (not matched by --itt-config option): __itt_notify_sync_acquired

14088 : 0x2d72100c67 : 2 : ittapi_config_apply_per_lib :  ITTAPI function NOT instrumented (not matched by --itt-config option): __itt_notify_sync_releasing

14088 : 0x2d72100c6e : 2 : ittapi_config_apply_per_lib :  ITTAPI function not implemented: __itt_memory_read
14088 : 0x2d72100c73 : 2 : ittapi_config_apply_per_lib :  ITTAPI function not implemented: __itt_memory_write
14088 : 0x2d72100c78 : 2 : ittapi_config_apply_per_lib :  ITTAPI function not implemented: __itt_memory_update
14088 : 0x2d72100c7e : 2 : ittapi_config_apply_per_lib :  ITTAPI function not implemented: __itt_state_get
14088 : 0x2d72100c83 : 2 : ittapi_config_apply_per_lib :  ITTAPI function not implemented: __itt_state_set
14088 : 0x2d72100c88 : 2 : ittapi_config_apply_per_lib :  ITTAPI function not implemented: __itt_obj_mode_set
14088 : 0x2d72100c8d : 2 : ittapi_config_apply_per_lib :  ITTAPI function not implemented: __itt_thr_mode_set
14088 : 0x2d72100c9b : 2 : ittapi_config_apply_per_lib :  ITTAPI function instrumented: __itt_frame_createA
14088 : 0x2d72100ca0 : 2 : ittapi_config_apply_per_lib :  ITTAPI function instrumented: __itt_frame_createW
14088 : 0x2d72100ca5 : 2 : ittapi_config_apply_per_lib :  ITTAPI function instrumented: __itt_frame_begin
14088 : 0x2d72100caa : 2 : ittapi_config_apply_per_lib :  ITTAPI function instrumented: __itt_frame_end
14088 : 0x2d72100cb0 : 2 : ittapi_config_apply_per_lib :  ITTAPI function not implemented: __itt_counter_destroy
14088 : 0x2d72100cb5 : 2 : ittapi_config_apply_per_lib :  ITTAPI function instrumented: __itt_counter_inc
14088 : 0x2d72100cba : 2 : ittapi_config_apply_per_lib :  ITTAPI function instrumented: __itt_counter_inc_delta
14088 : 0x2d72100cbf : 2 : ittapi_config_apply_per_lib :  ITTAPI function instrumented: __itt_counter_dec
14088 : 0x2d72100cc4 : 2 : ittapi_config_apply_per_lib :  ITTAPI function instrumented: __itt_counter_dec_delta
14088 : 0x2d72100cc9 : 2 : ittapi_config_apply_per_lib :  ITTAPI function instrumented: __itt_counter_set_value
14088 : 0x2d72100cd5 : 2 : ittapi_config_apply_per_lib :  ITTAPI function not implemented: __itt_counter_set_value_ex
14088 : 0x2d72100cdb : 2 : ittapi_config_apply_per_lib :  ITTAPI function not implemented: __itt_mark_createA
14088 : 0x2d72100ce0 : 2 : ittapi_config_apply_per_lib :  ITTAPI function not implemented: __itt_mark_createW
14088 : 0x2d72100ce5 : 2 : ittapi_config_apply_per_lib :  ITTAPI function not implemented: __itt_markA
14088 : 0x2d72100cea : 2 : ittapi_config_apply_per_lib :  ITTAPI function not implemented: __itt_markW
14088 : 0x2d72100cef : 2 : ittapi_config_apply_per_lib :  ITTAPI function not implemented: __itt_mark_off
14088 : 0x2d72100cf4 : 2 : ittapi_config_apply_per_lib :  ITTAPI function not implemented: __itt_mark_globalA
14088 : 0x2d72100cf9 : 2 : ittapi_config_apply_per_lib :  ITTAPI function not implemented: __itt_mark_globalW
14088 : 0x2d72100cff : 2 : ittapi_config_apply_per_lib :  ITTAPI function not implemented: __itt_mark_global_off
14088 : 0x2d72100d04 : 2 : ittapi_config_apply_per_lib :  ITTAPI function instrumented: __itt_stack_caller_create
14088 : 0x2d72100d48 : 2 : ittapi_config_apply_per_lib :  ITTAPI function instrumented: __itt_stack_caller_destroy
14088 : 0x2d72100d4e : 2 : ittapi_config_apply_per_lib :  ITTAPI function instrumented: __itt_stack_callee_enter
14088 : 0x2d72100d53 : 2 : ittapi_config_apply_per_lib :  ITTAPI function instrumented: __itt_stack_callee_leave
14088 : 0x2d72100d58 : 2 : ittapi_config_apply_per_lib :  ITTAPI function not implemented: __itt_clock_domain_create
14088 : 0x2d72100d5e : 2 : ittapi_config_apply_per_lib :  ITTAPI function not implemented: __itt_clock_domain_reset
14088 : 0x2d72100d63 : 2 : ittapi_config_apply_per_lib :  ITTAPI function not implemented: __itt_id_create_ex
14088 : 0x2d72100d69 : 2 : ittapi_config_apply_per_lib :  ITTAPI function not implemented: __itt_id_destroy_ex
14088 : 0x2d72100d6e : 2 : ittapi_config_apply_per_lib :  ITTAPI function not implemented: __itt_task_begin_ex
14088 : 0x2d72100d74 : 2 : ittapi_config_apply_per_lib :  ITTAPI function not implemented: __itt_task_begin_fn_ex
14088 : 0x2d72100d79 : 2 : ittapi_config_apply_per_lib :  ITTAPI function not implemented: __itt_task_end_ex
14088 : 0x2d72100d88 : 2 : ittapi_config_apply_per_lib :  ITTAPI function instrumented: __itt_task_begin_overlapped
14088 : 0x2d72100d8e : 2 : ittapi_config_apply_per_lib :  ITTAPI function not implemented: __itt_task_begin_overlapped_ex
14088 : 0x2d72100d93 : 2 : ittapi_config_apply_per_lib :  ITTAPI function instrumented: __itt_task_end_overlapped
14088 : 0x2d72100d99 : 2 : ittapi_config_apply_per_lib :  ITTAPI function not implemented: __itt_task_end_overlapped_ex
14088 : 0x2d72100d9e : 2 : ittapi_config_apply_per_lib :  ITTAPI function not implemented: __itt_marker_ex
14088 : 0x2d72100da3 : 2 : ittapi_config_apply_per_lib :  ITTAPI function not implemented: __itt_metadata_add_with_scope
14088 : 0x2d72100da8 : 2 : ittapi_config_apply_per_lib :  ITTAPI function not implemented: __itt_metadata_str_add_with_scopeA
14088 : 0x2d72100dae : 2 : ittapi_config_apply_per_lib :  ITTAPI function not implemented: __itt_metadata_str_add_with_scopeW
14088 : 0x2d72100db4 : 2 : ittapi_config_apply_per_lib :  ITTAPI function not implemented: __itt_relation_add_to_current_ex
14088 : 0x2d72100db9 : 2 : ittapi_config_apply_per_lib :  ITTAPI function not implemented: __itt_relation_add_ex
14088 : 0x2d72100dc6 : 2 : ittapi_config_apply_per_lib :  ITTAPI function not implemented: __itt_track_group_create
14088 : 0x2d72100dcb : 2 : ittapi_config_apply_per_lib :  ITTAPI function not implemented: __itt_track_create
14088 : 0x2d72100dd1 : 2 : ittapi_config_apply_per_lib :  ITTAPI function not implemented: __itt_set_track
14088 : 0x2d72100dd6 : 2 : ittapi_config_apply_per_lib :  ITTAPI function instrumented: __itt_api_version
14088 : 0x2d72100ddb : 2 : ittapi_config_apply_per_lib :  ITTAPI function not implemented: __itt_av_saveA
14088 : 0x2d72100de0 : 2 : ittapi_config_apply_per_lib :  ITTAPI function not implemented: __itt_av_saveW
14088 : 0x2d72100de6 : 2 : ittapi_config_apply_per_lib :  ITTAPI function instrumented: __itt_module_loadA
14088 : 0x2d72100deb : 2 : ittapi_config_apply_per_lib :  ITTAPI function instrumented: __itt_module_loadW