106 [12624] TRACE perfrun.launcher <> - ENTER: int wmain(int, __wchar_t **)
112 [12624] TRACE perfrun.launcher <> - ENTER: Start the collection
112 [12624] INFO perfrun.launcher <> - argc = 7; cmdline = C:\Program Files (x86)\IntelSWTools\Advisor 2019\bin64\advixe-runss.exe --ui-output-format xml --ui-output-fd 7468 --option-file F:\Intel_parallel_studio\projects\task_final\task_final\My Advisor Results - task_final\e000\hs000\config\runss.options 
112 [12624] TRACE perfrun.launcher <> - ENTER: Initialize the launcher
183 [12624] INFO perfrun.launcher <> - New signal handler callback was added
183 [12624] TRACE perfrun.launcher <> - ENTER: void runtool::CmdLineParser::declareOptions()
202 [12624] TRACE perfrun.launcher <> - EXIT:  void runtool::CmdLineParser::declareOptions()
202 [12624] TRACE perfrun.system <> - ENTER: runtool::system::IController *runtool::system::IController::create()
202 [12624] TRACE perfrun.system <> - ENTER: runtool::system::Controller::Controller()
202 [12624] TRACE perfrun.system <> - EXIT:  runtool::system::Controller::Controller()
202 [12624] TRACE perfrun.system <> - EXIT:  runtool::system::IController *runtool::system::IController::create()
202 [12624] INFO perfrun.launcher <> - plugin system has been added successfully
202 [12624] INFO perfrun.launcher <> - plugin  has been added successfully
202 [12624] INFO perfrun.launcher <> - plugin  has been added successfully
202 [12624] INFO perfrun.launcher <> - plugin  has been added successfully
203 [12624] INFO perfrun.launcher <> - plugin  has been added successfully
203 [12624] INFO perfrun.launcher <> - plugin  has been added successfully
203 [12624] INFO perfrun.launcher <> - plugin  has been added successfully
203 [12624] INFO perfrun.launcher <> - plugin mrte has been added successfully
203 [12624] INFO perfrun.launcher <> - plugin  has been added successfully
203 [12624] INFO perfrun.launcher <> - plugin  has been added successfully
203 [12624] INFO perfrun.launcher <> - plugin  has been added successfully
203 [12624] INFO perfrun.launcher <> - plugin  has been added successfully
203 [12624] INFO perfrun.launcher <> - plugin  has been added successfully
203 [12624] TRACE perfrun.tpss <> - ENTER: runtool::sdk::IController *runtool::tpss::IController::create()
203 [12624] TRACE perfrun.tpss <> - ENTER: create tpss controller
213 [12624] TRACE perfrun.tpss <> - EXIT:  create tpss controller
213 [12624] TRACE perfrun.tpss <> - EXIT:  runtool::sdk::IController *runtool::tpss::IController::create()
213 [12624] INFO perfrun.launcher <> - plugin tpss has been added successfully
213 [12624] INFO perfrun.launcher <> - plugin  has been added successfully
213 [12624] INFO perfrun.launcher <> - plugin  has been added successfully
213 [12624] INFO perfrun.launcher <> - plugin  has been added successfully
213 [12624] INFO perfrun.launcher <> - plugin  has been added successfully
213 [12624] INFO perfrun.launcher <> - plugin  has been added successfully
213 [12624] INFO perfrun.launcher <> - plugin  has been added successfully
214 [12624] INFO perfrun.launcher <> - the option was added --interval: Specify an interval of data collection (for example, sampling) in milliseconds.
214 [12624] INFO perfrun.launcher <> - the option was added --follow-child: Profile process with or without children.
214 [12624] INFO perfrun.launcher <> - the option was added --gelding: BADMSG: perfrun1.launcher.plugin_manager::gelding
214 [12624] INFO perfrun.launcher <> - the option was added --time-source: Specify time source for measurement. Possible values: sys - wall clock time; tsc - time stamp counter; ext - time from an external source; auto - auto select accurate time source.
214 [12624] INFO perfrun.launcher <> - the option was added --stack: Enable or disable collection of stacks.
214 [12624] INFO perfrun.launcher <> - the option was added --stack-stitching: Enable or disable the stack stitching algorithm for Intel TBB-based applications.
214 [12624] INFO perfrun.launcher <> - the option was added --type: Specify type of data to be collected. For example, --type cpu:counters,waiting:nostack,io.
214 [12624] INFO perfrun.launcher <> - the option was added --mrte-mode: Specify Java/.NET/other managed runtime collection mode. Possible values: native - collect information only for native code; managed - collect information only for managed code; mixed - collect information for both managed and native code; auto - choose the mode based on binary type.
215 [12624] INFO perfrun.launcher <> - the option was added --mrte-mode-list: List supported Java/.NET/other managed runtime collection modes.
215 [12624] INFO perfrun.launcher <> - the option was added --mrte-type: Specify which managed runtimes to collect. Possible values: java - collect information for Java; dotnet - collect information for .NET; python - collect information for CPython. You can specify several values separated by comma.
215 [12624] INFO perfrun.launcher <> - the option was added --mrte-type-list: List supported Java/.NET/other managed runtime types.
215 [12624] INFO perfrun.launcher <> - the option was added --trace-strategy: Specify how to profile a process tree. <string> can be "<process>:trace:notrace" - profile the process but do not profile its children. Shorthand parameters: t - trace, nt - notrace. For example, "vtunedemo.exe:t:t".
215 [12624] INFO perfrun.launcher <> - the option was added --collector: BADMSG: perfrun1.launcher.plugin_manager::collector
215 [12624] INFO perfrun.launcher <> - the option was added --system-wide: Enable system-wide profiling. This mode may require additional permissions.
215 [12624] INFO perfrun.launcher <> - the option was added --kvm-guest: Enable KVM guest OS profiling.
215 [12624] INFO perfrun.launcher <> - the option was added --kvm-guest-kallsyms: Specify a local path to the /proc/kallsyms file copied from the guest OS for proper symbol resolution.
215 [12624] INFO perfrun.launcher <> - the option was added --kvm-guest-modules: Specify a local path to the /proc/modules file copied from the guest OS for proper symbol resolution.
215 [12624] INFO perfrun.launcher <> - the option was added --target-system: BADMSG: perfrun1.launcher.plugin_manager::target-system
216 [12624] INFO perfrun.launcher <> - the option was added --bandwidth-limits: Measure bandwidth limits
216 [12624] INFO perfrun.launcher <> - the option was added --bandwidth-strategy: Bandwidth limits determination specific properties (example: --bandwidth-strategy array-size=0,duration=500).
216 [12624] INFO perfrun.launcher <> - the option was added --bandwidth-config: List of benchmarks to run.
216 [12624] INFO perfrun.launcher <> - the option was added --benchmark-sync: Run synchronized bandwidth measurement.
216 [12624] INFO perfrun.launcher <> - the option was added --system-collector-config: Specify subcollectors. Possible values: all, vdso, container, device-info, none.
216 [12624] INFO perfrun.launcher <> - the option was added --stackwalk: Specify stack unwinding method. Possible values: online - unwind stacks during collection; offline - unwind stacks after collection is finished.
216 [12624] INFO perfrun.launcher <> - the option was added --filter-include: Filter data during collection. Possible values: contended=<on|off> - filter out uncontended events; contended_nostack=<time> - filter out stacks for contended events that take less than <time> microseconds; wait=<time> - ignore transitions and blocks with wait time less than <time> microseconds; wait_nostack=<time> - filter out stacks for waits that take less than <time> microseconds.
216 [12624] INFO perfrun.launcher <> - the option was added --debug-pin: Debug PIN tool and runtime.
216 [12624] INFO perfrun.launcher <> - the option was added --debug-exception: Disallow the application to set own abnormal termination handler.
216 [12624] INFO perfrun.launcher <> - the option was added --trace-type: Specify the trace file granularity. Possible values: per-thread - per-thread trace file generation; per-process - per-process trace file generation.
217 [12624] INFO perfrun.launcher <> - the option was added --instrumentation-type: Specify type of instrumentation.
217 [12624] INFO perfrun.launcher <> - the option was added --guard-pulse-event: Enable handling of PulseEvent API in order not to miss signals made by the API during Hotspots collection.
217 [12624] INFO perfrun.launcher <> - the option was added --memory-strategy: Specify a minimal memory object size to be traced and a hash table size for faster objects search; for example: --memory-strategy obj-size-min=1024,hash-table-size=4096.
217 [12624] TRACE perfrun.launcher <> - Update configuration: tmp directory = C:\Users\08DE~1\AppData\Local\Temp\advixe-tmp-Анастасия
217 [12624] TRACE perfrun.launcher <> - EXIT:  Initialize the launcher
218 [12624] TRACE perfrun.launcher <> - ENTER: void runtool::CmdLineParser::parseOptionFile(const std::basic_string<__wchar_t, std::char_traits<__wchar_t>, std::allocator<__wchar_t>> &)
229 [12624] TRACE perfrun.launcher <> - EXIT:  void runtool::CmdLineParser::parseOptionFile(const std::basic_string<__wchar_t, std::char_traits<__wchar_t>, std::allocator<__wchar_t>> &)
229 [12624] INFO perfrun.launcher <> - create msngr2::ICliToolContext
234 [12624] TRACE perfrun.launcher <> - ENTER: void runtool::CmdLineParser::validateParseResult() const
234 [12624] TRACE perfrun.launcher <> - EXIT:  void runtool::CmdLineParser::validateParseResult() const
234 [12624] TRACE perfrun.launcher <> - ENTER: void runtool::CmdLineParser::populate(runtool::IConfiguration *) const
234 [12624] TRACE perfrun.launcher <> - Update configuration: action = start
234 [12624] TRACE perfrun.launcher <> - Update configuration: collection type = launcher
234 [12624] TRACE perfrun.launcher <> - Update configuration: compression level = 2
234 [12624] TRACE perfrun.launcher <> - Update configuration: duration = 0 sec
234 [12624] TRACE perfrun.launcher <> - Update configuration: data limit = 524288000 bytes
234 [12624] TRACE perfrun.launcher <> - Update configuration: disc space limit = 0 bytes
234 [12624] TRACE perfrun.launcher <> - Update configuration: return-app-exitcode = true
234 [12624] TRACE perfrun.launcher <> - Update configuration: result directory = F:\Intel_parallel_studio\projects\task_final\task_final\My Advisor Results - task_final\e000\hs000
234 [12624] TRACE perfrun.launcher <> - Update configuration: application = F:\Intel_parallel_studio\projects\task_final\x64\Release\task_final.exe
234 [12624] TRACE perfrun.launcher <> - [IN] option = interval; value = 10 !u32_t
234 [12624] TRACE perfrun.launcher <> - [IN] option = follow-child; value = true !bool
234 [12624] TRACE perfrun.launcher <> - [IN] option = gelding; value = false !bool
234 [12624] TRACE perfrun.launcher <> - [IN] option = time-source; value = auto !ustring
234 [12624] TRACE perfrun.launcher <> - [IN] option = stack; value = true !bool
234 [12624] TRACE perfrun.launcher <> - [IN] option = stack-stitching; value = true !bool
234 [12624] TRACE perfrun.launcher <> - [IN] option = type; value = cpu:stack !ustring
234 [12624] TRACE perfrun.launcher <> - [IN] option = mrte-mode; value = auto !ustring
234 [12624] TRACE perfrun.launcher <> - [IN] option = mrte-type; value = java !ustring
234 [12624] TRACE perfrun.launcher <> - [IN] option = mrte-type; value = dotnet !ustring
234 [12624] TRACE perfrun.launcher <> - [IN] option = mrte-type; value = python !ustring
234 [12624] TRACE perfrun.launcher <> - [IN] option = trace-strategy; value = ld-linux.so.2:notrace:notrace !ustring
235 [12624] TRACE perfrun.launcher <> - [IN] option = trace-strategy; value = ld-linux-x86-64.so.2:notrace:notrace !ustring
235 [12624] TRACE perfrun.launcher <> - [IN] option = collector; value = sep !ustring
235 [12624] TRACE perfrun.launcher <> - [IN] option = system-wide; value = false !bool
235 [12624] TRACE perfrun.launcher <> - [IN] option = kvm-guest; value = false !bool
235 [12624] TRACE perfrun.launcher <> - [IN] option = bandwidth-limits; value = false !bool
235 [12624] TRACE perfrun.launcher <> - [IN] option = benchmark-sync; value = false !bool
235 [12624] TRACE perfrun.launcher <> - [IN] option = system-collector-config; value = all !ustring
235 [12624] TRACE perfrun.launcher <> - [IN] option = stackwalk; value = offline !ustring
235 [12624] TRACE perfrun.launcher <> - [IN] option = trace-type; value = per-thread !ustring
235 [12624] TRACE perfrun.launcher <> - [IN] option = instrumentation-type; value = pin !ustring
235 [12624] TRACE perfrun.launcher <> - [IN] option = guard-pulse-event; value = false !bool
235 [12624] TRACE perfrun.launcher <> - EXIT:  void runtool::CmdLineParser::populate(runtool::IConfiguration *) const
235 [11916] TRACE perfrun.tpss <> - ENTER: void runtool::tpss::Controller::setMessageChannel(runtool::sdk::IMessageChannel *)
235 [11916] TRACE perfrun.tpss <> - EXIT:  void runtool::tpss::Controller::setMessageChannel(runtool::sdk::IMessageChannel *)
235 [12624] INFO perfrun.launcher <> - create file finder object
235 [11916] TRACE perfrun.tpss <> - ENTER: void runtool::tpss::Controller::setRequestHandler(runtool::sdk::IRequestHandler *)
235 [11916] TRACE perfrun.tpss <> - EXIT:  void runtool::tpss::Controller::setRequestHandler(runtool::sdk::IRequestHandler *)
235 [12624] TRACE perfrun.launcher <> - Handle the user request: action = 0
235 [12624] TRACE perfrun.launcher <> - ENTER: int runtool::Launcher::doStart()
235 [12624] TRACE perfrun.launcher <> - ENTER: void runtool::Launcher::prepareLaunch()
235 [12624] TRACE perfrun.launcher <> - ENTER: void runtool::Launcher::prepareResultDirectory()
235 [12624] INFO perfrun.launcher <> - create a result directory: pattern = F:\Intel_parallel_studio\projects\task_final\task_final\My Advisor Results - task_final\e000\hs000 pid = 4294967295
257 [12624] TRACE perfrun.launcher <> - Update configuration: result directory = F:\Intel_parallel_studio\projects\task_final\task_final\My Advisor Results - task_final\e000\hs000
257 [12624] INFO perfrun.launcher <> - create data directory = F:\Intel_parallel_studio\projects\task_final\task_final\My Advisor Results - task_final\e000\hs000\data.0
268 [12624] TRACE perfrun.launcher <> - Update configuration: data directory = F:\Intel_parallel_studio\projects\task_final\task_final\My Advisor Results - task_final\e000\hs000\data.0
269 [12624] TRACE perfrun.launcher <> - EXIT:  void runtool::Launcher::prepareResultDirectory()
286 [12624] TRACE perfrun.launcher <> - IMessenger: send collection state with state = 11
287 [11916] TRACE perfrun.launcher <> - Update configuration: follow child = 1
287 [11916] TRACE perfrun.launcher <> - Update configuration: time source = 0
287 [11916] TRACE perfrun.launcher <> - Update configuration: stack = 1
287 [11916] TRACE perfrun.launcher <> - Update configuration: gelding = 0
287 [11916] TRACE perfrun.launcher <> - Update configuration: stack stitching = 1
287 [11916] TRACE perfrun.system <> - ENTER: int runtool::system::Controller::initialize(runtool::sdk::IConfiguration *)
287 [11916] TRACE perfrun.system <> - ENTER: int runtool::system::TraceWriter::initialize(runtool::sdk::IConfiguration *, runtool::system::TraceWriter::Settings *)
287 [11916] TRACE perfrun.sdk <> - set the compression level: 2
288 [11916] TRACE perfrun.sdk <> - ENTER: runtool::sdk::TraceFile::TraceFile(tpss_tmu_creator *, unsigned int, const std::basic_string<__wchar_t, std::char_traits<__wchar_t>, std::allocator<__wchar_t>> &, bool)
288 [11916] INFO perfrun.sdk <> - Allocating TMU :F:\Intel_parallel_studio\projects\task_final\task_final\My Advisor Results - task_final\e000\hs000\data.0\systemcollector-2968-DESKTOP-5O9C4TH.sc
289 [11916] TRACE perfrun.sdk <> - EXIT:  runtool::sdk::TraceFile::TraceFile(tpss_tmu_creator *, unsigned int, const std::basic_string<__wchar_t, std::char_traits<__wchar_t>, std::allocator<__wchar_t>> &, bool)
289 [11916] TRACE perfrun.system <> - EXIT:  int runtool::system::TraceWriter::initialize(runtool::sdk::IConfiguration *, runtool::system::TraceWriter::Settings *)
289 [11916] TRACE perfrun.system <> - EXIT:  int runtool::system::Controller::initialize(runtool::sdk::IConfiguration *)
289 [11916] INFO perfrun.launcher <> - plugin [] was disabled because it doesn't support the given collection type.
289 [11916] INFO perfrun.launcher <> - plugin [] was disabled because it doesn't support the given collection type.
289 [11916] INFO perfrun.launcher <> - plugin [] was disabled because it doesn't support the given collection type.
289 [11916] INFO perfrun.launcher <> - plugin [] was disabled because it doesn't support the given collection type.
289 [11916] INFO perfrun.launcher <> - plugin [] was disabled because it doesn't support the given collection type.
289 [11916] INFO perfrun.launcher <> - plugin [] was disabled because it doesn't support the given collection type.
289 [11916] TRACE perfrun.mrte <> - ENTER: int runtool::mrte::Controller::initialize(runtool::sdk::IConfiguration *)
289 [11916] TRACE perfrun.mrte <> - EXIT:  int runtool::mrte::Controller::initialize(runtool::sdk::IConfiguration *)
289 [11916] INFO perfrun.launcher <> - plugin [mrte] was disabled because it doesn't support the given collection type.
289 [11916] INFO perfrun.launcher <> - plugin [] was disabled because it doesn't support the given collection type.
289 [11916] INFO perfrun.launcher <> - plugin [] was disabled because it doesn't support the given collection type.
289 [11916] INFO perfrun.launcher <> - plugin [] was disabled because it doesn't support the given collection type.
289 [11916] INFO perfrun.launcher <> - plugin [] was disabled because it doesn't support the given collection type.
289 [11916] INFO perfrun.launcher <> - plugin [] was disabled because it doesn't support the given collection type.
289 [11916] TRACE perfrun.tpss <> - ENTER: int runtool::tpss::Controller::initialize(runtool::sdk::IConfiguration *)
289 [11916] INFO perfrun.tpss <> - initialize tpss controller
289 [11916] TRACE perfrun.tpss <> - ENTER: bool runtool::tpss::Controller::configureCollectionMode(const std::basic_string<__wchar_t, std::char_traits<__wchar_t>, std::allocator<__wchar_t>> &)
290 [11916] INFO perfrun.tpss <> - configure collection mode: value = cpu:stack
290 [11916] TRACE perfrun.tpss <> - EXIT:  bool runtool::tpss::Controller::configureCollectionMode(const std::basic_string<__wchar_t, std::char_traits<__wchar_t>, std::allocator<__wchar_t>> &)
290 [11916] TRACE perfrun.tpss <> - ENTER: tpss::trace_file_t runtool::tpss::castTraceFileType(const gen_helpers2::variant_t &)
290 [11916] TRACE perfrun.tpss <> - EXIT:  tpss::trace_file_t runtool::tpss::castTraceFileType(const gen_helpers2::variant_t &)
290 [11916] INFO perfrun.tpss <> - default obj-size-min=1024
290 [11916] INFO perfrun.tpss <> - default hash-table-size=0
291 [11916] TRACE perfrun.tpss <> - EXIT:  int runtool::tpss::Controller::initialize(runtool::sdk::IConfiguration *)
291 [11916] INFO perfrun.launcher <> - plugin [] was disabled because it doesn't support the given collection type.
291 [11916] INFO perfrun.launcher <> - plugin [] was disabled because it doesn't support the given collection type.
291 [11916] INFO perfrun.launcher <> - plugin [] was disabled because it doesn't support the given collection type.
291 [11916] INFO perfrun.launcher <> - plugin [] was disabled because it doesn't support the given collection type.
291 [11916] INFO perfrun.launcher <> - plugin [] was disabled because it doesn't support the given collection type.
291 [11916] INFO perfrun.launcher <> - plugin [] was disabled because it doesn't support the given collection type.
291 [12624] TRACE perfrun.launcher <> - RpcServer was created for IPC filename = F:\Intel_parallel_studio\projects\task_final\task_final\My Advisor Results - task_final\e000\hs000\runtool.2968.ipc
293 [12624] TRACE perfrun.launcher <> - RpcServer: setup all handlers at once
293 [12624] TRACE perfrun.launcher <> - RpcServer: setup a handler for ICancelRequest
293 [12624] TRACE perfrun.launcher <> - RpcServer: setup a handler for IPauseRequest
293 [12624] TRACE perfrun.launcher <> - RpcServer: setup a handler for IResumeRequest
293 [12624] TRACE perfrun.launcher <> - RpcServer: setup a handler for IStopRequest
293 [12624] TRACE perfrun.launcher <> - RpcServer: setup a handler for IStatusRequest
293 [12624] TRACE perfrun.launcher <> - RpcServer: setup a handler for IDetachRequest
293 [12624] TRACE perfrun.launcher <> - RpcServer: setup a handler for IMarkRequest
293 [12624] INFO perfrun.launcher <> - RpcServer: run RPC server to handle requests
297 [12624] DEBUG perfrun.launcher <> - RpcServer: wrote information about the RPC server into the IPC file
307 [12624] TRACE perfrun.launcher <> - EXIT:  void runtool::Launcher::prepareLaunch()
307 [12624] TRACE perfrun.launcher <> - ENTER: bool runtool::IProcessUtil::checkExecutableFile(const std::basic_string<__wchar_t, std::char_traits<__wchar_t>, std::allocator<__wchar_t>> &)
307 [2108] TRACE perfrun.launcher <> - ENTER: RpcServer: the main loop handles RPC requests  from clients
310 [12624] INFO perfrun.launcher <> - IProcessUtil: the given executable 'F:\Intel_parallel_studio\projects\task_final\x64\Release\task_final.exe' is valid.
310 [12624] TRACE perfrun.launcher <> - EXIT:  bool runtool::IProcessUtil::checkExecutableFile(const std::basic_string<__wchar_t, std::char_traits<__wchar_t>, std::allocator<__wchar_t>> &)
310 [12624] INFO perfrun.launcher <> - Launcher: command line to start before modification = F:\Intel_parallel_studio\projects\task_final\x64\Release\task_final.exe
310 [11916] TRACE perfrun.tpss <> - ENTER: void runtool::tpss::Controller::modifyCommandLine(std::basic_string<__wchar_t, std::char_traits<__wchar_t>, std::allocator<__wchar_t>> &) const
316 [11916] TRACE perfrun.tpss <> - EXIT:  void runtool::tpss::Controller::modifyCommandLine(std::basic_string<__wchar_t, std::char_traits<__wchar_t>, std::allocator<__wchar_t>> &) const
316 [12624] INFO perfrun.launcher <> - Launcher: command line to start after modification = C:\Program Files (x86)\IntelSWTools\Advisor 2019\bin64\pin.exe -error_file F:\Intel_parallel_studio\projects\task_final\task_final\My Advisor Results - task_final\e000\hs000\data.0\pinerr.tpsslog -detach_reattach -probe -follow_execv -p32 C:\Program Files (x86)\IntelSWTools\Advisor 2019\bin32\pin.exe -p64 C:\Program Files (x86)\IntelSWTools\Advisor 2019\bin64\pin.exe -t64 C:\Program Files (x86)\IntelSWTools\Advisor 2019\bin64\tpsstool.dll -t C:\Program Files (x86)\IntelSWTools\Advisor 2019\bin32\tpsstool.dll -server_name tpss_ipc.2968 -prd_dir C:\Program Files (x86)\IntelSWTools\Advisor 2019 -- F:\Intel_parallel_studio\projects\task_final\x64\Release\task_final.exe
316 [12624] INFO perfrun.launcher <> - ProcessCreator object was created
316 [12624] TRACE perfrun.launcher <> - ENTER: unsigned int runtool::ProcessCreator::start(bool)
323 [12624] TRACE perfrun.launcher <> - EXIT:  unsigned int runtool::ProcessCreator::start(bool)
323 [12624] INFO perfrun.launcher <> - Launcher: the process was started in suspend mode
323 [11916] TRACE perfrun.system <> - ENTER: void runtool::system::Controller::onEvent(runtool::sdk::collection_state_t)
323 [11916] TRACE perfrun.system <> - EXIT:  void runtool::system::Controller::onEvent(runtool::sdk::collection_state_t)
323 [11916] TRACE perfrun.system <> - ENTER: bool runtool::system::Controller::start(unsigned int)
324 [11916] TRACE perfrun.system <> - ENTER: bool runtool::system::getVideoAdapters(std::vector<runtool::system::gpu_adapter_t, std::allocator<runtool::system::gpu_adapter_t>> &)
365 [11916] TRACE perfrun.system <> - EXIT:  bool runtool::system::getVideoAdapters(std::vector<runtool::system::gpu_adapter_t, std::allocator<runtool::system::gpu_adapter_t>> &)
366 [11916] TRACE perfrun.system <> - EXIT:  bool runtool::system::Controller::start(unsigned int)
366 [11916] TRACE perfrun.tpss <> - ENTER: bool runtool::tpss::Controller::start(unsigned int)
366 [11916] INFO perfrun.tpss <> - start tpss controller for pid #964
417 [11916] TRACE perfrun.tpss <> - EXIT:  bool runtool::tpss::Controller::start(unsigned int)
417 [11916] TRACE perfrun.system <> - ENTER: void runtool::system::Controller::onEvent(runtool::sdk::collection_state_t)
417 [11916] TRACE perfrun.system <> - EXIT:  void runtool::system::Controller::onEvent(runtool::sdk::collection_state_t)
417 [12624] INFO perfrun.launcher <> - Launcher: all plugins were started
417 [12624] TRACE perfrun.launcher <> - IMessenger: send collection state with state = 1
417 [12624] TRACE perfrun.launcher <> - ENTER: void runtool::Launcher::setupResumeAfterCallback()
417 [12624] TRACE perfrun.launcher <> - EXIT:  void runtool::Launcher::setupResumeAfterCallback()
417 [12624] TRACE perfrun.launcher <> - ENTER: void runtool::Launcher::setupHardStopCallbacks()
418 [12624] INFO perfrun.launcher <> - DirectoryMonitor object was created
418 [12624] INFO perfrun.launcher <> - DirectoryMonitor: a callback was added
418 [12624] INFO perfrun.launcher <> - DirectoryMonitor was started with pingTime = 1000
418 [12624] INFO perfrun.launcher <> - DeadlineTimer is going to be constructed
419 [12624] INFO perfrun.launcher <> - DeadlineTimer: a callback was added
419 [12624] TRACE perfrun.launcher <> - EXIT:  void runtool::Launcher::setupHardStopCallbacks()
419 [12624] TRACE perfrun.launcher <> - ENTER: void runtool::Launcher::setupDurationCallback(bool)
419 [12624] TRACE perfrun.launcher <> - EXIT:  void runtool::Launcher::setupDurationCallback(bool)
426 [12624] TRACE perfrun.launcher <> - ENTER: void runtool::ProcessCreator::resume()
426 [12624] DEBUG perfrun.launcher <> - ProcessCreator: the process with pid = 964 is resumed
426 [12624] TRACE perfrun.launcher <> - EXIT:  void runtool::ProcessCreator::resume()
426 [12624] INFO perfrun.launcher <> - Launcher: resume the profiled application and  wait its termination or stop command
426 [12624] TRACE perfrun.launcher <> - ENTER: int runtool::ProcessCreator::wait()
910 [12624] TRACE perfrun.launcher <> - EXIT:  int runtool::ProcessCreator::wait()
910 [12624] INFO perfrun.launcher <> - Launcher: the profiled application was terminated  with exit code = 0
910 [12624] TRACE perfrun.launcher <> - ENTER: void runtool::Launcher::waitForSlaves(const std::basic_string<__wchar_t, std::char_traits<__wchar_t>, std::allocator<__wchar_t>> &)
910 [12624] TRACE perfrun.sdk <> - ENTER: void runtool::sdk::getFilesFromDirectoryByExt(const std::basic_string<__wchar_t, std::char_traits<__wchar_t>, std::allocator<__wchar_t>> &, const std::basic_string<__wchar_t, std::char_traits<__wchar_t>, std::allocator<__wchar_t>> &, std::list<std::basic_string<__wchar_t, std::char_traits<__wchar_t>, std::allocator<__wchar_t>>, std::allocator<std::basic_string<__wchar_t, std::char_traits<__wchar_t>, std::allocator<__wchar_t>>>> &)
911 [12624] TRACE perfrun.sdk <> - EXIT:  void runtool::sdk::getFilesFromDirectoryByExt(const std::basic_string<__wchar_t, std::char_traits<__wchar_t>, std::allocator<__wchar_t>> &, const std::basic_string<__wchar_t, std::char_traits<__wchar_t>, std::allocator<__wchar_t>> &, std::list<std::basic_string<__wchar_t, std::char_traits<__wchar_t>, std::allocator<__wchar_t>>, std::allocator<std::basic_string<__wchar_t, std::char_traits<__wchar_t>, std::allocator<__wchar_t>>>> &)
913 [12624] TRACE perfrun.launcher <> - EXIT:  void runtool::Launcher::waitForSlaves(const std::basic_string<__wchar_t, std::char_traits<__wchar_t>, std::allocator<__wchar_t>> &)
913 [11916] TRACE perfrun.system <> - ENTER: void runtool::system::Controller::onEvent(runtool::sdk::collection_state_t)
913 [11916] TRACE perfrun.system <> - EXIT:  void runtool::system::Controller::onEvent(runtool::sdk::collection_state_t)
913 [11916] TRACE perfrun.system <> - ENTER: bool runtool::system::Controller::stop()
921 [11916] TRACE perfrun.system <> - EXIT:  bool runtool::system::Controller::stop()
921 [11916] TRACE perfrun.tpss <> - ENTER: bool runtool::tpss::Controller::stop()
921 [11916] INFO perfrun.tpss <> - stop tpss controller
921 [11916] TRACE perfrun.tpss <> - EXIT:  bool runtool::tpss::Controller::stop()
921 [11916] TRACE perfrun.system <> - ENTER: void runtool::system::Controller::onEvent(runtool::sdk::collection_state_t)
921 [11916] TRACE perfrun.sdk <> - ENTER: void runtool::sdk::TraceFile::close(boost::system::error_code &)
922 [11916] INFO perfrun.sdk <> - De-allocating TMU: F:\Intel_parallel_studio\projects\task_final\task_final\My Advisor Results - task_final\e000\hs000\data.0\systemcollector-2968-DESKTOP-5O9C4TH.sc
937 [11916] TRACE perfrun.sdk <> - EXIT:  void runtool::sdk::TraceFile::close(boost::system::error_code &)
937 [11916] INFO perfrun.system <> - closed the system trace file: F:\Intel_parallel_studio\projects\task_final\task_final\My Advisor Results - task_final\e000\hs000\data.0\systemcollector-2968-DESKTOP-5O9C4TH.sc
937 [11916] TRACE perfrun.system <> - EXIT:  void runtool::system::Controller::onEvent(runtool::sdk::collection_state_t)
937 [12624] TRACE perfrun.launcher <> - ENTER: void runtool::ProcessSetMonitor<unsigned int>::stop<>()
938 [12624] TRACE perfrun.launcher <> - EXIT:  void runtool::ProcessSetMonitor<unsigned int>::stop<>()
938 [12624] TRACE perfrun.launcher <> - ENTER: void runtool::ProcessCreator::stop()
938 [12624] TRACE perfrun.launcher <> - EXIT:  void runtool::ProcessCreator::stop()
938 [12624] INFO perfrun.launcher <> - Launcher: all plugins were stopped.
938 [12624] TRACE perfrun.launcher <> - ENTER: void runtool::Launcher::resetDurationCallback()
938 [12624] TRACE perfrun.launcher <> - EXIT:  void runtool::Launcher::resetDurationCallback()
938 [12624] TRACE perfrun.launcher <> - ENTER: void runtool::Launcher::resetResumeAfterCallback()
938 [12624] TRACE perfrun.launcher <> - EXIT:  void runtool::Launcher::resetResumeAfterCallback()
938 [12624] TRACE perfrun.launcher <> - ENTER: void runtool::Launcher::resetHardStopCallbacks()
938 [12624] INFO perfrun.launcher <> - DeadlineTimer is going to be destroyed
938 [12624] INFO perfrun.launcher <> - DirectoryMonitor object was destroyed
938 [12624] TRACE perfrun.launcher <> - EXIT:  void runtool::Launcher::resetHardStopCallbacks()
938 [12624] WARN perfrun.launcher <> - Stop command is ignored because it is received when collection is already stopped, at file: vcs\perfrun1\launcher\src\command_handler.cpp:209
938 [12624] TRACE perfrun.launcher <> - ENTER: void runtool::Launcher::shutdownLaunch()
938 [12624] TRACE perfrun.launcher <> - ENTER: void runtool::Launcher::resetDurationCallback()
938 [12624] TRACE perfrun.launcher <> - EXIT:  void runtool::Launcher::resetDurationCallback()
938 [12624] TRACE perfrun.launcher <> - ENTER: void runtool::Launcher::resetResumeAfterCallback()
938 [12624] TRACE perfrun.launcher <> - EXIT:  void runtool::Launcher::resetResumeAfterCallback()
938 [12624] TRACE perfrun.launcher <> - ENTER: void runtool::Launcher::resetHardStopCallbacks()
938 [12624] TRACE perfrun.launcher <> - EXIT:  void runtool::Launcher::resetHardStopCallbacks()
938 [12624] TRACE perfrun.launcher <> - ENTER: void runtool::RpcServer::stop()
939 [12624] TRACE perfrun.launcher <> - ENTER: Send RPC request
939 [2108] TRACE perfrun.launcher <> - ENTER: Receive RPC request
939 [12624] TRACE perfrun.launcher <> - header and body of the message was send: header = 22 serialization::archive 10 0 0 8 0 0 0 0; body = 22 serialization::archive 10 0 0 8 0 0 0 0
939 [2108] TRACE perfrun.launcher <> - header of the message was received: size = 8; message =       2a
939 [12624] TRACE perfrun.launcher <> - EXIT:  Send RPC request
939 [2108] TRACE perfrun.launcher <> - body of the message was received: size = 42; message = 22 serialization::archive 10 0 0 8 0 0 0 0
939 [2108] TRACE perfrun.launcher <> - EXIT:  Receive RPC request
939 [2108] TRACE perfrun.launcher <> - EXIT:  RpcServer: the main loop handles RPC requests  from clients
939 [12624] TRACE perfrun.launcher <> - EXIT:  void runtool::RpcServer::stop()
940 [12624] TRACE perfrun.launcher <> - ENTER: void runtool::Launcher::waitForSlaves(const std::basic_string<__wchar_t, std::char_traits<__wchar_t>, std::allocator<__wchar_t>> &)
940 [12624] TRACE perfrun.sdk <> - ENTER: void runtool::sdk::getFilesFromDirectoryByExt(const std::basic_string<__wchar_t, std::char_traits<__wchar_t>, std::allocator<__wchar_t>> &, const std::basic_string<__wchar_t, std::char_traits<__wchar_t>, std::allocator<__wchar_t>> &, std::list<std::basic_string<__wchar_t, std::char_traits<__wchar_t>, std::allocator<__wchar_t>>, std::allocator<std::basic_string<__wchar_t, std::char_traits<__wchar_t>, std::allocator<__wchar_t>>>> &)
941 [12624] TRACE perfrun.sdk <> - EXIT:  void runtool::sdk::getFilesFromDirectoryByExt(const std::basic_string<__wchar_t, std::char_traits<__wchar_t>, std::allocator<__wchar_t>> &, const std::basic_string<__wchar_t, std::char_traits<__wchar_t>, std::allocator<__wchar_t>> &, std::list<std::basic_string<__wchar_t, std::char_traits<__wchar_t>, std::allocator<__wchar_t>>, std::allocator<std::basic_string<__wchar_t, std::char_traits<__wchar_t>, std::allocator<__wchar_t>>>> &)
941 [12624] TRACE perfrun.launcher <> - EXIT:  void runtool::Launcher::waitForSlaves(const std::basic_string<__wchar_t, std::char_traits<__wchar_t>, std::allocator<__wchar_t>> &)
941 [12624] TRACE perfrun.launcher <> - EXIT:  void runtool::Launcher::shutdownLaunch()
941 [12624] TRACE perfrun.launcher <> - EXIT:  int runtool::Launcher::doStart()
941 [12624] TRACE perfrun.launcher <> - IMessenger: send collection state with state = 3
941 [12624] INFO perfrun.launcher <> - Application exit code: 0
941 [12624] INFO perfrun.launcher <> - Exit code: 0
941 [12624] TRACE perfrun.launcher <> - EXIT:  Start the collection
941 [12624] TRACE perfrun.launcher <> - ENTER: Destroy the launcher...
941 [12624] TRACE perfrun.launcher <> - EXIT:  Destroy the launcher...
941 [12624] TRACE perfrun.launcher <> - ENTER: runtool::RpcServer::~RpcServer()
941 [12624] TRACE perfrun.launcher <> - ENTER: void runtool::RpcServer::stop()
941 [12624] TRACE perfrun.launcher <> - EXIT:  void runtool::RpcServer::stop()
941 [12624] TRACE perfrun.launcher <> - EXIT:  runtool::RpcServer::~RpcServer()
941 [12624] TRACE perfrun.launcher <> - ENTER: runtool::ProcessCreator::~ProcessCreator()
941 [12624] TRACE perfrun.launcher <> - ENTER: void runtool::ProcessCreator::stop()
941 [12624] TRACE perfrun.launcher <> - EXIT:  void runtool::ProcessCreator::stop()
941 [12624] TRACE perfrun.launcher <> - EXIT:  runtool::ProcessCreator::~ProcessCreator()
942 [12624] TRACE perfrun.launcher <> - PluginManagerProxy::doOperation thread was terminated.
943 [12624] TRACE perfrun.launcher <> - EXIT:  int wmain(int, __wchar_t **)
