<?xml version="1.0" encoding="utf-8"?>
<log version="1.0" tool="runtool">

<msg id="1" tool="runtool">
  <type>log-start</type>
  <arg>2019/10/28 23:36:01</arg>
</msg>
<msg id="2" tool="runtool">
  <type>collector-starts</type>
</msg>
<msg id="3" tool="runtool">
  <type>marker-file</type>
  <arg>F:\Intel_parallel_studio\projects\task3\task3\My Inspector Results - task3\r003ti3\r003ti3.inspxe</arg>
</msg>
<msg id="4" tool="tc">
  <type>START</type>
  <severity>INFO</severity>
  <timestamp>Mon Oct 28 23:36:01 2019</timestamp>
</msg>
<msg id="5" tool="tc">
  <type>EXEC_OF_INTEREST</type>
  <arg>f:\intel_parallel_studio\projects\task3\x64\release\task3.exe</arg>
  <arg>328</arg>
  <severity>INFO</severity>
  <timestamp>Mon Oct 28 23:36:01 2019</timestamp>
</msg>
<msg id="6" tool="tc">
  <type>LOAD_MODULE</type>
  <arg>f:\intel_parallel_studio\projects\task3\x64\release\task3.exe</arg>
  <arg>0x7ff648d30000</arg>
  <arg>0x7ff648d3ffff</arg>
  <severity>INFO</severity>
  <timestamp>Mon Oct 28 23:36:01 2019</timestamp>
</msg>
<msg id="7" tool="tc">
  <type>LOAD_MODULE</type>
  <arg>c:\windows\system32\kernelbase.dll</arg>
  <arg>0x7ffaaa9a0000</arg>
  <arg>0x7ffaaabbcfff</arg>
  <severity>INFO</severity>
  <timestamp>Mon Oct 28 23:36:01 2019</timestamp>
</msg>
<msg id="8" tool="tc">
  <type>LOAD_MODULE</type>
  <arg>c:\windows\system32\kernel32.dll</arg>
  <arg>0x7ffaab030000</arg>
  <arg>0x7ffaab0dafff</arg>
  <severity>INFO</severity>
  <timestamp>Mon Oct 28 23:36:02 2019</timestamp>
</msg>
<msg id="9" tool="tc">
  <type>LOAD_MODULE</type>
  <arg>c:\windows\system32\ntdll.dll</arg>
  <arg>0x7ffaad900000</arg>
  <arg>0x7ffaadad0fff</arg>
  <severity>INFO</severity>
  <timestamp>Mon Oct 28 23:36:02 2019</timestamp>
</msg>
<msg id="10" tool="tc">
  <type>LOAD_MODULE</type>
  <arg>c:\windows\system32\ucrtbase.dll</arg>
  <arg>0x7ffaaa880000</arg>
  <arg>0x7ffaaa974fff</arg>
  <severity>INFO</severity>
  <timestamp>Mon Oct 28 23:36:02 2019</timestamp>
</msg>
<msg id="11" tool="tc">
  <type>LOAD_MODULE</type>
  <arg>c:\windows\system32\vcruntime140.dll</arg>
  <arg>0x7ffa98840000</arg>
  <arg>0x7ffa98854fff</arg>
  <severity>INFO</severity>
  <timestamp>Mon Oct 28 23:36:02 2019</timestamp>
</msg>
<msg id="12" tool="tc">
  <type>LOAD_MODULE</type>
  <arg>c:\windows\system32\msvcp140.dll</arg>
  <arg>0x7ffa98860000</arg>
  <arg>0x7ffa988fafff</arg>
  <severity>INFO</severity>
  <timestamp>Mon Oct 28 23:36:03 2019</timestamp>
</msg>
<msg id="13" tool="tc">
  <type>LOAD_MODULE</type>
  <arg>c:\program files (x86)\intelswtools\compilers_and_libraries_2019\windows\redist\intel64\compiler\cilkrts20.dll</arg>
  <arg>0x7ffa54450000</arg>
  <arg>0x7ffa544a2fff</arg>
  <severity>INFO</severity>
  <timestamp>Mon Oct 28 23:36:03 2019</timestamp>
</msg>
<msg id="14" tool="tc">
  <type>LOAD_MODULE</type>
  <arg>c:\windows\system32\user32.dll</arg>
  <arg>0x7ffaaaec0000</arg>
  <arg>0x7ffaab024fff</arg>
  <severity>INFO</severity>
  <timestamp>Mon Oct 28 23:36:03 2019</timestamp>
</msg>
<msg id="15" tool="tc">
  <type>LOAD_MODULE</type>
  <arg>c:\windows\system32\win32u.dll</arg>
  <arg>0x7ffaaa980000</arg>
  <arg>0x7ffaaa99dfff</arg>
  <severity>INFO</severity>
  <timestamp>Mon Oct 28 23:36:03 2019</timestamp>
</msg>
<msg id="16" tool="tc">
  <type>LOAD_MODULE</type>
  <arg>c:\windows\system32\gdi32.dll</arg>
  <arg>0x7ffaad8c0000</arg>
  <arg>0x7ffaad8f3fff</arg>
  <severity>INFO</severity>
  <timestamp>Mon Oct 28 23:36:03 2019</timestamp>
</msg>
<msg id="17" tool="tc">
  <type>LOAD_MODULE</type>
  <arg>c:\windows\system32\gdi32full.dll</arg>
  <arg>0x7ffaaa6f0000</arg>
  <arg>0x7ffaaa871fff</arg>
  <severity>INFO</severity>
  <timestamp>Mon Oct 28 23:36:03 2019</timestamp>
</msg>
<msg id="18" tool="tc">
  <type>LOAD_MODULE</type>
  <arg>c:\windows\system32\imm32.dll</arg>
  <arg>0x7ffaaae90000</arg>
  <arg>0x7ffaaaebdfff</arg>
  <severity>INFO</severity>
  <timestamp>Mon Oct 28 23:36:04 2019</timestamp>
</msg>
<msg id="19" tool="tc">
  <type>LOAD_MODULE</type>
  <arg>c:\program files (x86)\intelswtools\inspector 2019\bin64\runtime\libittnotify.dll</arg>
  <arg>0x7ffa523e0000</arg>
  <arg>0x7ffa52412fff</arg>
  <severity>INFO</severity>
  <timestamp>Mon Oct 28 23:36:05 2019</timestamp>
</msg>
<msg id="20" tool="tc">
  <type>HEARTBEAT</type>
  <arg>11240,11000,11040,2352</arg>
  <arg>1,1,1,0</arg>
  <arg>689,4202,749,3364739</arg>
  <severity>INFO</severity>
  <timestamp>Mon Oct 28 23:36:06 2019</timestamp>
</msg>
<msg id="21" tool="tc">
  <type>HEARTBEAT</type>
  <arg>11240,11000,11040,2352</arg>
  <arg>1,1,1,0</arg>
  <arg>0,0,0,18777227</arg>
  <severity>INFO</severity>
  <timestamp>Mon Oct 28 23:36:07 2019</timestamp>
</msg>
<msg id="22" tool="tc">
  <type>HEARTBEAT</type>
  <arg>11240,11000,11040,2352</arg>
  <arg>1,1,1,0</arg>
  <arg>0,0,0,4906687</arg>
  <severity>INFO</severity>
  <timestamp>Mon Oct 28 23:36:08 2019</timestamp>
</msg>
<msg id="23" tool="tc">
  <type>HEARTBEAT</type>
  <arg>11240,11000,11040,2352</arg>
  <arg>1,1,1,0</arg>
  <arg>0,0,0,0</arg>
  <severity>INFO</severity>
  <timestamp>Mon Oct 28 23:36:09 2019</timestamp>
</msg>
<msg id="24" tool="tc">
  <type>HEARTBEAT</type>
  <arg>11240,11000,11040,2352</arg>
  <arg>1,1,1,0</arg>
  <arg>0,0,0,0</arg>
  <severity>INFO</severity>
  <timestamp>Mon Oct 28 23:36:10 2019</timestamp>
</msg>
<msg id="25" tool="tc">
  <type>HEARTBEAT</type>
  <arg>11240,11000,11040,2352</arg>
  <arg>1,1,1,0</arg>
  <arg>0,0,0,0</arg>
  <severity>INFO</severity>
  <timestamp>Mon Oct 28 23:36:11 2019</timestamp>
</msg>
<msg id="26" tool="tc">
  <type>HEARTBEAT</type>
  <arg>11240,11000,11040,2352</arg>
  <arg>1,1,1,0</arg>
  <arg>0,0,0,0</arg>
  <severity>INFO</severity>
  <timestamp>Mon Oct 28 23:36:12 2019</timestamp>
</msg>
<msg id="27" tool="tc">
  <type>HEARTBEAT</type>
  <arg>11240,11000,11040,2352</arg>
  <arg>1,1,1,0</arg>
  <arg>0,0,0,0</arg>
  <severity>INFO</severity>
  <timestamp>Mon Oct 28 23:36:13 2019</timestamp>
</msg>
<msg id="28" tool="tc">
  <type>HEARTBEAT</type>
  <arg>11240,11000,11040,2352</arg>
  <arg>1,1,1,0</arg>
  <arg>0,0,0,0</arg>
  <severity>INFO</severity>
  <timestamp>Mon Oct 28 23:36:14 2019</timestamp>
</msg>
<msg id="29" tool="tc">
  <type>HEARTBEAT</type>
  <arg>11240,11000,11040,2352</arg>
  <arg>1,1,1,0</arg>
  <arg>0,0,0,0</arg>
  <severity>INFO</severity>
  <timestamp>Mon Oct 28 23:36:15 2019</timestamp>
</msg>
<msg id="30" tool="tc">
  <type>HEARTBEAT</type>
  <arg>11240,11000,11040,2352</arg>
  <arg>1,1,1,0</arg>
  <arg>0,0,0,0</arg>
  <severity>INFO</severity>
  <timestamp>Mon Oct 28 23:36:16 2019</timestamp>
</msg>
<msg id="31" tool="tc">
  <type>HEARTBEAT</type>
  <arg>11240,11000,11040,2352</arg>
  <arg>1,1,1,0</arg>
  <arg>0,0,0,0</arg>
  <severity>INFO</severity>
  <timestamp>Mon Oct 28 23:36:17 2019</timestamp>
</msg>
<msg id="32" tool="tc">
  <type>HEARTBEAT</type>
  <arg>11240,11000,11040,2352</arg>
  <arg>1,1,1,0</arg>
  <arg>0,0,0,0</arg>
  <severity>INFO</severity>
  <timestamp>Mon Oct 28 23:36:18 2019</timestamp>
</msg>
<msg id="33" tool="tc">
  <type>HEARTBEAT</type>
  <arg>11240,11000,11040,2352</arg>
  <arg>1,1,1,0</arg>
  <arg>0,0,0,0</arg>
  <severity>INFO</severity>
  <timestamp>Mon Oct 28 23:36:19 2019</timestamp>
</msg>
<msg id="34" tool="tc">
  <type>HEARTBEAT</type>
  <arg>11240,11000,11040,2352</arg>
  <arg>1,1,1,0</arg>
  <arg>0,0,0,0</arg>
  <severity>INFO</severity>
  <timestamp>Mon Oct 28 23:36:20 2019</timestamp>
</msg>
<msg id="35" tool="tc">
  <type>HEARTBEAT</type>
  <arg>11240,11000,11040,2352</arg>
  <arg>1,1,1,0</arg>
  <arg>0,0,0,0</arg>
  <severity>INFO</severity>
  <timestamp>Mon Oct 28 23:36:21 2019</timestamp>
</msg>
<msg id="36" tool="tc">
  <type>HEARTBEAT</type>
  <arg>11240,11000,11040,2352</arg>
  <arg>1,1,1,0</arg>
  <arg>0,0,0,0</arg>
  <severity>INFO</severity>
  <timestamp>Mon Oct 28 23:36:22 2019</timestamp>
</msg>
<msg id="37" tool="tc">
  <type>HEARTBEAT</type>
  <arg>11240,11000,11040,2352</arg>
  <arg>1,1,1,0</arg>
  <arg>0,0,0,0</arg>
  <severity>INFO</severity>
  <timestamp>Mon Oct 28 23:36:23 2019</timestamp>
</msg>
<msg id="38" tool="tc">
  <type>HEARTBEAT</type>
  <arg>11240,11000,11040,2352</arg>
  <arg>1,1,1,0</arg>
  <arg>0,0,0,0</arg>
  <severity>INFO</severity>
  <timestamp>Mon Oct 28 23:36:24 2019</timestamp>
</msg>
<msg id="39" tool="tc">
  <type>HEARTBEAT</type>
  <arg>11240,11000,11040,2352</arg>
  <arg>1,1,1,0</arg>
  <arg>0,0,0,0</arg>
  <severity>INFO</severity>
  <timestamp>Mon Oct 28 23:36:25 2019</timestamp>
</msg>
<msg id="40" tool="tc">
  <type>HEARTBEAT</type>
  <arg>11240,11000,11040,2352</arg>
  <arg>1,1,1,0</arg>
  <arg>0,0,0,0</arg>
  <severity>INFO</severity>
  <timestamp>Mon Oct 28 23:36:26 2019</timestamp>
</msg>
<msg id="41" tool="tc">
  <type>HEARTBEAT</type>
  <arg>11240,11000,11040,2352</arg>
  <arg>1,1,1,0</arg>
  <arg>0,0,0,0</arg>
  <severity>INFO</severity>
  <timestamp>Mon Oct 28 23:36:27 2019</timestamp>
</msg>
<msg id="42" tool="tc">
  <type>HEARTBEAT</type>
  <arg>11240,11000,11040,2352</arg>
  <arg>1,1,1,0</arg>
  <arg>0,0,0,0</arg>
  <severity>INFO</severity>
  <timestamp>Mon Oct 28 23:36:28 2019</timestamp>
</msg>
<msg id="43" tool="tc">
  <type>HEARTBEAT</type>
  <arg>11240,11000,11040,2352</arg>
  <arg>1,1,1,0</arg>
  <arg>0,0,0,0</arg>
  <severity>INFO</severity>
  <timestamp>Mon Oct 28 23:36:29 2019</timestamp>
</msg>
<msg id="44" tool="tc">
  <type>HEARTBEAT</type>
  <arg>11240,11000,11040,2352</arg>
  <arg>1,1,1,0</arg>
  <arg>0,0,0,0</arg>
  <severity>INFO</severity>
  <timestamp>Mon Oct 28 23:36:30 2019</timestamp>
</msg>
<msg id="45" tool="tc">
  <type>HEARTBEAT</type>
  <arg>11240,11000,11040,2352</arg>
  <arg>1,1,1,0</arg>
  <arg>0,0,0,0</arg>
  <severity>INFO</severity>
  <timestamp>Mon Oct 28 23:36:31 2019</timestamp>
</msg>
<msg id="46" tool="tc">
  <type>HEARTBEAT</type>
  <arg>11240,11000,11040,2352</arg>
  <arg>1,1,1,0</arg>
  <arg>0,0,0,0</arg>
  <severity>INFO</severity>
  <timestamp>Mon Oct 28 23:36:32 2019</timestamp>
</msg>
<msg id="47" tool="tc">
  <type>HEARTBEAT</type>
  <arg>11240,11000,11040,2352</arg>
  <arg>1,1,1,0</arg>
  <arg>0,0,0,0</arg>
  <severity>INFO</severity>
  <timestamp>Mon Oct 28 23:36:33 2019</timestamp>
</msg>
<msg id="48" tool="tc">
  <type>HEARTBEAT</type>
  <arg>11240,11000,11040,2352</arg>
  <arg>1,1,1,0</arg>
  <arg>0,0,0,0</arg>
  <severity>INFO</severity>
  <timestamp>Mon Oct 28 23:36:34 2019</timestamp>
</msg>
<msg id="49" tool="tc">
  <type>HEARTBEAT</type>
  <arg>11240,11000,11040,2352</arg>
  <arg>1,1,1,0</arg>
  <arg>0,0,0,0</arg>
  <severity>INFO</severity>
  <timestamp>Mon Oct 28 23:36:35 2019</timestamp>
</msg>
<msg id="50" tool="tc">
  <type>HEARTBEAT</type>
  <arg>11240,11000,11040,2352</arg>
  <arg>1,1,1,0</arg>
  <arg>0,0,0,0</arg>
  <severity>INFO</severity>
  <timestamp>Mon Oct 28 23:36:36 2019</timestamp>
</msg>
<msg id="51" tool="tc">
  <type>HEARTBEAT</type>
  <arg>11240,11000,11040,2352</arg>
  <arg>1,1,1,0</arg>
  <arg>0,0,0,0</arg>
  <severity>INFO</severity>
  <timestamp>Mon Oct 28 23:36:37 2019</timestamp>
</msg>
<msg id="52" tool="tc">
  <type>HEARTBEAT</type>
  <arg>11240,11000,11040,2352</arg>
  <arg>1,1,1,0</arg>
  <arg>0,0,0,0</arg>
  <severity>INFO</severity>
  <timestamp>Mon Oct 28 23:36:38 2019</timestamp>
</msg>
<msg id="53" tool="tc">
  <type>HEARTBEAT</type>
  <arg>11240,11000,11040,2352</arg>
  <arg>1,1,1,0</arg>
  <arg>0,0,0,0</arg>
  <severity>INFO</severity>
  <timestamp>Mon Oct 28 23:36:39 2019</timestamp>
</msg>
<msg id="54" tool="tc">
  <type>HEARTBEAT</type>
  <arg>11240,11000,11040,2352</arg>
  <arg>1,1,1,0</arg>
  <arg>0,0,0,0</arg>
  <severity>INFO</severity>
  <timestamp>Mon Oct 28 23:36:40 2019</timestamp>
</msg>
<msg id="55" tool="tc">
  <type>HEARTBEAT</type>
  <arg>11240,11000,11040,2352</arg>
  <arg>1,1,1,0</arg>
  <arg>0,0,0,0</arg>
  <severity>INFO</severity>
  <timestamp>Mon Oct 28 23:36:41 2019</timestamp>
</msg>
<msg id="56" tool="tc">
  <type>HEARTBEAT</type>
  <arg>11240,11000,11040,2352</arg>
  <arg>1,1,1,0</arg>
  <arg>0,0,0,0</arg>
  <severity>INFO</severity>
  <timestamp>Mon Oct 28 23:36:42 2019</timestamp>
</msg>
<msg id="57" tool="tc">
  <type>HEARTBEAT</type>
  <arg>11240,11000,11040,2352</arg>
  <arg>1,1,1,0</arg>
  <arg>0,0,0,0</arg>
  <severity>INFO</severity>
  <timestamp>Mon Oct 28 23:36:43 2019</timestamp>
</msg>
<msg id="58" tool="tc">
  <type>HEARTBEAT</type>
  <arg>11240,11000,11040,2352</arg>
  <arg>1,1,1,0</arg>
  <arg>0,0,0,0</arg>
  <severity>INFO</severity>
  <timestamp>Mon Oct 28 23:36:44 2019</timestamp>
</msg>
<msg id="59" tool="tc">
  <type>HEARTBEAT</type>
  <arg>11240,11000,11040,2352</arg>
  <arg>1,1,1,0</arg>
  <arg>0,0,0,0</arg>
  <severity>INFO</severity>
  <timestamp>Mon Oct 28 23:36:45 2019</timestamp>
</msg>
<msg id="60" tool="tc">
  <type>HEARTBEAT</type>
  <arg>11240,11000,11040,2352</arg>
  <arg>1,1,1,0</arg>
  <arg>0,0,0,0</arg>
  <severity>INFO</severity>
  <timestamp>Mon Oct 28 23:36:46 2019</timestamp>
</msg>
<msg id="61" tool="tc">
  <type>HEARTBEAT</type>
  <arg>11240,11000,11040,2352</arg>
  <arg>1,1,1,0</arg>
  <arg>0,0,0,0</arg>
  <severity>INFO</severity>
  <timestamp>Mon Oct 28 23:36:47 2019</timestamp>
</msg>
<msg id="62" tool="tc">
  <type>HEARTBEAT</type>
  <arg>11240,11000,11040,2352</arg>
  <arg>1,1,1,0</arg>
  <arg>0,0,0,0</arg>
  <severity>INFO</severity>
  <timestamp>Mon Oct 28 23:36:48 2019</timestamp>
</msg>
<msg id="63" tool="tc">
  <type>HEARTBEAT</type>
  <arg>11240,11000,11040,2352</arg>
  <arg>1,1,1,0</arg>
  <arg>0,0,0,0</arg>
  <severity>INFO</severity>
  <timestamp>Mon Oct 28 23:36:49 2019</timestamp>
</msg>
<msg id="64" tool="tc">
  <type>HEARTBEAT</type>
  <arg>11240,11000,11040,2352</arg>
  <arg>1,1,1,0</arg>
  <arg>0,0,0,243</arg>
  <severity>INFO</severity>
  <timestamp>Mon Oct 28 23:36:50 2019</timestamp>
</msg>
<msg id="65" tool="tc">
  <type>THREADNAME</type>
  <arg>5496</arg>
  <arg>Cilk Worker</arg>
  <severity>INFO</severity>
  <timestamp>Mon Oct 28 23:36:51 2019</timestamp>
</msg>
<msg id="66" tool="tc">
  <type>THREADNAME</type>
  <arg>10588</arg>
  <arg>Cilk Worker</arg>
  <severity>INFO</severity>
  <timestamp>Mon Oct 28 23:36:51 2019</timestamp>
</msg>
<msg id="67" tool="tc">
  <type>THREADNAME</type>
  <arg>6828</arg>
  <arg>Cilk Worker</arg>
  <severity>INFO</severity>
  <timestamp>Mon Oct 28 23:36:51 2019</timestamp>
</msg>
<msg id="68" tool="tc">
  <type>HEARTBEAT</type>
  <arg>5496,10588,6828,11240,11000,11040,2352</arg>
  <arg>0,0,0,1,1,1,0</arg>
  <arg>783383,455559,493633,0,0,0,390824</arg>
  <severity>INFO</severity>
  <timestamp>Mon Oct 28 23:36:51 2019</timestamp>
</msg>
<msg id="69" tool="tc">
  <type>HEARTBEAT</type>
  <arg>5496,10588,6828,11240,11000,11040,2352</arg>
  <arg>0,0,0,1,1,1,0</arg>
  <arg>256331,242606,223571,0,0,0,259277</arg>
  <severity>INFO</severity>
  <timestamp>Mon Oct 28 23:36:52 2019</timestamp>
</msg>
<msg id="70" tool="tc">
  <type>HEARTBEAT</type>
  <arg>5496,10588,6828,11240,11000,11040,2352</arg>
  <arg>0,0,0,1,1,1,0</arg>
  <arg>295235,407710,329670,0,0,0,369385</arg>
  <severity>INFO</severity>
  <timestamp>Mon Oct 28 23:36:53 2019</timestamp>
</msg>
<msg id="71" tool="tc">
  <type>HEARTBEAT</type>
  <arg>5496,10588,6828,11240,11000,11040,2352</arg>
  <arg>0,0,0,1,1,1,0</arg>
  <arg>374036,302630,276167,0,0,0,261342</arg>
  <severity>INFO</severity>
  <timestamp>Mon Oct 28 23:36:54 2019</timestamp>
</msg>
<msg id="72" tool="tc">
  <type>HEARTBEAT</type>
  <arg>5496,10588,6828,11240,11000,11040,2352</arg>
  <arg>0,0,0,1,1,1,0</arg>
  <arg>218166,220271,148244,0,0,0,207508</arg>
  <severity>INFO</severity>
  <timestamp>Mon Oct 28 23:36:55 2019</timestamp>
</msg>
<msg id="73" tool="tc">
  <type>HEARTBEAT</type>
  <arg>5496,10588,6828,11240,11000,11040,2352</arg>
  <arg>0,0,0,1,1,1,0</arg>
  <arg>205911,259923,217731,0,0,0,274326</arg>
  <severity>INFO</severity>
  <timestamp>Mon Oct 28 23:36:56 2019</timestamp>
</msg>
<msg id="74" tool="tc">
  <type>HEARTBEAT</type>
  <arg>5496,10588,6828,11240,11000,11040,2352</arg>
  <arg>0,0,0,1,1,1,0</arg>
  <arg>247271,466004,278712,0,0,0,262547</arg>
  <severity>INFO</severity>
  <timestamp>Mon Oct 28 23:36:57 2019</timestamp>
</msg>
<msg id="75" tool="tc">
  <type>HEARTBEAT</type>
  <arg>5496,10588,6828,11240,11000,11040,2352</arg>
  <arg>0,0,0,1,1,1,0</arg>
  <arg>317390,205013,269748,0,0,0,241954</arg>
  <severity>INFO</severity>
  <timestamp>Mon Oct 28 23:36:58 2019</timestamp>
</msg>
<msg id="76" tool="tc">
  <type>HEARTBEAT</type>
  <arg>5496,10588,6828,11240,11000,11040,2352</arg>
  <arg>0,0,0,1,1,1,0</arg>
  <arg>294085,256751,296294,0,0,0,292844</arg>
  <severity>INFO</severity>
  <timestamp>Mon Oct 28 23:36:59 2019</timestamp>
</msg>
<msg id="77" tool="tc">
  <type>HEARTBEAT</type>
  <arg>5496,10588,6828,11240,11000,11040,2352</arg>
  <arg>0,0,0,1,1,1,0</arg>
  <arg>194672,316847,233896,0,0,0,208420</arg>
  <severity>INFO</severity>
  <timestamp>Mon Oct 28 23:37:00 2019</timestamp>
</msg>
<msg id="78" tool="tc">
  <type>HEARTBEAT</type>
  <arg>5496,10588,6828,11240,11000,11040,2352</arg>
  <arg>0,0,0,1,1,1,0</arg>
  <arg>418048,232254,245791,0,0,0,271738</arg>
  <severity>INFO</severity>
  <timestamp>Mon Oct 28 23:37:01 2019</timestamp>
</msg>
<msg id="79" tool="tc">
  <type>HEARTBEAT</type>
  <arg>5496,10588,6828,2352</arg>
  <arg>0,0,0,0</arg>
  <arg>199284,275469,197456,130675</arg>
  <severity>INFO</severity>
  <timestamp>Mon Oct 28 23:37:02 2019</timestamp>
</msg>
<msg id="80" tool="tc">
  <type>HEARTBEAT</type>
  <arg>5496,10588,6828,2352</arg>
  <arg>0,0,0,0</arg>
  <arg>334109,161756,264877,312423</arg>
  <severity>INFO</severity>
  <timestamp>Mon Oct 28 23:37:03 2019</timestamp>
</msg>
<msg id="81" tool="tc">
  <type>HEARTBEAT</type>
  <arg>5496,10588,6828,2352</arg>
  <arg>0,0,0,0</arg>
  <arg>214454,322567,307201,261872</arg>
  <severity>INFO</severity>
  <timestamp>Mon Oct 28 23:37:04 2019</timestamp>
</msg>
<msg id="82" tool="tc">
  <type>HEARTBEAT</type>
  <arg>5496,10588,6828,2352</arg>
  <arg>0,0,0,0</arg>
  <arg>268293,270350,250107,180176</arg>
  <severity>INFO</severity>
  <timestamp>Mon Oct 28 23:37:05 2019</timestamp>
</msg>
<msg id="83" tool="tc">
  <type>HEARTBEAT</type>
  <arg>5496,10588,6828,2352</arg>
  <arg>0,0,0,0</arg>
  <arg>258284,200523,275075,290932</arg>
  <severity>INFO</severity>
  <timestamp>Mon Oct 28 23:37:06 2019</timestamp>
</msg>
<msg id="84" tool="tc">
  <type>HEARTBEAT</type>
  <arg>5496,10588,6828,2352</arg>
  <arg>0,0,0,0</arg>
  <arg>249333,307750,297087,266304</arg>
  <severity>INFO</severity>
  <timestamp>Mon Oct 28 23:37:07 2019</timestamp>
</msg>
<msg id="85" tool="tc">
  <type>HEARTBEAT</type>
  <arg>5496,10588,6828,2352</arg>
  <arg>0,0,0,0</arg>
  <arg>401012,332025,320599,321726</arg>
  <severity>INFO</severity>
  <timestamp>Mon Oct 28 23:37:08 2019</timestamp>
</msg>
<msg id="86" tool="tc">
  <type>HEARTBEAT</type>
  <arg>5496,10588,6828,2352</arg>
  <arg>0,0,0,0</arg>
  <arg>298861,361404,303208,231648</arg>
  <severity>INFO</severity>
  <timestamp>Mon Oct 28 23:37:09 2019</timestamp>
</msg>
<msg id="87" tool="tc">
  <type>HEARTBEAT</type>
  <arg>5496,10588,6828,2352</arg>
  <arg>0,0,0,0</arg>
  <arg>273660,223449,278880,214889</arg>
  <severity>INFO</severity>
  <timestamp>Mon Oct 28 23:37:10 2019</timestamp>
</msg>
<msg id="88" tool="tc">
  <type>HEARTBEAT</type>
  <arg>5496,10588,6828,2352</arg>
  <arg>0,0,0,0</arg>
  <arg>254230,195476,231027,238549</arg>
  <severity>INFO</severity>
  <timestamp>Mon Oct 28 23:37:11 2019</timestamp>
</msg>
<msg id="89" tool="tc">
  <type>HEARTBEAT</type>
  <arg>5496,10588,6828,2352</arg>
  <arg>0,0,0,0</arg>
  <arg>239612,292479,273848,240883</arg>
  <severity>INFO</severity>
  <timestamp>Mon Oct 28 23:37:12 2019</timestamp>
</msg>
<msg id="90" tool="tc">
  <type>HEARTBEAT</type>
  <arg>5496,10588,6828,2352</arg>
  <arg>0,0,0,0</arg>
  <arg>377373,243751,382446,352895</arg>
  <severity>INFO</severity>
  <timestamp>Mon Oct 28 23:37:13 2019</timestamp>
</msg>
<msg id="91" tool="tc">
  <type>HEARTBEAT</type>
  <arg>5496,10588,6828,2352</arg>
  <arg>0,0,0,0</arg>
  <arg>344660,344975,276493,194567</arg>
  <severity>INFO</severity>
  <timestamp>Mon Oct 28 23:37:14 2019</timestamp>
</msg>
<msg id="92" tool="tc">
  <type>HEARTBEAT</type>
  <arg>5496,10588,6828,2352</arg>
  <arg>0,0,0,0</arg>
  <arg>264780,311042,239064,259141</arg>
  <severity>INFO</severity>
  <timestamp>Mon Oct 28 23:37:15 2019</timestamp>
</msg>
<msg id="93" tool="tc">
  <type>HEARTBEAT</type>
  <arg>5496,10588,6828,2352</arg>
  <arg>0,0,0,0</arg>
  <arg>176817,277896,212200,328584</arg>
  <severity>INFO</severity>
  <timestamp>Mon Oct 28 23:37:16 2019</timestamp>
</msg>
<msg id="94" tool="tc">
  <type>HEARTBEAT</type>
  <arg>5496,10588,6828,2352</arg>
  <arg>0,0,0,0</arg>
  <arg>297605,242258,291350,403828</arg>
  <severity>INFO</severity>
  <timestamp>Mon Oct 28 23:37:17 2019</timestamp>
</msg>
<msg id="95" tool="tc">
  <type>HEARTBEAT</type>
  <arg>5496,10588,6828,2352</arg>
  <arg>0,0,0,0</arg>
  <arg>251924,175288,287989,300642</arg>
  <severity>INFO</severity>
  <timestamp>Mon Oct 28 23:37:18 2019</timestamp>
</msg>
<msg id="96" tool="tc">
  <type>HEARTBEAT</type>
  <arg>5496,10588,6828,2352</arg>
  <arg>0,0,0,0</arg>
  <arg>340175,321886,316907,354662</arg>
  <severity>INFO</severity>
  <timestamp>Mon Oct 28 23:37:19 2019</timestamp>
</msg>
<msg id="97" tool="tc">
  <type>HEARTBEAT</type>
  <arg>5496,10588,6828,2352</arg>
  <arg>0,0,0,0</arg>
  <arg>273486,284694,180540,310219</arg>
  <severity>INFO</severity>
  <timestamp>Mon Oct 28 23:37:20 2019</timestamp>
</msg>
<msg id="98" tool="tc">
  <type>HEARTBEAT</type>
  <arg>5496,10588,6828,2352</arg>
  <arg>0,0,0,0</arg>
  <arg>292189,317783,352584,235118</arg>
  <severity>INFO</severity>
  <timestamp>Mon Oct 28 23:37:21 2019</timestamp>
</msg>
<msg id="99" tool="tc">
  <type>HEARTBEAT</type>
  <arg>5496,10588,6828,2352</arg>
  <arg>0,0,0,0</arg>
  <arg>284859,266080,231371,248228</arg>
  <severity>INFO</severity>
  <timestamp>Mon Oct 28 23:37:22 2019</timestamp>
</msg>
<msg id="100" tool="tc">
  <type>HEARTBEAT</type>
  <arg>5496,10588,6828,2352</arg>
  <arg>0,0,0,0</arg>
  <arg>194921,120941,209431,261718</arg>
  <severity>INFO</severity>
  <timestamp>Mon Oct 28 23:37:23 2019</timestamp>
</msg>
<msg id="101" tool="tc">
  <type>HEARTBEAT</type>
  <arg>5496,10588,6828,2352</arg>
  <arg>0,0,0,0</arg>
  <arg>343837,270985,306384,356810</arg>
  <severity>INFO</severity>
  <timestamp>Mon Oct 28 23:37:24 2019</timestamp>
</msg>
<msg id="102" tool="tc">
  <type>HEARTBEAT</type>
  <arg>5496,10588,6828,2352</arg>
  <arg>0,0,0,0</arg>
  <arg>352033,265916,340454,325410</arg>
  <severity>INFO</severity>
  <timestamp>Mon Oct 28 23:37:25 2019</timestamp>
</msg>
<msg id="103" tool="tc">
  <type>HEARTBEAT</type>
  <arg>5496,10588,6828,2352</arg>
  <arg>0,0,0,0</arg>
  <arg>370366,322426,351449,280467</arg>
  <severity>INFO</severity>
  <timestamp>Mon Oct 28 23:37:26 2019</timestamp>
</msg>
<msg id="104" tool="tc">
  <type>HEARTBEAT</type>
  <arg>5496,10588,6828,2352</arg>
  <arg>0,0,0,0</arg>
  <arg>345449,333111,296073,284046</arg>
  <severity>INFO</severity>
  <timestamp>Mon Oct 28 23:37:27 2019</timestamp>
</msg>
<msg id="105" tool="tc">
  <type>HEARTBEAT</type>
  <arg>5496,10588,6828,2352</arg>
  <arg>0,0,0,0</arg>
  <arg>311080,344749,326697,351852</arg>
  <severity>INFO</severity>
  <timestamp>Mon Oct 28 23:37:28 2019</timestamp>
</msg>
<msg id="106" tool="tc">
  <type>HEARTBEAT</type>
  <arg>5496,10588,6828,2352</arg>
  <arg>0,0,0,0</arg>
  <arg>300205,346425,397932,301400</arg>
  <severity>INFO</severity>
  <timestamp>Mon Oct 28 23:37:29 2019</timestamp>
</msg>
<msg id="107" tool="tc">
  <type>HEARTBEAT</type>
  <arg>5496,10588,6828,2352</arg>
  <arg>0,0,0,0</arg>
  <arg>314843,306709,336432,326583</arg>
  <severity>INFO</severity>
  <timestamp>Mon Oct 28 23:37:30 2019</timestamp>
</msg>
<msg id="108" tool="tc">
  <type>HEARTBEAT</type>
  <arg>5496,10588,6828,2352</arg>
  <arg>0,0,0,0</arg>
  <arg>399032,376147,342763,354611</arg>
  <severity>INFO</severity>
  <timestamp>Mon Oct 28 23:37:31 2019</timestamp>
</msg>
<msg id="109" tool="tc">
  <type>HEARTBEAT</type>
  <arg>5496,10588,6828,2352</arg>
  <arg>0,0,0,0</arg>
  <arg>399842,427826,415834,382454</arg>
  <severity>INFO</severity>
  <timestamp>Mon Oct 28 23:37:32 2019</timestamp>
</msg>
<msg id="110" tool="tc">
  <type>LOAD_MODULE</type>
  <arg>c:\windows\system32\kernel.appcore.dll</arg>
  <arg>0x7ffaa9e20000</arg>
  <arg>0x7ffaa9e2efff</arg>
  <severity>INFO</severity>
  <timestamp>Mon Oct 28 23:37:33 2019</timestamp>
</msg>
<msg id="111" tool="tc">
  <type>LOAD_MODULE</type>
  <arg>c:\windows\system32\msvcrt.dll</arg>
  <arg>0x7ffaad6f0000</arg>
  <arg>0x7ffaad78dfff</arg>
  <severity>INFO</severity>
  <timestamp>Mon Oct 28 23:37:33 2019</timestamp>
</msg>
<msg id="112" tool="tc">
  <type>LOAD_MODULE</type>
  <arg>c:\windows\system32\rpcrt4.dll</arg>
  <arg>0x7ffaab160000</arg>
  <arg>0x7ffaab280fff</arg>
  <severity>INFO</severity>
  <timestamp>Mon Oct 28 23:37:33 2019</timestamp>
</msg>
<msg id="113" tool="tc">
  <type>HEARTBEAT</type>
  <arg>10216,8576,5496,10588,6828,2352</arg>
  <arg>1,1,1,1,1,0</arg>
  <arg>30,286,2116618,2449927,2035745,1608824</arg>
  <severity>INFO</severity>
  <timestamp>Mon Oct 28 23:37:33 2019</timestamp>
</msg>
<msg id="114" tool="tc">
  <type>UNLOAD_MODULE</type>
  <arg>f:\intel_parallel_studio\projects\task3\x64\release\task3.exe</arg>
  <severity>INFO</severity>
  <timestamp>Mon Oct 28 23:37:34 2019</timestamp>
</msg>
<msg id="115" tool="tc">
  <type>UNLOAD_MODULE</type>
  <arg>c:\windows\system32\kernelbase.dll</arg>
  <severity>INFO</severity>
  <timestamp>Mon Oct 28 23:37:34 2019</timestamp>
</msg>
<msg id="116" tool="tc">
  <type>UNLOAD_MODULE</type>
  <arg>c:\windows\system32\kernel32.dll</arg>
  <severity>INFO</severity>
  <timestamp>Mon Oct 28 23:37:34 2019</timestamp>
</msg>
<msg id="117" tool="tc">
  <type>UNLOAD_MODULE</type>
  <arg>c:\windows\system32\ntdll.dll</arg>
  <severity>INFO</severity>
  <timestamp>Mon Oct 28 23:37:34 2019</timestamp>
</msg>
<msg id="118" tool="tc">
  <type>UNLOAD_MODULE</type>
  <arg>c:\windows\system32\ucrtbase.dll</arg>
  <severity>INFO</severity>
  <timestamp>Mon Oct 28 23:37:34 2019</timestamp>
</msg>
<msg id="119" tool="tc">
  <type>UNLOAD_MODULE</type>
  <arg>c:\windows\system32\vcruntime140.dll</arg>
  <severity>INFO</severity>
  <timestamp>Mon Oct 28 23:37:34 2019</timestamp>
</msg>
<msg id="120" tool="tc">
  <type>UNLOAD_MODULE</type>
  <arg>c:\windows\system32\msvcp140.dll</arg>
  <severity>INFO</severity>
  <timestamp>Mon Oct 28 23:37:34 2019</timestamp>
</msg>
<msg id="121" tool="tc">
  <type>UNLOAD_MODULE</type>
  <arg>c:\program files (x86)\intelswtools\compilers_and_libraries_2019\windows\redist\intel64\compiler\cilkrts20.dll</arg>
  <severity>INFO</severity>
  <timestamp>Mon Oct 28 23:37:34 2019</timestamp>
</msg>
<msg id="122" tool="tc">
  <type>UNLOAD_MODULE</type>
  <arg>c:\windows\system32\user32.dll</arg>
  <severity>INFO</severity>
  <timestamp>Mon Oct 28 23:37:34 2019</timestamp>
</msg>
<msg id="123" tool="tc">
  <type>UNLOAD_MODULE</type>
  <arg>c:\windows\system32\win32u.dll</arg>
  <severity>INFO</severity>
  <timestamp>Mon Oct 28 23:37:34 2019</timestamp>
</msg>
<msg id="124" tool="tc">
  <type>UNLOAD_MODULE</type>
  <arg>c:\windows\system32\gdi32.dll</arg>
  <severity>INFO</severity>
  <timestamp>Mon Oct 28 23:37:34 2019</timestamp>
</msg>
<msg id="125" tool="tc">
  <type>UNLOAD_MODULE</type>
  <arg>c:\windows\system32\gdi32full.dll</arg>
  <severity>INFO</severity>
  <timestamp>Mon Oct 28 23:37:34 2019</timestamp>
</msg>
<msg id="126" tool="tc">
  <type>UNLOAD_MODULE</type>
  <arg>c:\windows\system32\imm32.dll</arg>
  <severity>INFO</severity>
  <timestamp>Mon Oct 28 23:37:34 2019</timestamp>
</msg>
<msg id="127" tool="tc">
  <type>UNLOAD_MODULE</type>
  <arg>c:\program files (x86)\intelswtools\inspector 2019\bin64\runtime\libittnotify.dll</arg>
  <severity>INFO</severity>
  <timestamp>Mon Oct 28 23:37:34 2019</timestamp>
</msg>
<msg id="128" tool="tc">
  <type>UNLOAD_MODULE</type>
  <arg>c:\windows\system32\kernel.appcore.dll</arg>
  <severity>INFO</severity>
  <timestamp>Mon Oct 28 23:37:34 2019</timestamp>
</msg>
<msg id="129" tool="tc">
  <type>UNLOAD_MODULE</type>
  <arg>c:\windows\system32\msvcrt.dll</arg>
  <severity>INFO</severity>
  <timestamp>Mon Oct 28 23:37:34 2019</timestamp>
</msg>
<msg id="130" tool="tc">
  <type>UNLOAD_MODULE</type>
  <arg>c:\windows\system32\rpcrt4.dll</arg>
  <severity>INFO</severity>
  <timestamp>Mon Oct 28 23:37:34 2019</timestamp>
</msg>
<msg id="131" tool="tc">
  <type>PROCESS_TERMINATE</type>
  <arg>f:\intel_parallel_studio\projects\task3\x64\release\task3.exe</arg>
  <arg>328</arg>
  <severity>INFO</severity>
  <timestamp>Mon Oct 28 23:37:34 2019</timestamp>
</msg>
<msg id="132" tool="tc">
  <type>ANALYSIS_COMPLETE</type>
  <severity>INFO</severity>
  <timestamp>Mon Oct 28 23:37:34 2019</timestamp>
</msg>
<msg id="133" tool="tc">
  <type>STOP</type>
  <severity>INFO</severity>
  <timestamp>Mon Oct 28 23:37:34 2019</timestamp>
</msg>
<msg id="134" tool="runtool">
  <type>app-exit-code</type>
  <arg>0</arg>
</msg>
<msg id="135" tool="runtool">
  <type>marker-file</type>
  <arg>F:\Intel_parallel_studio\projects\task3\task3\My Inspector Results - task3\r003ti3\r003ti3.inspxe</arg>
</msg>
<msg id="136" tool="runtool">
  <type>collector-done</type>
</msg>
<msg id="137" tool="runtool">
  <type>log-end</type>
  <arg>2019/10/28 23:37:38</arg>
</msg>

</log>

