<?xml version="1.0" encoding="utf-8" ?>
<!-- DO NOT EDIT THIS FILE -->

<log version='2.0' source='tcet'>
	<!-- Sampling enabled with the following: -->
	<!--     Budget                              5: -->
	<!--     Overdraft Budget                   75: -->
	<!--     Savings Budget                      2: -->
	<!-- Opened annotation file C:\Program Files (x86)\IntelSWTools\Inspector 2019\bin64\..\config\tc\qt.ant -->
	<!-- Opened annotation file C:\Program Files (x86)\IntelSWTools\Inspector 2019\bin64\..\config\tc\cpp11.ant -->
	<!-- Opened annotation file C:\Program Files (x86)\IntelSWTools\Inspector 2019\bin64\..\config\tc\fortran.ant -->
	<!-- Opened annotation file C:\Program Files (x86)\IntelSWTools\Inspector 2019\bin64\..\config\tc\icl.ant -->
	<!-- Opened annotation file C:\Program Files (x86)\IntelSWTools\Inspector 2019\bin64\..\config\tc\allocators.ant -->
	<!-- Opened annotation file C:\Program Files (x86)\IntelSWTools\Inspector 2019\bin64\..\config\tc\boost.ant -->
	<!-- Opened annotation file C:\Program Files (x86)\IntelSWTools\Inspector 2019\bin64\..\config\tc\system_api_filter.ant -->
	<!-- Opened annotation file C:\Program Files (x86)\IntelSWTools\Inspector 2019\bin64\..\config\tc\system_api.ant -->
	<msg id='1' display='false' source='tccore'>
		<type>START</type>
		<severity>INFO</severity>
		<timestamp>Mon Oct 28 23:36:01 2019</timestamp>
	</msg>
	<!-- Successfully loaded CCRT 13.1.11 at address 0x55b00000 - 0x55b70000 -->
	<!-- Successfully loaded the TC Analysis Core 8.8.3 at address 0x7ffa46160000 - 0x7ffa4618e000 -->
	<!-- Successfully loaded the TC Instrumentation Engine 8.8.3 at address 0x55b90000 - 0x55dff000 -->
	<!-- This is the instance of interest -->
	<msg id='2' source='tcet'>
		<type>EXEC_OF_INTEREST</type>
		<severity>INFO</severity>
		<timestamp>Mon Oct 28 23:36:01 2019</timestamp>
		<arg name='process'>f:\intel_parallel_studio\projects\task3\x64\release\task3.exe</arg>
		<arg name='pid'>328</arg>
	</msg>
	<msg id='3' source='tcet'>
		<type>LOAD_MODULE</type>
		<severity>INFO</severity>
		<timestamp>Mon Oct 28 23:36:01 2019</timestamp>
		<arg name='module'>f:\intel_parallel_studio\projects\task3\x64\release\task3.exe</arg>
		<arg name='basement'>0x7ff648d30000</arg>
		<arg name='ceiling'>0x7ff648d3ffff</arg>
	</msg>
	<msg id='4' source='tcet'>
		<type>LOAD_MODULE</type>
		<severity>INFO</severity>
		<timestamp>Mon Oct 28 23:36:01 2019</timestamp>
		<arg name='module'>c:\windows\system32\kernelbase.dll</arg>
		<arg name='basement'>0x7ffaaa9a0000</arg>
		<arg name='ceiling'>0x7ffaaabbcfff</arg>
	</msg>
	<!-- Target OS: Win8 or Server 2K2012 or later -->
	<msg id='5' source='tcet'>
		<type>LOAD_MODULE</type>
		<severity>INFO</severity>
		<timestamp>Mon Oct 28 23:36:02 2019</timestamp>
		<arg name='module'>c:\windows\system32\kernel32.dll</arg>
		<arg name='basement'>0x7ffaab030000</arg>
		<arg name='ceiling'>0x7ffaab0dafff</arg>
	</msg>
	<!-- Target OS: Win8 or Server 2K2012 or later -->
	<msg id='6' source='tcet'>
		<type>LOAD_MODULE</type>
		<severity>INFO</severity>
		<timestamp>Mon Oct 28 23:36:02 2019</timestamp>
		<arg name='module'>c:\windows\system32\ntdll.dll</arg>
		<arg name='basement'>0x7ffaad900000</arg>
		<arg name='ceiling'>0x7ffaadad0fff</arg>
	</msg>
	<!-- Target OS: Win8 or Server 2K2012 or later -->
	<msg id='7' source='tcet'>
		<type>LOAD_MODULE</type>
		<severity>INFO</severity>
		<timestamp>Mon Oct 28 23:36:02 2019</timestamp>
		<arg name='module'>c:\windows\system32\ucrtbase.dll</arg>
		<arg name='basement'>0x7ffaaa880000</arg>
		<arg name='ceiling'>0x7ffaaa974fff</arg>
	</msg>
	<msg id='8' source='tcet'>
		<type>LOAD_MODULE</type>
		<severity>INFO</severity>
		<timestamp>Mon Oct 28 23:36:02 2019</timestamp>
		<arg name='module'>c:\windows\system32\vcruntime140.dll</arg>
		<arg name='basement'>0x7ffa98840000</arg>
		<arg name='ceiling'>0x7ffa98854fff</arg>
	</msg>
	<msg id='9' source='tcet'>
		<type>LOAD_MODULE</type>
		<severity>INFO</severity>
		<timestamp>Mon Oct 28 23:36:03 2019</timestamp>
		<arg name='module'>c:\windows\system32\msvcp140.dll</arg>
		<arg name='basement'>0x7ffa98860000</arg>
		<arg name='ceiling'>0x7ffa988fafff</arg>
	</msg>
	<!-- Found ZCA section with version 1.1 -->
	<!-- Found ZCA section with version 1.1 -->
	<!-- Found ZCA section with version 1.1 -->
	<!-- Found ZCA section with version 1.1 -->
	<!-- Found ZCA section with version 1.1 -->
	<!-- Found ZCA section with version 1.1 -->
	<!-- Found ZCA section with version 1.1 -->
	<!-- Found ZCA section with version 1.1 -->
	<!-- Found ZCA section with version 1.1 -->
	<!-- Found ZCA section with version 1.1 -->
	<!-- Found ZCA section with version 1.1 -->
	<!-- Found ZCA section with version 1.1 -->
	<!-- Found ZCA section with version 1.1 -->
	<!-- Found ZCA section with version 1.1 -->
	<!-- Found ZCA section with version 1.1 -->
	<!-- Found ZCA section with version 1.1 -->
	<!-- Found ZCA section with version 1.1 -->
	<!-- Found ZCA section with version 1.1 -->
	<!-- Found ZCA section with version 1.1 -->
	<!-- Found ZCA section with version 1.1 -->
	<!-- Found ZCA section with version 1.1 -->
	<!-- Found ZCA section with version 1.1 -->
	<!-- Found ZCA section with version 1.1 -->
	<msg id='10' source='tcet'>
		<type>LOAD_MODULE</type>
		<severity>INFO</severity>
		<timestamp>Mon Oct 28 23:36:03 2019</timestamp>
		<arg name='module'>c:\program files (x86)\intelswtools\compilers_and_libraries_2019\windows\redist\intel64\compiler\cilkrts20.dll</arg>
		<arg name='basement'>0x7ffa54450000</arg>
		<arg name='ceiling'>0x7ffa544a2fff</arg>
	</msg>
	<msg id='11' source='tcet'>
		<type>LOAD_MODULE</type>
		<severity>INFO</severity>
		<timestamp>Mon Oct 28 23:36:03 2019</timestamp>
		<arg name='module'>c:\windows\system32\user32.dll</arg>
		<arg name='basement'>0x7ffaaaec0000</arg>
		<arg name='ceiling'>0x7ffaab024fff</arg>
	</msg>
	<msg id='12' source='tcet'>
		<type>LOAD_MODULE</type>
		<severity>INFO</severity>
		<timestamp>Mon Oct 28 23:36:03 2019</timestamp>
		<arg name='module'>c:\windows\system32\win32u.dll</arg>
		<arg name='basement'>0x7ffaaa980000</arg>
		<arg name='ceiling'>0x7ffaaa99dfff</arg>
	</msg>
	<!-- Routine at entry point of image c:\windows\system32\win32u.dll is invalid -->
	<msg id='13' source='tcet'>
		<type>LOAD_MODULE</type>
		<severity>INFO</severity>
		<timestamp>Mon Oct 28 23:36:03 2019</timestamp>
		<arg name='module'>c:\windows\system32\gdi32.dll</arg>
		<arg name='basement'>0x7ffaad8c0000</arg>
		<arg name='ceiling'>0x7ffaad8f3fff</arg>
	</msg>
	<msg id='14' source='tcet'>
		<type>LOAD_MODULE</type>
		<severity>INFO</severity>
		<timestamp>Mon Oct 28 23:36:03 2019</timestamp>
		<arg name='module'>c:\windows\system32\gdi32full.dll</arg>
		<arg name='basement'>0x7ffaaa6f0000</arg>
		<arg name='ceiling'>0x7ffaaa871fff</arg>
	</msg>
	<msg id='15' source='tcet'>
		<type>LOAD_MODULE</type>
		<severity>INFO</severity>
		<timestamp>Mon Oct 28 23:36:04 2019</timestamp>
		<arg name='module'>c:\windows\system32\imm32.dll</arg>
		<arg name='basement'>0x7ffaaae90000</arg>
		<arg name='ceiling'>0x7ffaaaebdfff</arg>
	</msg>
	<msg id='16' source='tcet'>
		<type>LOAD_MODULE</type>
		<severity>INFO</severity>
		<timestamp>Mon Oct 28 23:36:05 2019</timestamp>
		<arg name='module'>c:\program files (x86)\intelswtools\inspector 2019\bin64\runtime\libittnotify.dll</arg>
		<arg name='basement'>0x7ffa523e0000</arg>
		<arg name='ceiling'>0x7ffa52412fff</arg>
	</msg>
	<!-- Target OS: Win8 or Server 2K2012 or later -->
	<msg id='17' display='false' source='tcet'>
		<type>HEARTBEAT</type>
		<severity>INFO</severity>
		<timestamp>Mon Oct 28 23:36:06 2019</timestamp>
		<arg name='tids'>11240,11000,11040,2352</arg>
		<arg name='syscalls'>1,1,1,0</arg>
		<arg name='calls'>689,4202,749,3364739</arg>
	</msg>
	<msg id='18' display='false' source='tcet'>
		<type>HEARTBEAT</type>
		<severity>INFO</severity>
		<timestamp>Mon Oct 28 23:36:07 2019</timestamp>
		<arg name='tids'>11240,11000,11040,2352</arg>
		<arg name='syscalls'>1,1,1,0</arg>
		<arg name='calls'>0,0,0,18777227</arg>
	</msg>
	<msg id='19' display='false' source='tcet'>
		<type>HEARTBEAT</type>
		<severity>INFO</severity>
		<timestamp>Mon Oct 28 23:36:08 2019</timestamp>
		<arg name='tids'>11240,11000,11040,2352</arg>
		<arg name='syscalls'>1,1,1,0</arg>
		<arg name='calls'>0,0,0,4906687</arg>
	</msg>
	<msg id='20' display='false' source='tcet'>
		<type>HEARTBEAT</type>
		<severity>INFO</severity>
		<timestamp>Mon Oct 28 23:36:09 2019</timestamp>
		<arg name='tids'>11240,11000,11040,2352</arg>
		<arg name='syscalls'>1,1,1,0</arg>
		<arg name='calls'>0,0,0,0</arg>
	</msg>
	<msg id='21' display='false' source='tcet'>
		<type>HEARTBEAT</type>
		<severity>INFO</severity>
		<timestamp>Mon Oct 28 23:36:10 2019</timestamp>
		<arg name='tids'>11240,11000,11040,2352</arg>
		<arg name='syscalls'>1,1,1,0</arg>
		<arg name='calls'>0,0,0,0</arg>
	</msg>
	<msg id='22' display='false' source='tcet'>
		<type>HEARTBEAT</type>
		<severity>INFO</severity>
		<timestamp>Mon Oct 28 23:36:11 2019</timestamp>
		<arg name='tids'>11240,11000,11040,2352</arg>
		<arg name='syscalls'>1,1,1,0</arg>
		<arg name='calls'>0,0,0,0</arg>
	</msg>
	<msg id='23' display='false' source='tcet'>
		<type>HEARTBEAT</type>
		<severity>INFO</severity>
		<timestamp>Mon Oct 28 23:36:12 2019</timestamp>
		<arg name='tids'>11240,11000,11040,2352</arg>
		<arg name='syscalls'>1,1,1,0</arg>
		<arg name='calls'>0,0,0,0</arg>
	</msg>
	<msg id='24' display='false' source='tcet'>
		<type>HEARTBEAT</type>
		<severity>INFO</severity>
		<timestamp>Mon Oct 28 23:36:13 2019</timestamp>
		<arg name='tids'>11240,11000,11040,2352</arg>
		<arg name='syscalls'>1,1,1,0</arg>
		<arg name='calls'>0,0,0,0</arg>
	</msg>
	<msg id='25' display='false' source='tcet'>
		<type>HEARTBEAT</type>
		<severity>INFO</severity>
		<timestamp>Mon Oct 28 23:36:14 2019</timestamp>
		<arg name='tids'>11240,11000,11040,2352</arg>
		<arg name='syscalls'>1,1,1,0</arg>
		<arg name='calls'>0,0,0,0</arg>
	</msg>
	<msg id='26' display='false' source='tcet'>
		<type>HEARTBEAT</type>
		<severity>INFO</severity>
		<timestamp>Mon Oct 28 23:36:15 2019</timestamp>
		<arg name='tids'>11240,11000,11040,2352</arg>
		<arg name='syscalls'>1,1,1,0</arg>
		<arg name='calls'>0,0,0,0</arg>
	</msg>
	<msg id='27' display='false' source='tcet'>
		<type>HEARTBEAT</type>
		<severity>INFO</severity>
		<timestamp>Mon Oct 28 23:36:16 2019</timestamp>
		<arg name='tids'>11240,11000,11040,2352</arg>
		<arg name='syscalls'>1,1,1,0</arg>
		<arg name='calls'>0,0,0,0</arg>
	</msg>
	<msg id='28' display='false' source='tcet'>
		<type>HEARTBEAT</type>
		<severity>INFO</severity>
		<timestamp>Mon Oct 28 23:36:17 2019</timestamp>
		<arg name='tids'>11240,11000,11040,2352</arg>
		<arg name='syscalls'>1,1,1,0</arg>
		<arg name='calls'>0,0,0,0</arg>
	</msg>
	<msg id='29' display='false' source='tcet'>
		<type>HEARTBEAT</type>
		<severity>INFO</severity>
		<timestamp>Mon Oct 28 23:36:18 2019</timestamp>
		<arg name='tids'>11240,11000,11040,2352</arg>
		<arg name='syscalls'>1,1,1,0</arg>
		<arg name='calls'>0,0,0,0</arg>
	</msg>
	<msg id='30' display='false' source='tcet'>
		<type>HEARTBEAT</type>
		<severity>INFO</severity>
		<timestamp>Mon Oct 28 23:36:19 2019</timestamp>
		<arg name='tids'>11240,11000,11040,2352</arg>
		<arg name='syscalls'>1,1,1,0</arg>
		<arg name='calls'>0,0,0,0</arg>
	</msg>
	<msg id='31' display='false' source='tcet'>
		<type>HEARTBEAT</type>
		<severity>INFO</severity>
		<timestamp>Mon Oct 28 23:36:20 2019</timestamp>
		<arg name='tids'>11240,11000,11040,2352</arg>
		<arg name='syscalls'>1,1,1,0</arg>
		<arg name='calls'>0,0,0,0</arg>
	</msg>
	<msg id='32' display='false' source='tcet'>
		<type>HEARTBEAT</type>
		<severity>INFO</severity>
		<timestamp>Mon Oct 28 23:36:21 2019</timestamp>
		<arg name='tids'>11240,11000,11040,2352</arg>
		<arg name='syscalls'>1,1,1,0</arg>
		<arg name='calls'>0,0,0,0</arg>
	</msg>
	<msg id='33' display='false' source='tcet'>
		<type>HEARTBEAT</type>
		<severity>INFO</severity>
		<timestamp>Mon Oct 28 23:36:22 2019</timestamp>
		<arg name='tids'>11240,11000,11040,2352</arg>
		<arg name='syscalls'>1,1,1,0</arg>
		<arg name='calls'>0,0,0,0</arg>
	</msg>
	<msg id='34' display='false' source='tcet'>
		<type>HEARTBEAT</type>
		<severity>INFO</severity>
		<timestamp>Mon Oct 28 23:36:23 2019</timestamp>
		<arg name='tids'>11240,11000,11040,2352</arg>
		<arg name='syscalls'>1,1,1,0</arg>
		<arg name='calls'>0,0,0,0</arg>
	</msg>
	<msg id='35' display='false' source='tcet'>
		<type>HEARTBEAT</type>
		<severity>INFO</severity>
		<timestamp>Mon Oct 28 23:36:24 2019</timestamp>
		<arg name='tids'>11240,11000,11040,2352</arg>
		<arg name='syscalls'>1,1,1,0</arg>
		<arg name='calls'>0,0,0,0</arg>
	</msg>
	<msg id='36' display='false' source='tcet'>
		<type>HEARTBEAT</type>
		<severity>INFO</severity>
		<timestamp>Mon Oct 28 23:36:25 2019</timestamp>
		<arg name='tids'>11240,11000,11040,2352</arg>
		<arg name='syscalls'>1,1,1,0</arg>
		<arg name='calls'>0,0,0,0</arg>
	</msg>
	<msg id='37' display='false' source='tcet'>
		<type>HEARTBEAT</type>
		<severity>INFO</severity>
		<timestamp>Mon Oct 28 23:36:26 2019</timestamp>
		<arg name='tids'>11240,11000,11040,2352</arg>
		<arg name='syscalls'>1,1,1,0</arg>
		<arg name='calls'>0,0,0,0</arg>
	</msg>
	<msg id='38' display='false' source='tcet'>
		<type>HEARTBEAT</type>
		<severity>INFO</severity>
		<timestamp>Mon Oct 28 23:36:27 2019</timestamp>
		<arg name='tids'>11240,11000,11040,2352</arg>
		<arg name='syscalls'>1,1,1,0</arg>
		<arg name='calls'>0,0,0,0</arg>
	</msg>
	<msg id='39' display='false' source='tcet'>
		<type>HEARTBEAT</type>
		<severity>INFO</severity>
		<timestamp>Mon Oct 28 23:36:28 2019</timestamp>
		<arg name='tids'>11240,11000,11040,2352</arg>
		<arg name='syscalls'>1,1,1,0</arg>
		<arg name='calls'>0,0,0,0</arg>
	</msg>
	<msg id='40' display='false' source='tcet'>
		<type>HEARTBEAT</type>
		<severity>INFO</severity>
		<timestamp>Mon Oct 28 23:36:29 2019</timestamp>
		<arg name='tids'>11240,11000,11040,2352</arg>
		<arg name='syscalls'>1,1,1,0</arg>
		<arg name='calls'>0,0,0,0</arg>
	</msg>
	<msg id='41' display='false' source='tcet'>
		<type>HEARTBEAT</type>
		<severity>INFO</severity>
		<timestamp>Mon Oct 28 23:36:30 2019</timestamp>
		<arg name='tids'>11240,11000,11040,2352</arg>
		<arg name='syscalls'>1,1,1,0</arg>
		<arg name='calls'>0,0,0,0</arg>
	</msg>
	<msg id='42' display='false' source='tcet'>
		<type>HEARTBEAT</type>
		<severity>INFO</severity>
		<timestamp>Mon Oct 28 23:36:31 2019</timestamp>
		<arg name='tids'>11240,11000,11040,2352</arg>
		<arg name='syscalls'>1,1,1,0</arg>
		<arg name='calls'>0,0,0,0</arg>
	</msg>
	<msg id='43' display='false' source='tcet'>
		<type>HEARTBEAT</type>
		<severity>INFO</severity>
		<timestamp>Mon Oct 28 23:36:32 2019</timestamp>
		<arg name='tids'>11240,11000,11040,2352</arg>
		<arg name='syscalls'>1,1,1,0</arg>
		<arg name='calls'>0,0,0,0</arg>
	</msg>
	<msg id='44' display='false' source='tcet'>
		<type>HEARTBEAT</type>
		<severity>INFO</severity>
		<timestamp>Mon Oct 28 23:36:33 2019</timestamp>
		<arg name='tids'>11240,11000,11040,2352</arg>
		<arg name='syscalls'>1,1,1,0</arg>
		<arg name='calls'>0,0,0,0</arg>
	</msg>
	<msg id='45' display='false' source='tcet'>
		<type>HEARTBEAT</type>
		<severity>INFO</severity>
		<timestamp>Mon Oct 28 23:36:34 2019</timestamp>
		<arg name='tids'>11240,11000,11040,2352</arg>
		<arg name='syscalls'>1,1,1,0</arg>
		<arg name='calls'>0,0,0,0</arg>
	</msg>
	<msg id='46' display='false' source='tcet'>
		<type>HEARTBEAT</type>
		<severity>INFO</severity>
		<timestamp>Mon Oct 28 23:36:35 2019</timestamp>
		<arg name='tids'>11240,11000,11040,2352</arg>
		<arg name='syscalls'>1,1,1,0</arg>
		<arg name='calls'>0,0,0,0</arg>
	</msg>
	<msg id='47' display='false' source='tcet'>
		<type>HEARTBEAT</type>
		<severity>INFO</severity>
		<timestamp>Mon Oct 28 23:36:36 2019</timestamp>
		<arg name='tids'>11240,11000,11040,2352</arg>
		<arg name='syscalls'>1,1,1,0</arg>
		<arg name='calls'>0,0,0,0</arg>
	</msg>
	<msg id='48' display='false' source='tcet'>
		<type>HEARTBEAT</type>
		<severity>INFO</severity>
		<timestamp>Mon Oct 28 23:36:37 2019</timestamp>
		<arg name='tids'>11240,11000,11040,2352</arg>
		<arg name='syscalls'>1,1,1,0</arg>
		<arg name='calls'>0,0,0,0</arg>
	</msg>
	<msg id='49' display='false' source='tcet'>
		<type>HEARTBEAT</type>
		<severity>INFO</severity>
		<timestamp>Mon Oct 28 23:36:38 2019</timestamp>
		<arg name='tids'>11240,11000,11040,2352</arg>
		<arg name='syscalls'>1,1,1,0</arg>
		<arg name='calls'>0,0,0,0</arg>
	</msg>
	<msg id='50' display='false' source='tcet'>
		<type>HEARTBEAT</type>
		<severity>INFO</severity>
		<timestamp>Mon Oct 28 23:36:39 2019</timestamp>
		<arg name='tids'>11240,11000,11040,2352</arg>
		<arg name='syscalls'>1,1,1,0</arg>
		<arg name='calls'>0,0,0,0</arg>
	</msg>
	<msg id='51' display='false' source='tcet'>
		<type>HEARTBEAT</type>
		<severity>INFO</severity>
		<timestamp>Mon Oct 28 23:36:40 2019</timestamp>
		<arg name='tids'>11240,11000,11040,2352</arg>
		<arg name='syscalls'>1,1,1,0</arg>
		<arg name='calls'>0,0,0,0</arg>
	</msg>
	<msg id='52' display='false' source='tcet'>
		<type>HEARTBEAT</type>
		<severity>INFO</severity>
		<timestamp>Mon Oct 28 23:36:41 2019</timestamp>
		<arg name='tids'>11240,11000,11040,2352</arg>
		<arg name='syscalls'>1,1,1,0</arg>
		<arg name='calls'>0,0,0,0</arg>
	</msg>
	<msg id='53' display='false' source='tcet'>
		<type>HEARTBEAT</type>
		<severity>INFO</severity>
		<timestamp>Mon Oct 28 23:36:42 2019</timestamp>
		<arg name='tids'>11240,11000,11040,2352</arg>
		<arg name='syscalls'>1,1,1,0</arg>
		<arg name='calls'>0,0,0,0</arg>
	</msg>
	<msg id='54' display='false' source='tcet'>
		<type>HEARTBEAT</type>
		<severity>INFO</severity>
		<timestamp>Mon Oct 28 23:36:43 2019</timestamp>
		<arg name='tids'>11240,11000,11040,2352</arg>
		<arg name='syscalls'>1,1,1,0</arg>
		<arg name='calls'>0,0,0,0</arg>
	</msg>
	<msg id='55' display='false' source='tcet'>
		<type>HEARTBEAT</type>
		<severity>INFO</severity>
		<timestamp>Mon Oct 28 23:36:44 2019</timestamp>
		<arg name='tids'>11240,11000,11040,2352</arg>
		<arg name='syscalls'>1,1,1,0</arg>
		<arg name='calls'>0,0,0,0</arg>
	</msg>
	<msg id='56' display='false' source='tcet'>
		<type>HEARTBEAT</type>
		<severity>INFO</severity>
		<timestamp>Mon Oct 28 23:36:45 2019</timestamp>
		<arg name='tids'>11240,11000,11040,2352</arg>
		<arg name='syscalls'>1,1,1,0</arg>
		<arg name='calls'>0,0,0,0</arg>
	</msg>
	<msg id='57' display='false' source='tcet'>
		<type>HEARTBEAT</type>
		<severity>INFO</severity>
		<timestamp>Mon Oct 28 23:36:46 2019</timestamp>
		<arg name='tids'>11240,11000,11040,2352</arg>
		<arg name='syscalls'>1,1,1,0</arg>
		<arg name='calls'>0,0,0,0</arg>
	</msg>
	<msg id='58' display='false' source='tcet'>
		<type>HEARTBEAT</type>
		<severity>INFO</severity>
		<timestamp>Mon Oct 28 23:36:47 2019</timestamp>
		<arg name='tids'>11240,11000,11040,2352</arg>
		<arg name='syscalls'>1,1,1,0</arg>
		<arg name='calls'>0,0,0,0</arg>
	</msg>
	<msg id='59' display='false' source='tcet'>
		<type>HEARTBEAT</type>
		<severity>INFO</severity>
		<timestamp>Mon Oct 28 23:36:48 2019</timestamp>
		<arg name='tids'>11240,11000,11040,2352</arg>
		<arg name='syscalls'>1,1,1,0</arg>
		<arg name='calls'>0,0,0,0</arg>
	</msg>
	<msg id='60' display='false' source='tcet'>
		<type>HEARTBEAT</type>
		<severity>INFO</severity>
		<timestamp>Mon Oct 28 23:36:49 2019</timestamp>
		<arg name='tids'>11240,11000,11040,2352</arg>
		<arg name='syscalls'>1,1,1,0</arg>
		<arg name='calls'>0,0,0,0</arg>
	</msg>
	<msg id='61' display='false' source='tcet'>
		<type>HEARTBEAT</type>
		<severity>INFO</severity>
		<timestamp>Mon Oct 28 23:36:50 2019</timestamp>
		<arg name='tids'>11240,11000,11040,2352</arg>
		<arg name='syscalls'>1,1,1,0</arg>
		<arg name='calls'>0,0,0,243</arg>
	</msg>
	<msg id='62' display='false' source='tcet'>
		<type>THREADNAME</type>
		<severity>INFO</severity>
		<timestamp>Mon Oct 28 23:36:51 2019</timestamp>
		<arg name='tid'>5496</arg>
		<arg name='name'>Cilk Worker</arg>
	</msg>
	<msg id='63' display='false' source='tcet'>
		<type>THREADNAME</type>
		<severity>INFO</severity>
		<timestamp>Mon Oct 28 23:36:51 2019</timestamp>
		<arg name='tid'>10588</arg>
		<arg name='name'>Cilk Worker</arg>
	</msg>
	<msg id='64' display='false' source='tcet'>
		<type>THREADNAME</type>
		<severity>INFO</severity>
		<timestamp>Mon Oct 28 23:36:51 2019</timestamp>
		<arg name='tid'>6828</arg>
		<arg name='name'>Cilk Worker</arg>
	</msg>
	<msg id='65' display='false' source='tcet'>
		<type>HEARTBEAT</type>
		<severity>INFO</severity>
		<timestamp>Mon Oct 28 23:36:51 2019</timestamp>
		<arg name='tids'>5496,10588,6828,11240,11000,11040,2352</arg>
		<arg name='syscalls'>0,0,0,1,1,1,0</arg>
		<arg name='calls'>783383,455559,493633,0,0,0,390824</arg>
	</msg>
	<msg id='66' display='false' source='tcet'>
		<type>HEARTBEAT</type>
		<severity>INFO</severity>
		<timestamp>Mon Oct 28 23:36:52 2019</timestamp>
		<arg name='tids'>5496,10588,6828,11240,11000,11040,2352</arg>
		<arg name='syscalls'>0,0,0,1,1,1,0</arg>
		<arg name='calls'>256331,242606,223571,0,0,0,259277</arg>
	</msg>
	<msg id='67' display='false' source='tcet'>
		<type>HEARTBEAT</type>
		<severity>INFO</severity>
		<timestamp>Mon Oct 28 23:36:53 2019</timestamp>
		<arg name='tids'>5496,10588,6828,11240,11000,11040,2352</arg>
		<arg name='syscalls'>0,0,0,1,1,1,0</arg>
		<arg name='calls'>295235,407710,329670,0,0,0,369385</arg>
	</msg>
	<msg id='68' display='false' source='tcet'>
		<type>HEARTBEAT</type>
		<severity>INFO</severity>
		<timestamp>Mon Oct 28 23:36:54 2019</timestamp>
		<arg name='tids'>5496,10588,6828,11240,11000,11040,2352</arg>
		<arg name='syscalls'>0,0,0,1,1,1,0</arg>
		<arg name='calls'>374036,302630,276167,0,0,0,261342</arg>
	</msg>
	<msg id='69' display='false' source='tcet'>
		<type>HEARTBEAT</type>
		<severity>INFO</severity>
		<timestamp>Mon Oct 28 23:36:55 2019</timestamp>
		<arg name='tids'>5496,10588,6828,11240,11000,11040,2352</arg>
		<arg name='syscalls'>0,0,0,1,1,1,0</arg>
		<arg name='calls'>218166,220271,148244,0,0,0,207508</arg>
	</msg>
	<msg id='70' display='false' source='tcet'>
		<type>HEARTBEAT</type>
		<severity>INFO</severity>
		<timestamp>Mon Oct 28 23:36:56 2019</timestamp>
		<arg name='tids'>5496,10588,6828,11240,11000,11040,2352</arg>
		<arg name='syscalls'>0,0,0,1,1,1,0</arg>
		<arg name='calls'>205911,259923,217731,0,0,0,274326</arg>
	</msg>
	<msg id='71' display='false' source='tcet'>
		<type>HEARTBEAT</type>
		<severity>INFO</severity>
		<timestamp>Mon Oct 28 23:36:57 2019</timestamp>
		<arg name='tids'>5496,10588,6828,11240,11000,11040,2352</arg>
		<arg name='syscalls'>0,0,0,1,1,1,0</arg>
		<arg name='calls'>247271,466004,278712,0,0,0,262547</arg>
	</msg>
	<msg id='72' display='false' source='tcet'>
		<type>HEARTBEAT</type>
		<severity>INFO</severity>
		<timestamp>Mon Oct 28 23:36:58 2019</timestamp>
		<arg name='tids'>5496,10588,6828,11240,11000,11040,2352</arg>
		<arg name='syscalls'>0,0,0,1,1,1,0</arg>
		<arg name='calls'>317390,205013,269748,0,0,0,241954</arg>
	</msg>
	<msg id='73' display='false' source='tcet'>
		<type>HEARTBEAT</type>
		<severity>INFO</severity>
		<timestamp>Mon Oct 28 23:36:59 2019</timestamp>
		<arg name='tids'>5496,10588,6828,11240,11000,11040,2352</arg>
		<arg name='syscalls'>0,0,0,1,1,1,0</arg>
		<arg name='calls'>294085,256751,296294,0,0,0,292844</arg>
	</msg>
	<msg id='74' display='false' source='tcet'>
		<type>HEARTBEAT</type>
		<severity>INFO</severity>
		<timestamp>Mon Oct 28 23:37:00 2019</timestamp>
		<arg name='tids'>5496,10588,6828,11240,11000,11040,2352</arg>
		<arg name='syscalls'>0,0,0,1,1,1,0</arg>
		<arg name='calls'>194672,316847,233896,0,0,0,208420</arg>
	</msg>
	<msg id='75' display='false' source='tcet'>
		<type>HEARTBEAT</type>
		<severity>INFO</severity>
		<timestamp>Mon Oct 28 23:37:01 2019</timestamp>
		<arg name='tids'>5496,10588,6828,11240,11000,11040,2352</arg>
		<arg name='syscalls'>0,0,0,1,1,1,0</arg>
		<arg name='calls'>418048,232254,245791,0,0,0,271738</arg>
	</msg>
	<!-- Thread 3 effective sampling rate is 0/0 -->
	<!-- Thread 4 effective sampling rate is 0/0 -->
	<!-- Thread 2 effective sampling rate is 0/0 -->
	<msg id='76' display='false' source='tcet'>
		<type>HEARTBEAT</type>
		<severity>INFO</severity>
		<timestamp>Mon Oct 28 23:37:02 2019</timestamp>
		<arg name='tids'>5496,10588,6828,2352</arg>
		<arg name='syscalls'>0,0,0,0</arg>
		<arg name='calls'>199284,275469,197456,130675</arg>
	</msg>
	<msg id='77' display='false' source='tcet'>
		<type>HEARTBEAT</type>
		<severity>INFO</severity>
		<timestamp>Mon Oct 28 23:37:03 2019</timestamp>
		<arg name='tids'>5496,10588,6828,2352</arg>
		<arg name='syscalls'>0,0,0,0</arg>
		<arg name='calls'>334109,161756,264877,312423</arg>
	</msg>
	<msg id='78' display='false' source='tcet'>
		<type>HEARTBEAT</type>
		<severity>INFO</severity>
		<timestamp>Mon Oct 28 23:37:04 2019</timestamp>
		<arg name='tids'>5496,10588,6828,2352</arg>
		<arg name='syscalls'>0,0,0,0</arg>
		<arg name='calls'>214454,322567,307201,261872</arg>
	</msg>
	<msg id='79' display='false' source='tcet'>
		<type>HEARTBEAT</type>
		<severity>INFO</severity>
		<timestamp>Mon Oct 28 23:37:05 2019</timestamp>
		<arg name='tids'>5496,10588,6828,2352</arg>
		<arg name='syscalls'>0,0,0,0</arg>
		<arg name='calls'>268293,270350,250107,180176</arg>
	</msg>
	<msg id='80' display='false' source='tcet'>
		<type>HEARTBEAT</type>
		<severity>INFO</severity>
		<timestamp>Mon Oct 28 23:37:06 2019</timestamp>
		<arg name='tids'>5496,10588,6828,2352</arg>
		<arg name='syscalls'>0,0,0,0</arg>
		<arg name='calls'>258284,200523,275075,290932</arg>
	</msg>
	<msg id='81' display='false' source='tcet'>
		<type>HEARTBEAT</type>
		<severity>INFO</severity>
		<timestamp>Mon Oct 28 23:37:07 2019</timestamp>
		<arg name='tids'>5496,10588,6828,2352</arg>
		<arg name='syscalls'>0,0,0,0</arg>
		<arg name='calls'>249333,307750,297087,266304</arg>
	</msg>
	<msg id='82' display='false' source='tcet'>
		<type>HEARTBEAT</type>
		<severity>INFO</severity>
		<timestamp>Mon Oct 28 23:37:08 2019</timestamp>
		<arg name='tids'>5496,10588,6828,2352</arg>
		<arg name='syscalls'>0,0,0,0</arg>
		<arg name='calls'>401012,332025,320599,321726</arg>
	</msg>
	<msg id='83' display='false' source='tcet'>
		<type>HEARTBEAT</type>
		<severity>INFO</severity>
		<timestamp>Mon Oct 28 23:37:09 2019</timestamp>
		<arg name='tids'>5496,10588,6828,2352</arg>
		<arg name='syscalls'>0,0,0,0</arg>
		<arg name='calls'>298861,361404,303208,231648</arg>
	</msg>
	<msg id='84' display='false' source='tcet'>
		<type>HEARTBEAT</type>
		<severity>INFO</severity>
		<timestamp>Mon Oct 28 23:37:10 2019</timestamp>
		<arg name='tids'>5496,10588,6828,2352</arg>
		<arg name='syscalls'>0,0,0,0</arg>
		<arg name='calls'>273660,223449,278880,214889</arg>
	</msg>
	<msg id='85' display='false' source='tcet'>
		<type>HEARTBEAT</type>
		<severity>INFO</severity>
		<timestamp>Mon Oct 28 23:37:11 2019</timestamp>
		<arg name='tids'>5496,10588,6828,2352</arg>
		<arg name='syscalls'>0,0,0,0</arg>
		<arg name='calls'>254230,195476,231027,238549</arg>
	</msg>
	<msg id='86' display='false' source='tcet'>
		<type>HEARTBEAT</type>
		<severity>INFO</severity>
		<timestamp>Mon Oct 28 23:37:12 2019</timestamp>
		<arg name='tids'>5496,10588,6828,2352</arg>
		<arg name='syscalls'>0,0,0,0</arg>
		<arg name='calls'>239612,292479,273848,240883</arg>
	</msg>
	<msg id='87' display='false' source='tcet'>
		<type>HEARTBEAT</type>
		<severity>INFO</severity>
		<timestamp>Mon Oct 28 23:37:13 2019</timestamp>
		<arg name='tids'>5496,10588,6828,2352</arg>
		<arg name='syscalls'>0,0,0,0</arg>
		<arg name='calls'>377373,243751,382446,352895</arg>
	</msg>
	<msg id='88' display='false' source='tcet'>
		<type>HEARTBEAT</type>
		<severity>INFO</severity>
		<timestamp>Mon Oct 28 23:37:14 2019</timestamp>
		<arg name='tids'>5496,10588,6828,2352</arg>
		<arg name='syscalls'>0,0,0,0</arg>
		<arg name='calls'>344660,344975,276493,194567</arg>
	</msg>
	<msg id='89' display='false' source='tcet'>
		<type>HEARTBEAT</type>
		<severity>INFO</severity>
		<timestamp>Mon Oct 28 23:37:15 2019</timestamp>
		<arg name='tids'>5496,10588,6828,2352</arg>
		<arg name='syscalls'>0,0,0,0</arg>
		<arg name='calls'>264780,311042,239064,259141</arg>
	</msg>
	<msg id='90' display='false' source='tcet'>
		<type>HEARTBEAT</type>
		<severity>INFO</severity>
		<timestamp>Mon Oct 28 23:37:16 2019</timestamp>
		<arg name='tids'>5496,10588,6828,2352</arg>
		<arg name='syscalls'>0,0,0,0</arg>
		<arg name='calls'>176817,277896,212200,328584</arg>
	</msg>
	<msg id='91' display='false' source='tcet'>
		<type>HEARTBEAT</type>
		<severity>INFO</severity>
		<timestamp>Mon Oct 28 23:37:17 2019</timestamp>
		<arg name='tids'>5496,10588,6828,2352</arg>
		<arg name='syscalls'>0,0,0,0</arg>
		<arg name='calls'>297605,242258,291350,403828</arg>
	</msg>
	<msg id='92' display='false' source='tcet'>
		<type>HEARTBEAT</type>
		<severity>INFO</severity>
		<timestamp>Mon Oct 28 23:37:18 2019</timestamp>
		<arg name='tids'>5496,10588,6828,2352</arg>
		<arg name='syscalls'>0,0,0,0</arg>
		<arg name='calls'>251924,175288,287989,300642</arg>
	</msg>
	<msg id='93' display='false' source='tcet'>
		<type>HEARTBEAT</type>
		<severity>INFO</severity>
		<timestamp>Mon Oct 28 23:37:19 2019</timestamp>
		<arg name='tids'>5496,10588,6828,2352</arg>
		<arg name='syscalls'>0,0,0,0</arg>
		<arg name='calls'>340175,321886,316907,354662</arg>
	</msg>
	<msg id='94' display='false' source='tcet'>
		<type>HEARTBEAT</type>
		<severity>INFO</severity>
		<timestamp>Mon Oct 28 23:37:20 2019</timestamp>
		<arg name='tids'>5496,10588,6828,2352</arg>
		<arg name='syscalls'>0,0,0,0</arg>
		<arg name='calls'>273486,284694,180540,310219</arg>
	</msg>
	<msg id='95' display='false' source='tcet'>
		<type>HEARTBEAT</type>
		<severity>INFO</severity>
		<timestamp>Mon Oct 28 23:37:21 2019</timestamp>
		<arg name='tids'>5496,10588,6828,2352</arg>
		<arg name='syscalls'>0,0,0,0</arg>
		<arg name='calls'>292189,317783,352584,235118</arg>
	</msg>
	<msg id='96' display='false' source='tcet'>
		<type>HEARTBEAT</type>
		<severity>INFO</severity>
		<timestamp>Mon Oct 28 23:37:22 2019</timestamp>
		<arg name='tids'>5496,10588,6828,2352</arg>
		<arg name='syscalls'>0,0,0,0</arg>
		<arg name='calls'>284859,266080,231371,248228</arg>
	</msg>
	<msg id='97' display='false' source='tcet'>
		<type>HEARTBEAT</type>
		<severity>INFO</severity>
		<timestamp>Mon Oct 28 23:37:23 2019</timestamp>
		<arg name='tids'>5496,10588,6828,2352</arg>
		<arg name='syscalls'>0,0,0,0</arg>
		<arg name='calls'>194921,120941,209431,261718</arg>
	</msg>
	<msg id='98' display='false' source='tcet'>
		<type>HEARTBEAT</type>
		<severity>INFO</severity>
		<timestamp>Mon Oct 28 23:37:24 2019</timestamp>
		<arg name='tids'>5496,10588,6828,2352</arg>
		<arg name='syscalls'>0,0,0,0</arg>
		<arg name='calls'>343837,270985,306384,356810</arg>
	</msg>
	<msg id='99' display='false' source='tcet'>
		<type>HEARTBEAT</type>
		<severity>INFO</severity>
		<timestamp>Mon Oct 28 23:37:25 2019</timestamp>
		<arg name='tids'>5496,10588,6828,2352</arg>
		<arg name='syscalls'>0,0,0,0</arg>
		<arg name='calls'>352033,265916,340454,325410</arg>
	</msg>
	<msg id='100' display='false' source='tcet'>
		<type>HEARTBEAT</type>
		<severity>INFO</severity>
		<timestamp>Mon Oct 28 23:37:26 2019</timestamp>
		<arg name='tids'>5496,10588,6828,2352</arg>
		<arg name='syscalls'>0,0,0,0</arg>
		<arg name='calls'>370366,322426,351449,280467</arg>
	</msg>
	<msg id='101' display='false' source='tcet'>
		<type>HEARTBEAT</type>
		<severity>INFO</severity>
		<timestamp>Mon Oct 28 23:37:27 2019</timestamp>
		<arg name='tids'>5496,10588,6828,2352</arg>
		<arg name='syscalls'>0,0,0,0</arg>
		<arg name='calls'>345449,333111,296073,284046</arg>
	</msg>
	<msg id='102' display='false' source='tcet'>
		<type>HEARTBEAT</type>
		<severity>INFO</severity>
		<timestamp>Mon Oct 28 23:37:28 2019</timestamp>
		<arg name='tids'>5496,10588,6828,2352</arg>
		<arg name='syscalls'>0,0,0,0</arg>
		<arg name='calls'>311080,344749,326697,351852</arg>
	</msg>
	<msg id='103' display='false' source='tcet'>
		<type>HEARTBEAT</type>
		<severity>INFO</severity>
		<timestamp>Mon Oct 28 23:37:29 2019</timestamp>
		<arg name='tids'>5496,10588,6828,2352</arg>
		<arg name='syscalls'>0,0,0,0</arg>
		<arg name='calls'>300205,346425,397932,301400</arg>
	</msg>
	<msg id='104' display='false' source='tcet'>
		<type>HEARTBEAT</type>
		<severity>INFO</severity>
		<timestamp>Mon Oct 28 23:37:30 2019</timestamp>
		<arg name='tids'>5496,10588,6828,2352</arg>
		<arg name='syscalls'>0,0,0,0</arg>
		<arg name='calls'>314843,306709,336432,326583</arg>
	</msg>
	<msg id='105' display='false' source='tcet'>
		<type>HEARTBEAT</type>
		<severity>INFO</severity>
		<timestamp>Mon Oct 28 23:37:31 2019</timestamp>
		<arg name='tids'>5496,10588,6828,2352</arg>
		<arg name='syscalls'>0,0,0,0</arg>
		<arg name='calls'>399032,376147,342763,354611</arg>
	</msg>
	<msg id='106' display='false' source='tcet'>
		<type>HEARTBEAT</type>
		<severity>INFO</severity>
		<timestamp>Mon Oct 28 23:37:32 2019</timestamp>
		<arg name='tids'>5496,10588,6828,2352</arg>
		<arg name='syscalls'>0,0,0,0</arg>
		<arg name='calls'>399842,427826,415834,382454</arg>
	</msg>
	<msg id='107' source='tcet'>
		<type>LOAD_MODULE</type>
		<severity>INFO</severity>
		<timestamp>Mon Oct 28 23:37:33 2019</timestamp>
		<arg name='module'>c:\windows\system32\kernel.appcore.dll</arg>
		<arg name='basement'>0x7ffaa9e20000</arg>
		<arg name='ceiling'>0x7ffaa9e2efff</arg>
	</msg>
	<msg id='108' source='tcet'>
		<type>LOAD_MODULE</type>
		<severity>INFO</severity>
		<timestamp>Mon Oct 28 23:37:33 2019</timestamp>
		<arg name='module'>c:\windows\system32\msvcrt.dll</arg>
		<arg name='basement'>0x7ffaad6f0000</arg>
		<arg name='ceiling'>0x7ffaad78dfff</arg>
	</msg>
	<msg id='109' source='tcet'>
		<type>LOAD_MODULE</type>
		<severity>INFO</severity>
		<timestamp>Mon Oct 28 23:37:33 2019</timestamp>
		<arg name='module'>c:\windows\system32\rpcrt4.dll</arg>
		<arg name='basement'>0x7ffaab160000</arg>
		<arg name='ceiling'>0x7ffaab280fff</arg>
	</msg>
	<msg id='110' display='false' source='tcet'>
		<type>HEARTBEAT</type>
		<severity>INFO</severity>
		<timestamp>Mon Oct 28 23:37:33 2019</timestamp>
		<arg name='tids'>10216,8576,5496,10588,6828,2352</arg>
		<arg name='syscalls'>1,1,1,1,1,0</arg>
		<arg name='calls'>30,286,2116618,2449927,2035745,1608824</arg>
	</msg>
	<!-- A thread end notification for 5 was received by thread 0 -->
	<!-- A thread end notification for 6 was received by thread 0 -->
	<!-- A thread end notification for 7 was received by thread 0 -->
	<!-- A thread end notification for 8 was received by thread 0 -->
	<!-- A thread end notification for 9 was received by thread 0 -->
	<!-- Thread 0 effective sampling rate is 290952677/5819043058 -->
	<msg id='111' source='tcet'>
		<type>UNLOAD_MODULE</type>
		<severity>INFO</severity>
		<timestamp>Mon Oct 28 23:37:34 2019</timestamp>
		<arg name='module'>f:\intel_parallel_studio\projects\task3\x64\release\task3.exe</arg>
	</msg>
	<msg id='112' source='tcet'>
		<type>UNLOAD_MODULE</type>
		<severity>INFO</severity>
		<timestamp>Mon Oct 28 23:37:34 2019</timestamp>
		<arg name='module'>c:\windows\system32\kernelbase.dll</arg>
	</msg>
	<msg id='113' source='tcet'>
		<type>UNLOAD_MODULE</type>
		<severity>INFO</severity>
		<timestamp>Mon Oct 28 23:37:34 2019</timestamp>
		<arg name='module'>c:\windows\system32\kernel32.dll</arg>
	</msg>
	<msg id='114' source='tcet'>
		<type>UNLOAD_MODULE</type>
		<severity>INFO</severity>
		<timestamp>Mon Oct 28 23:37:34 2019</timestamp>
		<arg name='module'>c:\windows\system32\ntdll.dll</arg>
	</msg>
	<msg id='115' source='tcet'>
		<type>UNLOAD_MODULE</type>
		<severity>INFO</severity>
		<timestamp>Mon Oct 28 23:37:34 2019</timestamp>
		<arg name='module'>c:\windows\system32\ucrtbase.dll</arg>
	</msg>
	<msg id='116' source='tcet'>
		<type>UNLOAD_MODULE</type>
		<severity>INFO</severity>
		<timestamp>Mon Oct 28 23:37:34 2019</timestamp>
		<arg name='module'>c:\windows\system32\vcruntime140.dll</arg>
	</msg>
	<msg id='117' source='tcet'>
		<type>UNLOAD_MODULE</type>
		<severity>INFO</severity>
		<timestamp>Mon Oct 28 23:37:34 2019</timestamp>
		<arg name='module'>c:\windows\system32\msvcp140.dll</arg>
	</msg>
	<msg id='118' source='tcet'>
		<type>UNLOAD_MODULE</type>
		<severity>INFO</severity>
		<timestamp>Mon Oct 28 23:37:34 2019</timestamp>
		<arg name='module'>c:\program files (x86)\intelswtools\compilers_and_libraries_2019\windows\redist\intel64\compiler\cilkrts20.dll</arg>
	</msg>
	<msg id='119' source='tcet'>
		<type>UNLOAD_MODULE</type>
		<severity>INFO</severity>
		<timestamp>Mon Oct 28 23:37:34 2019</timestamp>
		<arg name='module'>c:\windows\system32\user32.dll</arg>
	</msg>
	<msg id='120' source='tcet'>
		<type>UNLOAD_MODULE</type>
		<severity>INFO</severity>
		<timestamp>Mon Oct 28 23:37:34 2019</timestamp>
		<arg name='module'>c:\windows\system32\win32u.dll</arg>
	</msg>
	<msg id='121' source='tcet'>
		<type>UNLOAD_MODULE</type>
		<severity>INFO</severity>
		<timestamp>Mon Oct 28 23:37:34 2019</timestamp>
		<arg name='module'>c:\windows\system32\gdi32.dll</arg>
	</msg>
	<msg id='122' source='tcet'>
		<type>UNLOAD_MODULE</type>
		<severity>INFO</severity>
		<timestamp>Mon Oct 28 23:37:34 2019</timestamp>
		<arg name='module'>c:\windows\system32\gdi32full.dll</arg>
	</msg>
	<msg id='123' source='tcet'>
		<type>UNLOAD_MODULE</type>
		<severity>INFO</severity>
		<timestamp>Mon Oct 28 23:37:34 2019</timestamp>
		<arg name='module'>c:\windows\system32\imm32.dll</arg>
	</msg>
	<msg id='124' source='tcet'>
		<type>UNLOAD_MODULE</type>
		<severity>INFO</severity>
		<timestamp>Mon Oct 28 23:37:34 2019</timestamp>
		<arg name='module'>c:\program files (x86)\intelswtools\inspector 2019\bin64\runtime\libittnotify.dll</arg>
	</msg>
	<msg id='125' source='tcet'>
		<type>UNLOAD_MODULE</type>
		<severity>INFO</severity>
		<timestamp>Mon Oct 28 23:37:34 2019</timestamp>
		<arg name='module'>c:\windows\system32\kernel.appcore.dll</arg>
	</msg>
	<msg id='126' source='tcet'>
		<type>UNLOAD_MODULE</type>
		<severity>INFO</severity>
		<timestamp>Mon Oct 28 23:37:34 2019</timestamp>
		<arg name='module'>c:\windows\system32\msvcrt.dll</arg>
	</msg>
	<msg id='127' source='tcet'>
		<type>UNLOAD_MODULE</type>
		<severity>INFO</severity>
		<timestamp>Mon Oct 28 23:37:34 2019</timestamp>
		<arg name='module'>c:\windows\system32\rpcrt4.dll</arg>
	</msg>
	<msg id='128' source='tcet'>
		<type>PROCESS_TERMINATE</type>
		<severity>INFO</severity>
		<timestamp>Mon Oct 28 23:37:34 2019</timestamp>
		<arg name='process'>f:\intel_parallel_studio\projects\task3\x64\release\task3.exe</arg>
		<arg name='pid'>328</arg>
	</msg>
	<msg id='129' display='false' source='tccore'>
		<type>ANALYSIS_COMPLETE</type>
		<severity>INFO</severity>
		<timestamp>Mon Oct 28 23:37:34 2019</timestamp>
	</msg>
	<msg id='130' display='false' source='tccore'>
		<type>STOP</type>
		<severity>INFO</severity>
		<timestamp>Mon Oct 28 23:37:34 2019</timestamp>
	</msg>
</log>