<?xml version="1.0" encoding="utf-8"?>
<log version="1.0" tool="runtool">

<msg id="1" tool="runtool">
  <type>log-start</type>
  <arg>2019/12/27 00:15:43</arg>
</msg>
<msg id="2" tool="runtool">
  <type>collector-starts</type>
</msg>
<msg id="3" tool="runtool">
  <type>marker-file</type>
  <arg>F:\Intel_parallel_studio\projects\task_final\task_final\My Inspector Results - task_final\r005ti3\r005ti3.inspxe</arg>
</msg>
<msg id="4" tool="tc">
  <type>START</type>
  <severity>INFO</severity>
  <timestamp>Fri Dec 27 00:15:44 2019</timestamp>
</msg>
<msg id="5" tool="tc">
  <type>EXEC_OF_INTEREST</type>
  <arg>f:\intel_parallel_studio\projects\task_final\x64\debug\task_final.exe</arg>
  <arg>11768</arg>
  <severity>INFO</severity>
  <timestamp>Fri Dec 27 00:15:44 2019</timestamp>
</msg>
<msg id="6" tool="tc">
  <type>LOAD_MODULE</type>
  <arg>f:\intel_parallel_studio\projects\task_final\x64\debug\task_final.exe</arg>
  <arg>0x7ff7e5320000</arg>
  <arg>0x7ff7e5372fff</arg>
  <severity>INFO</severity>
  <timestamp>Fri Dec 27 00:15:44 2019</timestamp>
</msg>
<msg id="7" tool="tc">
  <type>LOAD_MODULE</type>
  <arg>c:\windows\system32\kernelbase.dll</arg>
  <arg>0x7ffd306d0000</arg>
  <arg>0x7ffd308ecfff</arg>
  <severity>INFO</severity>
  <timestamp>Fri Dec 27 00:15:44 2019</timestamp>
</msg>
<msg id="8" tool="tc">
  <type>LOAD_MODULE</type>
  <arg>c:\windows\system32\kernel32.dll</arg>
  <arg>0x7ffd33a50000</arg>
  <arg>0x7ffd33afafff</arg>
  <severity>INFO</severity>
  <timestamp>Fri Dec 27 00:15:44 2019</timestamp>
</msg>
<msg id="9" tool="tc">
  <type>LOAD_MODULE</type>
  <arg>c:\windows\system32\ntdll.dll</arg>
  <arg>0x7ffd33b80000</arg>
  <arg>0x7ffd33d50fff</arg>
  <severity>INFO</severity>
  <timestamp>Fri Dec 27 00:15:44 2019</timestamp>
</msg>
<msg id="10" tool="tc">
  <type>LOAD_MODULE</type>
  <arg>c:\windows\system32\vcruntime140d.dll</arg>
  <arg>0x7ffd15c40000</arg>
  <arg>0x7ffd15c61fff</arg>
  <severity>INFO</severity>
  <timestamp>Fri Dec 27 00:15:44 2019</timestamp>
</msg>
<msg id="11" tool="tc">
  <type>LOAD_MODULE</type>
  <arg>c:\windows\system32\msvcp140d.dll</arg>
  <arg>0x7ffd09950000</arg>
  <arg>0x7ffd09a40fff</arg>
  <severity>INFO</severity>
  <timestamp>Fri Dec 27 00:15:44 2019</timestamp>
</msg>
<msg id="12" tool="tc">
  <type>LOAD_MODULE</type>
  <arg>c:\program files (x86)\intelswtools\compilers_and_libraries_2019\windows\redist\intel64\compiler\cilkrts20.dll</arg>
  <arg>0x7ffd095c0000</arg>
  <arg>0x7ffd09612fff</arg>
  <severity>INFO</severity>
  <timestamp>Fri Dec 27 00:15:45 2019</timestamp>
</msg>
<msg id="13" tool="tc">
  <type>LOAD_MODULE</type>
  <arg>c:\program files (x86)\intelswtools\compilers_and_libraries_2019\windows\redist\intel64\compiler\libmmdd.dll</arg>
  <arg>0x7ffd08f50000</arg>
  <arg>0x7ffd09388fff</arg>
  <severity>INFO</severity>
  <timestamp>Fri Dec 27 00:15:45 2019</timestamp>
</msg>
<msg id="14" tool="tc">
  <type>LOAD_MODULE</type>
  <arg>c:\windows\system32\ucrtbased.dll</arg>
  <arg>0x7ffd08d80000</arg>
  <arg>0x7ffd08f41fff</arg>
  <severity>INFO</severity>
  <timestamp>Fri Dec 27 00:15:45 2019</timestamp>
</msg>
<msg id="15" tool="tc">
  <type>LOAD_MODULE</type>
  <arg>c:\windows\system32\user32.dll</arg>
  <arg>0x7ffd31560000</arg>
  <arg>0x7ffd316c4fff</arg>
  <severity>INFO</severity>
  <timestamp>Fri Dec 27 00:15:46 2019</timestamp>
</msg>
<msg id="16" tool="tc">
  <type>LOAD_MODULE</type>
  <arg>c:\windows\system32\win32u.dll</arg>
  <arg>0x7ffd309a0000</arg>
  <arg>0x7ffd309bdfff</arg>
  <severity>INFO</severity>
  <timestamp>Fri Dec 27 00:15:46 2019</timestamp>
</msg>
<msg id="17" tool="tc">
  <type>LOAD_MODULE</type>
  <arg>c:\windows\system32\gdi32.dll</arg>
  <arg>0x7ffd316d0000</arg>
  <arg>0x7ffd31703fff</arg>
  <severity>INFO</severity>
  <timestamp>Fri Dec 27 00:15:46 2019</timestamp>
</msg>
<msg id="18" tool="tc">
  <type>LOAD_MODULE</type>
  <arg>c:\windows\system32\gdi32full.dll</arg>
  <arg>0x7ffd30210000</arg>
  <arg>0x7ffd30391fff</arg>
  <severity>INFO</severity>
  <timestamp>Fri Dec 27 00:15:46 2019</timestamp>
</msg>
<msg id="19" tool="tc">
  <type>LOAD_MODULE</type>
  <arg>c:\windows\system32\imm32.dll</arg>
  <arg>0x7ffd311d0000</arg>
  <arg>0x7ffd311fdfff</arg>
  <severity>INFO</severity>
  <timestamp>Fri Dec 27 00:15:47 2019</timestamp>
</msg>
<msg id="20" tool="tc">
  <type>LOAD_MODULE</type>
  <arg>c:\program files (x86)\intelswtools\inspector 2019\bin64\runtime\libittnotify.dll</arg>
  <arg>0x7ffd0b660000</arg>
  <arg>0x7ffd0b692fff</arg>
  <severity>INFO</severity>
  <timestamp>Fri Dec 27 00:15:48 2019</timestamp>
</msg>
<msg id="21" tool="tc">
  <type>HEARTBEAT</type>
  <arg>13424,12644,3360,408</arg>
  <arg>1,1,1,0</arg>
  <arg>991,4175,826,119625</arg>
  <severity>INFO</severity>
  <timestamp>Fri Dec 27 00:15:49 2019</timestamp>
</msg>
<msg id="22" tool="tc">
  <type>THREADNAME</type>
  <arg>1028</arg>
  <arg>Cilk Worker</arg>
  <severity>INFO</severity>
  <timestamp>Fri Dec 27 00:15:50 2019</timestamp>
</msg>
<msg id="23" tool="tc">
  <type>THREADNAME</type>
  <arg>14244</arg>
  <arg>Cilk Worker</arg>
  <severity>INFO</severity>
  <timestamp>Fri Dec 27 00:15:50 2019</timestamp>
</msg>
<msg id="24" tool="tc">
  <type>THREADNAME</type>
  <arg>3664</arg>
  <arg>Cilk Worker</arg>
  <severity>INFO</severity>
  <timestamp>Fri Dec 27 00:15:50 2019</timestamp>
</msg>
<msg id="25" tool="tc">
  <type>HEARTBEAT</type>
  <arg>1028,14244,3664,13424,12644,3360,408</arg>
  <arg>0,0,0,1,1,1,0</arg>
  <arg>123386,123625,1809669,0,0,0,2200</arg>
  <severity>INFO</severity>
  <timestamp>Fri Dec 27 00:15:50 2019</timestamp>
</msg>
<msg id="26" tool="tc">
  <type>HEARTBEAT</type>
  <arg>1028,14244,3664,13424,12644,3360,408</arg>
  <arg>1,1,1,1,1,1,0</arg>
  <arg>496640,368059,7842631,0,0,0,202555</arg>
  <severity>INFO</severity>
  <timestamp>Fri Dec 27 00:15:51 2019</timestamp>
</msg>
<msg id="27" tool="tc">
  <type>HEARTBEAT</type>
  <arg>1028,14244,3664,13424,12644,3360,408</arg>
  <arg>0,0,0,1,1,1,0</arg>
  <arg>1478849,1391066,1551225,0,0,0,1539243</arg>
  <severity>INFO</severity>
  <timestamp>Fri Dec 27 00:15:52 2019</timestamp>
</msg>
<msg id="28" tool="tc">
  <type>LOAD_MODULE</type>
  <arg>c:\windows\system32\kernel.appcore.dll</arg>
  <arg>0x7ffd300a0000</arg>
  <arg>0x7ffd300aefff</arg>
  <severity>INFO</severity>
  <timestamp>Fri Dec 27 00:15:52 2019</timestamp>
</msg>
<msg id="29" tool="tc">
  <type>LOAD_MODULE</type>
  <arg>c:\windows\system32\msvcrt.dll</arg>
  <arg>0x7ffd31110000</arg>
  <arg>0x7ffd311adfff</arg>
  <severity>INFO</severity>
  <timestamp>Fri Dec 27 00:15:53 2019</timestamp>
</msg>
<msg id="30" tool="tc">
  <type>LOAD_MODULE</type>
  <arg>c:\windows\system32\rpcrt4.dll</arg>
  <arg>0x7ffd33720000</arg>
  <arg>0x7ffd33840fff</arg>
  <severity>INFO</severity>
  <timestamp>Fri Dec 27 00:15:53 2019</timestamp>
</msg>
<msg id="31" tool="tc">
  <type>HEARTBEAT</type>
  <arg>1028,14244,3664,13424,12644,3360,408</arg>
  <arg>1,1,1,1,1,1,0</arg>
  <arg>285068,308274,294467,0,257,0,321867</arg>
  <severity>INFO</severity>
  <timestamp>Fri Dec 27 00:15:53 2019</timestamp>
</msg>
<msg id="32" tool="tc">
  <type>UNLOAD_MODULE</type>
  <arg>f:\intel_parallel_studio\projects\task_final\x64\debug\task_final.exe</arg>
  <severity>INFO</severity>
  <timestamp>Fri Dec 27 00:15:54 2019</timestamp>
</msg>
<msg id="33" tool="tc">
  <type>UNLOAD_MODULE</type>
  <arg>c:\windows\system32\kernelbase.dll</arg>
  <severity>INFO</severity>
  <timestamp>Fri Dec 27 00:15:54 2019</timestamp>
</msg>
<msg id="34" tool="tc">
  <type>UNLOAD_MODULE</type>
  <arg>c:\windows\system32\kernel32.dll</arg>
  <severity>INFO</severity>
  <timestamp>Fri Dec 27 00:15:54 2019</timestamp>
</msg>
<msg id="35" tool="tc">
  <type>UNLOAD_MODULE</type>
  <arg>c:\windows\system32\ntdll.dll</arg>
  <severity>INFO</severity>
  <timestamp>Fri Dec 27 00:15:54 2019</timestamp>
</msg>
<msg id="36" tool="tc">
  <type>UNLOAD_MODULE</type>
  <arg>c:\windows\system32\vcruntime140d.dll</arg>
  <severity>INFO</severity>
  <timestamp>Fri Dec 27 00:15:54 2019</timestamp>
</msg>
<msg id="37" tool="tc">
  <type>UNLOAD_MODULE</type>
  <arg>c:\windows\system32\msvcp140d.dll</arg>
  <severity>INFO</severity>
  <timestamp>Fri Dec 27 00:15:54 2019</timestamp>
</msg>
<msg id="38" tool="tc">
  <type>UNLOAD_MODULE</type>
  <arg>c:\program files (x86)\intelswtools\compilers_and_libraries_2019\windows\redist\intel64\compiler\cilkrts20.dll</arg>
  <severity>INFO</severity>
  <timestamp>Fri Dec 27 00:15:54 2019</timestamp>
</msg>
<msg id="39" tool="tc">
  <type>UNLOAD_MODULE</type>
  <arg>c:\program files (x86)\intelswtools\compilers_and_libraries_2019\windows\redist\intel64\compiler\libmmdd.dll</arg>
  <severity>INFO</severity>
  <timestamp>Fri Dec 27 00:15:54 2019</timestamp>
</msg>
<msg id="40" tool="tc">
  <type>UNLOAD_MODULE</type>
  <arg>c:\windows\system32\ucrtbased.dll</arg>
  <severity>INFO</severity>
  <timestamp>Fri Dec 27 00:15:54 2019</timestamp>
</msg>
<msg id="41" tool="tc">
  <type>UNLOAD_MODULE</type>
  <arg>c:\windows\system32\user32.dll</arg>
  <severity>INFO</severity>
  <timestamp>Fri Dec 27 00:15:54 2019</timestamp>
</msg>
<msg id="42" tool="tc">
  <type>UNLOAD_MODULE</type>
  <arg>c:\windows\system32\win32u.dll</arg>
  <severity>INFO</severity>
  <timestamp>Fri Dec 27 00:15:54 2019</timestamp>
</msg>
<msg id="43" tool="tc">
  <type>UNLOAD_MODULE</type>
  <arg>c:\windows\system32\gdi32.dll</arg>
  <severity>INFO</severity>
  <timestamp>Fri Dec 27 00:15:54 2019</timestamp>
</msg>
<msg id="44" tool="tc">
  <type>UNLOAD_MODULE</type>
  <arg>c:\windows\system32\gdi32full.dll</arg>
  <severity>INFO</severity>
  <timestamp>Fri Dec 27 00:15:54 2019</timestamp>
</msg>
<msg id="45" tool="tc">
  <type>UNLOAD_MODULE</type>
  <arg>c:\windows\system32\imm32.dll</arg>
  <severity>INFO</severity>
  <timestamp>Fri Dec 27 00:15:54 2019</timestamp>
</msg>
<msg id="46" tool="tc">
  <type>UNLOAD_MODULE</type>
  <arg>c:\program files (x86)\intelswtools\inspector 2019\bin64\runtime\libittnotify.dll</arg>
  <severity>INFO</severity>
  <timestamp>Fri Dec 27 00:15:54 2019</timestamp>
</msg>
<msg id="47" tool="tc">
  <type>UNLOAD_MODULE</type>
  <arg>c:\windows\system32\kernel.appcore.dll</arg>
  <severity>INFO</severity>
  <timestamp>Fri Dec 27 00:15:54 2019</timestamp>
</msg>
<msg id="48" tool="tc">
  <type>UNLOAD_MODULE</type>
  <arg>c:\windows\system32\msvcrt.dll</arg>
  <severity>INFO</severity>
  <timestamp>Fri Dec 27 00:15:54 2019</timestamp>
</msg>
<msg id="49" tool="tc">
  <type>UNLOAD_MODULE</type>
  <arg>c:\windows\system32\rpcrt4.dll</arg>
  <severity>INFO</severity>
  <timestamp>Fri Dec 27 00:15:54 2019</timestamp>
</msg>
<msg id="50" tool="tc">
  <type>PROCESS_TERMINATE</type>
  <arg>f:\intel_parallel_studio\projects\task_final\x64\debug\task_final.exe</arg>
  <arg>11768</arg>
  <severity>INFO</severity>
  <timestamp>Fri Dec 27 00:15:54 2019</timestamp>
</msg>
<msg id="51" tool="tc">
  <type>ANALYSIS_COMPLETE</type>
  <severity>INFO</severity>
  <timestamp>Fri Dec 27 00:15:54 2019</timestamp>
</msg>
<msg id="52" tool="tc">
  <type>STOP</type>
  <severity>INFO</severity>
  <timestamp>Fri Dec 27 00:15:54 2019</timestamp>
</msg>
<msg id="53" tool="runtool">
  <type>app-exit-code</type>
  <arg>0</arg>
</msg>
<msg id="54" tool="runtool">
  <type>marker-file</type>
  <arg>F:\Intel_parallel_studio\projects\task_final\task_final\My Inspector Results - task_final\r005ti3\r005ti3.inspxe</arg>
</msg>
<msg id="55" tool="runtool">
  <type>collector-done</type>
</msg>
<msg id="56" tool="runtool">
  <type>log-end</type>
  <arg>2019/12/27 00:15:58</arg>
</msg>

</log>

