<?xml version="1.0" encoding="utf-8" ?>
<!-- DO NOT EDIT THIS FILE -->

<log version='2.0' source='tcet'>
	<!-- Sampling enabled with the following: -->
	<!--     Budget                              5: -->
	<!--     Overdraft Budget                   75: -->
	<!--     Savings Budget                      2: -->
	<!-- Opened annotation file C:\Program Files (x86)\IntelSWTools\Inspector 2019\bin64\..\config\tc\qt.ant -->
	<!-- Opened annotation file C:\Program Files (x86)\IntelSWTools\Inspector 2019\bin64\..\config\tc\cpp11.ant -->
	<!-- Opened annotation file C:\Program Files (x86)\IntelSWTools\Inspector 2019\bin64\..\config\tc\fortran.ant -->
	<!-- Opened annotation file C:\Program Files (x86)\IntelSWTools\Inspector 2019\bin64\..\config\tc\icl.ant -->
	<!-- Opened annotation file C:\Program Files (x86)\IntelSWTools\Inspector 2019\bin64\..\config\tc\allocators.ant -->
	<!-- Opened annotation file C:\Program Files (x86)\IntelSWTools\Inspector 2019\bin64\..\config\tc\boost.ant -->
	<!-- Opened annotation file C:\Program Files (x86)\IntelSWTools\Inspector 2019\bin64\..\config\tc\system_api_filter.ant -->
	<!-- Opened annotation file C:\Program Files (x86)\IntelSWTools\Inspector 2019\bin64\..\config\tc\system_api.ant -->
	<msg id='1' display='false' source='tccore'>
		<type>START</type>
		<severity>INFO</severity>
		<timestamp>Fri Dec 27 00:15:44 2019</timestamp>
	</msg>
	<!-- Successfully loaded CCRT 13.1.11 at address 0x61370000 - 0x613e0000 -->
	<!-- Successfully loaded the TC Analysis Core 8.8.3 at address 0x7ffd09a50000 - 0x7ffd09a7e000 -->
	<!-- Successfully loaded the TC Instrumentation Engine 8.8.3 at address 0x5fef0000 - 0x6015f000 -->
	<!-- This is the instance of interest -->
	<msg id='2' source='tcet'>
		<type>EXEC_OF_INTEREST</type>
		<severity>INFO</severity>
		<timestamp>Fri Dec 27 00:15:44 2019</timestamp>
		<arg name='process'>f:\intel_parallel_studio\projects\task_final\x64\debug\task_final.exe</arg>
		<arg name='pid'>11768</arg>
	</msg>
	<!-- Found ZCA section with version 1.1 -->
	<msg id='3' source='tcet'>
		<type>LOAD_MODULE</type>
		<severity>INFO</severity>
		<timestamp>Fri Dec 27 00:15:44 2019</timestamp>
		<arg name='module'>f:\intel_parallel_studio\projects\task_final\x64\debug\task_final.exe</arg>
		<arg name='basement'>0x7ff7e5320000</arg>
		<arg name='ceiling'>0x7ff7e5372fff</arg>
	</msg>
	<msg id='4' source='tcet'>
		<type>LOAD_MODULE</type>
		<severity>INFO</severity>
		<timestamp>Fri Dec 27 00:15:44 2019</timestamp>
		<arg name='module'>c:\windows\system32\kernelbase.dll</arg>
		<arg name='basement'>0x7ffd306d0000</arg>
		<arg name='ceiling'>0x7ffd308ecfff</arg>
	</msg>
	<!-- Target OS: Win8 or Server 2K2012 or later -->
	<msg id='5' source='tcet'>
		<type>LOAD_MODULE</type>
		<severity>INFO</severity>
		<timestamp>Fri Dec 27 00:15:44 2019</timestamp>
		<arg name='module'>c:\windows\system32\kernel32.dll</arg>
		<arg name='basement'>0x7ffd33a50000</arg>
		<arg name='ceiling'>0x7ffd33afafff</arg>
	</msg>
	<!-- Target OS: Win8 or Server 2K2012 or later -->
	<msg id='6' source='tcet'>
		<type>LOAD_MODULE</type>
		<severity>INFO</severity>
		<timestamp>Fri Dec 27 00:15:44 2019</timestamp>
		<arg name='module'>c:\windows\system32\ntdll.dll</arg>
		<arg name='basement'>0x7ffd33b80000</arg>
		<arg name='ceiling'>0x7ffd33d50fff</arg>
	</msg>
	<!-- Target OS: Win8 or Server 2K2012 or later -->
	<msg id='7' source='tcet'>
		<type>LOAD_MODULE</type>
		<severity>INFO</severity>
		<timestamp>Fri Dec 27 00:15:44 2019</timestamp>
		<arg name='module'>c:\windows\system32\vcruntime140d.dll</arg>
		<arg name='basement'>0x7ffd15c40000</arg>
		<arg name='ceiling'>0x7ffd15c61fff</arg>
	</msg>
	<msg id='8' source='tcet'>
		<type>LOAD_MODULE</type>
		<severity>INFO</severity>
		<timestamp>Fri Dec 27 00:15:44 2019</timestamp>
		<arg name='module'>c:\windows\system32\msvcp140d.dll</arg>
		<arg name='basement'>0x7ffd09950000</arg>
		<arg name='ceiling'>0x7ffd09a40fff</arg>
	</msg>
	<!-- Found ZCA section with version 1.1 -->
	<!-- Found ZCA section with version 1.1 -->
	<!-- Found ZCA section with version 1.1 -->
	<!-- Found ZCA section with version 1.1 -->
	<!-- Found ZCA section with version 1.1 -->
	<!-- Found ZCA section with version 1.1 -->
	<!-- Found ZCA section with version 1.1 -->
	<!-- Found ZCA section with version 1.1 -->
	<!-- Found ZCA section with version 1.1 -->
	<!-- Found ZCA section with version 1.1 -->
	<!-- Found ZCA section with version 1.1 -->
	<!-- Found ZCA section with version 1.1 -->
	<!-- Found ZCA section with version 1.1 -->
	<!-- Found ZCA section with version 1.1 -->
	<!-- Found ZCA section with version 1.1 -->
	<!-- Found ZCA section with version 1.1 -->
	<!-- Found ZCA section with version 1.1 -->
	<!-- Found ZCA section with version 1.1 -->
	<!-- Found ZCA section with version 1.1 -->
	<!-- Found ZCA section with version 1.1 -->
	<!-- Found ZCA section with version 1.1 -->
	<!-- Found ZCA section with version 1.1 -->
	<!-- Found ZCA section with version 1.1 -->
	<msg id='9' source='tcet'>
		<type>LOAD_MODULE</type>
		<severity>INFO</severity>
		<timestamp>Fri Dec 27 00:15:45 2019</timestamp>
		<arg name='module'>c:\program files (x86)\intelswtools\compilers_and_libraries_2019\windows\redist\intel64\compiler\cilkrts20.dll</arg>
		<arg name='basement'>0x7ffd095c0000</arg>
		<arg name='ceiling'>0x7ffd09612fff</arg>
	</msg>
	<msg id='10' source='tcet'>
		<type>LOAD_MODULE</type>
		<severity>INFO</severity>
		<timestamp>Fri Dec 27 00:15:45 2019</timestamp>
		<arg name='module'>c:\program files (x86)\intelswtools\compilers_and_libraries_2019\windows\redist\intel64\compiler\libmmdd.dll</arg>
		<arg name='basement'>0x7ffd08f50000</arg>
		<arg name='ceiling'>0x7ffd09388fff</arg>
	</msg>
	<msg id='11' source='tcet'>
		<type>LOAD_MODULE</type>
		<severity>INFO</severity>
		<timestamp>Fri Dec 27 00:15:45 2019</timestamp>
		<arg name='module'>c:\windows\system32\ucrtbased.dll</arg>
		<arg name='basement'>0x7ffd08d80000</arg>
		<arg name='ceiling'>0x7ffd08f41fff</arg>
	</msg>
	<msg id='12' source='tcet'>
		<type>LOAD_MODULE</type>
		<severity>INFO</severity>
		<timestamp>Fri Dec 27 00:15:46 2019</timestamp>
		<arg name='module'>c:\windows\system32\user32.dll</arg>
		<arg name='basement'>0x7ffd31560000</arg>
		<arg name='ceiling'>0x7ffd316c4fff</arg>
	</msg>
	<msg id='13' source='tcet'>
		<type>LOAD_MODULE</type>
		<severity>INFO</severity>
		<timestamp>Fri Dec 27 00:15:46 2019</timestamp>
		<arg name='module'>c:\windows\system32\win32u.dll</arg>
		<arg name='basement'>0x7ffd309a0000</arg>
		<arg name='ceiling'>0x7ffd309bdfff</arg>
	</msg>
	<!-- Routine at entry point of image c:\windows\system32\win32u.dll is invalid -->
	<msg id='14' source='tcet'>
		<type>LOAD_MODULE</type>
		<severity>INFO</severity>
		<timestamp>Fri Dec 27 00:15:46 2019</timestamp>
		<arg name='module'>c:\windows\system32\gdi32.dll</arg>
		<arg name='basement'>0x7ffd316d0000</arg>
		<arg name='ceiling'>0x7ffd31703fff</arg>
	</msg>
	<msg id='15' source='tcet'>
		<type>LOAD_MODULE</type>
		<severity>INFO</severity>
		<timestamp>Fri Dec 27 00:15:46 2019</timestamp>
		<arg name='module'>c:\windows\system32\gdi32full.dll</arg>
		<arg name='basement'>0x7ffd30210000</arg>
		<arg name='ceiling'>0x7ffd30391fff</arg>
	</msg>
	<msg id='16' source='tcet'>
		<type>LOAD_MODULE</type>
		<severity>INFO</severity>
		<timestamp>Fri Dec 27 00:15:47 2019</timestamp>
		<arg name='module'>c:\windows\system32\imm32.dll</arg>
		<arg name='basement'>0x7ffd311d0000</arg>
		<arg name='ceiling'>0x7ffd311fdfff</arg>
	</msg>
	<msg id='17' source='tcet'>
		<type>LOAD_MODULE</type>
		<severity>INFO</severity>
		<timestamp>Fri Dec 27 00:15:48 2019</timestamp>
		<arg name='module'>c:\program files (x86)\intelswtools\inspector 2019\bin64\runtime\libittnotify.dll</arg>
		<arg name='basement'>0x7ffd0b660000</arg>
		<arg name='ceiling'>0x7ffd0b692fff</arg>
	</msg>
	<!-- Target OS: Win8 or Server 2K2012 or later -->
	<msg id='18' display='false' source='tcet'>
		<type>HEARTBEAT</type>
		<severity>INFO</severity>
		<timestamp>Fri Dec 27 00:15:49 2019</timestamp>
		<arg name='tids'>13424,12644,3360,408</arg>
		<arg name='syscalls'>1,1,1,0</arg>
		<arg name='calls'>991,4175,826,119625</arg>
	</msg>
	<msg id='19' display='false' source='tcet'>
		<type>THREADNAME</type>
		<severity>INFO</severity>
		<timestamp>Fri Dec 27 00:15:50 2019</timestamp>
		<arg name='tid'>1028</arg>
		<arg name='name'>Cilk Worker</arg>
	</msg>
	<msg id='20' display='false' source='tcet'>
		<type>THREADNAME</type>
		<severity>INFO</severity>
		<timestamp>Fri Dec 27 00:15:50 2019</timestamp>
		<arg name='tid'>14244</arg>
		<arg name='name'>Cilk Worker</arg>
	</msg>
	<msg id='21' display='false' source='tcet'>
		<type>THREADNAME</type>
		<severity>INFO</severity>
		<timestamp>Fri Dec 27 00:15:50 2019</timestamp>
		<arg name='tid'>3664</arg>
		<arg name='name'>Cilk Worker</arg>
	</msg>
	<msg id='22' display='false' source='tcet'>
		<type>HEARTBEAT</type>
		<severity>INFO</severity>
		<timestamp>Fri Dec 27 00:15:50 2019</timestamp>
		<arg name='tids'>1028,14244,3664,13424,12644,3360,408</arg>
		<arg name='syscalls'>0,0,0,1,1,1,0</arg>
		<arg name='calls'>123386,123625,1809669,0,0,0,2200</arg>
	</msg>
	<msg id='23' display='false' source='tcet'>
		<type>HEARTBEAT</type>
		<severity>INFO</severity>
		<timestamp>Fri Dec 27 00:15:51 2019</timestamp>
		<arg name='tids'>1028,14244,3664,13424,12644,3360,408</arg>
		<arg name='syscalls'>1,1,1,1,1,1,0</arg>
		<arg name='calls'>496640,368059,7842631,0,0,0,202555</arg>
	</msg>
	<msg id='24' display='false' source='tcet'>
		<type>HEARTBEAT</type>
		<severity>INFO</severity>
		<timestamp>Fri Dec 27 00:15:52 2019</timestamp>
		<arg name='tids'>1028,14244,3664,13424,12644,3360,408</arg>
		<arg name='syscalls'>0,0,0,1,1,1,0</arg>
		<arg name='calls'>1478849,1391066,1551225,0,0,0,1539243</arg>
	</msg>
	<msg id='25' source='tcet'>
		<type>LOAD_MODULE</type>
		<severity>INFO</severity>
		<timestamp>Fri Dec 27 00:15:52 2019</timestamp>
		<arg name='module'>c:\windows\system32\kernel.appcore.dll</arg>
		<arg name='basement'>0x7ffd300a0000</arg>
		<arg name='ceiling'>0x7ffd300aefff</arg>
	</msg>
	<msg id='26' source='tcet'>
		<type>LOAD_MODULE</type>
		<severity>INFO</severity>
		<timestamp>Fri Dec 27 00:15:53 2019</timestamp>
		<arg name='module'>c:\windows\system32\msvcrt.dll</arg>
		<arg name='basement'>0x7ffd31110000</arg>
		<arg name='ceiling'>0x7ffd311adfff</arg>
	</msg>
	<msg id='27' source='tcet'>
		<type>LOAD_MODULE</type>
		<severity>INFO</severity>
		<timestamp>Fri Dec 27 00:15:53 2019</timestamp>
		<arg name='module'>c:\windows\system32\rpcrt4.dll</arg>
		<arg name='basement'>0x7ffd33720000</arg>
		<arg name='ceiling'>0x7ffd33840fff</arg>
	</msg>
	<msg id='28' display='false' source='tcet'>
		<type>HEARTBEAT</type>
		<severity>INFO</severity>
		<timestamp>Fri Dec 27 00:15:53 2019</timestamp>
		<arg name='tids'>1028,14244,3664,13424,12644,3360,408</arg>
		<arg name='syscalls'>1,1,1,1,1,1,0</arg>
		<arg name='calls'>285068,308274,294467,0,257,0,321867</arg>
	</msg>
	<!-- A thread end notification for 2 was received by thread 0 -->
	<!-- A thread end notification for 3 was received by thread 0 -->
	<!-- A thread end notification for 4 was received by thread 0 -->
	<!-- A thread end notification for 5 was received by thread 0 -->
	<!-- A thread end notification for 6 was received by thread 0 -->
	<!-- A thread end notification for 7 was received by thread 0 -->
	<!-- Thread 0 effective sampling rate is 35771/704377 -->
	<msg id='29' source='tcet'>
		<type>UNLOAD_MODULE</type>
		<severity>INFO</severity>
		<timestamp>Fri Dec 27 00:15:54 2019</timestamp>
		<arg name='module'>f:\intel_parallel_studio\projects\task_final\x64\debug\task_final.exe</arg>
	</msg>
	<msg id='30' source='tcet'>
		<type>UNLOAD_MODULE</type>
		<severity>INFO</severity>
		<timestamp>Fri Dec 27 00:15:54 2019</timestamp>
		<arg name='module'>c:\windows\system32\kernelbase.dll</arg>
	</msg>
	<msg id='31' source='tcet'>
		<type>UNLOAD_MODULE</type>
		<severity>INFO</severity>
		<timestamp>Fri Dec 27 00:15:54 2019</timestamp>
		<arg name='module'>c:\windows\system32\kernel32.dll</arg>
	</msg>
	<msg id='32' source='tcet'>
		<type>UNLOAD_MODULE</type>
		<severity>INFO</severity>
		<timestamp>Fri Dec 27 00:15:54 2019</timestamp>
		<arg name='module'>c:\windows\system32\ntdll.dll</arg>
	</msg>
	<msg id='33' source='tcet'>
		<type>UNLOAD_MODULE</type>
		<severity>INFO</severity>
		<timestamp>Fri Dec 27 00:15:54 2019</timestamp>
		<arg name='module'>c:\windows\system32\vcruntime140d.dll</arg>
	</msg>
	<msg id='34' source='tcet'>
		<type>UNLOAD_MODULE</type>
		<severity>INFO</severity>
		<timestamp>Fri Dec 27 00:15:54 2019</timestamp>
		<arg name='module'>c:\windows\system32\msvcp140d.dll</arg>
	</msg>
	<msg id='35' source='tcet'>
		<type>UNLOAD_MODULE</type>
		<severity>INFO</severity>
		<timestamp>Fri Dec 27 00:15:54 2019</timestamp>
		<arg name='module'>c:\program files (x86)\intelswtools\compilers_and_libraries_2019\windows\redist\intel64\compiler\cilkrts20.dll</arg>
	</msg>
	<msg id='36' source='tcet'>
		<type>UNLOAD_MODULE</type>
		<severity>INFO</severity>
		<timestamp>Fri Dec 27 00:15:54 2019</timestamp>
		<arg name='module'>c:\program files (x86)\intelswtools\compilers_and_libraries_2019\windows\redist\intel64\compiler\libmmdd.dll</arg>
	</msg>
	<msg id='37' source='tcet'>
		<type>UNLOAD_MODULE</type>
		<severity>INFO</severity>
		<timestamp>Fri Dec 27 00:15:54 2019</timestamp>
		<arg name='module'>c:\windows\system32\ucrtbased.dll</arg>
	</msg>
	<msg id='38' source='tcet'>
		<type>UNLOAD_MODULE</type>
		<severity>INFO</severity>
		<timestamp>Fri Dec 27 00:15:54 2019</timestamp>
		<arg name='module'>c:\windows\system32\user32.dll</arg>
	</msg>
	<msg id='39' source='tcet'>
		<type>UNLOAD_MODULE</type>
		<severity>INFO</severity>
		<timestamp>Fri Dec 27 00:15:54 2019</timestamp>
		<arg name='module'>c:\windows\system32\win32u.dll</arg>
	</msg>
	<msg id='40' source='tcet'>
		<type>UNLOAD_MODULE</type>
		<severity>INFO</severity>
		<timestamp>Fri Dec 27 00:15:54 2019</timestamp>
		<arg name='module'>c:\windows\system32\gdi32.dll</arg>
	</msg>
	<msg id='41' source='tcet'>
		<type>UNLOAD_MODULE</type>
		<severity>INFO</severity>
		<timestamp>Fri Dec 27 00:15:54 2019</timestamp>
		<arg name='module'>c:\windows\system32\gdi32full.dll</arg>
	</msg>
	<msg id='42' source='tcet'>
		<type>UNLOAD_MODULE</type>
		<severity>INFO</severity>
		<timestamp>Fri Dec 27 00:15:54 2019</timestamp>
		<arg name='module'>c:\windows\system32\imm32.dll</arg>
	</msg>
	<msg id='43' source='tcet'>
		<type>UNLOAD_MODULE</type>
		<severity>INFO</severity>
		<timestamp>Fri Dec 27 00:15:54 2019</timestamp>
		<arg name='module'>c:\program files (x86)\intelswtools\inspector 2019\bin64\runtime\libittnotify.dll</arg>
	</msg>
	<msg id='44' source='tcet'>
		<type>UNLOAD_MODULE</type>
		<severity>INFO</severity>
		<timestamp>Fri Dec 27 00:15:54 2019</timestamp>
		<arg name='module'>c:\windows\system32\kernel.appcore.dll</arg>
	</msg>
	<msg id='45' source='tcet'>
		<type>UNLOAD_MODULE</type>
		<severity>INFO</severity>
		<timestamp>Fri Dec 27 00:15:54 2019</timestamp>
		<arg name='module'>c:\windows\system32\msvcrt.dll</arg>
	</msg>
	<msg id='46' source='tcet'>
		<type>UNLOAD_MODULE</type>
		<severity>INFO</severity>
		<timestamp>Fri Dec 27 00:15:54 2019</timestamp>
		<arg name='module'>c:\windows\system32\rpcrt4.dll</arg>
	</msg>
	<msg id='47' source='tcet'>
		<type>PROCESS_TERMINATE</type>
		<severity>INFO</severity>
		<timestamp>Fri Dec 27 00:15:54 2019</timestamp>
		<arg name='process'>f:\intel_parallel_studio\projects\task_final\x64\debug\task_final.exe</arg>
		<arg name='pid'>11768</arg>
	</msg>
	<msg id='48' display='false' source='tccore'>
		<type>ANALYSIS_COMPLETE</type>
		<severity>INFO</severity>
		<timestamp>Fri Dec 27 00:15:54 2019</timestamp>
	</msg>
	<msg id='49' display='false' source='tccore'>
		<type>STOP</type>
		<severity>INFO</severity>
		<timestamp>Fri Dec 27 00:15:54 2019</timestamp>
	</msg>
</log>