<?xml version="1.0" encoding="utf-8" ?>
<!-- DO NOT EDIT THIS FILE -->

<log version='2.0' source='tcet'>
	<!-- Sampling enabled with the following: -->
	<!--     Budget                              5: -->
	<!--     Overdraft Budget                   75: -->
	<!--     Savings Budget                      2: -->
	<!-- Opened annotation file C:\Program Files (x86)\IntelSWTools\Inspector 2019\bin64\..\config\tc\qt.ant -->
	<!-- Opened annotation file C:\Program Files (x86)\IntelSWTools\Inspector 2019\bin64\..\config\tc\cpp11.ant -->
	<!-- Opened annotation file C:\Program Files (x86)\IntelSWTools\Inspector 2019\bin64\..\config\tc\fortran.ant -->
	<!-- Opened annotation file C:\Program Files (x86)\IntelSWTools\Inspector 2019\bin64\..\config\tc\icl.ant -->
	<!-- Opened annotation file C:\Program Files (x86)\IntelSWTools\Inspector 2019\bin64\..\config\tc\allocators.ant -->
	<!-- Opened annotation file C:\Program Files (x86)\IntelSWTools\Inspector 2019\bin64\..\config\tc\boost.ant -->
	<!-- Opened annotation file C:\Program Files (x86)\IntelSWTools\Inspector 2019\bin64\..\config\tc\system_api_filter.ant -->
	<!-- Opened annotation file C:\Program Files (x86)\IntelSWTools\Inspector 2019\bin64\..\config\tc\system_api.ant -->
	<msg id='1' display='false' source='tccore'>
		<type>START</type>
		<severity>INFO</severity>
		<timestamp>Tue Oct 29 20:07:32 2019</timestamp>
	</msg>
	<!-- Successfully loaded CCRT 13.1.11 at address 0x55b00000 - 0x55b70000 -->
	<!-- Successfully loaded the TC Analysis Core 8.8.3 at address 0x7ffa46160000 - 0x7ffa4618e000 -->
	<!-- Successfully loaded the TC Instrumentation Engine 8.8.3 at address 0x55b90000 - 0x55dff000 -->
	<!-- This is the instance of interest -->
	<msg id='2' source='tcet'>
		<type>EXEC_OF_INTEREST</type>
		<severity>INFO</severity>
		<timestamp>Tue Oct 29 20:07:32 2019</timestamp>
		<arg name='process'>f:\intel_parallel_studio\projects\task3\x64\release\task3.exe</arg>
		<arg name='pid'>12304</arg>
	</msg>
	<msg id='3' source='tcet'>
		<type>LOAD_MODULE</type>
		<severity>INFO</severity>
		<timestamp>Tue Oct 29 20:07:32 2019</timestamp>
		<arg name='module'>f:\intel_parallel_studio\projects\task3\x64\release\task3.exe</arg>
		<arg name='basement'>0x7ff79bdc0000</arg>
		<arg name='ceiling'>0x7ff79bdcffff</arg>
	</msg>
	<msg id='4' source='tcet'>
		<type>LOAD_MODULE</type>
		<severity>INFO</severity>
		<timestamp>Tue Oct 29 20:07:32 2019</timestamp>
		<arg name='module'>c:\windows\system32\kernelbase.dll</arg>
		<arg name='basement'>0x7ffaaa9a0000</arg>
		<arg name='ceiling'>0x7ffaaabbcfff</arg>
	</msg>
	<!-- Target OS: Win8 or Server 2K2012 or later -->
	<msg id='5' source='tcet'>
		<type>LOAD_MODULE</type>
		<severity>INFO</severity>
		<timestamp>Tue Oct 29 20:07:32 2019</timestamp>
		<arg name='module'>c:\windows\system32\kernel32.dll</arg>
		<arg name='basement'>0x7ffaab030000</arg>
		<arg name='ceiling'>0x7ffaab0dafff</arg>
	</msg>
	<!-- Target OS: Win8 or Server 2K2012 or later -->
	<msg id='6' source='tcet'>
		<type>LOAD_MODULE</type>
		<severity>INFO</severity>
		<timestamp>Tue Oct 29 20:07:32 2019</timestamp>
		<arg name='module'>c:\windows\system32\ntdll.dll</arg>
		<arg name='basement'>0x7ffaad900000</arg>
		<arg name='ceiling'>0x7ffaadad0fff</arg>
	</msg>
	<!-- Target OS: Win8 or Server 2K2012 or later -->
	<msg id='7' source='tcet'>
		<type>LOAD_MODULE</type>
		<severity>INFO</severity>
		<timestamp>Tue Oct 29 20:07:33 2019</timestamp>
		<arg name='module'>c:\windows\system32\ucrtbase.dll</arg>
		<arg name='basement'>0x7ffaaa880000</arg>
		<arg name='ceiling'>0x7ffaaa974fff</arg>
	</msg>
	<msg id='8' source='tcet'>
		<type>LOAD_MODULE</type>
		<severity>INFO</severity>
		<timestamp>Tue Oct 29 20:07:33 2019</timestamp>
		<arg name='module'>c:\windows\system32\msvcp140.dll</arg>
		<arg name='basement'>0x7ffa98860000</arg>
		<arg name='ceiling'>0x7ffa988fafff</arg>
	</msg>
	<msg id='9' source='tcet'>
		<type>LOAD_MODULE</type>
		<severity>INFO</severity>
		<timestamp>Tue Oct 29 20:07:34 2019</timestamp>
		<arg name='module'>c:\windows\system32\vcruntime140.dll</arg>
		<arg name='basement'>0x7ffa98840000</arg>
		<arg name='ceiling'>0x7ffa98854fff</arg>
	</msg>
	<!-- Found ZCA section with version 1.1 -->
	<!-- Found ZCA section with version 1.1 -->
	<!-- Found ZCA section with version 1.1 -->
	<!-- Found ZCA section with version 1.1 -->
	<!-- Found ZCA section with version 1.1 -->
	<!-- Found ZCA section with version 1.1 -->
	<!-- Found ZCA section with version 1.1 -->
	<!-- Found ZCA section with version 1.1 -->
	<!-- Found ZCA section with version 1.1 -->
	<!-- Found ZCA section with version 1.1 -->
	<!-- Found ZCA section with version 1.1 -->
	<!-- Found ZCA section with version 1.1 -->
	<!-- Found ZCA section with version 1.1 -->
	<!-- Found ZCA section with version 1.1 -->
	<!-- Found ZCA section with version 1.1 -->
	<!-- Found ZCA section with version 1.1 -->
	<!-- Found ZCA section with version 1.1 -->
	<!-- Found ZCA section with version 1.1 -->
	<!-- Found ZCA section with version 1.1 -->
	<!-- Found ZCA section with version 1.1 -->
	<!-- Found ZCA section with version 1.1 -->
	<!-- Found ZCA section with version 1.1 -->
	<!-- Found ZCA section with version 1.1 -->
	<msg id='10' source='tcet'>
		<type>LOAD_MODULE</type>
		<severity>INFO</severity>
		<timestamp>Tue Oct 29 20:07:34 2019</timestamp>
		<arg name='module'>c:\program files (x86)\intelswtools\compilers_and_libraries_2019\windows\redist\intel64\compiler\cilkrts20.dll</arg>
		<arg name='basement'>0x7ffa523c0000</arg>
		<arg name='ceiling'>0x7ffa52412fff</arg>
	</msg>
	<msg id='11' source='tcet'>
		<type>LOAD_MODULE</type>
		<severity>INFO</severity>
		<timestamp>Tue Oct 29 20:07:34 2019</timestamp>
		<arg name='module'>c:\windows\system32\user32.dll</arg>
		<arg name='basement'>0x7ffaaaec0000</arg>
		<arg name='ceiling'>0x7ffaab024fff</arg>
	</msg>
	<msg id='12' source='tcet'>
		<type>LOAD_MODULE</type>
		<severity>INFO</severity>
		<timestamp>Tue Oct 29 20:07:34 2019</timestamp>
		<arg name='module'>c:\windows\system32\win32u.dll</arg>
		<arg name='basement'>0x7ffaaa980000</arg>
		<arg name='ceiling'>0x7ffaaa99dfff</arg>
	</msg>
	<!-- Routine at entry point of image c:\windows\system32\win32u.dll is invalid -->
	<msg id='13' source='tcet'>
		<type>LOAD_MODULE</type>
		<severity>INFO</severity>
		<timestamp>Tue Oct 29 20:07:34 2019</timestamp>
		<arg name='module'>c:\windows\system32\gdi32.dll</arg>
		<arg name='basement'>0x7ffaad8c0000</arg>
		<arg name='ceiling'>0x7ffaad8f3fff</arg>
	</msg>
	<msg id='14' source='tcet'>
		<type>LOAD_MODULE</type>
		<severity>INFO</severity>
		<timestamp>Tue Oct 29 20:07:34 2019</timestamp>
		<arg name='module'>c:\windows\system32\gdi32full.dll</arg>
		<arg name='basement'>0x7ffaaa6f0000</arg>
		<arg name='ceiling'>0x7ffaaa871fff</arg>
	</msg>
	<msg id='15' source='tcet'>
		<type>LOAD_MODULE</type>
		<severity>INFO</severity>
		<timestamp>Tue Oct 29 20:07:35 2019</timestamp>
		<arg name='module'>c:\windows\system32\imm32.dll</arg>
		<arg name='basement'>0x7ffaaae90000</arg>
		<arg name='ceiling'>0x7ffaaaebdfff</arg>
	</msg>
	<msg id='16' source='tcet'>
		<type>LOAD_MODULE</type>
		<severity>INFO</severity>
		<timestamp>Tue Oct 29 20:07:36 2019</timestamp>
		<arg name='module'>c:\program files (x86)\intelswtools\inspector 2019\bin64\runtime\libittnotify.dll</arg>
		<arg name='basement'>0x7ffa52380000</arg>
		<arg name='ceiling'>0x7ffa523b2fff</arg>
	</msg>
	<!-- Target OS: Win8 or Server 2K2012 or later -->
	<msg id='17' display='false' source='tcet'>
		<type>HEARTBEAT</type>
		<severity>INFO</severity>
		<timestamp>Tue Oct 29 20:07:37 2019</timestamp>
		<arg name='tids'>13008,12648,12060,10988</arg>
		<arg name='syscalls'>1,1,1,0</arg>
		<arg name='calls'>582,4053,763,3731106</arg>
	</msg>
	<msg id='18' display='false' source='tcet'>
		<type>HEARTBEAT</type>
		<severity>INFO</severity>
		<timestamp>Tue Oct 29 20:07:38 2019</timestamp>
		<arg name='tids'>13008,12648,12060,10988</arg>
		<arg name='syscalls'>1,1,1,0</arg>
		<arg name='calls'>0,0,0,19090307</arg>
	</msg>
	<msg id='19' display='false' source='tcet'>
		<type>HEARTBEAT</type>
		<severity>INFO</severity>
		<timestamp>Tue Oct 29 20:07:39 2019</timestamp>
		<arg name='tids'>13008,12648,12060,10988</arg>
		<arg name='syscalls'>1,1,1,0</arg>
		<arg name='calls'>0,0,0,4227505</arg>
	</msg>
	<msg id='20' display='false' source='tcet'>
		<type>HEARTBEAT</type>
		<severity>INFO</severity>
		<timestamp>Tue Oct 29 20:07:40 2019</timestamp>
		<arg name='tids'>13008,12648,12060,10988</arg>
		<arg name='syscalls'>1,1,1,0</arg>
		<arg name='calls'>0,0,0,0</arg>
	</msg>
	<msg id='21' display='false' source='tcet'>
		<type>HEARTBEAT</type>
		<severity>INFO</severity>
		<timestamp>Tue Oct 29 20:07:41 2019</timestamp>
		<arg name='tids'>13008,12648,12060,10988</arg>
		<arg name='syscalls'>1,1,1,0</arg>
		<arg name='calls'>0,0,0,0</arg>
	</msg>
	<msg id='22' display='false' source='tcet'>
		<type>HEARTBEAT</type>
		<severity>INFO</severity>
		<timestamp>Tue Oct 29 20:07:42 2019</timestamp>
		<arg name='tids'>13008,12648,12060,10988</arg>
		<arg name='syscalls'>1,1,1,0</arg>
		<arg name='calls'>0,0,0,0</arg>
	</msg>
	<msg id='23' display='false' source='tcet'>
		<type>HEARTBEAT</type>
		<severity>INFO</severity>
		<timestamp>Tue Oct 29 20:07:43 2019</timestamp>
		<arg name='tids'>13008,12648,12060,10988</arg>
		<arg name='syscalls'>1,1,1,0</arg>
		<arg name='calls'>0,0,0,0</arg>
	</msg>
	<msg id='24' display='false' source='tcet'>
		<type>HEARTBEAT</type>
		<severity>INFO</severity>
		<timestamp>Tue Oct 29 20:07:44 2019</timestamp>
		<arg name='tids'>13008,12648,12060,10988</arg>
		<arg name='syscalls'>1,1,1,0</arg>
		<arg name='calls'>0,0,0,0</arg>
	</msg>
	<msg id='25' display='false' source='tcet'>
		<type>HEARTBEAT</type>
		<severity>INFO</severity>
		<timestamp>Tue Oct 29 20:07:45 2019</timestamp>
		<arg name='tids'>13008,12648,12060,10988</arg>
		<arg name='syscalls'>1,1,1,0</arg>
		<arg name='calls'>0,0,0,0</arg>
	</msg>
	<msg id='26' display='false' source='tcet'>
		<type>HEARTBEAT</type>
		<severity>INFO</severity>
		<timestamp>Tue Oct 29 20:07:46 2019</timestamp>
		<arg name='tids'>13008,12648,12060,10988</arg>
		<arg name='syscalls'>1,1,1,0</arg>
		<arg name='calls'>0,0,0,0</arg>
	</msg>
	<msg id='27' display='false' source='tcet'>
		<type>HEARTBEAT</type>
		<severity>INFO</severity>
		<timestamp>Tue Oct 29 20:07:47 2019</timestamp>
		<arg name='tids'>13008,12648,12060,10988</arg>
		<arg name='syscalls'>1,1,1,0</arg>
		<arg name='calls'>0,0,0,0</arg>
	</msg>
	<msg id='28' display='false' source='tcet'>
		<type>HEARTBEAT</type>
		<severity>INFO</severity>
		<timestamp>Tue Oct 29 20:07:48 2019</timestamp>
		<arg name='tids'>13008,12648,12060,10988</arg>
		<arg name='syscalls'>1,1,1,0</arg>
		<arg name='calls'>0,0,0,0</arg>
	</msg>
	<msg id='29' display='false' source='tcet'>
		<type>HEARTBEAT</type>
		<severity>INFO</severity>
		<timestamp>Tue Oct 29 20:07:49 2019</timestamp>
		<arg name='tids'>13008,12648,12060,10988</arg>
		<arg name='syscalls'>1,1,1,0</arg>
		<arg name='calls'>0,0,0,0</arg>
	</msg>
	<msg id='30' display='false' source='tcet'>
		<type>HEARTBEAT</type>
		<severity>INFO</severity>
		<timestamp>Tue Oct 29 20:07:50 2019</timestamp>
		<arg name='tids'>13008,12648,12060,10988</arg>
		<arg name='syscalls'>1,1,1,0</arg>
		<arg name='calls'>0,0,0,0</arg>
	</msg>
	<msg id='31' display='false' source='tcet'>
		<type>HEARTBEAT</type>
		<severity>INFO</severity>
		<timestamp>Tue Oct 29 20:07:51 2019</timestamp>
		<arg name='tids'>13008,12648,12060,10988</arg>
		<arg name='syscalls'>1,1,1,0</arg>
		<arg name='calls'>0,0,0,0</arg>
	</msg>
	<msg id='32' display='false' source='tcet'>
		<type>HEARTBEAT</type>
		<severity>INFO</severity>
		<timestamp>Tue Oct 29 20:07:52 2019</timestamp>
		<arg name='tids'>13008,12648,12060,10988</arg>
		<arg name='syscalls'>1,1,1,0</arg>
		<arg name='calls'>0,0,0,0</arg>
	</msg>
	<msg id='33' display='false' source='tcet'>
		<type>HEARTBEAT</type>
		<severity>INFO</severity>
		<timestamp>Tue Oct 29 20:07:53 2019</timestamp>
		<arg name='tids'>13008,12648,12060,10988</arg>
		<arg name='syscalls'>1,1,1,0</arg>
		<arg name='calls'>0,0,0,0</arg>
	</msg>
	<msg id='34' display='false' source='tcet'>
		<type>HEARTBEAT</type>
		<severity>INFO</severity>
		<timestamp>Tue Oct 29 20:07:54 2019</timestamp>
		<arg name='tids'>13008,12648,12060,10988</arg>
		<arg name='syscalls'>1,1,1,0</arg>
		<arg name='calls'>0,0,0,0</arg>
	</msg>
	<msg id='35' display='false' source='tcet'>
		<type>HEARTBEAT</type>
		<severity>INFO</severity>
		<timestamp>Tue Oct 29 20:07:55 2019</timestamp>
		<arg name='tids'>13008,12648,12060,10988</arg>
		<arg name='syscalls'>1,1,1,0</arg>
		<arg name='calls'>0,0,0,0</arg>
	</msg>
	<msg id='36' display='false' source='tcet'>
		<type>HEARTBEAT</type>
		<severity>INFO</severity>
		<timestamp>Tue Oct 29 20:07:56 2019</timestamp>
		<arg name='tids'>13008,12648,12060,10988</arg>
		<arg name='syscalls'>1,1,1,0</arg>
		<arg name='calls'>0,0,0,0</arg>
	</msg>
	<msg id='37' display='false' source='tcet'>
		<type>HEARTBEAT</type>
		<severity>INFO</severity>
		<timestamp>Tue Oct 29 20:07:57 2019</timestamp>
		<arg name='tids'>13008,12648,12060,10988</arg>
		<arg name='syscalls'>1,1,1,0</arg>
		<arg name='calls'>0,0,0,0</arg>
	</msg>
	<msg id='38' display='false' source='tcet'>
		<type>HEARTBEAT</type>
		<severity>INFO</severity>
		<timestamp>Tue Oct 29 20:07:58 2019</timestamp>
		<arg name='tids'>13008,12648,12060,10988</arg>
		<arg name='syscalls'>1,1,1,0</arg>
		<arg name='calls'>0,0,0,0</arg>
	</msg>
	<msg id='39' display='false' source='tcet'>
		<type>HEARTBEAT</type>
		<severity>INFO</severity>
		<timestamp>Tue Oct 29 20:07:59 2019</timestamp>
		<arg name='tids'>13008,12648,12060,10988</arg>
		<arg name='syscalls'>1,1,1,0</arg>
		<arg name='calls'>0,0,0,0</arg>
	</msg>
	<msg id='40' display='false' source='tcet'>
		<type>HEARTBEAT</type>
		<severity>INFO</severity>
		<timestamp>Tue Oct 29 20:08:00 2019</timestamp>
		<arg name='tids'>13008,12648,12060,10988</arg>
		<arg name='syscalls'>1,1,1,0</arg>
		<arg name='calls'>0,0,0,0</arg>
	</msg>
	<msg id='41' display='false' source='tcet'>
		<type>HEARTBEAT</type>
		<severity>INFO</severity>
		<timestamp>Tue Oct 29 20:08:01 2019</timestamp>
		<arg name='tids'>13008,12648,12060,10988</arg>
		<arg name='syscalls'>1,1,1,0</arg>
		<arg name='calls'>0,0,0,0</arg>
	</msg>
	<msg id='42' display='false' source='tcet'>
		<type>HEARTBEAT</type>
		<severity>INFO</severity>
		<timestamp>Tue Oct 29 20:08:02 2019</timestamp>
		<arg name='tids'>13008,12648,12060,10988</arg>
		<arg name='syscalls'>1,1,1,0</arg>
		<arg name='calls'>0,0,0,0</arg>
	</msg>
	<msg id='43' display='false' source='tcet'>
		<type>HEARTBEAT</type>
		<severity>INFO</severity>
		<timestamp>Tue Oct 29 20:08:03 2019</timestamp>
		<arg name='tids'>13008,12648,12060,10988</arg>
		<arg name='syscalls'>1,1,1,0</arg>
		<arg name='calls'>0,0,0,0</arg>
	</msg>
	<msg id='44' display='false' source='tcet'>
		<type>HEARTBEAT</type>
		<severity>INFO</severity>
		<timestamp>Tue Oct 29 20:08:04 2019</timestamp>
		<arg name='tids'>13008,12648,12060,10988</arg>
		<arg name='syscalls'>1,1,1,0</arg>
		<arg name='calls'>0,0,0,0</arg>
	</msg>
	<msg id='45' display='false' source='tcet'>
		<type>HEARTBEAT</type>
		<severity>INFO</severity>
		<timestamp>Tue Oct 29 20:08:05 2019</timestamp>
		<arg name='tids'>13008,12648,12060,10988</arg>
		<arg name='syscalls'>1,1,1,0</arg>
		<arg name='calls'>0,0,0,0</arg>
	</msg>
	<msg id='46' display='false' source='tcet'>
		<type>HEARTBEAT</type>
		<severity>INFO</severity>
		<timestamp>Tue Oct 29 20:08:06 2019</timestamp>
		<arg name='tids'>13008,12648,12060,10988</arg>
		<arg name='syscalls'>1,1,1,0</arg>
		<arg name='calls'>0,0,0,0</arg>
	</msg>
	<msg id='47' display='false' source='tcet'>
		<type>HEARTBEAT</type>
		<severity>INFO</severity>
		<timestamp>Tue Oct 29 20:08:07 2019</timestamp>
		<arg name='tids'>13008,12648,12060,10988</arg>
		<arg name='syscalls'>1,1,1,0</arg>
		<arg name='calls'>0,0,0,0</arg>
	</msg>
	<msg id='48' display='false' source='tcet'>
		<type>HEARTBEAT</type>
		<severity>INFO</severity>
		<timestamp>Tue Oct 29 20:08:08 2019</timestamp>
		<arg name='tids'>13008,12648,12060,10988</arg>
		<arg name='syscalls'>1,1,1,0</arg>
		<arg name='calls'>0,0,0,0</arg>
	</msg>
	<msg id='49' display='false' source='tcet'>
		<type>HEARTBEAT</type>
		<severity>INFO</severity>
		<timestamp>Tue Oct 29 20:08:09 2019</timestamp>
		<arg name='tids'>13008,12648,12060,10988</arg>
		<arg name='syscalls'>1,1,1,0</arg>
		<arg name='calls'>0,0,0,0</arg>
	</msg>
	<msg id='50' display='false' source='tcet'>
		<type>HEARTBEAT</type>
		<severity>INFO</severity>
		<timestamp>Tue Oct 29 20:08:10 2019</timestamp>
		<arg name='tids'>13008,12648,12060,10988</arg>
		<arg name='syscalls'>1,1,1,0</arg>
		<arg name='calls'>0,0,0,0</arg>
	</msg>
	<msg id='51' display='false' source='tcet'>
		<type>HEARTBEAT</type>
		<severity>INFO</severity>
		<timestamp>Tue Oct 29 20:08:11 2019</timestamp>
		<arg name='tids'>13008,12648,12060,10988</arg>
		<arg name='syscalls'>1,1,1,0</arg>
		<arg name='calls'>0,0,0,0</arg>
	</msg>
	<msg id='52' display='false' source='tcet'>
		<type>HEARTBEAT</type>
		<severity>INFO</severity>
		<timestamp>Tue Oct 29 20:08:12 2019</timestamp>
		<arg name='tids'>13008,12648,12060,10988</arg>
		<arg name='syscalls'>1,1,1,0</arg>
		<arg name='calls'>0,0,0,0</arg>
	</msg>
	<msg id='53' display='false' source='tcet'>
		<type>HEARTBEAT</type>
		<severity>INFO</severity>
		<timestamp>Tue Oct 29 20:08:13 2019</timestamp>
		<arg name='tids'>13008,12648,12060,10988</arg>
		<arg name='syscalls'>1,1,1,0</arg>
		<arg name='calls'>0,0,0,0</arg>
	</msg>
	<msg id='54' display='false' source='tcet'>
		<type>HEARTBEAT</type>
		<severity>INFO</severity>
		<timestamp>Tue Oct 29 20:08:14 2019</timestamp>
		<arg name='tids'>13008,12648,12060,10988</arg>
		<arg name='syscalls'>1,1,1,0</arg>
		<arg name='calls'>0,0,0,0</arg>
	</msg>
	<msg id='55' display='false' source='tcet'>
		<type>HEARTBEAT</type>
		<severity>INFO</severity>
		<timestamp>Tue Oct 29 20:08:15 2019</timestamp>
		<arg name='tids'>13008,12648,12060,10988</arg>
		<arg name='syscalls'>1,1,1,0</arg>
		<arg name='calls'>0,0,0,0</arg>
	</msg>
	<msg id='56' display='false' source='tcet'>
		<type>HEARTBEAT</type>
		<severity>INFO</severity>
		<timestamp>Tue Oct 29 20:08:16 2019</timestamp>
		<arg name='tids'>13008,12648,12060,10988</arg>
		<arg name='syscalls'>1,1,1,0</arg>
		<arg name='calls'>0,0,0,0</arg>
	</msg>
	<msg id='57' display='false' source='tcet'>
		<type>HEARTBEAT</type>
		<severity>INFO</severity>
		<timestamp>Tue Oct 29 20:08:17 2019</timestamp>
		<arg name='tids'>13008,12648,12060,10988</arg>
		<arg name='syscalls'>1,1,1,0</arg>
		<arg name='calls'>0,0,0,0</arg>
	</msg>
	<msg id='58' display='false' source='tcet'>
		<type>HEARTBEAT</type>
		<severity>INFO</severity>
		<timestamp>Tue Oct 29 20:08:18 2019</timestamp>
		<arg name='tids'>13008,12648,12060,10988</arg>
		<arg name='syscalls'>1,1,1,0</arg>
		<arg name='calls'>0,0,0,0</arg>
	</msg>
	<msg id='59' display='false' source='tcet'>
		<type>HEARTBEAT</type>
		<severity>INFO</severity>
		<timestamp>Tue Oct 29 20:08:19 2019</timestamp>
		<arg name='tids'>13008,12648,12060,10988</arg>
		<arg name='syscalls'>1,1,1,0</arg>
		<arg name='calls'>0,0,0,0</arg>
	</msg>
	<msg id='60' display='false' source='tcet'>
		<type>HEARTBEAT</type>
		<severity>INFO</severity>
		<timestamp>Tue Oct 29 20:08:20 2019</timestamp>
		<arg name='tids'>13008,12648,12060,10988</arg>
		<arg name='syscalls'>1,1,1,0</arg>
		<arg name='calls'>0,0,0,0</arg>
	</msg>
	<msg id='61' display='false' source='tcet'>
		<type>HEARTBEAT</type>
		<severity>INFO</severity>
		<timestamp>Tue Oct 29 20:08:21 2019</timestamp>
		<arg name='tids'>13008,12648,12060,10988</arg>
		<arg name='syscalls'>1,1,1,0</arg>
		<arg name='calls'>0,0,0,0</arg>
	</msg>
	<msg id='62' display='false' source='tcet'>
		<type>HEARTBEAT</type>
		<severity>INFO</severity>
		<timestamp>Tue Oct 29 20:08:22 2019</timestamp>
		<arg name='tids'>13008,12648,12060,10988</arg>
		<arg name='syscalls'>1,1,1,0</arg>
		<arg name='calls'>0,0,0,0</arg>
	</msg>
	<msg id='63' display='false' source='tcet'>
		<type>HEARTBEAT</type>
		<severity>INFO</severity>
		<timestamp>Tue Oct 29 20:08:23 2019</timestamp>
		<arg name='tids'>13008,12648,12060,10988</arg>
		<arg name='syscalls'>1,1,1,0</arg>
		<arg name='calls'>0,0,0,0</arg>
	</msg>
	<msg id='64' display='false' source='tcet'>
		<type>HEARTBEAT</type>
		<severity>INFO</severity>
		<timestamp>Tue Oct 29 20:08:24 2019</timestamp>
		<arg name='tids'>13008,12648,12060,10988</arg>
		<arg name='syscalls'>1,1,1,0</arg>
		<arg name='calls'>0,0,0,0</arg>
	</msg>
	<msg id='65' display='false' source='tcet'>
		<type>HEARTBEAT</type>
		<severity>INFO</severity>
		<timestamp>Tue Oct 29 20:08:25 2019</timestamp>
		<arg name='tids'>13008,12648,12060,10988</arg>
		<arg name='syscalls'>1,1,1,0</arg>
		<arg name='calls'>0,0,0,0</arg>
	</msg>
	<msg id='66' display='false' source='tcet'>
		<type>HEARTBEAT</type>
		<severity>INFO</severity>
		<timestamp>Tue Oct 29 20:08:26 2019</timestamp>
		<arg name='tids'>13008,12648,12060,10988</arg>
		<arg name='syscalls'>1,1,1,0</arg>
		<arg name='calls'>0,0,0,0</arg>
	</msg>
	<msg id='67' display='false' source='tcet'>
		<type>HEARTBEAT</type>
		<severity>INFO</severity>
		<timestamp>Tue Oct 29 20:08:27 2019</timestamp>
		<arg name='tids'>13008,12648,12060,10988</arg>
		<arg name='syscalls'>1,1,1,0</arg>
		<arg name='calls'>0,0,0,0</arg>
	</msg>
	<msg id='68' display='false' source='tcet'>
		<type>HEARTBEAT</type>
		<severity>INFO</severity>
		<timestamp>Tue Oct 29 20:08:28 2019</timestamp>
		<arg name='tids'>13008,12648,12060,10988</arg>
		<arg name='syscalls'>1,1,1,0</arg>
		<arg name='calls'>0,0,0,358</arg>
	</msg>
	<msg id='69' display='false' source='tcet'>
		<type>THREADNAME</type>
		<severity>INFO</severity>
		<timestamp>Tue Oct 29 20:08:29 2019</timestamp>
		<arg name='tid'>10424</arg>
		<arg name='name'>Cilk Worker</arg>
	</msg>
	<msg id='70' display='false' source='tcet'>
		<type>THREADNAME</type>
		<severity>INFO</severity>
		<timestamp>Tue Oct 29 20:08:29 2019</timestamp>
		<arg name='tid'>6124</arg>
		<arg name='name'>Cilk Worker</arg>
	</msg>
	<msg id='71' display='false' source='tcet'>
		<type>THREADNAME</type>
		<severity>INFO</severity>
		<timestamp>Tue Oct 29 20:08:29 2019</timestamp>
		<arg name='tid'>14304</arg>
		<arg name='name'>Cilk Worker</arg>
	</msg>
	<msg id='72' display='false' source='tcet'>
		<type>HEARTBEAT</type>
		<severity>INFO</severity>
		<timestamp>Tue Oct 29 20:08:29 2019</timestamp>
		<arg name='tids'>10424,6124,14304,13008,12648,12060,10988</arg>
		<arg name='syscalls'>0,0,0,1,1,1,0</arg>
		<arg name='calls'>175005,156306,337408,0,0,0,170170</arg>
	</msg>
	<msg id='73' display='false' source='tcet'>
		<type>HEARTBEAT</type>
		<severity>INFO</severity>
		<timestamp>Tue Oct 29 20:08:30 2019</timestamp>
		<arg name='tids'>10424,6124,14304,13008,12648,12060,10988</arg>
		<arg name='syscalls'>0,0,0,1,1,1,0</arg>
		<arg name='calls'>96302,52960,51472,0,0,0,178545</arg>
	</msg>
	<msg id='74' display='false' source='tcet'>
		<type>HEARTBEAT</type>
		<severity>INFO</severity>
		<timestamp>Tue Oct 29 20:08:31 2019</timestamp>
		<arg name='tids'>10424,6124,14304,13008,12648,12060,10988</arg>
		<arg name='syscalls'>0,0,0,1,1,1,0</arg>
		<arg name='calls'>100944,122504,137346,0,0,0,69066</arg>
	</msg>
	<msg id='75' display='false' source='tcet'>
		<type>HEARTBEAT</type>
		<severity>INFO</severity>
		<timestamp>Tue Oct 29 20:08:32 2019</timestamp>
		<arg name='tids'>10424,6124,14304,13008,12648,12060,10988</arg>
		<arg name='syscalls'>0,0,0,1,1,1,0</arg>
		<arg name='calls'>201579,141879,166926,0,0,0,125634</arg>
	</msg>
	<!-- Thread 4 effective sampling rate is 0/0 -->
	<!-- Thread 2 effective sampling rate is 0/0 -->
	<!-- Thread 3 effective sampling rate is 0/0 -->
	<msg id='76' display='false' source='tcet'>
		<type>HEARTBEAT</type>
		<severity>INFO</severity>
		<timestamp>Tue Oct 29 20:08:33 2019</timestamp>
		<arg name='tids'>10424,6124,14304,10988</arg>
		<arg name='syscalls'>0,0,0,0</arg>
		<arg name='calls'>48194,53704,53868,49478</arg>
	</msg>
	<msg id='77' display='false' source='tcet'>
		<type>HEARTBEAT</type>
		<severity>INFO</severity>
		<timestamp>Tue Oct 29 20:08:34 2019</timestamp>
		<arg name='tids'>10424,6124,14304,10988</arg>
		<arg name='syscalls'>0,0,0,0</arg>
		<arg name='calls'>103192,11298,92435,52211</arg>
	</msg>
	<msg id='78' display='false' source='tcet'>
		<type>HEARTBEAT</type>
		<severity>INFO</severity>
		<timestamp>Tue Oct 29 20:08:35 2019</timestamp>
		<arg name='tids'>10424,6124,14304,10988</arg>
		<arg name='syscalls'>0,0,0,0</arg>
		<arg name='calls'>102315,109002,84258,145649</arg>
	</msg>
	<msg id='79' display='false' source='tcet'>
		<type>HEARTBEAT</type>
		<severity>INFO</severity>
		<timestamp>Tue Oct 29 20:08:36 2019</timestamp>
		<arg name='tids'>10424,6124,14304,10988</arg>
		<arg name='syscalls'>0,0,0,0</arg>
		<arg name='calls'>190390,223056,83051,170512</arg>
	</msg>
	<msg id='80' display='false' source='tcet'>
		<type>HEARTBEAT</type>
		<severity>INFO</severity>
		<timestamp>Tue Oct 29 20:08:37 2019</timestamp>
		<arg name='tids'>10424,6124,14304,10988</arg>
		<arg name='syscalls'>0,0,0,0</arg>
		<arg name='calls'>195465,170288,116840,110399</arg>
	</msg>
	<msg id='81' display='false' source='tcet'>
		<type>HEARTBEAT</type>
		<severity>INFO</severity>
		<timestamp>Tue Oct 29 20:08:38 2019</timestamp>
		<arg name='tids'>10424,6124,14304,10988</arg>
		<arg name='syscalls'>0,0,0,0</arg>
		<arg name='calls'>75740,68368,119704,105214</arg>
	</msg>
	<msg id='82' display='false' source='tcet'>
		<type>HEARTBEAT</type>
		<severity>INFO</severity>
		<timestamp>Tue Oct 29 20:08:39 2019</timestamp>
		<arg name='tids'>10424,6124,14304,10988</arg>
		<arg name='syscalls'>0,0,0,0</arg>
		<arg name='calls'>101754,63575,72915,70557</arg>
	</msg>
	<msg id='83' display='false' source='tcet'>
		<type>HEARTBEAT</type>
		<severity>INFO</severity>
		<timestamp>Tue Oct 29 20:08:40 2019</timestamp>
		<arg name='tids'>10424,6124,14304,10988</arg>
		<arg name='syscalls'>0,0,0,0</arg>
		<arg name='calls'>106932,83541,91107,96214</arg>
	</msg>
	<msg id='84' display='false' source='tcet'>
		<type>HEARTBEAT</type>
		<severity>INFO</severity>
		<timestamp>Tue Oct 29 20:08:41 2019</timestamp>
		<arg name='tids'>10424,6124,14304,10988</arg>
		<arg name='syscalls'>0,0,0,0</arg>
		<arg name='calls'>146348,157617,204597,146468</arg>
	</msg>
	<msg id='85' display='false' source='tcet'>
		<type>HEARTBEAT</type>
		<severity>INFO</severity>
		<timestamp>Tue Oct 29 20:08:42 2019</timestamp>
		<arg name='tids'>10424,6124,14304,10988</arg>
		<arg name='syscalls'>0,0,0,0</arg>
		<arg name='calls'>119751,113112,49854,60697</arg>
	</msg>
	<msg id='86' display='false' source='tcet'>
		<type>HEARTBEAT</type>
		<severity>INFO</severity>
		<timestamp>Tue Oct 29 20:08:43 2019</timestamp>
		<arg name='tids'>10424,6124,14304,10988</arg>
		<arg name='syscalls'>0,0,0,0</arg>
		<arg name='calls'>60877,36095,64069,47498</arg>
	</msg>
	<msg id='87' display='false' source='tcet'>
		<type>HEARTBEAT</type>
		<severity>INFO</severity>
		<timestamp>Tue Oct 29 20:08:44 2019</timestamp>
		<arg name='tids'>10424,6124,14304,10988</arg>
		<arg name='syscalls'>0,0,0,0</arg>
		<arg name='calls'>60168,45848,34524,61097</arg>
	</msg>
	<msg id='88' display='false' source='tcet'>
		<type>HEARTBEAT</type>
		<severity>INFO</severity>
		<timestamp>Tue Oct 29 20:08:45 2019</timestamp>
		<arg name='tids'>10424,6124,14304,10988</arg>
		<arg name='syscalls'>0,0,0,0</arg>
		<arg name='calls'>116336,161661,156108,27620</arg>
	</msg>
	<msg id='89' display='false' source='tcet'>
		<type>HEARTBEAT</type>
		<severity>INFO</severity>
		<timestamp>Tue Oct 29 20:08:46 2019</timestamp>
		<arg name='tids'>10424,6124,14304,10988</arg>
		<arg name='syscalls'>0,0,0,0</arg>
		<arg name='calls'>169022,87535,117833,166779</arg>
	</msg>
	<msg id='90' display='false' source='tcet'>
		<type>HEARTBEAT</type>
		<severity>INFO</severity>
		<timestamp>Tue Oct 29 20:08:47 2019</timestamp>
		<arg name='tids'>10424,6124,14304,10988</arg>
		<arg name='syscalls'>0,0,0,0</arg>
		<arg name='calls'>84941,136646,91708,145335</arg>
	</msg>
	<msg id='91' display='false' source='tcet'>
		<type>HEARTBEAT</type>
		<severity>INFO</severity>
		<timestamp>Tue Oct 29 20:08:48 2019</timestamp>
		<arg name='tids'>10424,6124,14304,10988</arg>
		<arg name='syscalls'>0,0,0,0</arg>
		<arg name='calls'>145006,117118,150954,132485</arg>
	</msg>
	<msg id='92' display='false' source='tcet'>
		<type>HEARTBEAT</type>
		<severity>INFO</severity>
		<timestamp>Tue Oct 29 20:08:49 2019</timestamp>
		<arg name='tids'>10424,6124,14304,10988</arg>
		<arg name='syscalls'>0,0,0,0</arg>
		<arg name='calls'>83164,102135,60452,95918</arg>
	</msg>
	<msg id='93' display='false' source='tcet'>
		<type>HEARTBEAT</type>
		<severity>INFO</severity>
		<timestamp>Tue Oct 29 20:08:50 2019</timestamp>
		<arg name='tids'>10424,6124,14304,10988</arg>
		<arg name='syscalls'>0,0,0,0</arg>
		<arg name='calls'>209753,156351,127881,63966</arg>
	</msg>
	<msg id='94' display='false' source='tcet'>
		<type>HEARTBEAT</type>
		<severity>INFO</severity>
		<timestamp>Tue Oct 29 20:08:51 2019</timestamp>
		<arg name='tids'>10424,6124,14304,10988</arg>
		<arg name='syscalls'>0,0,0,0</arg>
		<arg name='calls'>102672,93147,86690,22406</arg>
	</msg>
	<msg id='95' display='false' source='tcet'>
		<type>HEARTBEAT</type>
		<severity>INFO</severity>
		<timestamp>Tue Oct 29 20:08:52 2019</timestamp>
		<arg name='tids'>10424,6124,14304,10988</arg>
		<arg name='syscalls'>0,0,0,0</arg>
		<arg name='calls'>208046,195419,175957,173853</arg>
	</msg>
	<msg id='96' display='false' source='tcet'>
		<type>HEARTBEAT</type>
		<severity>INFO</severity>
		<timestamp>Tue Oct 29 20:08:53 2019</timestamp>
		<arg name='tids'>10424,6124,14304,10988</arg>
		<arg name='syscalls'>0,0,0,0</arg>
		<arg name='calls'>276170,139085,395416,218378</arg>
	</msg>
	<msg id='97' display='false' source='tcet'>
		<type>HEARTBEAT</type>
		<severity>INFO</severity>
		<timestamp>Tue Oct 29 20:08:54 2019</timestamp>
		<arg name='tids'>10424,6124,14304,10988</arg>
		<arg name='syscalls'>0,0,0,0</arg>
		<arg name='calls'>259058,81705,307274,151321</arg>
	</msg>
	<msg id='98' display='false' source='tcet'>
		<type>HEARTBEAT</type>
		<severity>INFO</severity>
		<timestamp>Tue Oct 29 20:08:55 2019</timestamp>
		<arg name='tids'>10424,6124,14304,10988</arg>
		<arg name='syscalls'>0,0,0,0</arg>
		<arg name='calls'>163425,129032,119818,67872</arg>
	</msg>
	<msg id='99' display='false' source='tcet'>
		<type>HEARTBEAT</type>
		<severity>INFO</severity>
		<timestamp>Tue Oct 29 20:08:56 2019</timestamp>
		<arg name='tids'>10424,6124,14304,10988</arg>
		<arg name='syscalls'>0,0,0,0</arg>
		<arg name='calls'>135750,172580,186625,103143</arg>
	</msg>
	<msg id='100' display='false' source='tcet'>
		<type>HEARTBEAT</type>
		<severity>INFO</severity>
		<timestamp>Tue Oct 29 20:08:57 2019</timestamp>
		<arg name='tids'>10424,6124,14304,10988</arg>
		<arg name='syscalls'>0,0,0,0</arg>
		<arg name='calls'>87087,174230,144574,170727</arg>
	</msg>
	<msg id='101' display='false' source='tcet'>
		<type>HEARTBEAT</type>
		<severity>INFO</severity>
		<timestamp>Tue Oct 29 20:08:58 2019</timestamp>
		<arg name='tids'>10424,6124,14304,10988</arg>
		<arg name='syscalls'>0,0,0,0</arg>
		<arg name='calls'>87049,195339,130560,134342</arg>
	</msg>
	<msg id='102' display='false' source='tcet'>
		<type>HEARTBEAT</type>
		<severity>INFO</severity>
		<timestamp>Tue Oct 29 20:08:59 2019</timestamp>
		<arg name='tids'>10424,6124,14304,10988</arg>
		<arg name='syscalls'>0,0,0,0</arg>
		<arg name='calls'>128413,305503,156805,123497</arg>
	</msg>
	<msg id='103' display='false' source='tcet'>
		<type>HEARTBEAT</type>
		<severity>INFO</severity>
		<timestamp>Tue Oct 29 20:09:00 2019</timestamp>
		<arg name='tids'>10424,6124,14304,10988</arg>
		<arg name='syscalls'>0,0,0,0</arg>
		<arg name='calls'>216141,149929,110724,164640</arg>
	</msg>
	<msg id='104' display='false' source='tcet'>
		<type>HEARTBEAT</type>
		<severity>INFO</severity>
		<timestamp>Tue Oct 29 20:09:01 2019</timestamp>
		<arg name='tids'>10424,6124,14304,10988</arg>
		<arg name='syscalls'>0,0,0,0</arg>
		<arg name='calls'>240163,143072,138619,159921</arg>
	</msg>
	<msg id='105' display='false' source='tcet'>
		<type>HEARTBEAT</type>
		<severity>INFO</severity>
		<timestamp>Tue Oct 29 20:09:02 2019</timestamp>
		<arg name='tids'>10424,6124,14304,10988</arg>
		<arg name='syscalls'>0,0,0,0</arg>
		<arg name='calls'>253292,148156,208728,174585</arg>
	</msg>
	<msg id='106' display='false' source='tcet'>
		<type>HEARTBEAT</type>
		<severity>INFO</severity>
		<timestamp>Tue Oct 29 20:09:03 2019</timestamp>
		<arg name='tids'>10424,6124,14304,10988</arg>
		<arg name='syscalls'>0,0,0,0</arg>
		<arg name='calls'>260882,187816,137032,219998</arg>
	</msg>
	<msg id='107' display='false' source='tcet'>
		<type>HEARTBEAT</type>
		<severity>INFO</severity>
		<timestamp>Tue Oct 29 20:09:04 2019</timestamp>
		<arg name='tids'>10424,6124,14304,10988</arg>
		<arg name='syscalls'>0,0,0,0</arg>
		<arg name='calls'>122608,223645,157118,145818</arg>
	</msg>
	<msg id='108' display='false' source='tcet'>
		<type>HEARTBEAT</type>
		<severity>INFO</severity>
		<timestamp>Tue Oct 29 20:09:05 2019</timestamp>
		<arg name='tids'>10424,6124,14304,10988</arg>
		<arg name='syscalls'>0,0,0,0</arg>
		<arg name='calls'>99805,113182,182713,193700</arg>
	</msg>
	<msg id='109' display='false' source='tcet'>
		<type>HEARTBEAT</type>
		<severity>INFO</severity>
		<timestamp>Tue Oct 29 20:09:06 2019</timestamp>
		<arg name='tids'>10424,6124,14304,10988</arg>
		<arg name='syscalls'>0,0,0,0</arg>
		<arg name='calls'>78821,81581,71409,95105</arg>
	</msg>
	<msg id='110' display='false' source='tcet'>
		<type>HEARTBEAT</type>
		<severity>INFO</severity>
		<timestamp>Tue Oct 29 20:09:07 2019</timestamp>
		<arg name='tids'>10424,6124,14304,10988</arg>
		<arg name='syscalls'>0,0,0,0</arg>
		<arg name='calls'>223363,146481,178667,140730</arg>
	</msg>
	<msg id='111' display='false' source='tcet'>
		<type>HEARTBEAT</type>
		<severity>INFO</severity>
		<timestamp>Tue Oct 29 20:09:08 2019</timestamp>
		<arg name='tids'>10424,6124,14304,10988</arg>
		<arg name='syscalls'>0,0,0,0</arg>
		<arg name='calls'>142040,100098,114334,77772</arg>
	</msg>
	<msg id='112' display='false' source='tcet'>
		<type>HEARTBEAT</type>
		<severity>INFO</severity>
		<timestamp>Tue Oct 29 20:09:09 2019</timestamp>
		<arg name='tids'>10424,6124,14304,10988</arg>
		<arg name='syscalls'>0,0,0,0</arg>
		<arg name='calls'>188794,170641,195267,156256</arg>
	</msg>
	<msg id='113' display='false' source='tcet'>
		<type>HEARTBEAT</type>
		<severity>INFO</severity>
		<timestamp>Tue Oct 29 20:09:10 2019</timestamp>
		<arg name='tids'>10424,6124,14304,10988</arg>
		<arg name='syscalls'>0,0,0,0</arg>
		<arg name='calls'>141737,151918,50928,121895</arg>
	</msg>
	<msg id='114' display='false' source='tcet'>
		<type>HEARTBEAT</type>
		<severity>INFO</severity>
		<timestamp>Tue Oct 29 20:09:11 2019</timestamp>
		<arg name='tids'>10424,6124,14304,10988</arg>
		<arg name='syscalls'>0,0,0,0</arg>
		<arg name='calls'>135295,155309,78261,120582</arg>
	</msg>
	<msg id='115' display='false' source='tcet'>
		<type>HEARTBEAT</type>
		<severity>INFO</severity>
		<timestamp>Tue Oct 29 20:09:12 2019</timestamp>
		<arg name='tids'>10424,6124,14304,10988</arg>
		<arg name='syscalls'>0,0,0,0</arg>
		<arg name='calls'>52530,60856,64206,45942</arg>
	</msg>
	<msg id='116' display='false' source='tcet'>
		<type>HEARTBEAT</type>
		<severity>INFO</severity>
		<timestamp>Tue Oct 29 20:09:13 2019</timestamp>
		<arg name='tids'>10424,6124,14304,10988</arg>
		<arg name='syscalls'>0,0,0,0</arg>
		<arg name='calls'>56797,85259,83672,57673</arg>
	</msg>
	<msg id='117' display='false' source='tcet'>
		<type>HEARTBEAT</type>
		<severity>INFO</severity>
		<timestamp>Tue Oct 29 20:09:14 2019</timestamp>
		<arg name='tids'>10424,6124,14304,10988</arg>
		<arg name='syscalls'>0,0,0,0</arg>
		<arg name='calls'>140743,148908,113836,190200</arg>
	</msg>
	<msg id='118' display='false' source='tcet'>
		<type>HEARTBEAT</type>
		<severity>INFO</severity>
		<timestamp>Tue Oct 29 20:09:15 2019</timestamp>
		<arg name='tids'>10424,6124,14304,10988</arg>
		<arg name='syscalls'>0,0,0,0</arg>
		<arg name='calls'>74994,71873,94040,116933</arg>
	</msg>
	<msg id='119' display='false' source='tcet'>
		<type>HEARTBEAT</type>
		<severity>INFO</severity>
		<timestamp>Tue Oct 29 20:09:16 2019</timestamp>
		<arg name='tids'>10424,6124,14304,10988</arg>
		<arg name='syscalls'>0,0,0,0</arg>
		<arg name='calls'>167930,106273,173701,114349</arg>
	</msg>
	<msg id='120' display='false' source='tcet'>
		<type>HEARTBEAT</type>
		<severity>INFO</severity>
		<timestamp>Tue Oct 29 20:09:17 2019</timestamp>
		<arg name='tids'>10424,6124,14304,10988</arg>
		<arg name='syscalls'>0,0,0,0</arg>
		<arg name='calls'>65705,88302,83194,71155</arg>
	</msg>
	<msg id='121' display='false' source='tcet'>
		<type>HEARTBEAT</type>
		<severity>INFO</severity>
		<timestamp>Tue Oct 29 20:09:18 2019</timestamp>
		<arg name='tids'>10424,6124,14304,10988</arg>
		<arg name='syscalls'>0,0,0,0</arg>
		<arg name='calls'>74625,74687,67800,53761</arg>
	</msg>
	<msg id='122' display='false' source='tcet'>
		<type>HEARTBEAT</type>
		<severity>INFO</severity>
		<timestamp>Tue Oct 29 20:09:19 2019</timestamp>
		<arg name='tids'>10424,6124,14304,10988</arg>
		<arg name='syscalls'>0,0,0,0</arg>
		<arg name='calls'>123240,174964,181603,118881</arg>
	</msg>
	<msg id='123' display='false' source='tcet'>
		<type>HEARTBEAT</type>
		<severity>INFO</severity>
		<timestamp>Tue Oct 29 20:09:20 2019</timestamp>
		<arg name='tids'>10424,6124,14304,10988</arg>
		<arg name='syscalls'>0,0,0,0</arg>
		<arg name='calls'>217855,198298,233556,172321</arg>
	</msg>
	<msg id='124' display='false' source='tcet'>
		<type>HEARTBEAT</type>
		<severity>INFO</severity>
		<timestamp>Tue Oct 29 20:09:21 2019</timestamp>
		<arg name='tids'>10424,6124,14304,10988</arg>
		<arg name='syscalls'>0,0,0,0</arg>
		<arg name='calls'>222245,187219,192014,128805</arg>
	</msg>
	<msg id='125' display='false' source='tcet'>
		<type>HEARTBEAT</type>
		<severity>INFO</severity>
		<timestamp>Tue Oct 29 20:09:22 2019</timestamp>
		<arg name='tids'>10424,6124,14304,10988</arg>
		<arg name='syscalls'>0,0,0,0</arg>
		<arg name='calls'>73706,87396,73908,75007</arg>
	</msg>
	<msg id='126' display='false' source='tcet'>
		<type>HEARTBEAT</type>
		<severity>INFO</severity>
		<timestamp>Tue Oct 29 20:09:23 2019</timestamp>
		<arg name='tids'>10424,6124,14304,10988</arg>
		<arg name='syscalls'>0,0,0,0</arg>
		<arg name='calls'>291107,234487,248762,237218</arg>
	</msg>
	<msg id='127' display='false' source='tcet'>
		<type>HEARTBEAT</type>
		<severity>INFO</severity>
		<timestamp>Tue Oct 29 20:09:24 2019</timestamp>
		<arg name='tids'>10424,6124,14304,10988</arg>
		<arg name='syscalls'>0,0,0,0</arg>
		<arg name='calls'>211657,202914,207125,185266</arg>
	</msg>
	<msg id='128' display='false' source='tcet'>
		<type>HEARTBEAT</type>
		<severity>INFO</severity>
		<timestamp>Tue Oct 29 20:09:25 2019</timestamp>
		<arg name='tids'>10424,6124,14304,10988</arg>
		<arg name='syscalls'>1,1,1,0</arg>
		<arg name='calls'>302591,317207,312902,225005</arg>
	</msg>
	<msg id='129' display='false' source='tcet'>
		<type>HEARTBEAT</type>
		<severity>INFO</severity>
		<timestamp>Tue Oct 29 20:09:26 2019</timestamp>
		<arg name='tids'>10424,6124,14304,10988</arg>
		<arg name='syscalls'>1,1,1,0</arg>
		<arg name='calls'>1629302,1728964,1991984,1305236</arg>
	</msg>
	<msg id='130' source='tcet'>
		<type>LOAD_MODULE</type>
		<severity>INFO</severity>
		<timestamp>Tue Oct 29 20:09:26 2019</timestamp>
		<arg name='module'>c:\windows\system32\kernel.appcore.dll</arg>
		<arg name='basement'>0x7ffaa9e20000</arg>
		<arg name='ceiling'>0x7ffaa9e2efff</arg>
	</msg>
	<msg id='131' source='tcet'>
		<type>LOAD_MODULE</type>
		<severity>INFO</severity>
		<timestamp>Tue Oct 29 20:09:26 2019</timestamp>
		<arg name='module'>c:\windows\system32\msvcrt.dll</arg>
		<arg name='basement'>0x7ffaad6f0000</arg>
		<arg name='ceiling'>0x7ffaad78dfff</arg>
	</msg>
	<msg id='132' source='tcet'>
		<type>LOAD_MODULE</type>
		<severity>INFO</severity>
		<timestamp>Tue Oct 29 20:09:26 2019</timestamp>
		<arg name='module'>c:\windows\system32\rpcrt4.dll</arg>
		<arg name='basement'>0x7ffaab160000</arg>
		<arg name='ceiling'>0x7ffaab280fff</arg>
	</msg>
	<!-- A thread end notification for 5 was received by thread 0 -->
	<!-- A thread end notification for 6 was received by thread 0 -->
	<!-- A thread end notification for 7 was received by thread 0 -->
	<!-- A thread end notification for 8 was received by thread 0 -->
	<!-- A thread end notification for 9 was received by thread 0 -->
	<!-- Thread 0 effective sampling rate is 296472487/5929439260 -->
	<msg id='133' source='tcet'>
		<type>UNLOAD_MODULE</type>
		<severity>INFO</severity>
		<timestamp>Tue Oct 29 20:09:28 2019</timestamp>
		<arg name='module'>f:\intel_parallel_studio\projects\task3\x64\release\task3.exe</arg>
	</msg>
	<msg id='134' source='tcet'>
		<type>UNLOAD_MODULE</type>
		<severity>INFO</severity>
		<timestamp>Tue Oct 29 20:09:28 2019</timestamp>
		<arg name='module'>c:\windows\system32\kernelbase.dll</arg>
	</msg>
	<msg id='135' source='tcet'>
		<type>UNLOAD_MODULE</type>
		<severity>INFO</severity>
		<timestamp>Tue Oct 29 20:09:28 2019</timestamp>
		<arg name='module'>c:\windows\system32\kernel32.dll</arg>
	</msg>
	<msg id='136' source='tcet'>
		<type>UNLOAD_MODULE</type>
		<severity>INFO</severity>
		<timestamp>Tue Oct 29 20:09:28 2019</timestamp>
		<arg name='module'>c:\windows\system32\ntdll.dll</arg>
	</msg>
	<msg id='137' source='tcet'>
		<type>UNLOAD_MODULE</type>
		<severity>INFO</severity>
		<timestamp>Tue Oct 29 20:09:28 2019</timestamp>
		<arg name='module'>c:\windows\system32\ucrtbase.dll</arg>
	</msg>
	<msg id='138' source='tcet'>
		<type>UNLOAD_MODULE</type>
		<severity>INFO</severity>
		<timestamp>Tue Oct 29 20:09:28 2019</timestamp>
		<arg name='module'>c:\windows\system32\msvcp140.dll</arg>
	</msg>
	<msg id='139' source='tcet'>
		<type>UNLOAD_MODULE</type>
		<severity>INFO</severity>
		<timestamp>Tue Oct 29 20:09:28 2019</timestamp>
		<arg name='module'>c:\windows\system32\vcruntime140.dll</arg>
	</msg>
	<msg id='140' source='tcet'>
		<type>UNLOAD_MODULE</type>
		<severity>INFO</severity>
		<timestamp>Tue Oct 29 20:09:28 2019</timestamp>
		<arg name='module'>c:\program files (x86)\intelswtools\compilers_and_libraries_2019\windows\redist\intel64\compiler\cilkrts20.dll</arg>
	</msg>
	<msg id='141' source='tcet'>
		<type>UNLOAD_MODULE</type>
		<severity>INFO</severity>
		<timestamp>Tue Oct 29 20:09:28 2019</timestamp>
		<arg name='module'>c:\windows\system32\user32.dll</arg>
	</msg>
	<msg id='142' source='tcet'>
		<type>UNLOAD_MODULE</type>
		<severity>INFO</severity>
		<timestamp>Tue Oct 29 20:09:28 2019</timestamp>
		<arg name='module'>c:\windows\system32\win32u.dll</arg>
	</msg>
	<msg id='143' source='tcet'>
		<type>UNLOAD_MODULE</type>
		<severity>INFO</severity>
		<timestamp>Tue Oct 29 20:09:28 2019</timestamp>
		<arg name='module'>c:\windows\system32\gdi32.dll</arg>
	</msg>
	<msg id='144' source='tcet'>
		<type>UNLOAD_MODULE</type>
		<severity>INFO</severity>
		<timestamp>Tue Oct 29 20:09:28 2019</timestamp>
		<arg name='module'>c:\windows\system32\gdi32full.dll</arg>
	</msg>
	<msg id='145' source='tcet'>
		<type>UNLOAD_MODULE</type>
		<severity>INFO</severity>
		<timestamp>Tue Oct 29 20:09:28 2019</timestamp>
		<arg name='module'>c:\windows\system32\imm32.dll</arg>
	</msg>
	<msg id='146' source='tcet'>
		<type>UNLOAD_MODULE</type>
		<severity>INFO</severity>
		<timestamp>Tue Oct 29 20:09:28 2019</timestamp>
		<arg name='module'>c:\program files (x86)\intelswtools\inspector 2019\bin64\runtime\libittnotify.dll</arg>
	</msg>
	<msg id='147' source='tcet'>
		<type>UNLOAD_MODULE</type>
		<severity>INFO</severity>
		<timestamp>Tue Oct 29 20:09:28 2019</timestamp>
		<arg name='module'>c:\windows\system32\kernel.appcore.dll</arg>
	</msg>
	<msg id='148' source='tcet'>
		<type>UNLOAD_MODULE</type>
		<severity>INFO</severity>
		<timestamp>Tue Oct 29 20:09:28 2019</timestamp>
		<arg name='module'>c:\windows\system32\msvcrt.dll</arg>
	</msg>
	<msg id='149' source='tcet'>
		<type>UNLOAD_MODULE</type>
		<severity>INFO</severity>
		<timestamp>Tue Oct 29 20:09:28 2019</timestamp>
		<arg name='module'>c:\windows\system32\rpcrt4.dll</arg>
	</msg>
	<msg id='150' source='tcet'>
		<type>PROCESS_TERMINATE</type>
		<severity>INFO</severity>
		<timestamp>Tue Oct 29 20:09:28 2019</timestamp>
		<arg name='process'>f:\intel_parallel_studio\projects\task3\x64\release\task3.exe</arg>
		<arg name='pid'>12304</arg>
	</msg>
	<msg id='151' display='false' source='tccore'>
		<type>ANALYSIS_COMPLETE</type>
		<severity>INFO</severity>
		<timestamp>Tue Oct 29 20:09:28 2019</timestamp>
	</msg>
	<msg id='152' display='false' source='tccore'>
		<type>STOP</type>
		<severity>INFO</severity>
		<timestamp>Tue Oct 29 20:09:28 2019</timestamp>
	</msg>
</log>