<?xml version="1.0" encoding="utf-8"?>
<log version="1.0" tool="runtool">

<msg id="1" tool="runtool">
  <type>log-start</type>
  <arg>2019/10/29 20:12:09</arg>
</msg>
<msg id="2" tool="runtool">
  <type>collector-starts</type>
</msg>
<msg id="3" tool="runtool">
  <type>marker-file</type>
  <arg>F:\Intel_parallel_studio\projects\task3\task3\My Inspector Results - task3\r005ti3\r005ti3.inspxe</arg>
</msg>
<msg id="4" tool="tc">
  <type>START</type>
  <severity>INFO</severity>
  <timestamp>Tue Oct 29 20:12:10 2019</timestamp>
</msg>
<msg id="5" tool="tc">
  <type>EXEC_OF_INTEREST</type>
  <arg>f:\intel_parallel_studio\projects\task3\x64\release\task3.exe</arg>
  <arg>4944</arg>
  <severity>INFO</severity>
  <timestamp>Tue Oct 29 20:12:10 2019</timestamp>
</msg>
<msg id="6" tool="tc">
  <type>LOAD_MODULE</type>
  <arg>f:\intel_parallel_studio\projects\task3\x64\release\task3.exe</arg>
  <arg>0x7ff715310000</arg>
  <arg>0x7ff71531ffff</arg>
  <severity>INFO</severity>
  <timestamp>Tue Oct 29 20:12:10 2019</timestamp>
</msg>
<msg id="7" tool="tc">
  <type>LOAD_MODULE</type>
  <arg>c:\windows\system32\kernelbase.dll</arg>
  <arg>0x7ffaaa9a0000</arg>
  <arg>0x7ffaaabbcfff</arg>
  <severity>INFO</severity>
  <timestamp>Tue Oct 29 20:12:10 2019</timestamp>
</msg>
<msg id="8" tool="tc">
  <type>LOAD_MODULE</type>
  <arg>c:\windows\system32\kernel32.dll</arg>
  <arg>0x7ffaab030000</arg>
  <arg>0x7ffaab0dafff</arg>
  <severity>INFO</severity>
  <timestamp>Tue Oct 29 20:12:10 2019</timestamp>
</msg>
<msg id="9" tool="tc">
  <type>LOAD_MODULE</type>
  <arg>c:\windows\system32\ntdll.dll</arg>
  <arg>0x7ffaad900000</arg>
  <arg>0x7ffaadad0fff</arg>
  <severity>INFO</severity>
  <timestamp>Tue Oct 29 20:12:10 2019</timestamp>
</msg>
<msg id="10" tool="tc">
  <type>LOAD_MODULE</type>
  <arg>c:\windows\system32\ucrtbase.dll</arg>
  <arg>0x7ffaaa880000</arg>
  <arg>0x7ffaaa974fff</arg>
  <severity>INFO</severity>
  <timestamp>Tue Oct 29 20:12:11 2019</timestamp>
</msg>
<msg id="11" tool="tc">
  <type>LOAD_MODULE</type>
  <arg>c:\windows\system32\msvcp140.dll</arg>
  <arg>0x7ffa98860000</arg>
  <arg>0x7ffa988fafff</arg>
  <severity>INFO</severity>
  <timestamp>Tue Oct 29 20:12:11 2019</timestamp>
</msg>
<msg id="12" tool="tc">
  <type>LOAD_MODULE</type>
  <arg>c:\windows\system32\vcruntime140.dll</arg>
  <arg>0x7ffa98840000</arg>
  <arg>0x7ffa98854fff</arg>
  <severity>INFO</severity>
  <timestamp>Tue Oct 29 20:12:11 2019</timestamp>
</msg>
<msg id="13" tool="tc">
  <type>LOAD_MODULE</type>
  <arg>c:\program files (x86)\intelswtools\compilers_and_libraries_2019\windows\redist\intel64\compiler\cilkrts20.dll</arg>
  <arg>0x7ffa531f0000</arg>
  <arg>0x7ffa53242fff</arg>
  <severity>INFO</severity>
  <timestamp>Tue Oct 29 20:12:12 2019</timestamp>
</msg>
<msg id="14" tool="tc">
  <type>LOAD_MODULE</type>
  <arg>c:\windows\system32\user32.dll</arg>
  <arg>0x7ffaaaec0000</arg>
  <arg>0x7ffaab024fff</arg>
  <severity>INFO</severity>
  <timestamp>Tue Oct 29 20:12:12 2019</timestamp>
</msg>
<msg id="15" tool="tc">
  <type>LOAD_MODULE</type>
  <arg>c:\windows\system32\win32u.dll</arg>
  <arg>0x7ffaaa980000</arg>
  <arg>0x7ffaaa99dfff</arg>
  <severity>INFO</severity>
  <timestamp>Tue Oct 29 20:12:12 2019</timestamp>
</msg>
<msg id="16" tool="tc">
  <type>LOAD_MODULE</type>
  <arg>c:\windows\system32\gdi32.dll</arg>
  <arg>0x7ffaad8c0000</arg>
  <arg>0x7ffaad8f3fff</arg>
  <severity>INFO</severity>
  <timestamp>Tue Oct 29 20:12:12 2019</timestamp>
</msg>
<msg id="17" tool="tc">
  <type>LOAD_MODULE</type>
  <arg>c:\windows\system32\gdi32full.dll</arg>
  <arg>0x7ffaaa6f0000</arg>
  <arg>0x7ffaaa871fff</arg>
  <severity>INFO</severity>
  <timestamp>Tue Oct 29 20:12:12 2019</timestamp>
</msg>
<msg id="18" tool="tc">
  <type>LOAD_MODULE</type>
  <arg>c:\windows\system32\imm32.dll</arg>
  <arg>0x7ffaaae90000</arg>
  <arg>0x7ffaaaebdfff</arg>
  <severity>INFO</severity>
  <timestamp>Tue Oct 29 20:12:14 2019</timestamp>
</msg>
<msg id="19" tool="tc">
  <type>LOAD_MODULE</type>
  <arg>c:\program files (x86)\intelswtools\inspector 2019\bin64\runtime\libittnotify.dll</arg>
  <arg>0x7ffa54400000</arg>
  <arg>0x7ffa54432fff</arg>
  <severity>INFO</severity>
  <timestamp>Tue Oct 29 20:12:15 2019</timestamp>
</msg>
<msg id="20" tool="tc">
  <type>HEARTBEAT</type>
  <arg>11680,10004,10680,10508</arg>
  <arg>1,1,1,0</arg>
  <arg>552,3950,913,29725</arg>
  <severity>INFO</severity>
  <timestamp>Tue Oct 29 20:12:16 2019</timestamp>
</msg>
<msg id="21" tool="tc">
  <type>HEARTBEAT</type>
  <arg>11680,10004,10680,10508</arg>
  <arg>1,1,1,0</arg>
  <arg>0,0,0,13480882</arg>
  <severity>INFO</severity>
  <timestamp>Tue Oct 29 20:12:17 2019</timestamp>
</msg>
<msg id="22" tool="tc">
  <type>HEARTBEAT</type>
  <arg>11680,10004,10680,10508</arg>
  <arg>1,1,1,0</arg>
  <arg>0,0,0,27019150</arg>
  <severity>INFO</severity>
  <timestamp>Tue Oct 29 20:12:18 2019</timestamp>
</msg>
<msg id="23" tool="tc">
  <type>HEARTBEAT</type>
  <arg>11680,10004,10680,10508</arg>
  <arg>1,1,1,0</arg>
  <arg>0,0,0,0</arg>
  <severity>INFO</severity>
  <timestamp>Tue Oct 29 20:12:19 2019</timestamp>
</msg>
<msg id="24" tool="tc">
  <type>HEARTBEAT</type>
  <arg>11680,10004,10680,10508</arg>
  <arg>1,1,1,0</arg>
  <arg>0,0,0,0</arg>
  <severity>INFO</severity>
  <timestamp>Tue Oct 29 20:12:20 2019</timestamp>
</msg>
<msg id="25" tool="tc">
  <type>HEARTBEAT</type>
  <arg>11680,10004,10680,10508</arg>
  <arg>1,1,1,0</arg>
  <arg>0,0,0,0</arg>
  <severity>INFO</severity>
  <timestamp>Tue Oct 29 20:12:21 2019</timestamp>
</msg>
<msg id="26" tool="tc">
  <type>HEARTBEAT</type>
  <arg>11680,10004,10680,10508</arg>
  <arg>1,1,1,0</arg>
  <arg>0,0,0,0</arg>
  <severity>INFO</severity>
  <timestamp>Tue Oct 29 20:12:22 2019</timestamp>
</msg>
<msg id="27" tool="tc">
  <type>HEARTBEAT</type>
  <arg>11680,10004,10680,10508</arg>
  <arg>1,1,1,0</arg>
  <arg>0,0,0,0</arg>
  <severity>INFO</severity>
  <timestamp>Tue Oct 29 20:12:23 2019</timestamp>
</msg>
<msg id="28" tool="tc">
  <type>HEARTBEAT</type>
  <arg>11680,10004,10680,10508</arg>
  <arg>1,1,1,0</arg>
  <arg>0,0,0,0</arg>
  <severity>INFO</severity>
  <timestamp>Tue Oct 29 20:12:24 2019</timestamp>
</msg>
<msg id="29" tool="tc">
  <type>HEARTBEAT</type>
  <arg>11680,10004,10680,10508</arg>
  <arg>1,1,1,0</arg>
  <arg>0,0,0,0</arg>
  <severity>INFO</severity>
  <timestamp>Tue Oct 29 20:12:25 2019</timestamp>
</msg>
<msg id="30" tool="tc">
  <type>HEARTBEAT</type>
  <arg>11680,10004,10680,10508</arg>
  <arg>1,1,1,0</arg>
  <arg>0,0,0,0</arg>
  <severity>INFO</severity>
  <timestamp>Tue Oct 29 20:12:26 2019</timestamp>
</msg>
<msg id="31" tool="tc">
  <type>HEARTBEAT</type>
  <arg>11680,10004,10680,10508</arg>
  <arg>1,1,1,0</arg>
  <arg>0,0,0,0</arg>
  <severity>INFO</severity>
  <timestamp>Tue Oct 29 20:12:27 2019</timestamp>
</msg>
<msg id="32" tool="tc">
  <type>HEARTBEAT</type>
  <arg>11680,10004,10680,10508</arg>
  <arg>1,1,1,0</arg>
  <arg>0,0,0,0</arg>
  <severity>INFO</severity>
  <timestamp>Tue Oct 29 20:12:28 2019</timestamp>
</msg>
<msg id="33" tool="tc">
  <type>HEARTBEAT</type>
  <arg>11680,10004,10680,10508</arg>
  <arg>1,1,1,0</arg>
  <arg>0,0,0,0</arg>
  <severity>INFO</severity>
  <timestamp>Tue Oct 29 20:12:29 2019</timestamp>
</msg>
<msg id="34" tool="tc">
  <type>HEARTBEAT</type>
  <arg>11680,10004,10680,10508</arg>
  <arg>1,1,1,0</arg>
  <arg>0,0,0,0</arg>
  <severity>INFO</severity>
  <timestamp>Tue Oct 29 20:12:30 2019</timestamp>
</msg>
<msg id="35" tool="tc">
  <type>HEARTBEAT</type>
  <arg>11680,10004,10680,10508</arg>
  <arg>1,1,1,0</arg>
  <arg>0,0,0,0</arg>
  <severity>INFO</severity>
  <timestamp>Tue Oct 29 20:12:31 2019</timestamp>
</msg>
<msg id="36" tool="tc">
  <type>HEARTBEAT</type>
  <arg>11680,10004,10680,10508</arg>
  <arg>1,1,1,0</arg>
  <arg>0,0,0,0</arg>
  <severity>INFO</severity>
  <timestamp>Tue Oct 29 20:12:32 2019</timestamp>
</msg>
<msg id="37" tool="tc">
  <type>HEARTBEAT</type>
  <arg>11680,10004,10680,10508</arg>
  <arg>1,1,1,0</arg>
  <arg>0,0,0,0</arg>
  <severity>INFO</severity>
  <timestamp>Tue Oct 29 20:12:33 2019</timestamp>
</msg>
<msg id="38" tool="tc">
  <type>HEARTBEAT</type>
  <arg>11680,10004,10680,10508</arg>
  <arg>1,1,1,0</arg>
  <arg>0,0,0,0</arg>
  <severity>INFO</severity>
  <timestamp>Tue Oct 29 20:12:34 2019</timestamp>
</msg>
<msg id="39" tool="tc">
  <type>HEARTBEAT</type>
  <arg>11680,10004,10680,10508</arg>
  <arg>1,1,1,0</arg>
  <arg>0,0,0,0</arg>
  <severity>INFO</severity>
  <timestamp>Tue Oct 29 20:12:35 2019</timestamp>
</msg>
<msg id="40" tool="tc">
  <type>HEARTBEAT</type>
  <arg>11680,10004,10680,10508</arg>
  <arg>1,1,1,0</arg>
  <arg>0,0,0,0</arg>
  <severity>INFO</severity>
  <timestamp>Tue Oct 29 20:12:36 2019</timestamp>
</msg>
<msg id="41" tool="tc">
  <type>HEARTBEAT</type>
  <arg>11680,10004,10680,10508</arg>
  <arg>1,1,1,0</arg>
  <arg>0,0,0,0</arg>
  <severity>INFO</severity>
  <timestamp>Tue Oct 29 20:12:37 2019</timestamp>
</msg>
<msg id="42" tool="tc">
  <type>HEARTBEAT</type>
  <arg>11680,10004,10680,10508</arg>
  <arg>1,1,1,0</arg>
  <arg>0,0,0,0</arg>
  <severity>INFO</severity>
  <timestamp>Tue Oct 29 20:12:38 2019</timestamp>
</msg>
<msg id="43" tool="tc">
  <type>HEARTBEAT</type>
  <arg>11680,10004,10680,10508</arg>
  <arg>1,1,1,0</arg>
  <arg>0,0,0,0</arg>
  <severity>INFO</severity>
  <timestamp>Tue Oct 29 20:12:39 2019</timestamp>
</msg>
<msg id="44" tool="tc">
  <type>HEARTBEAT</type>
  <arg>11680,10004,10680,10508</arg>
  <arg>1,1,1,0</arg>
  <arg>0,0,0,0</arg>
  <severity>INFO</severity>
  <timestamp>Tue Oct 29 20:12:40 2019</timestamp>
</msg>
<msg id="45" tool="tc">
  <type>HEARTBEAT</type>
  <arg>11680,10004,10680,10508</arg>
  <arg>1,1,1,0</arg>
  <arg>0,0,0,0</arg>
  <severity>INFO</severity>
  <timestamp>Tue Oct 29 20:12:41 2019</timestamp>
</msg>
<msg id="46" tool="tc">
  <type>HEARTBEAT</type>
  <arg>11680,10004,10680,10508</arg>
  <arg>1,1,1,0</arg>
  <arg>0,0,0,0</arg>
  <severity>INFO</severity>
  <timestamp>Tue Oct 29 20:12:42 2019</timestamp>
</msg>
<msg id="47" tool="tc">
  <type>HEARTBEAT</type>
  <arg>11680,10004,10680,10508</arg>
  <arg>1,1,1,0</arg>
  <arg>0,0,0,0</arg>
  <severity>INFO</severity>
  <timestamp>Tue Oct 29 20:12:43 2019</timestamp>
</msg>
<msg id="48" tool="tc">
  <type>HEARTBEAT</type>
  <arg>11680,10004,10680,10508</arg>
  <arg>1,1,1,0</arg>
  <arg>0,0,0,0</arg>
  <severity>INFO</severity>
  <timestamp>Tue Oct 29 20:12:44 2019</timestamp>
</msg>
<msg id="49" tool="tc">
  <type>HEARTBEAT</type>
  <arg>11680,10004,10680,10508</arg>
  <arg>1,1,1,0</arg>
  <arg>0,0,0,0</arg>
  <severity>INFO</severity>
  <timestamp>Tue Oct 29 20:12:45 2019</timestamp>
</msg>
<msg id="50" tool="tc">
  <type>HEARTBEAT</type>
  <arg>11680,10004,10680,10508</arg>
  <arg>1,1,1,0</arg>
  <arg>0,0,0,0</arg>
  <severity>INFO</severity>
  <timestamp>Tue Oct 29 20:12:46 2019</timestamp>
</msg>
<msg id="51" tool="tc">
  <type>HEARTBEAT</type>
  <arg>11680,10004,10680,10508</arg>
  <arg>1,1,1,0</arg>
  <arg>0,0,0,0</arg>
  <severity>INFO</severity>
  <timestamp>Tue Oct 29 20:12:47 2019</timestamp>
</msg>
<msg id="52" tool="tc">
  <type>HEARTBEAT</type>
  <arg>11680,10004,10680,10508</arg>
  <arg>1,1,1,0</arg>
  <arg>0,0,0,0</arg>
  <severity>INFO</severity>
  <timestamp>Tue Oct 29 20:12:48 2019</timestamp>
</msg>
<msg id="53" tool="tc">
  <type>HEARTBEAT</type>
  <arg>11680,10004,10680,10508</arg>
  <arg>1,1,1,0</arg>
  <arg>0,0,0,0</arg>
  <severity>INFO</severity>
  <timestamp>Tue Oct 29 20:12:49 2019</timestamp>
</msg>
<msg id="54" tool="tc">
  <type>HEARTBEAT</type>
  <arg>11680,10004,10680,10508</arg>
  <arg>1,1,1,0</arg>
  <arg>0,0,0,0</arg>
  <severity>INFO</severity>
  <timestamp>Tue Oct 29 20:12:50 2019</timestamp>
</msg>
<msg id="55" tool="tc">
  <type>HEARTBEAT</type>
  <arg>11680,10004,10680,10508</arg>
  <arg>1,1,1,0</arg>
  <arg>0,0,0,0</arg>
  <severity>INFO</severity>
  <timestamp>Tue Oct 29 20:12:51 2019</timestamp>
</msg>
<msg id="56" tool="tc">
  <type>HEARTBEAT</type>
  <arg>11680,10004,10680,10508</arg>
  <arg>1,1,1,0</arg>
  <arg>0,0,0,0</arg>
  <severity>INFO</severity>
  <timestamp>Tue Oct 29 20:12:52 2019</timestamp>
</msg>
<msg id="57" tool="tc">
  <type>HEARTBEAT</type>
  <arg>11680,10004,10680,10508</arg>
  <arg>1,1,1,0</arg>
  <arg>0,0,0,0</arg>
  <severity>INFO</severity>
  <timestamp>Tue Oct 29 20:12:53 2019</timestamp>
</msg>
<msg id="58" tool="tc">
  <type>HEARTBEAT</type>
  <arg>11680,10004,10680,10508</arg>
  <arg>1,1,1,0</arg>
  <arg>0,0,0,0</arg>
  <severity>INFO</severity>
  <timestamp>Tue Oct 29 20:12:54 2019</timestamp>
</msg>
<msg id="59" tool="tc">
  <type>HEARTBEAT</type>
  <arg>11680,10004,10680,10508</arg>
  <arg>1,1,1,0</arg>
  <arg>0,0,0,0</arg>
  <severity>INFO</severity>
  <timestamp>Tue Oct 29 20:12:55 2019</timestamp>
</msg>
<msg id="60" tool="tc">
  <type>HEARTBEAT</type>
  <arg>11680,10004,10680,10508</arg>
  <arg>1,1,1,0</arg>
  <arg>0,0,0,0</arg>
  <severity>INFO</severity>
  <timestamp>Tue Oct 29 20:12:56 2019</timestamp>
</msg>
<msg id="61" tool="tc">
  <type>HEARTBEAT</type>
  <arg>11680,10004,10680,10508</arg>
  <arg>1,1,1,0</arg>
  <arg>0,0,0,0</arg>
  <severity>INFO</severity>
  <timestamp>Tue Oct 29 20:12:57 2019</timestamp>
</msg>
<msg id="62" tool="tc">
  <type>HEARTBEAT</type>
  <arg>11680,10004,10680,10508</arg>
  <arg>1,1,1,0</arg>
  <arg>0,0,0,0</arg>
  <severity>INFO</severity>
  <timestamp>Tue Oct 29 20:12:58 2019</timestamp>
</msg>
<msg id="63" tool="tc">
  <type>HEARTBEAT</type>
  <arg>11680,10004,10680,10508</arg>
  <arg>1,1,1,0</arg>
  <arg>0,0,0,0</arg>
  <severity>INFO</severity>
  <timestamp>Tue Oct 29 20:12:59 2019</timestamp>
</msg>
<msg id="64" tool="tc">
  <type>HEARTBEAT</type>
  <arg>11680,10004,10680,10508</arg>
  <arg>1,1,1,0</arg>
  <arg>0,0,0,0</arg>
  <severity>INFO</severity>
  <timestamp>Tue Oct 29 20:13:00 2019</timestamp>
</msg>
<msg id="65" tool="tc">
  <type>HEARTBEAT</type>
  <arg>11680,10004,10680,10508</arg>
  <arg>1,1,1,0</arg>
  <arg>0,0,0,0</arg>
  <severity>INFO</severity>
  <timestamp>Tue Oct 29 20:13:01 2019</timestamp>
</msg>
<msg id="66" tool="tc">
  <type>HEARTBEAT</type>
  <arg>11680,10004,10680,10508</arg>
  <arg>1,1,1,0</arg>
  <arg>0,0,0,0</arg>
  <severity>INFO</severity>
  <timestamp>Tue Oct 29 20:13:02 2019</timestamp>
</msg>
<msg id="67" tool="tc">
  <type>HEARTBEAT</type>
  <arg>11680,10004,10680,10508</arg>
  <arg>1,1,1,0</arg>
  <arg>0,0,0,0</arg>
  <severity>INFO</severity>
  <timestamp>Tue Oct 29 20:13:03 2019</timestamp>
</msg>
<msg id="68" tool="tc">
  <type>HEARTBEAT</type>
  <arg>11680,10004,10680,10508</arg>
  <arg>1,1,1,0</arg>
  <arg>0,0,0,0</arg>
  <severity>INFO</severity>
  <timestamp>Tue Oct 29 20:13:04 2019</timestamp>
</msg>
<msg id="69" tool="tc">
  <type>HEARTBEAT</type>
  <arg>11680,10004,10680,10508</arg>
  <arg>1,1,1,0</arg>
  <arg>0,0,0,0</arg>
  <severity>INFO</severity>
  <timestamp>Tue Oct 29 20:13:05 2019</timestamp>
</msg>
<msg id="70" tool="tc">
  <type>HEARTBEAT</type>
  <arg>11680,10004,10680,10508</arg>
  <arg>1,1,1,0</arg>
  <arg>0,0,0,0</arg>
  <severity>INFO</severity>
  <timestamp>Tue Oct 29 20:13:06 2019</timestamp>
</msg>
<msg id="71" tool="tc">
  <type>HEARTBEAT</type>
  <arg>11680,10004,10680,10508</arg>
  <arg>1,1,1,0</arg>
  <arg>0,0,0,0</arg>
  <severity>INFO</severity>
  <timestamp>Tue Oct 29 20:13:07 2019</timestamp>
</msg>
<msg id="72" tool="tc">
  <type>HEARTBEAT</type>
  <arg>11680,10004,10680,10508</arg>
  <arg>1,1,1,0</arg>
  <arg>0,0,0,0</arg>
  <severity>INFO</severity>
  <timestamp>Tue Oct 29 20:13:08 2019</timestamp>
</msg>
<msg id="73" tool="tc">
  <type>HEARTBEAT</type>
  <arg>11680,10004,10680,10508</arg>
  <arg>1,1,1,0</arg>
  <arg>0,0,0,0</arg>
  <severity>INFO</severity>
  <timestamp>Tue Oct 29 20:13:09 2019</timestamp>
</msg>
<msg id="74" tool="tc">
  <type>HEARTBEAT</type>
  <arg>11680,10004,10680,10508</arg>
  <arg>1,1,1,0</arg>
  <arg>0,0,0,0</arg>
  <severity>INFO</severity>
  <timestamp>Tue Oct 29 20:13:10 2019</timestamp>
</msg>
<msg id="75" tool="tc">
  <type>HEARTBEAT</type>
  <arg>7668,10276,1180,10508</arg>
  <arg>1,1,0,0</arg>
  <arg>11,8,174,819</arg>
  <severity>INFO</severity>
  <timestamp>Tue Oct 29 20:13:11 2019</timestamp>
</msg>
<msg id="76" tool="tc">
  <type>THREADNAME</type>
  <arg>7668</arg>
  <arg>Cilk Worker</arg>
  <severity>INFO</severity>
  <timestamp>Tue Oct 29 20:13:12 2019</timestamp>
</msg>
<msg id="77" tool="tc">
  <type>THREADNAME</type>
  <arg>10276</arg>
  <arg>Cilk Worker</arg>
  <severity>INFO</severity>
  <timestamp>Tue Oct 29 20:13:12 2019</timestamp>
</msg>
<msg id="78" tool="tc">
  <type>THREADNAME</type>
  <arg>1180</arg>
  <arg>Cilk Worker</arg>
  <severity>INFO</severity>
  <timestamp>Tue Oct 29 20:13:12 2019</timestamp>
</msg>
<msg id="79" tool="tc">
  <type>HEARTBEAT</type>
  <arg>7668,10276,1180,10508</arg>
  <arg>0,0,0,0</arg>
  <arg>387834,391902,315105,120641</arg>
  <severity>INFO</severity>
  <timestamp>Tue Oct 29 20:13:12 2019</timestamp>
</msg>
<msg id="80" tool="tc">
  <type>HEARTBEAT</type>
  <arg>7668,10276,1180,10508</arg>
  <arg>0,0,0,0</arg>
  <arg>143051,92644,187473,74923</arg>
  <severity>INFO</severity>
  <timestamp>Tue Oct 29 20:13:13 2019</timestamp>
</msg>
<msg id="81" tool="tc">
  <type>HEARTBEAT</type>
  <arg>7668,10276,1180,10508</arg>
  <arg>0,0,0,0</arg>
  <arg>426820,361749,408431,133143</arg>
  <severity>INFO</severity>
  <timestamp>Tue Oct 29 20:13:14 2019</timestamp>
</msg>
<msg id="82" tool="tc">
  <type>HEARTBEAT</type>
  <arg>7668,10276,1180,10508</arg>
  <arg>0,0,0,0</arg>
  <arg>40783,119931,108554,91974</arg>
  <severity>INFO</severity>
  <timestamp>Tue Oct 29 20:13:15 2019</timestamp>
</msg>
<msg id="83" tool="tc">
  <type>HEARTBEAT</type>
  <arg>7668,10276,1180,10508</arg>
  <arg>0,0,0,0</arg>
  <arg>85117,52630,67156,96449</arg>
  <severity>INFO</severity>
  <timestamp>Tue Oct 29 20:13:16 2019</timestamp>
</msg>
<msg id="84" tool="tc">
  <type>HEARTBEAT</type>
  <arg>7668,10276,1180,10508</arg>
  <arg>0,0,0,0</arg>
  <arg>111279,34833,40499,79340</arg>
  <severity>INFO</severity>
  <timestamp>Tue Oct 29 20:13:17 2019</timestamp>
</msg>
<msg id="85" tool="tc">
  <type>HEARTBEAT</type>
  <arg>7668,10276,1180,10508</arg>
  <arg>0,0,0,0</arg>
  <arg>102175,90943,140276,78706</arg>
  <severity>INFO</severity>
  <timestamp>Tue Oct 29 20:13:18 2019</timestamp>
</msg>
<msg id="86" tool="tc">
  <type>HEARTBEAT</type>
  <arg>7668,10276,1180,10508</arg>
  <arg>0,0,0,0</arg>
  <arg>91412,60253,109386,44673</arg>
  <severity>INFO</severity>
  <timestamp>Tue Oct 29 20:13:19 2019</timestamp>
</msg>
<msg id="87" tool="tc">
  <type>HEARTBEAT</type>
  <arg>7668,10276,1180,10508</arg>
  <arg>0,0,0,0</arg>
  <arg>123536,203839,138900,184823</arg>
  <severity>INFO</severity>
  <timestamp>Tue Oct 29 20:13:20 2019</timestamp>
</msg>
<msg id="88" tool="tc">
  <type>HEARTBEAT</type>
  <arg>7668,10276,1180,10508</arg>
  <arg>0,0,0,0</arg>
  <arg>122793,176361,165786,139300</arg>
  <severity>INFO</severity>
  <timestamp>Tue Oct 29 20:13:21 2019</timestamp>
</msg>
<msg id="89" tool="tc">
  <type>HEARTBEAT</type>
  <arg>7668,10276,1180,10508</arg>
  <arg>0,0,0,0</arg>
  <arg>153109,130462,207362,175354</arg>
  <severity>INFO</severity>
  <timestamp>Tue Oct 29 20:13:22 2019</timestamp>
</msg>
<msg id="90" tool="tc">
  <type>HEARTBEAT</type>
  <arg>7668,10276,1180,10508</arg>
  <arg>0,0,0,0</arg>
  <arg>235987,180559,129192,171176</arg>
  <severity>INFO</severity>
  <timestamp>Tue Oct 29 20:13:23 2019</timestamp>
</msg>
<msg id="91" tool="tc">
  <type>HEARTBEAT</type>
  <arg>7668,10276,1180,10508</arg>
  <arg>0,0,0,0</arg>
  <arg>108303,120526,94461,113580</arg>
  <severity>INFO</severity>
  <timestamp>Tue Oct 29 20:13:24 2019</timestamp>
</msg>
<msg id="92" tool="tc">
  <type>HEARTBEAT</type>
  <arg>7668,10276,1180,10508</arg>
  <arg>0,0,0,0</arg>
  <arg>139418,148263,146551,85857</arg>
  <severity>INFO</severity>
  <timestamp>Tue Oct 29 20:13:25 2019</timestamp>
</msg>
<msg id="93" tool="tc">
  <type>HEARTBEAT</type>
  <arg>7668,10276,1180,10508</arg>
  <arg>0,0,0,0</arg>
  <arg>93031,67433,99040,48376</arg>
  <severity>INFO</severity>
  <timestamp>Tue Oct 29 20:13:26 2019</timestamp>
</msg>
<msg id="94" tool="tc">
  <type>HEARTBEAT</type>
  <arg>7668,10276,1180,10508</arg>
  <arg>0,0,0,0</arg>
  <arg>127892,67620,119006,106751</arg>
  <severity>INFO</severity>
  <timestamp>Tue Oct 29 20:13:27 2019</timestamp>
</msg>
<msg id="95" tool="tc">
  <type>HEARTBEAT</type>
  <arg>7668,10276,1180,10508</arg>
  <arg>0,0,0,0</arg>
  <arg>109340,81559,97088,84918</arg>
  <severity>INFO</severity>
  <timestamp>Tue Oct 29 20:13:28 2019</timestamp>
</msg>
<msg id="96" tool="tc">
  <type>HEARTBEAT</type>
  <arg>7668,10276,1180,10508</arg>
  <arg>0,0,0,0</arg>
  <arg>66454,145778,163101,75300</arg>
  <severity>INFO</severity>
  <timestamp>Tue Oct 29 20:13:29 2019</timestamp>
</msg>
<msg id="97" tool="tc">
  <type>HEARTBEAT</type>
  <arg>7668,10276,1180,10508</arg>
  <arg>0,0,0,0</arg>
  <arg>173598,141484,103224,100595</arg>
  <severity>INFO</severity>
  <timestamp>Tue Oct 29 20:13:30 2019</timestamp>
</msg>
<msg id="98" tool="tc">
  <type>HEARTBEAT</type>
  <arg>7668,10276,1180,10508</arg>
  <arg>0,0,0,0</arg>
  <arg>131468,162919,176291,190624</arg>
  <severity>INFO</severity>
  <timestamp>Tue Oct 29 20:13:31 2019</timestamp>
</msg>
<msg id="99" tool="tc">
  <type>HEARTBEAT</type>
  <arg>7668,10276,1180,10508</arg>
  <arg>0,0,0,0</arg>
  <arg>100438,151150,139727,21100</arg>
  <severity>INFO</severity>
  <timestamp>Tue Oct 29 20:13:32 2019</timestamp>
</msg>
<msg id="100" tool="tc">
  <type>HEARTBEAT</type>
  <arg>7668,10276,1180,10508</arg>
  <arg>0,0,0,0</arg>
  <arg>149980,181857,116265,199344</arg>
  <severity>INFO</severity>
  <timestamp>Tue Oct 29 20:13:33 2019</timestamp>
</msg>
<msg id="101" tool="tc">
  <type>HEARTBEAT</type>
  <arg>7668,10276,1180,10508</arg>
  <arg>0,0,0,0</arg>
  <arg>176427,111938,259775,196625</arg>
  <severity>INFO</severity>
  <timestamp>Tue Oct 29 20:13:34 2019</timestamp>
</msg>
<msg id="102" tool="tc">
  <type>HEARTBEAT</type>
  <arg>7668,10276,1180,10508</arg>
  <arg>0,0,0,0</arg>
  <arg>146172,234356,142766,195274</arg>
  <severity>INFO</severity>
  <timestamp>Tue Oct 29 20:13:35 2019</timestamp>
</msg>
<msg id="103" tool="tc">
  <type>HEARTBEAT</type>
  <arg>7668,10276,1180,10508</arg>
  <arg>0,0,0,0</arg>
  <arg>145903,213050,205977,94866</arg>
  <severity>INFO</severity>
  <timestamp>Tue Oct 29 20:13:36 2019</timestamp>
</msg>
<msg id="104" tool="tc">
  <type>HEARTBEAT</type>
  <arg>7668,10276,1180,10508</arg>
  <arg>0,0,0,0</arg>
  <arg>7613,11232,6418,8671</arg>
  <severity>INFO</severity>
  <timestamp>Tue Oct 29 20:13:37 2019</timestamp>
</msg>
<msg id="105" tool="tc">
  <type>HEARTBEAT</type>
  <arg>7668,10276,1180,10508</arg>
  <arg>0,0,0,0</arg>
  <arg>130040,62206,160551,99610</arg>
  <severity>INFO</severity>
  <timestamp>Tue Oct 29 20:13:38 2019</timestamp>
</msg>
<msg id="106" tool="tc">
  <type>HEARTBEAT</type>
  <arg>7668,10276,1180,10508</arg>
  <arg>0,0,0,0</arg>
  <arg>141169,207459,99642,206967</arg>
  <severity>INFO</severity>
  <timestamp>Tue Oct 29 20:13:39 2019</timestamp>
</msg>
<msg id="107" tool="tc">
  <type>HEARTBEAT</type>
  <arg>7668,10276,1180,10508</arg>
  <arg>0,0,0,0</arg>
  <arg>84326,152581,184096,68403</arg>
  <severity>INFO</severity>
  <timestamp>Tue Oct 29 20:13:40 2019</timestamp>
</msg>
<msg id="108" tool="tc">
  <type>HEARTBEAT</type>
  <arg>7668,10276,1180,10508</arg>
  <arg>0,0,0,0</arg>
  <arg>194654,165190,62998,103498</arg>
  <severity>INFO</severity>
  <timestamp>Tue Oct 29 20:13:41 2019</timestamp>
</msg>
<msg id="109" tool="tc">
  <type>HEARTBEAT</type>
  <arg>7668,10276,1180,10508</arg>
  <arg>0,0,0,0</arg>
  <arg>116976,154026,82725,131118</arg>
  <severity>INFO</severity>
  <timestamp>Tue Oct 29 20:13:42 2019</timestamp>
</msg>
<msg id="110" tool="tc">
  <type>HEARTBEAT</type>
  <arg>7668,10276,1180,10508</arg>
  <arg>0,0,0,0</arg>
  <arg>225144,141009,102286,163127</arg>
  <severity>INFO</severity>
  <timestamp>Tue Oct 29 20:13:43 2019</timestamp>
</msg>
<msg id="111" tool="tc">
  <type>HEARTBEAT</type>
  <arg>7668,10276,1180,10508</arg>
  <arg>0,0,0,0</arg>
  <arg>126362,106013,139992,42297</arg>
  <severity>INFO</severity>
  <timestamp>Tue Oct 29 20:13:44 2019</timestamp>
</msg>
<msg id="112" tool="tc">
  <type>HEARTBEAT</type>
  <arg>7668,10276,1180,10508</arg>
  <arg>0,0,0,0</arg>
  <arg>126977,233053,243216,288617</arg>
  <severity>INFO</severity>
  <timestamp>Tue Oct 29 20:13:45 2019</timestamp>
</msg>
<msg id="113" tool="tc">
  <type>HEARTBEAT</type>
  <arg>7668,10276,1180,10508</arg>
  <arg>0,0,0,0</arg>
  <arg>142468,193292,165783,146062</arg>
  <severity>INFO</severity>
  <timestamp>Tue Oct 29 20:13:46 2019</timestamp>
</msg>
<msg id="114" tool="tc">
  <type>HEARTBEAT</type>
  <arg>7668,10276,1180,10508</arg>
  <arg>0,0,0,0</arg>
  <arg>107592,222199,214610,174605</arg>
  <severity>INFO</severity>
  <timestamp>Tue Oct 29 20:13:47 2019</timestamp>
</msg>
<msg id="115" tool="tc">
  <type>HEARTBEAT</type>
  <arg>7668,10276,1180,10508</arg>
  <arg>0,0,0,0</arg>
  <arg>127726,138533,103139,52894</arg>
  <severity>INFO</severity>
  <timestamp>Tue Oct 29 20:13:48 2019</timestamp>
</msg>
<msg id="116" tool="tc">
  <type>HEARTBEAT</type>
  <arg>7668,10276,1180,10508</arg>
  <arg>0,0,0,0</arg>
  <arg>184765,120814,173068,142745</arg>
  <severity>INFO</severity>
  <timestamp>Tue Oct 29 20:13:49 2019</timestamp>
</msg>
<msg id="117" tool="tc">
  <type>HEARTBEAT</type>
  <arg>7668,10276,1180,10508</arg>
  <arg>0,0,0,0</arg>
  <arg>182326,88056,162227,167143</arg>
  <severity>INFO</severity>
  <timestamp>Tue Oct 29 20:13:50 2019</timestamp>
</msg>
<msg id="118" tool="tc">
  <type>HEARTBEAT</type>
  <arg>7668,10276,1180,10508</arg>
  <arg>0,0,0,0</arg>
  <arg>91792,194487,162009,183832</arg>
  <severity>INFO</severity>
  <timestamp>Tue Oct 29 20:13:51 2019</timestamp>
</msg>
<msg id="119" tool="tc">
  <type>HEARTBEAT</type>
  <arg>7668,10276,1180,10508</arg>
  <arg>0,0,0,0</arg>
  <arg>156692,142350,129601,72404</arg>
  <severity>INFO</severity>
  <timestamp>Tue Oct 29 20:13:52 2019</timestamp>
</msg>
<msg id="120" tool="tc">
  <type>HEARTBEAT</type>
  <arg>7668,10276,1180,10508</arg>
  <arg>0,0,0,0</arg>
  <arg>150180,148387,127162,171606</arg>
  <severity>INFO</severity>
  <timestamp>Tue Oct 29 20:13:53 2019</timestamp>
</msg>
<msg id="121" tool="tc">
  <type>HEARTBEAT</type>
  <arg>7668,10276,1180,10508</arg>
  <arg>0,0,0,0</arg>
  <arg>260018,197559,224381,239274</arg>
  <severity>INFO</severity>
  <timestamp>Tue Oct 29 20:13:54 2019</timestamp>
</msg>
<msg id="122" tool="tc">
  <type>HEARTBEAT</type>
  <arg>7668,10276,1180,10508</arg>
  <arg>0,0,0,0</arg>
  <arg>168580,280706,263955,199580</arg>
  <severity>INFO</severity>
  <timestamp>Tue Oct 29 20:13:55 2019</timestamp>
</msg>
<msg id="123" tool="tc">
  <type>HEARTBEAT</type>
  <arg>7668,10276,1180,10508</arg>
  <arg>0,0,0,0</arg>
  <arg>132600,116443,163197,178795</arg>
  <severity>INFO</severity>
  <timestamp>Tue Oct 29 20:13:56 2019</timestamp>
</msg>
<msg id="124" tool="tc">
  <type>HEARTBEAT</type>
  <arg>7668,10276,1180,10508</arg>
  <arg>0,0,0,0</arg>
  <arg>106334,124380,120356,112325</arg>
  <severity>INFO</severity>
  <timestamp>Tue Oct 29 20:13:57 2019</timestamp>
</msg>
<msg id="125" tool="tc">
  <type>HEARTBEAT</type>
  <arg>7668,10276,1180,10508</arg>
  <arg>0,0,0,0</arg>
  <arg>134301,120501,81261,132100</arg>
  <severity>INFO</severity>
  <timestamp>Tue Oct 29 20:13:58 2019</timestamp>
</msg>
<msg id="126" tool="tc">
  <type>HEARTBEAT</type>
  <arg>7668,10276,1180,10508</arg>
  <arg>0,0,0,0</arg>
  <arg>151316,140020,164764,181991</arg>
  <severity>INFO</severity>
  <timestamp>Tue Oct 29 20:13:59 2019</timestamp>
</msg>
<msg id="127" tool="tc">
  <type>HEARTBEAT</type>
  <arg>7668,10276,1180,10508</arg>
  <arg>0,0,0,0</arg>
  <arg>195589,273063,270960,181633</arg>
  <severity>INFO</severity>
  <timestamp>Tue Oct 29 20:14:00 2019</timestamp>
</msg>
<msg id="128" tool="tc">
  <type>HEARTBEAT</type>
  <arg>7668,10276,1180,10508</arg>
  <arg>0,0,0,0</arg>
  <arg>218824,182270,169591,180378</arg>
  <severity>INFO</severity>
  <timestamp>Tue Oct 29 20:14:01 2019</timestamp>
</msg>
<msg id="129" tool="tc">
  <type>HEARTBEAT</type>
  <arg>7668,10276,1180,10508</arg>
  <arg>0,0,0,0</arg>
  <arg>238131,162591,214818,127892</arg>
  <severity>INFO</severity>
  <timestamp>Tue Oct 29 20:14:02 2019</timestamp>
</msg>
<msg id="130" tool="tc">
  <type>HEARTBEAT</type>
  <arg>7668,10276,1180,10508</arg>
  <arg>0,0,0,0</arg>
  <arg>182170,187741,198238,122394</arg>
  <severity>INFO</severity>
  <timestamp>Tue Oct 29 20:14:03 2019</timestamp>
</msg>
<msg id="131" tool="tc">
  <type>HEARTBEAT</type>
  <arg>7668,10276,1180,10508</arg>
  <arg>0,0,0,0</arg>
  <arg>237204,322629,264639,243085</arg>
  <severity>INFO</severity>
  <timestamp>Tue Oct 29 20:14:04 2019</timestamp>
</msg>
<msg id="132" tool="tc">
  <type>HEARTBEAT</type>
  <arg>7668,10276,1180,10508</arg>
  <arg>0,0,0,0</arg>
  <arg>331661,341049,301160,353684</arg>
  <severity>INFO</severity>
  <timestamp>Tue Oct 29 20:14:05 2019</timestamp>
</msg>
<msg id="133" tool="tc">
  <type>HEARTBEAT</type>
  <arg>7668,10276,1180,10508</arg>
  <arg>0,0,0,0</arg>
  <arg>325511,347871,269125,256232</arg>
  <severity>INFO</severity>
  <timestamp>Tue Oct 29 20:14:06 2019</timestamp>
</msg>
<msg id="134" tool="tc">
  <type>HEARTBEAT</type>
  <arg>7668,10276,1180,10508</arg>
  <arg>0,0,0,0</arg>
  <arg>376980,372108,365051,298141</arg>
  <severity>INFO</severity>
  <timestamp>Tue Oct 29 20:14:07 2019</timestamp>
</msg>
<msg id="135" tool="tc">
  <type>HEARTBEAT</type>
  <arg>7668,10276,1180,10508</arg>
  <arg>1,1,1,0</arg>
  <arg>1246480,1497870,1091126,1191735</arg>
  <severity>INFO</severity>
  <timestamp>Tue Oct 29 20:14:08 2019</timestamp>
</msg>
<msg id="136" tool="tc">
  <type>LOAD_MODULE</type>
  <arg>c:\windows\system32\kernel.appcore.dll</arg>
  <arg>0x7ffaa9e20000</arg>
  <arg>0x7ffaa9e2efff</arg>
  <severity>INFO</severity>
  <timestamp>Tue Oct 29 20:14:08 2019</timestamp>
</msg>
<msg id="137" tool="tc">
  <type>LOAD_MODULE</type>
  <arg>c:\windows\system32\msvcrt.dll</arg>
  <arg>0x7ffaad6f0000</arg>
  <arg>0x7ffaad78dfff</arg>
  <severity>INFO</severity>
  <timestamp>Tue Oct 29 20:14:08 2019</timestamp>
</msg>
<msg id="138" tool="tc">
  <type>LOAD_MODULE</type>
  <arg>c:\windows\system32\rpcrt4.dll</arg>
  <arg>0x7ffaab160000</arg>
  <arg>0x7ffaab280fff</arg>
  <severity>INFO</severity>
  <timestamp>Tue Oct 29 20:14:08 2019</timestamp>
</msg>
<msg id="139" tool="tc">
  <type>UNLOAD_MODULE</type>
  <arg>f:\intel_parallel_studio\projects\task3\x64\release\task3.exe</arg>
  <severity>INFO</severity>
  <timestamp>Tue Oct 29 20:14:09 2019</timestamp>
</msg>
<msg id="140" tool="tc">
  <type>UNLOAD_MODULE</type>
  <arg>c:\windows\system32\kernelbase.dll</arg>
  <severity>INFO</severity>
  <timestamp>Tue Oct 29 20:14:09 2019</timestamp>
</msg>
<msg id="141" tool="tc">
  <type>UNLOAD_MODULE</type>
  <arg>c:\windows\system32\kernel32.dll</arg>
  <severity>INFO</severity>
  <timestamp>Tue Oct 29 20:14:09 2019</timestamp>
</msg>
<msg id="142" tool="tc">
  <type>UNLOAD_MODULE</type>
  <arg>c:\windows\system32\ntdll.dll</arg>
  <severity>INFO</severity>
  <timestamp>Tue Oct 29 20:14:09 2019</timestamp>
</msg>
<msg id="143" tool="tc">
  <type>UNLOAD_MODULE</type>
  <arg>c:\windows\system32\ucrtbase.dll</arg>
  <severity>INFO</severity>
  <timestamp>Tue Oct 29 20:14:09 2019</timestamp>
</msg>
<msg id="144" tool="tc">
  <type>UNLOAD_MODULE</type>
  <arg>c:\windows\system32\msvcp140.dll</arg>
  <severity>INFO</severity>
  <timestamp>Tue Oct 29 20:14:09 2019</timestamp>
</msg>
<msg id="145" tool="tc">
  <type>UNLOAD_MODULE</type>
  <arg>c:\windows\system32\vcruntime140.dll</arg>
  <severity>INFO</severity>
  <timestamp>Tue Oct 29 20:14:09 2019</timestamp>
</msg>
<msg id="146" tool="tc">
  <type>UNLOAD_MODULE</type>
  <arg>c:\program files (x86)\intelswtools\compilers_and_libraries_2019\windows\redist\intel64\compiler\cilkrts20.dll</arg>
  <severity>INFO</severity>
  <timestamp>Tue Oct 29 20:14:09 2019</timestamp>
</msg>
<msg id="147" tool="tc">
  <type>UNLOAD_MODULE</type>
  <arg>c:\windows\system32\user32.dll</arg>
  <severity>INFO</severity>
  <timestamp>Tue Oct 29 20:14:09 2019</timestamp>
</msg>
<msg id="148" tool="tc">
  <type>UNLOAD_MODULE</type>
  <arg>c:\windows\system32\win32u.dll</arg>
  <severity>INFO</severity>
  <timestamp>Tue Oct 29 20:14:09 2019</timestamp>
</msg>
<msg id="149" tool="tc">
  <type>UNLOAD_MODULE</type>
  <arg>c:\windows\system32\gdi32.dll</arg>
  <severity>INFO</severity>
  <timestamp>Tue Oct 29 20:14:09 2019</timestamp>
</msg>
<msg id="150" tool="tc">
  <type>UNLOAD_MODULE</type>
  <arg>c:\windows\system32\gdi32full.dll</arg>
  <severity>INFO</severity>
  <timestamp>Tue Oct 29 20:14:09 2019</timestamp>
</msg>
<msg id="151" tool="tc">
  <type>UNLOAD_MODULE</type>
  <arg>c:\windows\system32\imm32.dll</arg>
  <severity>INFO</severity>
  <timestamp>Tue Oct 29 20:14:09 2019</timestamp>
</msg>
<msg id="152" tool="tc">
  <type>UNLOAD_MODULE</type>
  <arg>c:\program files (x86)\intelswtools\inspector 2019\bin64\runtime\libittnotify.dll</arg>
  <severity>INFO</severity>
  <timestamp>Tue Oct 29 20:14:09 2019</timestamp>
</msg>
<msg id="153" tool="tc">
  <type>UNLOAD_MODULE</type>
  <arg>c:\windows\system32\kernel.appcore.dll</arg>
  <severity>INFO</severity>
  <timestamp>Tue Oct 29 20:14:09 2019</timestamp>
</msg>
<msg id="154" tool="tc">
  <type>UNLOAD_MODULE</type>
  <arg>c:\windows\system32\msvcrt.dll</arg>
  <severity>INFO</severity>
  <timestamp>Tue Oct 29 20:14:09 2019</timestamp>
</msg>
<msg id="155" tool="tc">
  <type>UNLOAD_MODULE</type>
  <arg>c:\windows\system32\rpcrt4.dll</arg>
  <severity>INFO</severity>
  <timestamp>Tue Oct 29 20:14:09 2019</timestamp>
</msg>
<msg id="156" tool="tc">
  <type>PROCESS_TERMINATE</type>
  <arg>f:\intel_parallel_studio\projects\task3\x64\release\task3.exe</arg>
  <arg>4944</arg>
  <severity>INFO</severity>
  <timestamp>Tue Oct 29 20:14:09 2019</timestamp>
</msg>
<msg id="157" tool="tc">
  <type>ANALYSIS_COMPLETE</type>
  <severity>INFO</severity>
  <timestamp>Tue Oct 29 20:14:09 2019</timestamp>
</msg>
<msg id="158" tool="tc">
  <type>STOP</type>
  <severity>INFO</severity>
  <timestamp>Tue Oct 29 20:14:09 2019</timestamp>
</msg>
<msg id="159" tool="runtool">
  <type>app-exit-code</type>
  <arg>0</arg>
</msg>
<msg id="160" tool="runtool">
  <type>marker-file</type>
  <arg>F:\Intel_parallel_studio\projects\task3\task3\My Inspector Results - task3\r005ti3\r005ti3.inspxe</arg>
</msg>
<msg id="161" tool="runtool">
  <type>collector-done</type>
</msg>
<msg id="162" tool="runtool">
  <type>log-end</type>
  <arg>2019/10/29 20:14:13</arg>
</msg>

</log>

