<?xml version="1.0" encoding="utf-8" ?>
<!-- DO NOT EDIT THIS FILE -->

<log version='2.0' source='tcet'>
	<!-- Sampling enabled with the following: -->
	<!--     Budget                              5: -->
	<!--     Overdraft Budget                   75: -->
	<!--     Savings Budget                      2: -->
	<!-- Opened annotation file C:\Program Files (x86)\IntelSWTools\Inspector 2019\bin64\..\config\tc\qt.ant -->
	<!-- Opened annotation file C:\Program Files (x86)\IntelSWTools\Inspector 2019\bin64\..\config\tc\cpp11.ant -->
	<!-- Opened annotation file C:\Program Files (x86)\IntelSWTools\Inspector 2019\bin64\..\config\tc\fortran.ant -->
	<!-- Opened annotation file C:\Program Files (x86)\IntelSWTools\Inspector 2019\bin64\..\config\tc\icl.ant -->
	<!-- Opened annotation file C:\Program Files (x86)\IntelSWTools\Inspector 2019\bin64\..\config\tc\allocators.ant -->
	<!-- Opened annotation file C:\Program Files (x86)\IntelSWTools\Inspector 2019\bin64\..\config\tc\boost.ant -->
	<!-- Opened annotation file C:\Program Files (x86)\IntelSWTools\Inspector 2019\bin64\..\config\tc\system_api_filter.ant -->
	<!-- Opened annotation file C:\Program Files (x86)\IntelSWTools\Inspector 2019\bin64\..\config\tc\system_api.ant -->
	<msg id='1' display='false' source='tccore'>
		<type>START</type>
		<severity>INFO</severity>
		<timestamp>Tue Oct 29 20:12:10 2019</timestamp>
	</msg>
	<!-- Successfully loaded CCRT 13.1.11 at address 0x55b00000 - 0x55b70000 -->
	<!-- Successfully loaded the TC Analysis Core 8.8.3 at address 0x7ffa46160000 - 0x7ffa4618e000 -->
	<!-- Successfully loaded the TC Instrumentation Engine 8.8.3 at address 0x55b90000 - 0x55dff000 -->
	<!-- This is the instance of interest -->
	<msg id='2' source='tcet'>
		<type>EXEC_OF_INTEREST</type>
		<severity>INFO</severity>
		<timestamp>Tue Oct 29 20:12:10 2019</timestamp>
		<arg name='process'>f:\intel_parallel_studio\projects\task3\x64\release\task3.exe</arg>
		<arg name='pid'>4944</arg>
	</msg>
	<msg id='3' source='tcet'>
		<type>LOAD_MODULE</type>
		<severity>INFO</severity>
		<timestamp>Tue Oct 29 20:12:10 2019</timestamp>
		<arg name='module'>f:\intel_parallel_studio\projects\task3\x64\release\task3.exe</arg>
		<arg name='basement'>0x7ff715310000</arg>
		<arg name='ceiling'>0x7ff71531ffff</arg>
	</msg>
	<msg id='4' source='tcet'>
		<type>LOAD_MODULE</type>
		<severity>INFO</severity>
		<timestamp>Tue Oct 29 20:12:10 2019</timestamp>
		<arg name='module'>c:\windows\system32\kernelbase.dll</arg>
		<arg name='basement'>0x7ffaaa9a0000</arg>
		<arg name='ceiling'>0x7ffaaabbcfff</arg>
	</msg>
	<!-- Target OS: Win8 or Server 2K2012 or later -->
	<msg id='5' source='tcet'>
		<type>LOAD_MODULE</type>
		<severity>INFO</severity>
		<timestamp>Tue Oct 29 20:12:10 2019</timestamp>
		<arg name='module'>c:\windows\system32\kernel32.dll</arg>
		<arg name='basement'>0x7ffaab030000</arg>
		<arg name='ceiling'>0x7ffaab0dafff</arg>
	</msg>
	<!-- Target OS: Win8 or Server 2K2012 or later -->
	<msg id='6' source='tcet'>
		<type>LOAD_MODULE</type>
		<severity>INFO</severity>
		<timestamp>Tue Oct 29 20:12:10 2019</timestamp>
		<arg name='module'>c:\windows\system32\ntdll.dll</arg>
		<arg name='basement'>0x7ffaad900000</arg>
		<arg name='ceiling'>0x7ffaadad0fff</arg>
	</msg>
	<!-- Target OS: Win8 or Server 2K2012 or later -->
	<msg id='7' source='tcet'>
		<type>LOAD_MODULE</type>
		<severity>INFO</severity>
		<timestamp>Tue Oct 29 20:12:11 2019</timestamp>
		<arg name='module'>c:\windows\system32\ucrtbase.dll</arg>
		<arg name='basement'>0x7ffaaa880000</arg>
		<arg name='ceiling'>0x7ffaaa974fff</arg>
	</msg>
	<msg id='8' source='tcet'>
		<type>LOAD_MODULE</type>
		<severity>INFO</severity>
		<timestamp>Tue Oct 29 20:12:11 2019</timestamp>
		<arg name='module'>c:\windows\system32\msvcp140.dll</arg>
		<arg name='basement'>0x7ffa98860000</arg>
		<arg name='ceiling'>0x7ffa988fafff</arg>
	</msg>
	<msg id='9' source='tcet'>
		<type>LOAD_MODULE</type>
		<severity>INFO</severity>
		<timestamp>Tue Oct 29 20:12:11 2019</timestamp>
		<arg name='module'>c:\windows\system32\vcruntime140.dll</arg>
		<arg name='basement'>0x7ffa98840000</arg>
		<arg name='ceiling'>0x7ffa98854fff</arg>
	</msg>
	<!-- Found ZCA section with version 1.1 -->
	<!-- Found ZCA section with version 1.1 -->
	<!-- Found ZCA section with version 1.1 -->
	<!-- Found ZCA section with version 1.1 -->
	<!-- Found ZCA section with version 1.1 -->
	<!-- Found ZCA section with version 1.1 -->
	<!-- Found ZCA section with version 1.1 -->
	<!-- Found ZCA section with version 1.1 -->
	<!-- Found ZCA section with version 1.1 -->
	<!-- Found ZCA section with version 1.1 -->
	<!-- Found ZCA section with version 1.1 -->
	<!-- Found ZCA section with version 1.1 -->
	<!-- Found ZCA section with version 1.1 -->
	<!-- Found ZCA section with version 1.1 -->
	<!-- Found ZCA section with version 1.1 -->
	<!-- Found ZCA section with version 1.1 -->
	<!-- Found ZCA section with version 1.1 -->
	<!-- Found ZCA section with version 1.1 -->
	<!-- Found ZCA section with version 1.1 -->
	<!-- Found ZCA section with version 1.1 -->
	<!-- Found ZCA section with version 1.1 -->
	<!-- Found ZCA section with version 1.1 -->
	<!-- Found ZCA section with version 1.1 -->
	<msg id='10' source='tcet'>
		<type>LOAD_MODULE</type>
		<severity>INFO</severity>
		<timestamp>Tue Oct 29 20:12:12 2019</timestamp>
		<arg name='module'>c:\program files (x86)\intelswtools\compilers_and_libraries_2019\windows\redist\intel64\compiler\cilkrts20.dll</arg>
		<arg name='basement'>0x7ffa531f0000</arg>
		<arg name='ceiling'>0x7ffa53242fff</arg>
	</msg>
	<msg id='11' source='tcet'>
		<type>LOAD_MODULE</type>
		<severity>INFO</severity>
		<timestamp>Tue Oct 29 20:12:12 2019</timestamp>
		<arg name='module'>c:\windows\system32\user32.dll</arg>
		<arg name='basement'>0x7ffaaaec0000</arg>
		<arg name='ceiling'>0x7ffaab024fff</arg>
	</msg>
	<msg id='12' source='tcet'>
		<type>LOAD_MODULE</type>
		<severity>INFO</severity>
		<timestamp>Tue Oct 29 20:12:12 2019</timestamp>
		<arg name='module'>c:\windows\system32\win32u.dll</arg>
		<arg name='basement'>0x7ffaaa980000</arg>
		<arg name='ceiling'>0x7ffaaa99dfff</arg>
	</msg>
	<!-- Routine at entry point of image c:\windows\system32\win32u.dll is invalid -->
	<msg id='13' source='tcet'>
		<type>LOAD_MODULE</type>
		<severity>INFO</severity>
		<timestamp>Tue Oct 29 20:12:12 2019</timestamp>
		<arg name='module'>c:\windows\system32\gdi32.dll</arg>
		<arg name='basement'>0x7ffaad8c0000</arg>
		<arg name='ceiling'>0x7ffaad8f3fff</arg>
	</msg>
	<msg id='14' source='tcet'>
		<type>LOAD_MODULE</type>
		<severity>INFO</severity>
		<timestamp>Tue Oct 29 20:12:12 2019</timestamp>
		<arg name='module'>c:\windows\system32\gdi32full.dll</arg>
		<arg name='basement'>0x7ffaaa6f0000</arg>
		<arg name='ceiling'>0x7ffaaa871fff</arg>
	</msg>
	<msg id='15' source='tcet'>
		<type>LOAD_MODULE</type>
		<severity>INFO</severity>
		<timestamp>Tue Oct 29 20:12:14 2019</timestamp>
		<arg name='module'>c:\windows\system32\imm32.dll</arg>
		<arg name='basement'>0x7ffaaae90000</arg>
		<arg name='ceiling'>0x7ffaaaebdfff</arg>
	</msg>
	<msg id='16' source='tcet'>
		<type>LOAD_MODULE</type>
		<severity>INFO</severity>
		<timestamp>Tue Oct 29 20:12:15 2019</timestamp>
		<arg name='module'>c:\program files (x86)\intelswtools\inspector 2019\bin64\runtime\libittnotify.dll</arg>
		<arg name='basement'>0x7ffa54400000</arg>
		<arg name='ceiling'>0x7ffa54432fff</arg>
	</msg>
	<!-- Target OS: Win8 or Server 2K2012 or later -->
	<msg id='17' display='false' source='tcet'>
		<type>HEARTBEAT</type>
		<severity>INFO</severity>
		<timestamp>Tue Oct 29 20:12:16 2019</timestamp>
		<arg name='tids'>11680,10004,10680,10508</arg>
		<arg name='syscalls'>1,1,1,0</arg>
		<arg name='calls'>552,3950,913,29725</arg>
	</msg>
	<msg id='18' display='false' source='tcet'>
		<type>HEARTBEAT</type>
		<severity>INFO</severity>
		<timestamp>Tue Oct 29 20:12:17 2019</timestamp>
		<arg name='tids'>11680,10004,10680,10508</arg>
		<arg name='syscalls'>1,1,1,0</arg>
		<arg name='calls'>0,0,0,13480882</arg>
	</msg>
	<msg id='19' display='false' source='tcet'>
		<type>HEARTBEAT</type>
		<severity>INFO</severity>
		<timestamp>Tue Oct 29 20:12:18 2019</timestamp>
		<arg name='tids'>11680,10004,10680,10508</arg>
		<arg name='syscalls'>1,1,1,0</arg>
		<arg name='calls'>0,0,0,27019150</arg>
	</msg>
	<msg id='20' display='false' source='tcet'>
		<type>HEARTBEAT</type>
		<severity>INFO</severity>
		<timestamp>Tue Oct 29 20:12:19 2019</timestamp>
		<arg name='tids'>11680,10004,10680,10508</arg>
		<arg name='syscalls'>1,1,1,0</arg>
		<arg name='calls'>0,0,0,0</arg>
	</msg>
	<msg id='21' display='false' source='tcet'>
		<type>HEARTBEAT</type>
		<severity>INFO</severity>
		<timestamp>Tue Oct 29 20:12:20 2019</timestamp>
		<arg name='tids'>11680,10004,10680,10508</arg>
		<arg name='syscalls'>1,1,1,0</arg>
		<arg name='calls'>0,0,0,0</arg>
	</msg>
	<msg id='22' display='false' source='tcet'>
		<type>HEARTBEAT</type>
		<severity>INFO</severity>
		<timestamp>Tue Oct 29 20:12:21 2019</timestamp>
		<arg name='tids'>11680,10004,10680,10508</arg>
		<arg name='syscalls'>1,1,1,0</arg>
		<arg name='calls'>0,0,0,0</arg>
	</msg>
	<msg id='23' display='false' source='tcet'>
		<type>HEARTBEAT</type>
		<severity>INFO</severity>
		<timestamp>Tue Oct 29 20:12:22 2019</timestamp>
		<arg name='tids'>11680,10004,10680,10508</arg>
		<arg name='syscalls'>1,1,1,0</arg>
		<arg name='calls'>0,0,0,0</arg>
	</msg>
	<msg id='24' display='false' source='tcet'>
		<type>HEARTBEAT</type>
		<severity>INFO</severity>
		<timestamp>Tue Oct 29 20:12:23 2019</timestamp>
		<arg name='tids'>11680,10004,10680,10508</arg>
		<arg name='syscalls'>1,1,1,0</arg>
		<arg name='calls'>0,0,0,0</arg>
	</msg>
	<msg id='25' display='false' source='tcet'>
		<type>HEARTBEAT</type>
		<severity>INFO</severity>
		<timestamp>Tue Oct 29 20:12:24 2019</timestamp>
		<arg name='tids'>11680,10004,10680,10508</arg>
		<arg name='syscalls'>1,1,1,0</arg>
		<arg name='calls'>0,0,0,0</arg>
	</msg>
	<msg id='26' display='false' source='tcet'>
		<type>HEARTBEAT</type>
		<severity>INFO</severity>
		<timestamp>Tue Oct 29 20:12:25 2019</timestamp>
		<arg name='tids'>11680,10004,10680,10508</arg>
		<arg name='syscalls'>1,1,1,0</arg>
		<arg name='calls'>0,0,0,0</arg>
	</msg>
	<msg id='27' display='false' source='tcet'>
		<type>HEARTBEAT</type>
		<severity>INFO</severity>
		<timestamp>Tue Oct 29 20:12:26 2019</timestamp>
		<arg name='tids'>11680,10004,10680,10508</arg>
		<arg name='syscalls'>1,1,1,0</arg>
		<arg name='calls'>0,0,0,0</arg>
	</msg>
	<msg id='28' display='false' source='tcet'>
		<type>HEARTBEAT</type>
		<severity>INFO</severity>
		<timestamp>Tue Oct 29 20:12:27 2019</timestamp>
		<arg name='tids'>11680,10004,10680,10508</arg>
		<arg name='syscalls'>1,1,1,0</arg>
		<arg name='calls'>0,0,0,0</arg>
	</msg>
	<msg id='29' display='false' source='tcet'>
		<type>HEARTBEAT</type>
		<severity>INFO</severity>
		<timestamp>Tue Oct 29 20:12:28 2019</timestamp>
		<arg name='tids'>11680,10004,10680,10508</arg>
		<arg name='syscalls'>1,1,1,0</arg>
		<arg name='calls'>0,0,0,0</arg>
	</msg>
	<msg id='30' display='false' source='tcet'>
		<type>HEARTBEAT</type>
		<severity>INFO</severity>
		<timestamp>Tue Oct 29 20:12:29 2019</timestamp>
		<arg name='tids'>11680,10004,10680,10508</arg>
		<arg name='syscalls'>1,1,1,0</arg>
		<arg name='calls'>0,0,0,0</arg>
	</msg>
	<msg id='31' display='false' source='tcet'>
		<type>HEARTBEAT</type>
		<severity>INFO</severity>
		<timestamp>Tue Oct 29 20:12:30 2019</timestamp>
		<arg name='tids'>11680,10004,10680,10508</arg>
		<arg name='syscalls'>1,1,1,0</arg>
		<arg name='calls'>0,0,0,0</arg>
	</msg>
	<msg id='32' display='false' source='tcet'>
		<type>HEARTBEAT</type>
		<severity>INFO</severity>
		<timestamp>Tue Oct 29 20:12:31 2019</timestamp>
		<arg name='tids'>11680,10004,10680,10508</arg>
		<arg name='syscalls'>1,1,1,0</arg>
		<arg name='calls'>0,0,0,0</arg>
	</msg>
	<msg id='33' display='false' source='tcet'>
		<type>HEARTBEAT</type>
		<severity>INFO</severity>
		<timestamp>Tue Oct 29 20:12:32 2019</timestamp>
		<arg name='tids'>11680,10004,10680,10508</arg>
		<arg name='syscalls'>1,1,1,0</arg>
		<arg name='calls'>0,0,0,0</arg>
	</msg>
	<msg id='34' display='false' source='tcet'>
		<type>HEARTBEAT</type>
		<severity>INFO</severity>
		<timestamp>Tue Oct 29 20:12:33 2019</timestamp>
		<arg name='tids'>11680,10004,10680,10508</arg>
		<arg name='syscalls'>1,1,1,0</arg>
		<arg name='calls'>0,0,0,0</arg>
	</msg>
	<msg id='35' display='false' source='tcet'>
		<type>HEARTBEAT</type>
		<severity>INFO</severity>
		<timestamp>Tue Oct 29 20:12:34 2019</timestamp>
		<arg name='tids'>11680,10004,10680,10508</arg>
		<arg name='syscalls'>1,1,1,0</arg>
		<arg name='calls'>0,0,0,0</arg>
	</msg>
	<msg id='36' display='false' source='tcet'>
		<type>HEARTBEAT</type>
		<severity>INFO</severity>
		<timestamp>Tue Oct 29 20:12:35 2019</timestamp>
		<arg name='tids'>11680,10004,10680,10508</arg>
		<arg name='syscalls'>1,1,1,0</arg>
		<arg name='calls'>0,0,0,0</arg>
	</msg>
	<msg id='37' display='false' source='tcet'>
		<type>HEARTBEAT</type>
		<severity>INFO</severity>
		<timestamp>Tue Oct 29 20:12:36 2019</timestamp>
		<arg name='tids'>11680,10004,10680,10508</arg>
		<arg name='syscalls'>1,1,1,0</arg>
		<arg name='calls'>0,0,0,0</arg>
	</msg>
	<msg id='38' display='false' source='tcet'>
		<type>HEARTBEAT</type>
		<severity>INFO</severity>
		<timestamp>Tue Oct 29 20:12:37 2019</timestamp>
		<arg name='tids'>11680,10004,10680,10508</arg>
		<arg name='syscalls'>1,1,1,0</arg>
		<arg name='calls'>0,0,0,0</arg>
	</msg>
	<msg id='39' display='false' source='tcet'>
		<type>HEARTBEAT</type>
		<severity>INFO</severity>
		<timestamp>Tue Oct 29 20:12:38 2019</timestamp>
		<arg name='tids'>11680,10004,10680,10508</arg>
		<arg name='syscalls'>1,1,1,0</arg>
		<arg name='calls'>0,0,0,0</arg>
	</msg>
	<msg id='40' display='false' source='tcet'>
		<type>HEARTBEAT</type>
		<severity>INFO</severity>
		<timestamp>Tue Oct 29 20:12:39 2019</timestamp>
		<arg name='tids'>11680,10004,10680,10508</arg>
		<arg name='syscalls'>1,1,1,0</arg>
		<arg name='calls'>0,0,0,0</arg>
	</msg>
	<msg id='41' display='false' source='tcet'>
		<type>HEARTBEAT</type>
		<severity>INFO</severity>
		<timestamp>Tue Oct 29 20:12:40 2019</timestamp>
		<arg name='tids'>11680,10004,10680,10508</arg>
		<arg name='syscalls'>1,1,1,0</arg>
		<arg name='calls'>0,0,0,0</arg>
	</msg>
	<msg id='42' display='false' source='tcet'>
		<type>HEARTBEAT</type>
		<severity>INFO</severity>
		<timestamp>Tue Oct 29 20:12:41 2019</timestamp>
		<arg name='tids'>11680,10004,10680,10508</arg>
		<arg name='syscalls'>1,1,1,0</arg>
		<arg name='calls'>0,0,0,0</arg>
	</msg>
	<msg id='43' display='false' source='tcet'>
		<type>HEARTBEAT</type>
		<severity>INFO</severity>
		<timestamp>Tue Oct 29 20:12:42 2019</timestamp>
		<arg name='tids'>11680,10004,10680,10508</arg>
		<arg name='syscalls'>1,1,1,0</arg>
		<arg name='calls'>0,0,0,0</arg>
	</msg>
	<msg id='44' display='false' source='tcet'>
		<type>HEARTBEAT</type>
		<severity>INFO</severity>
		<timestamp>Tue Oct 29 20:12:43 2019</timestamp>
		<arg name='tids'>11680,10004,10680,10508</arg>
		<arg name='syscalls'>1,1,1,0</arg>
		<arg name='calls'>0,0,0,0</arg>
	</msg>
	<msg id='45' display='false' source='tcet'>
		<type>HEARTBEAT</type>
		<severity>INFO</severity>
		<timestamp>Tue Oct 29 20:12:44 2019</timestamp>
		<arg name='tids'>11680,10004,10680,10508</arg>
		<arg name='syscalls'>1,1,1,0</arg>
		<arg name='calls'>0,0,0,0</arg>
	</msg>
	<msg id='46' display='false' source='tcet'>
		<type>HEARTBEAT</type>
		<severity>INFO</severity>
		<timestamp>Tue Oct 29 20:12:45 2019</timestamp>
		<arg name='tids'>11680,10004,10680,10508</arg>
		<arg name='syscalls'>1,1,1,0</arg>
		<arg name='calls'>0,0,0,0</arg>
	</msg>
	<msg id='47' display='false' source='tcet'>
		<type>HEARTBEAT</type>
		<severity>INFO</severity>
		<timestamp>Tue Oct 29 20:12:46 2019</timestamp>
		<arg name='tids'>11680,10004,10680,10508</arg>
		<arg name='syscalls'>1,1,1,0</arg>
		<arg name='calls'>0,0,0,0</arg>
	</msg>
	<msg id='48' display='false' source='tcet'>
		<type>HEARTBEAT</type>
		<severity>INFO</severity>
		<timestamp>Tue Oct 29 20:12:47 2019</timestamp>
		<arg name='tids'>11680,10004,10680,10508</arg>
		<arg name='syscalls'>1,1,1,0</arg>
		<arg name='calls'>0,0,0,0</arg>
	</msg>
	<msg id='49' display='false' source='tcet'>
		<type>HEARTBEAT</type>
		<severity>INFO</severity>
		<timestamp>Tue Oct 29 20:12:48 2019</timestamp>
		<arg name='tids'>11680,10004,10680,10508</arg>
		<arg name='syscalls'>1,1,1,0</arg>
		<arg name='calls'>0,0,0,0</arg>
	</msg>
	<msg id='50' display='false' source='tcet'>
		<type>HEARTBEAT</type>
		<severity>INFO</severity>
		<timestamp>Tue Oct 29 20:12:49 2019</timestamp>
		<arg name='tids'>11680,10004,10680,10508</arg>
		<arg name='syscalls'>1,1,1,0</arg>
		<arg name='calls'>0,0,0,0</arg>
	</msg>
	<msg id='51' display='false' source='tcet'>
		<type>HEARTBEAT</type>
		<severity>INFO</severity>
		<timestamp>Tue Oct 29 20:12:50 2019</timestamp>
		<arg name='tids'>11680,10004,10680,10508</arg>
		<arg name='syscalls'>1,1,1,0</arg>
		<arg name='calls'>0,0,0,0</arg>
	</msg>
	<msg id='52' display='false' source='tcet'>
		<type>HEARTBEAT</type>
		<severity>INFO</severity>
		<timestamp>Tue Oct 29 20:12:51 2019</timestamp>
		<arg name='tids'>11680,10004,10680,10508</arg>
		<arg name='syscalls'>1,1,1,0</arg>
		<arg name='calls'>0,0,0,0</arg>
	</msg>
	<msg id='53' display='false' source='tcet'>
		<type>HEARTBEAT</type>
		<severity>INFO</severity>
		<timestamp>Tue Oct 29 20:12:52 2019</timestamp>
		<arg name='tids'>11680,10004,10680,10508</arg>
		<arg name='syscalls'>1,1,1,0</arg>
		<arg name='calls'>0,0,0,0</arg>
	</msg>
	<msg id='54' display='false' source='tcet'>
		<type>HEARTBEAT</type>
		<severity>INFO</severity>
		<timestamp>Tue Oct 29 20:12:53 2019</timestamp>
		<arg name='tids'>11680,10004,10680,10508</arg>
		<arg name='syscalls'>1,1,1,0</arg>
		<arg name='calls'>0,0,0,0</arg>
	</msg>
	<msg id='55' display='false' source='tcet'>
		<type>HEARTBEAT</type>
		<severity>INFO</severity>
		<timestamp>Tue Oct 29 20:12:54 2019</timestamp>
		<arg name='tids'>11680,10004,10680,10508</arg>
		<arg name='syscalls'>1,1,1,0</arg>
		<arg name='calls'>0,0,0,0</arg>
	</msg>
	<msg id='56' display='false' source='tcet'>
		<type>HEARTBEAT</type>
		<severity>INFO</severity>
		<timestamp>Tue Oct 29 20:12:55 2019</timestamp>
		<arg name='tids'>11680,10004,10680,10508</arg>
		<arg name='syscalls'>1,1,1,0</arg>
		<arg name='calls'>0,0,0,0</arg>
	</msg>
	<msg id='57' display='false' source='tcet'>
		<type>HEARTBEAT</type>
		<severity>INFO</severity>
		<timestamp>Tue Oct 29 20:12:56 2019</timestamp>
		<arg name='tids'>11680,10004,10680,10508</arg>
		<arg name='syscalls'>1,1,1,0</arg>
		<arg name='calls'>0,0,0,0</arg>
	</msg>
	<msg id='58' display='false' source='tcet'>
		<type>HEARTBEAT</type>
		<severity>INFO</severity>
		<timestamp>Tue Oct 29 20:12:57 2019</timestamp>
		<arg name='tids'>11680,10004,10680,10508</arg>
		<arg name='syscalls'>1,1,1,0</arg>
		<arg name='calls'>0,0,0,0</arg>
	</msg>
	<msg id='59' display='false' source='tcet'>
		<type>HEARTBEAT</type>
		<severity>INFO</severity>
		<timestamp>Tue Oct 29 20:12:58 2019</timestamp>
		<arg name='tids'>11680,10004,10680,10508</arg>
		<arg name='syscalls'>1,1,1,0</arg>
		<arg name='calls'>0,0,0,0</arg>
	</msg>
	<msg id='60' display='false' source='tcet'>
		<type>HEARTBEAT</type>
		<severity>INFO</severity>
		<timestamp>Tue Oct 29 20:12:59 2019</timestamp>
		<arg name='tids'>11680,10004,10680,10508</arg>
		<arg name='syscalls'>1,1,1,0</arg>
		<arg name='calls'>0,0,0,0</arg>
	</msg>
	<msg id='61' display='false' source='tcet'>
		<type>HEARTBEAT</type>
		<severity>INFO</severity>
		<timestamp>Tue Oct 29 20:13:00 2019</timestamp>
		<arg name='tids'>11680,10004,10680,10508</arg>
		<arg name='syscalls'>1,1,1,0</arg>
		<arg name='calls'>0,0,0,0</arg>
	</msg>
	<msg id='62' display='false' source='tcet'>
		<type>HEARTBEAT</type>
		<severity>INFO</severity>
		<timestamp>Tue Oct 29 20:13:01 2019</timestamp>
		<arg name='tids'>11680,10004,10680,10508</arg>
		<arg name='syscalls'>1,1,1,0</arg>
		<arg name='calls'>0,0,0,0</arg>
	</msg>
	<msg id='63' display='false' source='tcet'>
		<type>HEARTBEAT</type>
		<severity>INFO</severity>
		<timestamp>Tue Oct 29 20:13:02 2019</timestamp>
		<arg name='tids'>11680,10004,10680,10508</arg>
		<arg name='syscalls'>1,1,1,0</arg>
		<arg name='calls'>0,0,0,0</arg>
	</msg>
	<msg id='64' display='false' source='tcet'>
		<type>HEARTBEAT</type>
		<severity>INFO</severity>
		<timestamp>Tue Oct 29 20:13:03 2019</timestamp>
		<arg name='tids'>11680,10004,10680,10508</arg>
		<arg name='syscalls'>1,1,1,0</arg>
		<arg name='calls'>0,0,0,0</arg>
	</msg>
	<msg id='65' display='false' source='tcet'>
		<type>HEARTBEAT</type>
		<severity>INFO</severity>
		<timestamp>Tue Oct 29 20:13:04 2019</timestamp>
		<arg name='tids'>11680,10004,10680,10508</arg>
		<arg name='syscalls'>1,1,1,0</arg>
		<arg name='calls'>0,0,0,0</arg>
	</msg>
	<msg id='66' display='false' source='tcet'>
		<type>HEARTBEAT</type>
		<severity>INFO</severity>
		<timestamp>Tue Oct 29 20:13:05 2019</timestamp>
		<arg name='tids'>11680,10004,10680,10508</arg>
		<arg name='syscalls'>1,1,1,0</arg>
		<arg name='calls'>0,0,0,0</arg>
	</msg>
	<msg id='67' display='false' source='tcet'>
		<type>HEARTBEAT</type>
		<severity>INFO</severity>
		<timestamp>Tue Oct 29 20:13:06 2019</timestamp>
		<arg name='tids'>11680,10004,10680,10508</arg>
		<arg name='syscalls'>1,1,1,0</arg>
		<arg name='calls'>0,0,0,0</arg>
	</msg>
	<msg id='68' display='false' source='tcet'>
		<type>HEARTBEAT</type>
		<severity>INFO</severity>
		<timestamp>Tue Oct 29 20:13:07 2019</timestamp>
		<arg name='tids'>11680,10004,10680,10508</arg>
		<arg name='syscalls'>1,1,1,0</arg>
		<arg name='calls'>0,0,0,0</arg>
	</msg>
	<msg id='69' display='false' source='tcet'>
		<type>HEARTBEAT</type>
		<severity>INFO</severity>
		<timestamp>Tue Oct 29 20:13:08 2019</timestamp>
		<arg name='tids'>11680,10004,10680,10508</arg>
		<arg name='syscalls'>1,1,1,0</arg>
		<arg name='calls'>0,0,0,0</arg>
	</msg>
	<msg id='70' display='false' source='tcet'>
		<type>HEARTBEAT</type>
		<severity>INFO</severity>
		<timestamp>Tue Oct 29 20:13:09 2019</timestamp>
		<arg name='tids'>11680,10004,10680,10508</arg>
		<arg name='syscalls'>1,1,1,0</arg>
		<arg name='calls'>0,0,0,0</arg>
	</msg>
	<msg id='71' display='false' source='tcet'>
		<type>HEARTBEAT</type>
		<severity>INFO</severity>
		<timestamp>Tue Oct 29 20:13:10 2019</timestamp>
		<arg name='tids'>11680,10004,10680,10508</arg>
		<arg name='syscalls'>1,1,1,0</arg>
		<arg name='calls'>0,0,0,0</arg>
	</msg>
	<!-- Thread 3 effective sampling rate is 0/0 -->
	<!-- Thread 2 effective sampling rate is 0/0 -->
	<!-- Thread 4 effective sampling rate is 0/0 -->
	<msg id='72' display='false' source='tcet'>
		<type>HEARTBEAT</type>
		<severity>INFO</severity>
		<timestamp>Tue Oct 29 20:13:11 2019</timestamp>
		<arg name='tids'>7668,10276,1180,10508</arg>
		<arg name='syscalls'>1,1,0,0</arg>
		<arg name='calls'>11,8,174,819</arg>
	</msg>
	<msg id='73' display='false' source='tcet'>
		<type>THREADNAME</type>
		<severity>INFO</severity>
		<timestamp>Tue Oct 29 20:13:12 2019</timestamp>
		<arg name='tid'>7668</arg>
		<arg name='name'>Cilk Worker</arg>
	</msg>
	<msg id='74' display='false' source='tcet'>
		<type>THREADNAME</type>
		<severity>INFO</severity>
		<timestamp>Tue Oct 29 20:13:12 2019</timestamp>
		<arg name='tid'>10276</arg>
		<arg name='name'>Cilk Worker</arg>
	</msg>
	<msg id='75' display='false' source='tcet'>
		<type>THREADNAME</type>
		<severity>INFO</severity>
		<timestamp>Tue Oct 29 20:13:12 2019</timestamp>
		<arg name='tid'>1180</arg>
		<arg name='name'>Cilk Worker</arg>
	</msg>
	<msg id='76' display='false' source='tcet'>
		<type>HEARTBEAT</type>
		<severity>INFO</severity>
		<timestamp>Tue Oct 29 20:13:12 2019</timestamp>
		<arg name='tids'>7668,10276,1180,10508</arg>
		<arg name='syscalls'>0,0,0,0</arg>
		<arg name='calls'>387834,391902,315105,120641</arg>
	</msg>
	<msg id='77' display='false' source='tcet'>
		<type>HEARTBEAT</type>
		<severity>INFO</severity>
		<timestamp>Tue Oct 29 20:13:13 2019</timestamp>
		<arg name='tids'>7668,10276,1180,10508</arg>
		<arg name='syscalls'>0,0,0,0</arg>
		<arg name='calls'>143051,92644,187473,74923</arg>
	</msg>
	<msg id='78' display='false' source='tcet'>
		<type>HEARTBEAT</type>
		<severity>INFO</severity>
		<timestamp>Tue Oct 29 20:13:14 2019</timestamp>
		<arg name='tids'>7668,10276,1180,10508</arg>
		<arg name='syscalls'>0,0,0,0</arg>
		<arg name='calls'>426820,361749,408431,133143</arg>
	</msg>
	<msg id='79' display='false' source='tcet'>
		<type>HEARTBEAT</type>
		<severity>INFO</severity>
		<timestamp>Tue Oct 29 20:13:15 2019</timestamp>
		<arg name='tids'>7668,10276,1180,10508</arg>
		<arg name='syscalls'>0,0,0,0</arg>
		<arg name='calls'>40783,119931,108554,91974</arg>
	</msg>
	<msg id='80' display='false' source='tcet'>
		<type>HEARTBEAT</type>
		<severity>INFO</severity>
		<timestamp>Tue Oct 29 20:13:16 2019</timestamp>
		<arg name='tids'>7668,10276,1180,10508</arg>
		<arg name='syscalls'>0,0,0,0</arg>
		<arg name='calls'>85117,52630,67156,96449</arg>
	</msg>
	<msg id='81' display='false' source='tcet'>
		<type>HEARTBEAT</type>
		<severity>INFO</severity>
		<timestamp>Tue Oct 29 20:13:17 2019</timestamp>
		<arg name='tids'>7668,10276,1180,10508</arg>
		<arg name='syscalls'>0,0,0,0</arg>
		<arg name='calls'>111279,34833,40499,79340</arg>
	</msg>
	<msg id='82' display='false' source='tcet'>
		<type>HEARTBEAT</type>
		<severity>INFO</severity>
		<timestamp>Tue Oct 29 20:13:18 2019</timestamp>
		<arg name='tids'>7668,10276,1180,10508</arg>
		<arg name='syscalls'>0,0,0,0</arg>
		<arg name='calls'>102175,90943,140276,78706</arg>
	</msg>
	<msg id='83' display='false' source='tcet'>
		<type>HEARTBEAT</type>
		<severity>INFO</severity>
		<timestamp>Tue Oct 29 20:13:19 2019</timestamp>
		<arg name='tids'>7668,10276,1180,10508</arg>
		<arg name='syscalls'>0,0,0,0</arg>
		<arg name='calls'>91412,60253,109386,44673</arg>
	</msg>
	<msg id='84' display='false' source='tcet'>
		<type>HEARTBEAT</type>
		<severity>INFO</severity>
		<timestamp>Tue Oct 29 20:13:20 2019</timestamp>
		<arg name='tids'>7668,10276,1180,10508</arg>
		<arg name='syscalls'>0,0,0,0</arg>
		<arg name='calls'>123536,203839,138900,184823</arg>
	</msg>
	<msg id='85' display='false' source='tcet'>
		<type>HEARTBEAT</type>
		<severity>INFO</severity>
		<timestamp>Tue Oct 29 20:13:21 2019</timestamp>
		<arg name='tids'>7668,10276,1180,10508</arg>
		<arg name='syscalls'>0,0,0,0</arg>
		<arg name='calls'>122793,176361,165786,139300</arg>
	</msg>
	<msg id='86' display='false' source='tcet'>
		<type>HEARTBEAT</type>
		<severity>INFO</severity>
		<timestamp>Tue Oct 29 20:13:22 2019</timestamp>
		<arg name='tids'>7668,10276,1180,10508</arg>
		<arg name='syscalls'>0,0,0,0</arg>
		<arg name='calls'>153109,130462,207362,175354</arg>
	</msg>
	<msg id='87' display='false' source='tcet'>
		<type>HEARTBEAT</type>
		<severity>INFO</severity>
		<timestamp>Tue Oct 29 20:13:23 2019</timestamp>
		<arg name='tids'>7668,10276,1180,10508</arg>
		<arg name='syscalls'>0,0,0,0</arg>
		<arg name='calls'>235987,180559,129192,171176</arg>
	</msg>
	<msg id='88' display='false' source='tcet'>
		<type>HEARTBEAT</type>
		<severity>INFO</severity>
		<timestamp>Tue Oct 29 20:13:24 2019</timestamp>
		<arg name='tids'>7668,10276,1180,10508</arg>
		<arg name='syscalls'>0,0,0,0</arg>
		<arg name='calls'>108303,120526,94461,113580</arg>
	</msg>
	<msg id='89' display='false' source='tcet'>
		<type>HEARTBEAT</type>
		<severity>INFO</severity>
		<timestamp>Tue Oct 29 20:13:25 2019</timestamp>
		<arg name='tids'>7668,10276,1180,10508</arg>
		<arg name='syscalls'>0,0,0,0</arg>
		<arg name='calls'>139418,148263,146551,85857</arg>
	</msg>
	<msg id='90' display='false' source='tcet'>
		<type>HEARTBEAT</type>
		<severity>INFO</severity>
		<timestamp>Tue Oct 29 20:13:26 2019</timestamp>
		<arg name='tids'>7668,10276,1180,10508</arg>
		<arg name='syscalls'>0,0,0,0</arg>
		<arg name='calls'>93031,67433,99040,48376</arg>
	</msg>
	<msg id='91' display='false' source='tcet'>
		<type>HEARTBEAT</type>
		<severity>INFO</severity>
		<timestamp>Tue Oct 29 20:13:27 2019</timestamp>
		<arg name='tids'>7668,10276,1180,10508</arg>
		<arg name='syscalls'>0,0,0,0</arg>
		<arg name='calls'>127892,67620,119006,106751</arg>
	</msg>
	<msg id='92' display='false' source='tcet'>
		<type>HEARTBEAT</type>
		<severity>INFO</severity>
		<timestamp>Tue Oct 29 20:13:28 2019</timestamp>
		<arg name='tids'>7668,10276,1180,10508</arg>
		<arg name='syscalls'>0,0,0,0</arg>
		<arg name='calls'>109340,81559,97088,84918</arg>
	</msg>
	<msg id='93' display='false' source='tcet'>
		<type>HEARTBEAT</type>
		<severity>INFO</severity>
		<timestamp>Tue Oct 29 20:13:29 2019</timestamp>
		<arg name='tids'>7668,10276,1180,10508</arg>
		<arg name='syscalls'>0,0,0,0</arg>
		<arg name='calls'>66454,145778,163101,75300</arg>
	</msg>
	<msg id='94' display='false' source='tcet'>
		<type>HEARTBEAT</type>
		<severity>INFO</severity>
		<timestamp>Tue Oct 29 20:13:30 2019</timestamp>
		<arg name='tids'>7668,10276,1180,10508</arg>
		<arg name='syscalls'>0,0,0,0</arg>
		<arg name='calls'>173598,141484,103224,100595</arg>
	</msg>
	<msg id='95' display='false' source='tcet'>
		<type>HEARTBEAT</type>
		<severity>INFO</severity>
		<timestamp>Tue Oct 29 20:13:31 2019</timestamp>
		<arg name='tids'>7668,10276,1180,10508</arg>
		<arg name='syscalls'>0,0,0,0</arg>
		<arg name='calls'>131468,162919,176291,190624</arg>
	</msg>
	<msg id='96' display='false' source='tcet'>
		<type>HEARTBEAT</type>
		<severity>INFO</severity>
		<timestamp>Tue Oct 29 20:13:32 2019</timestamp>
		<arg name='tids'>7668,10276,1180,10508</arg>
		<arg name='syscalls'>0,0,0,0</arg>
		<arg name='calls'>100438,151150,139727,21100</arg>
	</msg>
	<msg id='97' display='false' source='tcet'>
		<type>HEARTBEAT</type>
		<severity>INFO</severity>
		<timestamp>Tue Oct 29 20:13:33 2019</timestamp>
		<arg name='tids'>7668,10276,1180,10508</arg>
		<arg name='syscalls'>0,0,0,0</arg>
		<arg name='calls'>149980,181857,116265,199344</arg>
	</msg>
	<msg id='98' display='false' source='tcet'>
		<type>HEARTBEAT</type>
		<severity>INFO</severity>
		<timestamp>Tue Oct 29 20:13:34 2019</timestamp>
		<arg name='tids'>7668,10276,1180,10508</arg>
		<arg name='syscalls'>0,0,0,0</arg>
		<arg name='calls'>176427,111938,259775,196625</arg>
	</msg>
	<msg id='99' display='false' source='tcet'>
		<type>HEARTBEAT</type>
		<severity>INFO</severity>
		<timestamp>Tue Oct 29 20:13:35 2019</timestamp>
		<arg name='tids'>7668,10276,1180,10508</arg>
		<arg name='syscalls'>0,0,0,0</arg>
		<arg name='calls'>146172,234356,142766,195274</arg>
	</msg>
	<msg id='100' display='false' source='tcet'>
		<type>HEARTBEAT</type>
		<severity>INFO</severity>
		<timestamp>Tue Oct 29 20:13:36 2019</timestamp>
		<arg name='tids'>7668,10276,1180,10508</arg>
		<arg name='syscalls'>0,0,0,0</arg>
		<arg name='calls'>145903,213050,205977,94866</arg>
	</msg>
	<msg id='101' display='false' source='tcet'>
		<type>HEARTBEAT</type>
		<severity>INFO</severity>
		<timestamp>Tue Oct 29 20:13:37 2019</timestamp>
		<arg name='tids'>7668,10276,1180,10508</arg>
		<arg name='syscalls'>0,0,0,0</arg>
		<arg name='calls'>7613,11232,6418,8671</arg>
	</msg>
	<msg id='102' display='false' source='tcet'>
		<type>HEARTBEAT</type>
		<severity>INFO</severity>
		<timestamp>Tue Oct 29 20:13:38 2019</timestamp>
		<arg name='tids'>7668,10276,1180,10508</arg>
		<arg name='syscalls'>0,0,0,0</arg>
		<arg name='calls'>130040,62206,160551,99610</arg>
	</msg>
	<msg id='103' display='false' source='tcet'>
		<type>HEARTBEAT</type>
		<severity>INFO</severity>
		<timestamp>Tue Oct 29 20:13:39 2019</timestamp>
		<arg name='tids'>7668,10276,1180,10508</arg>
		<arg name='syscalls'>0,0,0,0</arg>
		<arg name='calls'>141169,207459,99642,206967</arg>
	</msg>
	<msg id='104' display='false' source='tcet'>
		<type>HEARTBEAT</type>
		<severity>INFO</severity>
		<timestamp>Tue Oct 29 20:13:40 2019</timestamp>
		<arg name='tids'>7668,10276,1180,10508</arg>
		<arg name='syscalls'>0,0,0,0</arg>
		<arg name='calls'>84326,152581,184096,68403</arg>
	</msg>
	<msg id='105' display='false' source='tcet'>
		<type>HEARTBEAT</type>
		<severity>INFO</severity>
		<timestamp>Tue Oct 29 20:13:41 2019</timestamp>
		<arg name='tids'>7668,10276,1180,10508</arg>
		<arg name='syscalls'>0,0,0,0</arg>
		<arg name='calls'>194654,165190,62998,103498</arg>
	</msg>
	<msg id='106' display='false' source='tcet'>
		<type>HEARTBEAT</type>
		<severity>INFO</severity>
		<timestamp>Tue Oct 29 20:13:42 2019</timestamp>
		<arg name='tids'>7668,10276,1180,10508</arg>
		<arg name='syscalls'>0,0,0,0</arg>
		<arg name='calls'>116976,154026,82725,131118</arg>
	</msg>
	<msg id='107' display='false' source='tcet'>
		<type>HEARTBEAT</type>
		<severity>INFO</severity>
		<timestamp>Tue Oct 29 20:13:43 2019</timestamp>
		<arg name='tids'>7668,10276,1180,10508</arg>
		<arg name='syscalls'>0,0,0,0</arg>
		<arg name='calls'>225144,141009,102286,163127</arg>
	</msg>
	<msg id='108' display='false' source='tcet'>
		<type>HEARTBEAT</type>
		<severity>INFO</severity>
		<timestamp>Tue Oct 29 20:13:44 2019</timestamp>
		<arg name='tids'>7668,10276,1180,10508</arg>
		<arg name='syscalls'>0,0,0,0</arg>
		<arg name='calls'>126362,106013,139992,42297</arg>
	</msg>
	<msg id='109' display='false' source='tcet'>
		<type>HEARTBEAT</type>
		<severity>INFO</severity>
		<timestamp>Tue Oct 29 20:13:45 2019</timestamp>
		<arg name='tids'>7668,10276,1180,10508</arg>
		<arg name='syscalls'>0,0,0,0</arg>
		<arg name='calls'>126977,233053,243216,288617</arg>
	</msg>
	<msg id='110' display='false' source='tcet'>
		<type>HEARTBEAT</type>
		<severity>INFO</severity>
		<timestamp>Tue Oct 29 20:13:46 2019</timestamp>
		<arg name='tids'>7668,10276,1180,10508</arg>
		<arg name='syscalls'>0,0,0,0</arg>
		<arg name='calls'>142468,193292,165783,146062</arg>
	</msg>
	<msg id='111' display='false' source='tcet'>
		<type>HEARTBEAT</type>
		<severity>INFO</severity>
		<timestamp>Tue Oct 29 20:13:47 2019</timestamp>
		<arg name='tids'>7668,10276,1180,10508</arg>
		<arg name='syscalls'>0,0,0,0</arg>
		<arg name='calls'>107592,222199,214610,174605</arg>
	</msg>
	<msg id='112' display='false' source='tcet'>
		<type>HEARTBEAT</type>
		<severity>INFO</severity>
		<timestamp>Tue Oct 29 20:13:48 2019</timestamp>
		<arg name='tids'>7668,10276,1180,10508</arg>
		<arg name='syscalls'>0,0,0,0</arg>
		<arg name='calls'>127726,138533,103139,52894</arg>
	</msg>
	<msg id='113' display='false' source='tcet'>
		<type>HEARTBEAT</type>
		<severity>INFO</severity>
		<timestamp>Tue Oct 29 20:13:49 2019</timestamp>
		<arg name='tids'>7668,10276,1180,10508</arg>
		<arg name='syscalls'>0,0,0,0</arg>
		<arg name='calls'>184765,120814,173068,142745</arg>
	</msg>
	<msg id='114' display='false' source='tcet'>
		<type>HEARTBEAT</type>
		<severity>INFO</severity>
		<timestamp>Tue Oct 29 20:13:50 2019</timestamp>
		<arg name='tids'>7668,10276,1180,10508</arg>
		<arg name='syscalls'>0,0,0,0</arg>
		<arg name='calls'>182326,88056,162227,167143</arg>
	</msg>
	<msg id='115' display='false' source='tcet'>
		<type>HEARTBEAT</type>
		<severity>INFO</severity>
		<timestamp>Tue Oct 29 20:13:51 2019</timestamp>
		<arg name='tids'>7668,10276,1180,10508</arg>
		<arg name='syscalls'>0,0,0,0</arg>
		<arg name='calls'>91792,194487,162009,183832</arg>
	</msg>
	<msg id='116' display='false' source='tcet'>
		<type>HEARTBEAT</type>
		<severity>INFO</severity>
		<timestamp>Tue Oct 29 20:13:52 2019</timestamp>
		<arg name='tids'>7668,10276,1180,10508</arg>
		<arg name='syscalls'>0,0,0,0</arg>
		<arg name='calls'>156692,142350,129601,72404</arg>
	</msg>
	<msg id='117' display='false' source='tcet'>
		<type>HEARTBEAT</type>
		<severity>INFO</severity>
		<timestamp>Tue Oct 29 20:13:53 2019</timestamp>
		<arg name='tids'>7668,10276,1180,10508</arg>
		<arg name='syscalls'>0,0,0,0</arg>
		<arg name='calls'>150180,148387,127162,171606</arg>
	</msg>
	<msg id='118' display='false' source='tcet'>
		<type>HEARTBEAT</type>
		<severity>INFO</severity>
		<timestamp>Tue Oct 29 20:13:54 2019</timestamp>
		<arg name='tids'>7668,10276,1180,10508</arg>
		<arg name='syscalls'>0,0,0,0</arg>
		<arg name='calls'>260018,197559,224381,239274</arg>
	</msg>
	<msg id='119' display='false' source='tcet'>
		<type>HEARTBEAT</type>
		<severity>INFO</severity>
		<timestamp>Tue Oct 29 20:13:55 2019</timestamp>
		<arg name='tids'>7668,10276,1180,10508</arg>
		<arg name='syscalls'>0,0,0,0</arg>
		<arg name='calls'>168580,280706,263955,199580</arg>
	</msg>
	<msg id='120' display='false' source='tcet'>
		<type>HEARTBEAT</type>
		<severity>INFO</severity>
		<timestamp>Tue Oct 29 20:13:56 2019</timestamp>
		<arg name='tids'>7668,10276,1180,10508</arg>
		<arg name='syscalls'>0,0,0,0</arg>
		<arg name='calls'>132600,116443,163197,178795</arg>
	</msg>
	<msg id='121' display='false' source='tcet'>
		<type>HEARTBEAT</type>
		<severity>INFO</severity>
		<timestamp>Tue Oct 29 20:13:57 2019</timestamp>
		<arg name='tids'>7668,10276,1180,10508</arg>
		<arg name='syscalls'>0,0,0,0</arg>
		<arg name='calls'>106334,124380,120356,112325</arg>
	</msg>
	<msg id='122' display='false' source='tcet'>
		<type>HEARTBEAT</type>
		<severity>INFO</severity>
		<timestamp>Tue Oct 29 20:13:58 2019</timestamp>
		<arg name='tids'>7668,10276,1180,10508</arg>
		<arg name='syscalls'>0,0,0,0</arg>
		<arg name='calls'>134301,120501,81261,132100</arg>
	</msg>
	<msg id='123' display='false' source='tcet'>
		<type>HEARTBEAT</type>
		<severity>INFO</severity>
		<timestamp>Tue Oct 29 20:13:59 2019</timestamp>
		<arg name='tids'>7668,10276,1180,10508</arg>
		<arg name='syscalls'>0,0,0,0</arg>
		<arg name='calls'>151316,140020,164764,181991</arg>
	</msg>
	<msg id='124' display='false' source='tcet'>
		<type>HEARTBEAT</type>
		<severity>INFO</severity>
		<timestamp>Tue Oct 29 20:14:00 2019</timestamp>
		<arg name='tids'>7668,10276,1180,10508</arg>
		<arg name='syscalls'>0,0,0,0</arg>
		<arg name='calls'>195589,273063,270960,181633</arg>
	</msg>
	<msg id='125' display='false' source='tcet'>
		<type>HEARTBEAT</type>
		<severity>INFO</severity>
		<timestamp>Tue Oct 29 20:14:01 2019</timestamp>
		<arg name='tids'>7668,10276,1180,10508</arg>
		<arg name='syscalls'>0,0,0,0</arg>
		<arg name='calls'>218824,182270,169591,180378</arg>
	</msg>
	<msg id='126' display='false' source='tcet'>
		<type>HEARTBEAT</type>
		<severity>INFO</severity>
		<timestamp>Tue Oct 29 20:14:02 2019</timestamp>
		<arg name='tids'>7668,10276,1180,10508</arg>
		<arg name='syscalls'>0,0,0,0</arg>
		<arg name='calls'>238131,162591,214818,127892</arg>
	</msg>
	<msg id='127' display='false' source='tcet'>
		<type>HEARTBEAT</type>
		<severity>INFO</severity>
		<timestamp>Tue Oct 29 20:14:03 2019</timestamp>
		<arg name='tids'>7668,10276,1180,10508</arg>
		<arg name='syscalls'>0,0,0,0</arg>
		<arg name='calls'>182170,187741,198238,122394</arg>
	</msg>
	<msg id='128' display='false' source='tcet'>
		<type>HEARTBEAT</type>
		<severity>INFO</severity>
		<timestamp>Tue Oct 29 20:14:04 2019</timestamp>
		<arg name='tids'>7668,10276,1180,10508</arg>
		<arg name='syscalls'>0,0,0,0</arg>
		<arg name='calls'>237204,322629,264639,243085</arg>
	</msg>
	<msg id='129' display='false' source='tcet'>
		<type>HEARTBEAT</type>
		<severity>INFO</severity>
		<timestamp>Tue Oct 29 20:14:05 2019</timestamp>
		<arg name='tids'>7668,10276,1180,10508</arg>
		<arg name='syscalls'>0,0,0,0</arg>
		<arg name='calls'>331661,341049,301160,353684</arg>
	</msg>
	<msg id='130' display='false' source='tcet'>
		<type>HEARTBEAT</type>
		<severity>INFO</severity>
		<timestamp>Tue Oct 29 20:14:06 2019</timestamp>
		<arg name='tids'>7668,10276,1180,10508</arg>
		<arg name='syscalls'>0,0,0,0</arg>
		<arg name='calls'>325511,347871,269125,256232</arg>
	</msg>
	<msg id='131' display='false' source='tcet'>
		<type>HEARTBEAT</type>
		<severity>INFO</severity>
		<timestamp>Tue Oct 29 20:14:07 2019</timestamp>
		<arg name='tids'>7668,10276,1180,10508</arg>
		<arg name='syscalls'>0,0,0,0</arg>
		<arg name='calls'>376980,372108,365051,298141</arg>
	</msg>
	<msg id='132' display='false' source='tcet'>
		<type>HEARTBEAT</type>
		<severity>INFO</severity>
		<timestamp>Tue Oct 29 20:14:08 2019</timestamp>
		<arg name='tids'>7668,10276,1180,10508</arg>
		<arg name='syscalls'>1,1,1,0</arg>
		<arg name='calls'>1246480,1497870,1091126,1191735</arg>
	</msg>
	<msg id='133' source='tcet'>
		<type>LOAD_MODULE</type>
		<severity>INFO</severity>
		<timestamp>Tue Oct 29 20:14:08 2019</timestamp>
		<arg name='module'>c:\windows\system32\kernel.appcore.dll</arg>
		<arg name='basement'>0x7ffaa9e20000</arg>
		<arg name='ceiling'>0x7ffaa9e2efff</arg>
	</msg>
	<msg id='134' source='tcet'>
		<type>LOAD_MODULE</type>
		<severity>INFO</severity>
		<timestamp>Tue Oct 29 20:14:08 2019</timestamp>
		<arg name='module'>c:\windows\system32\msvcrt.dll</arg>
		<arg name='basement'>0x7ffaad6f0000</arg>
		<arg name='ceiling'>0x7ffaad78dfff</arg>
	</msg>
	<msg id='135' source='tcet'>
		<type>LOAD_MODULE</type>
		<severity>INFO</severity>
		<timestamp>Tue Oct 29 20:14:08 2019</timestamp>
		<arg name='module'>c:\windows\system32\rpcrt4.dll</arg>
		<arg name='basement'>0x7ffaab160000</arg>
		<arg name='ceiling'>0x7ffaab280fff</arg>
	</msg>
	<!-- A thread end notification for 5 was received by thread 0 -->
	<!-- A thread end notification for 6 was received by thread 0 -->
	<!-- A thread end notification for 7 was received by thread 0 -->
	<!-- A thread end notification for 8 was received by thread 0 -->
	<!-- A thread end notification for 9 was received by thread 0 -->
	<!-- Thread 0 effective sampling rate is 295200870/5904006936 -->
	<msg id='136' source='tcet'>
		<type>UNLOAD_MODULE</type>
		<severity>INFO</severity>
		<timestamp>Tue Oct 29 20:14:09 2019</timestamp>
		<arg name='module'>f:\intel_parallel_studio\projects\task3\x64\release\task3.exe</arg>
	</msg>
	<msg id='137' source='tcet'>
		<type>UNLOAD_MODULE</type>
		<severity>INFO</severity>
		<timestamp>Tue Oct 29 20:14:09 2019</timestamp>
		<arg name='module'>c:\windows\system32\kernelbase.dll</arg>
	</msg>
	<msg id='138' source='tcet'>
		<type>UNLOAD_MODULE</type>
		<severity>INFO</severity>
		<timestamp>Tue Oct 29 20:14:09 2019</timestamp>
		<arg name='module'>c:\windows\system32\kernel32.dll</arg>
	</msg>
	<msg id='139' source='tcet'>
		<type>UNLOAD_MODULE</type>
		<severity>INFO</severity>
		<timestamp>Tue Oct 29 20:14:09 2019</timestamp>
		<arg name='module'>c:\windows\system32\ntdll.dll</arg>
	</msg>
	<msg id='140' source='tcet'>
		<type>UNLOAD_MODULE</type>
		<severity>INFO</severity>
		<timestamp>Tue Oct 29 20:14:09 2019</timestamp>
		<arg name='module'>c:\windows\system32\ucrtbase.dll</arg>
	</msg>
	<msg id='141' source='tcet'>
		<type>UNLOAD_MODULE</type>
		<severity>INFO</severity>
		<timestamp>Tue Oct 29 20:14:09 2019</timestamp>
		<arg name='module'>c:\windows\system32\msvcp140.dll</arg>
	</msg>
	<msg id='142' source='tcet'>
		<type>UNLOAD_MODULE</type>
		<severity>INFO</severity>
		<timestamp>Tue Oct 29 20:14:09 2019</timestamp>
		<arg name='module'>c:\windows\system32\vcruntime140.dll</arg>
	</msg>
	<msg id='143' source='tcet'>
		<type>UNLOAD_MODULE</type>
		<severity>INFO</severity>
		<timestamp>Tue Oct 29 20:14:09 2019</timestamp>
		<arg name='module'>c:\program files (x86)\intelswtools\compilers_and_libraries_2019\windows\redist\intel64\compiler\cilkrts20.dll</arg>
	</msg>
	<msg id='144' source='tcet'>
		<type>UNLOAD_MODULE</type>
		<severity>INFO</severity>
		<timestamp>Tue Oct 29 20:14:09 2019</timestamp>
		<arg name='module'>c:\windows\system32\user32.dll</arg>
	</msg>
	<msg id='145' source='tcet'>
		<type>UNLOAD_MODULE</type>
		<severity>INFO</severity>
		<timestamp>Tue Oct 29 20:14:09 2019</timestamp>
		<arg name='module'>c:\windows\system32\win32u.dll</arg>
	</msg>
	<msg id='146' source='tcet'>
		<type>UNLOAD_MODULE</type>
		<severity>INFO</severity>
		<timestamp>Tue Oct 29 20:14:09 2019</timestamp>
		<arg name='module'>c:\windows\system32\gdi32.dll</arg>
	</msg>
	<msg id='147' source='tcet'>
		<type>UNLOAD_MODULE</type>
		<severity>INFO</severity>
		<timestamp>Tue Oct 29 20:14:09 2019</timestamp>
		<arg name='module'>c:\windows\system32\gdi32full.dll</arg>
	</msg>
	<msg id='148' source='tcet'>
		<type>UNLOAD_MODULE</type>
		<severity>INFO</severity>
		<timestamp>Tue Oct 29 20:14:09 2019</timestamp>
		<arg name='module'>c:\windows\system32\imm32.dll</arg>
	</msg>
	<msg id='149' source='tcet'>
		<type>UNLOAD_MODULE</type>
		<severity>INFO</severity>
		<timestamp>Tue Oct 29 20:14:09 2019</timestamp>
		<arg name='module'>c:\program files (x86)\intelswtools\inspector 2019\bin64\runtime\libittnotify.dll</arg>
	</msg>
	<msg id='150' source='tcet'>
		<type>UNLOAD_MODULE</type>
		<severity>INFO</severity>
		<timestamp>Tue Oct 29 20:14:09 2019</timestamp>
		<arg name='module'>c:\windows\system32\kernel.appcore.dll</arg>
	</msg>
	<msg id='151' source='tcet'>
		<type>UNLOAD_MODULE</type>
		<severity>INFO</severity>
		<timestamp>Tue Oct 29 20:14:09 2019</timestamp>
		<arg name='module'>c:\windows\system32\msvcrt.dll</arg>
	</msg>
	<msg id='152' source='tcet'>
		<type>UNLOAD_MODULE</type>
		<severity>INFO</severity>
		<timestamp>Tue Oct 29 20:14:09 2019</timestamp>
		<arg name='module'>c:\windows\system32\rpcrt4.dll</arg>
	</msg>
	<msg id='153' source='tcet'>
		<type>PROCESS_TERMINATE</type>
		<severity>INFO</severity>
		<timestamp>Tue Oct 29 20:14:09 2019</timestamp>
		<arg name='process'>f:\intel_parallel_studio\projects\task3\x64\release\task3.exe</arg>
		<arg name='pid'>4944</arg>
	</msg>
	<msg id='154' display='false' source='tccore'>
		<type>ANALYSIS_COMPLETE</type>
		<severity>INFO</severity>
		<timestamp>Tue Oct 29 20:14:09 2019</timestamp>
	</msg>
	<msg id='155' display='false' source='tccore'>
		<type>STOP</type>
		<severity>INFO</severity>
		<timestamp>Tue Oct 29 20:14:09 2019</timestamp>
	</msg>
</log>