<?xml version="1.0" encoding="utf-8" ?>
<!-- DO NOT EDIT THIS FILE -->

<log version='2.0' source='tcet'>
	<!-- Sampling enabled with the following: -->
	<!--     Budget                              5: -->
	<!--     Overdraft Budget                   75: -->
	<!--     Savings Budget                      2: -->
	<!-- Opened annotation file C:\Program Files (x86)\IntelSWTools\Inspector 2019\bin64\..\config\tc\qt.ant -->
	<!-- Opened annotation file C:\Program Files (x86)\IntelSWTools\Inspector 2019\bin64\..\config\tc\cpp11.ant -->
	<!-- Opened annotation file C:\Program Files (x86)\IntelSWTools\Inspector 2019\bin64\..\config\tc\fortran.ant -->
	<!-- Opened annotation file C:\Program Files (x86)\IntelSWTools\Inspector 2019\bin64\..\config\tc\icl.ant -->
	<!-- Opened annotation file C:\Program Files (x86)\IntelSWTools\Inspector 2019\bin64\..\config\tc\allocators.ant -->
	<!-- Opened annotation file C:\Program Files (x86)\IntelSWTools\Inspector 2019\bin64\..\config\tc\boost.ant -->
	<!-- Opened annotation file C:\Program Files (x86)\IntelSWTools\Inspector 2019\bin64\..\config\tc\system_api_filter.ant -->
	<!-- Opened annotation file C:\Program Files (x86)\IntelSWTools\Inspector 2019\bin64\..\config\tc\system_api.ant -->
	<msg id='1' display='false' source='tccore'>
		<type>START</type>
		<severity>INFO</severity>
		<timestamp>Mon Oct 28 23:01:36 2019</timestamp>
	</msg>
	<!-- Successfully loaded CCRT 13.1.11 at address 0x55b00000 - 0x55b70000 -->
	<!-- Successfully loaded the TC Analysis Core 8.8.3 at address 0x7ffa45f00000 - 0x7ffa45f2e000 -->
	<!-- Successfully loaded the TC Instrumentation Engine 8.8.3 at address 0x55b90000 - 0x55dff000 -->
	<!-- This is the instance of interest -->
	<msg id='2' source='tcet'>
		<type>EXEC_OF_INTEREST</type>
		<severity>INFO</severity>
		<timestamp>Mon Oct 28 23:01:36 2019</timestamp>
		<arg name='process'>f:\intel_parallel_studio\projects\task3\x64\debug\task3.exe</arg>
		<arg name='pid'>4324</arg>
	</msg>
	<msg id='3' source='tcet'>
		<type>LOAD_MODULE</type>
		<severity>INFO</severity>
		<timestamp>Mon Oct 28 23:01:36 2019</timestamp>
		<arg name='module'>f:\intel_parallel_studio\projects\task3\x64\debug\task3.exe</arg>
		<arg name='basement'>0x7ff74e770000</arg>
		<arg name='ceiling'>0x7ff74e787fff</arg>
	</msg>
	<msg id='4' source='tcet'>
		<type>LOAD_MODULE</type>
		<severity>INFO</severity>
		<timestamp>Mon Oct 28 23:01:36 2019</timestamp>
		<arg name='module'>c:\windows\system32\kernelbase.dll</arg>
		<arg name='basement'>0x7ffaaa9a0000</arg>
		<arg name='ceiling'>0x7ffaaabbcfff</arg>
	</msg>
	<!-- Target OS: Win8 or Server 2K2012 or later -->
	<msg id='5' source='tcet'>
		<type>LOAD_MODULE</type>
		<severity>INFO</severity>
		<timestamp>Mon Oct 28 23:01:36 2019</timestamp>
		<arg name='module'>c:\windows\system32\kernel32.dll</arg>
		<arg name='basement'>0x7ffaab030000</arg>
		<arg name='ceiling'>0x7ffaab0dafff</arg>
	</msg>
	<!-- Target OS: Win8 or Server 2K2012 or later -->
	<msg id='6' source='tcet'>
		<type>LOAD_MODULE</type>
		<severity>INFO</severity>
		<timestamp>Mon Oct 28 23:01:36 2019</timestamp>
		<arg name='module'>c:\windows\system32\ntdll.dll</arg>
		<arg name='basement'>0x7ffaad900000</arg>
		<arg name='ceiling'>0x7ffaadad0fff</arg>
	</msg>
	<!-- Target OS: Win8 or Server 2K2012 or later -->
	<msg id='7' source='tcet'>
		<type>LOAD_MODULE</type>
		<severity>INFO</severity>
		<timestamp>Mon Oct 28 23:01:37 2019</timestamp>
		<arg name='module'>c:\windows\system32\vcruntime140d.dll</arg>
		<arg name='basement'>0x7ffa93b20000</arg>
		<arg name='ceiling'>0x7ffa93b41fff</arg>
	</msg>
	<msg id='8' source='tcet'>
		<type>LOAD_MODULE</type>
		<severity>INFO</severity>
		<timestamp>Mon Oct 28 23:01:37 2019</timestamp>
		<arg name='module'>c:\windows\system32\msvcp140d.dll</arg>
		<arg name='basement'>0x7ffa52280000</arg>
		<arg name='ceiling'>0x7ffa52370fff</arg>
	</msg>
	<msg id='9' source='tcet'>
		<type>LOAD_MODULE</type>
		<severity>INFO</severity>
		<timestamp>Mon Oct 28 23:01:38 2019</timestamp>
		<arg name='module'>c:\windows\system32\ucrtbased.dll</arg>
		<arg name='basement'>0x7ffa45bd0000</arg>
		<arg name='ceiling'>0x7ffa45d91fff</arg>
	</msg>
	<!-- Found ZCA section with version 1.1 -->
	<!-- Found ZCA section with version 1.1 -->
	<!-- Found ZCA section with version 1.1 -->
	<!-- Found ZCA section with version 1.1 -->
	<!-- Found ZCA section with version 1.1 -->
	<!-- Found ZCA section with version 1.1 -->
	<!-- Found ZCA section with version 1.1 -->
	<!-- Found ZCA section with version 1.1 -->
	<!-- Found ZCA section with version 1.1 -->
	<!-- Found ZCA section with version 1.1 -->
	<!-- Found ZCA section with version 1.1 -->
	<!-- Found ZCA section with version 1.1 -->
	<!-- Found ZCA section with version 1.1 -->
	<!-- Found ZCA section with version 1.1 -->
	<!-- Found ZCA section with version 1.1 -->
	<!-- Found ZCA section with version 1.1 -->
	<!-- Found ZCA section with version 1.1 -->
	<!-- Found ZCA section with version 1.1 -->
	<!-- Found ZCA section with version 1.1 -->
	<!-- Found ZCA section with version 1.1 -->
	<!-- Found ZCA section with version 1.1 -->
	<!-- Found ZCA section with version 1.1 -->
	<!-- Found ZCA section with version 1.1 -->
	<msg id='10' source='tcet'>
		<type>LOAD_MODULE</type>
		<severity>INFO</severity>
		<timestamp>Mon Oct 28 23:01:38 2019</timestamp>
		<arg name='module'>c:\program files (x86)\intelswtools\compilers_and_libraries_2019\windows\redist\intel64\compiler\cilkrts20.dll</arg>
		<arg name='basement'>0x7ffa531f0000</arg>
		<arg name='ceiling'>0x7ffa53242fff</arg>
	</msg>
	<msg id='11' source='tcet'>
		<type>LOAD_MODULE</type>
		<severity>INFO</severity>
		<timestamp>Mon Oct 28 23:01:38 2019</timestamp>
		<arg name='module'>c:\windows\system32\user32.dll</arg>
		<arg name='basement'>0x7ffaaaec0000</arg>
		<arg name='ceiling'>0x7ffaab024fff</arg>
	</msg>
	<msg id='12' source='tcet'>
		<type>LOAD_MODULE</type>
		<severity>INFO</severity>
		<timestamp>Mon Oct 28 23:01:38 2019</timestamp>
		<arg name='module'>c:\windows\system32\win32u.dll</arg>
		<arg name='basement'>0x7ffaaa980000</arg>
		<arg name='ceiling'>0x7ffaaa99dfff</arg>
	</msg>
	<!-- Routine at entry point of image c:\windows\system32\win32u.dll is invalid -->
	<msg id='13' source='tcet'>
		<type>LOAD_MODULE</type>
		<severity>INFO</severity>
		<timestamp>Mon Oct 28 23:01:38 2019</timestamp>
		<arg name='module'>c:\windows\system32\gdi32.dll</arg>
		<arg name='basement'>0x7ffaad8c0000</arg>
		<arg name='ceiling'>0x7ffaad8f3fff</arg>
	</msg>
	<msg id='14' source='tcet'>
		<type>LOAD_MODULE</type>
		<severity>INFO</severity>
		<timestamp>Mon Oct 28 23:01:38 2019</timestamp>
		<arg name='module'>c:\windows\system32\gdi32full.dll</arg>
		<arg name='basement'>0x7ffaaa6f0000</arg>
		<arg name='ceiling'>0x7ffaaa871fff</arg>
	</msg>
	<msg id='15' source='tcet'>
		<type>LOAD_MODULE</type>
		<severity>INFO</severity>
		<timestamp>Mon Oct 28 23:01:40 2019</timestamp>
		<arg name='module'>c:\windows\system32\imm32.dll</arg>
		<arg name='basement'>0x7ffaaae90000</arg>
		<arg name='ceiling'>0x7ffaaaebdfff</arg>
	</msg>
	<msg id='16' source='tcet'>
		<type>LOAD_MODULE</type>
		<severity>INFO</severity>
		<timestamp>Mon Oct 28 23:01:41 2019</timestamp>
		<arg name='module'>c:\program files (x86)\intelswtools\inspector 2019\bin64\runtime\libittnotify.dll</arg>
		<arg name='basement'>0x7ffa54430000</arg>
		<arg name='ceiling'>0x7ffa54462fff</arg>
	</msg>
	<!-- Target OS: Win8 or Server 2K2012 or later -->
	<msg id='17' display='false' source='tcet'>
		<type>HEARTBEAT</type>
		<severity>INFO</severity>
		<timestamp>Mon Oct 28 23:01:42 2019</timestamp>
		<arg name='tids'>5752,216,2140,4936</arg>
		<arg name='syscalls'>1,1,1,0</arg>
		<arg name='calls'>740,746,596,93809</arg>
	</msg>
	<msg id='18' display='false' source='tcet'>
		<type>HEARTBEAT</type>
		<severity>INFO</severity>
		<timestamp>Mon Oct 28 23:01:43 2019</timestamp>
		<arg name='tids'>5752,216,2140,4936</arg>
		<arg name='syscalls'>1,1,1,0</arg>
		<arg name='calls'>0,0,0,32550005</arg>
	</msg>
	<msg id='19' display='false' source='tcet'>
		<type>HEARTBEAT</type>
		<severity>INFO</severity>
		<timestamp>Mon Oct 28 23:01:44 2019</timestamp>
		<arg name='tids'>5752,216,2140,4936</arg>
		<arg name='syscalls'>1,1,1,0</arg>
		<arg name='calls'>0,0,0,63052085</arg>
	</msg>
	<msg id='20' display='false' source='tcet'>
		<type>HEARTBEAT</type>
		<severity>INFO</severity>
		<timestamp>Mon Oct 28 23:01:45 2019</timestamp>
		<arg name='tids'>5752,216,2140,4936</arg>
		<arg name='syscalls'>1,1,1,0</arg>
		<arg name='calls'>0,0,0,0</arg>
	</msg>
	<msg id='21' display='false' source='tcet'>
		<type>HEARTBEAT</type>
		<severity>INFO</severity>
		<timestamp>Mon Oct 28 23:01:46 2019</timestamp>
		<arg name='tids'>5752,216,2140,4936</arg>
		<arg name='syscalls'>1,1,1,0</arg>
		<arg name='calls'>0,0,0,0</arg>
	</msg>
	<msg id='22' display='false' source='tcet'>
		<type>HEARTBEAT</type>
		<severity>INFO</severity>
		<timestamp>Mon Oct 28 23:01:47 2019</timestamp>
		<arg name='tids'>5752,216,2140,4936</arg>
		<arg name='syscalls'>1,1,1,0</arg>
		<arg name='calls'>0,0,0,0</arg>
	</msg>
	<msg id='23' display='false' source='tcet'>
		<type>HEARTBEAT</type>
		<severity>INFO</severity>
		<timestamp>Mon Oct 28 23:01:48 2019</timestamp>
		<arg name='tids'>5752,216,2140,4936</arg>
		<arg name='syscalls'>1,1,1,0</arg>
		<arg name='calls'>0,0,0,0</arg>
	</msg>
	<msg id='24' display='false' source='tcet'>
		<type>HEARTBEAT</type>
		<severity>INFO</severity>
		<timestamp>Mon Oct 28 23:01:49 2019</timestamp>
		<arg name='tids'>5752,216,2140,4936</arg>
		<arg name='syscalls'>1,1,1,0</arg>
		<arg name='calls'>0,0,0,0</arg>
	</msg>
	<msg id='25' display='false' source='tcet'>
		<type>HEARTBEAT</type>
		<severity>INFO</severity>
		<timestamp>Mon Oct 28 23:01:50 2019</timestamp>
		<arg name='tids'>5752,216,2140,4936</arg>
		<arg name='syscalls'>1,1,1,0</arg>
		<arg name='calls'>0,0,0,0</arg>
	</msg>
	<msg id='26' display='false' source='tcet'>
		<type>HEARTBEAT</type>
		<severity>INFO</severity>
		<timestamp>Mon Oct 28 23:01:51 2019</timestamp>
		<arg name='tids'>5752,216,2140,4936</arg>
		<arg name='syscalls'>1,1,1,0</arg>
		<arg name='calls'>0,0,0,0</arg>
	</msg>
	<msg id='27' display='false' source='tcet'>
		<type>HEARTBEAT</type>
		<severity>INFO</severity>
		<timestamp>Mon Oct 28 23:01:52 2019</timestamp>
		<arg name='tids'>5752,216,2140,4936</arg>
		<arg name='syscalls'>1,1,1,0</arg>
		<arg name='calls'>0,0,0,0</arg>
	</msg>
	<msg id='28' display='false' source='tcet'>
		<type>HEARTBEAT</type>
		<severity>INFO</severity>
		<timestamp>Mon Oct 28 23:01:53 2019</timestamp>
		<arg name='tids'>5752,216,2140,4936</arg>
		<arg name='syscalls'>1,1,1,0</arg>
		<arg name='calls'>0,0,0,0</arg>
	</msg>
	<msg id='29' display='false' source='tcet'>
		<type>HEARTBEAT</type>
		<severity>INFO</severity>
		<timestamp>Mon Oct 28 23:01:54 2019</timestamp>
		<arg name='tids'>5752,216,2140,4936</arg>
		<arg name='syscalls'>1,1,1,0</arg>
		<arg name='calls'>0,0,0,0</arg>
	</msg>
	<msg id='30' display='false' source='tcet'>
		<type>HEARTBEAT</type>
		<severity>INFO</severity>
		<timestamp>Mon Oct 28 23:01:55 2019</timestamp>
		<arg name='tids'>5752,216,2140,4936</arg>
		<arg name='syscalls'>1,1,1,0</arg>
		<arg name='calls'>0,0,0,0</arg>
	</msg>
	<msg id='31' display='false' source='tcet'>
		<type>HEARTBEAT</type>
		<severity>INFO</severity>
		<timestamp>Mon Oct 28 23:01:56 2019</timestamp>
		<arg name='tids'>5752,216,2140,4936</arg>
		<arg name='syscalls'>1,1,1,0</arg>
		<arg name='calls'>0,0,0,0</arg>
	</msg>
	<msg id='32' display='false' source='tcet'>
		<type>HEARTBEAT</type>
		<severity>INFO</severity>
		<timestamp>Mon Oct 28 23:01:57 2019</timestamp>
		<arg name='tids'>5752,216,2140,4936</arg>
		<arg name='syscalls'>1,1,1,0</arg>
		<arg name='calls'>0,0,0,0</arg>
	</msg>
	<msg id='33' display='false' source='tcet'>
		<type>HEARTBEAT</type>
		<severity>INFO</severity>
		<timestamp>Mon Oct 28 23:01:58 2019</timestamp>
		<arg name='tids'>5752,216,2140,4936</arg>
		<arg name='syscalls'>1,1,1,0</arg>
		<arg name='calls'>0,0,0,0</arg>
	</msg>
	<msg id='34' display='false' source='tcet'>
		<type>HEARTBEAT</type>
		<severity>INFO</severity>
		<timestamp>Mon Oct 28 23:01:59 2019</timestamp>
		<arg name='tids'>5752,216,2140,4936</arg>
		<arg name='syscalls'>1,1,1,0</arg>
		<arg name='calls'>0,0,0,0</arg>
	</msg>
	<msg id='35' display='false' source='tcet'>
		<type>HEARTBEAT</type>
		<severity>INFO</severity>
		<timestamp>Mon Oct 28 23:02:00 2019</timestamp>
		<arg name='tids'>5752,216,2140,4936</arg>
		<arg name='syscalls'>1,1,1,0</arg>
		<arg name='calls'>0,0,0,0</arg>
	</msg>
	<msg id='36' display='false' source='tcet'>
		<type>HEARTBEAT</type>
		<severity>INFO</severity>
		<timestamp>Mon Oct 28 23:02:01 2019</timestamp>
		<arg name='tids'>5752,216,2140,4936</arg>
		<arg name='syscalls'>1,1,1,0</arg>
		<arg name='calls'>0,0,0,0</arg>
	</msg>
	<msg id='37' display='false' source='tcet'>
		<type>HEARTBEAT</type>
		<severity>INFO</severity>
		<timestamp>Mon Oct 28 23:02:02 2019</timestamp>
		<arg name='tids'>5752,216,2140,4936</arg>
		<arg name='syscalls'>1,1,1,0</arg>
		<arg name='calls'>0,0,0,0</arg>
	</msg>
	<msg id='38' display='false' source='tcet'>
		<type>HEARTBEAT</type>
		<severity>INFO</severity>
		<timestamp>Mon Oct 28 23:02:03 2019</timestamp>
		<arg name='tids'>5752,216,2140,4936</arg>
		<arg name='syscalls'>1,1,1,0</arg>
		<arg name='calls'>0,0,0,0</arg>
	</msg>
	<msg id='39' display='false' source='tcet'>
		<type>HEARTBEAT</type>
		<severity>INFO</severity>
		<timestamp>Mon Oct 28 23:02:04 2019</timestamp>
		<arg name='tids'>5752,216,2140,4936</arg>
		<arg name='syscalls'>1,1,1,0</arg>
		<arg name='calls'>0,0,0,0</arg>
	</msg>
	<msg id='40' display='false' source='tcet'>
		<type>HEARTBEAT</type>
		<severity>INFO</severity>
		<timestamp>Mon Oct 28 23:02:05 2019</timestamp>
		<arg name='tids'>5752,216,2140,4936</arg>
		<arg name='syscalls'>1,1,1,0</arg>
		<arg name='calls'>0,0,0,0</arg>
	</msg>
	<msg id='41' display='false' source='tcet'>
		<type>HEARTBEAT</type>
		<severity>INFO</severity>
		<timestamp>Mon Oct 28 23:02:06 2019</timestamp>
		<arg name='tids'>5752,216,2140,4936</arg>
		<arg name='syscalls'>1,1,1,0</arg>
		<arg name='calls'>0,0,0,0</arg>
	</msg>
	<msg id='42' display='false' source='tcet'>
		<type>HEARTBEAT</type>
		<severity>INFO</severity>
		<timestamp>Mon Oct 28 23:02:07 2019</timestamp>
		<arg name='tids'>5752,216,2140,4936</arg>
		<arg name='syscalls'>1,1,1,0</arg>
		<arg name='calls'>0,0,0,0</arg>
	</msg>
	<msg id='43' display='false' source='tcet'>
		<type>HEARTBEAT</type>
		<severity>INFO</severity>
		<timestamp>Mon Oct 28 23:02:08 2019</timestamp>
		<arg name='tids'>5752,216,2140,4936</arg>
		<arg name='syscalls'>1,1,1,0</arg>
		<arg name='calls'>0,0,0,0</arg>
	</msg>
	<msg id='44' display='false' source='tcet'>
		<type>HEARTBEAT</type>
		<severity>INFO</severity>
		<timestamp>Mon Oct 28 23:02:09 2019</timestamp>
		<arg name='tids'>5752,216,2140,4936</arg>
		<arg name='syscalls'>1,1,1,0</arg>
		<arg name='calls'>0,0,0,0</arg>
	</msg>
	<msg id='45' display='false' source='tcet'>
		<type>HEARTBEAT</type>
		<severity>INFO</severity>
		<timestamp>Mon Oct 28 23:02:10 2019</timestamp>
		<arg name='tids'>5752,216,2140,4936</arg>
		<arg name='syscalls'>1,1,1,0</arg>
		<arg name='calls'>0,0,0,0</arg>
	</msg>
	<msg id='46' display='false' source='tcet'>
		<type>HEARTBEAT</type>
		<severity>INFO</severity>
		<timestamp>Mon Oct 28 23:02:11 2019</timestamp>
		<arg name='tids'>5752,216,2140,4936</arg>
		<arg name='syscalls'>1,1,1,0</arg>
		<arg name='calls'>0,0,0,0</arg>
	</msg>
	<msg id='47' display='false' source='tcet'>
		<type>HEARTBEAT</type>
		<severity>INFO</severity>
		<timestamp>Mon Oct 28 23:02:12 2019</timestamp>
		<arg name='tids'>5752,216,2140,4936</arg>
		<arg name='syscalls'>1,1,1,0</arg>
		<arg name='calls'>0,0,0,0</arg>
	</msg>
	<msg id='48' display='false' source='tcet'>
		<type>HEARTBEAT</type>
		<severity>INFO</severity>
		<timestamp>Mon Oct 28 23:02:13 2019</timestamp>
		<arg name='tids'>5752,216,2140,4936</arg>
		<arg name='syscalls'>1,1,1,0</arg>
		<arg name='calls'>0,0,0,0</arg>
	</msg>
	<msg id='49' display='false' source='tcet'>
		<type>HEARTBEAT</type>
		<severity>INFO</severity>
		<timestamp>Mon Oct 28 23:02:14 2019</timestamp>
		<arg name='tids'>5752,216,2140,4936</arg>
		<arg name='syscalls'>1,1,1,0</arg>
		<arg name='calls'>0,0,0,0</arg>
	</msg>
	<msg id='50' display='false' source='tcet'>
		<type>HEARTBEAT</type>
		<severity>INFO</severity>
		<timestamp>Mon Oct 28 23:02:15 2019</timestamp>
		<arg name='tids'>5752,216,2140,4936</arg>
		<arg name='syscalls'>1,1,1,0</arg>
		<arg name='calls'>0,0,0,0</arg>
	</msg>
	<msg id='51' display='false' source='tcet'>
		<type>HEARTBEAT</type>
		<severity>INFO</severity>
		<timestamp>Mon Oct 28 23:02:16 2019</timestamp>
		<arg name='tids'>5752,216,2140,4936</arg>
		<arg name='syscalls'>1,1,1,0</arg>
		<arg name='calls'>0,0,0,0</arg>
	</msg>
	<msg id='52' display='false' source='tcet'>
		<type>HEARTBEAT</type>
		<severity>INFO</severity>
		<timestamp>Mon Oct 28 23:02:17 2019</timestamp>
		<arg name='tids'>5752,216,2140,4936</arg>
		<arg name='syscalls'>1,1,1,0</arg>
		<arg name='calls'>0,0,0,0</arg>
	</msg>
	<msg id='53' display='false' source='tcet'>
		<type>HEARTBEAT</type>
		<severity>INFO</severity>
		<timestamp>Mon Oct 28 23:02:18 2019</timestamp>
		<arg name='tids'>5752,216,2140,4936</arg>
		<arg name='syscalls'>1,1,1,0</arg>
		<arg name='calls'>0,0,0,0</arg>
	</msg>
	<msg id='54' display='false' source='tcet'>
		<type>HEARTBEAT</type>
		<severity>INFO</severity>
		<timestamp>Mon Oct 28 23:02:19 2019</timestamp>
		<arg name='tids'>5752,216,2140,4936</arg>
		<arg name='syscalls'>1,1,1,0</arg>
		<arg name='calls'>0,0,0,0</arg>
	</msg>
	<msg id='55' display='false' source='tcet'>
		<type>HEARTBEAT</type>
		<severity>INFO</severity>
		<timestamp>Mon Oct 28 23:02:20 2019</timestamp>
		<arg name='tids'>5752,216,2140,4936</arg>
		<arg name='syscalls'>1,1,1,0</arg>
		<arg name='calls'>0,0,0,0</arg>
	</msg>
	<msg id='56' display='false' source='tcet'>
		<type>HEARTBEAT</type>
		<severity>INFO</severity>
		<timestamp>Mon Oct 28 23:02:21 2019</timestamp>
		<arg name='tids'>5752,216,2140,4936</arg>
		<arg name='syscalls'>1,1,1,0</arg>
		<arg name='calls'>0,0,0,0</arg>
	</msg>
	<msg id='57' display='false' source='tcet'>
		<type>HEARTBEAT</type>
		<severity>INFO</severity>
		<timestamp>Mon Oct 28 23:02:22 2019</timestamp>
		<arg name='tids'>5752,216,2140,4936</arg>
		<arg name='syscalls'>1,1,1,0</arg>
		<arg name='calls'>0,0,0,0</arg>
	</msg>
	<msg id='58' display='false' source='tcet'>
		<type>HEARTBEAT</type>
		<severity>INFO</severity>
		<timestamp>Mon Oct 28 23:02:23 2019</timestamp>
		<arg name='tids'>5752,216,2140,4936</arg>
		<arg name='syscalls'>1,1,1,0</arg>
		<arg name='calls'>0,0,0,0</arg>
	</msg>
	<msg id='59' display='false' source='tcet'>
		<type>HEARTBEAT</type>
		<severity>INFO</severity>
		<timestamp>Mon Oct 28 23:02:24 2019</timestamp>
		<arg name='tids'>5752,216,2140,4936</arg>
		<arg name='syscalls'>1,1,1,0</arg>
		<arg name='calls'>0,0,0,0</arg>
	</msg>
	<msg id='60' display='false' source='tcet'>
		<type>HEARTBEAT</type>
		<severity>INFO</severity>
		<timestamp>Mon Oct 28 23:02:25 2019</timestamp>
		<arg name='tids'>5752,216,2140,4936</arg>
		<arg name='syscalls'>1,1,1,0</arg>
		<arg name='calls'>0,0,0,0</arg>
	</msg>
	<msg id='61' display='false' source='tcet'>
		<type>HEARTBEAT</type>
		<severity>INFO</severity>
		<timestamp>Mon Oct 28 23:02:26 2019</timestamp>
		<arg name='tids'>5752,216,2140,4936</arg>
		<arg name='syscalls'>1,1,1,0</arg>
		<arg name='calls'>0,0,0,0</arg>
	</msg>
	<msg id='62' display='false' source='tcet'>
		<type>HEARTBEAT</type>
		<severity>INFO</severity>
		<timestamp>Mon Oct 28 23:02:27 2019</timestamp>
		<arg name='tids'>5752,216,2140,4936</arg>
		<arg name='syscalls'>1,1,1,0</arg>
		<arg name='calls'>0,0,0,0</arg>
	</msg>
	<msg id='63' display='false' source='tcet'>
		<type>HEARTBEAT</type>
		<severity>INFO</severity>
		<timestamp>Mon Oct 28 23:02:28 2019</timestamp>
		<arg name='tids'>5752,216,2140,4936</arg>
		<arg name='syscalls'>1,1,1,0</arg>
		<arg name='calls'>0,0,0,0</arg>
	</msg>
	<msg id='64' display='false' source='tcet'>
		<type>HEARTBEAT</type>
		<severity>INFO</severity>
		<timestamp>Mon Oct 28 23:02:29 2019</timestamp>
		<arg name='tids'>5752,216,2140,4936</arg>
		<arg name='syscalls'>1,1,1,0</arg>
		<arg name='calls'>0,0,0,0</arg>
	</msg>
	<msg id='65' display='false' source='tcet'>
		<type>HEARTBEAT</type>
		<severity>INFO</severity>
		<timestamp>Mon Oct 28 23:02:30 2019</timestamp>
		<arg name='tids'>5752,216,2140,4936</arg>
		<arg name='syscalls'>1,1,1,0</arg>
		<arg name='calls'>0,0,0,0</arg>
	</msg>
	<msg id='66' display='false' source='tcet'>
		<type>HEARTBEAT</type>
		<severity>INFO</severity>
		<timestamp>Mon Oct 28 23:02:31 2019</timestamp>
		<arg name='tids'>5752,216,2140,4936</arg>
		<arg name='syscalls'>1,1,1,0</arg>
		<arg name='calls'>0,0,0,0</arg>
	</msg>
	<msg id='67' display='false' source='tcet'>
		<type>HEARTBEAT</type>
		<severity>INFO</severity>
		<timestamp>Mon Oct 28 23:02:32 2019</timestamp>
		<arg name='tids'>5752,216,2140,4936</arg>
		<arg name='syscalls'>1,1,1,0</arg>
		<arg name='calls'>0,0,0,0</arg>
	</msg>
	<msg id='68' display='false' source='tcet'>
		<type>HEARTBEAT</type>
		<severity>INFO</severity>
		<timestamp>Mon Oct 28 23:02:33 2019</timestamp>
		<arg name='tids'>5752,216,2140,4936</arg>
		<arg name='syscalls'>1,1,1,0</arg>
		<arg name='calls'>0,0,0,0</arg>
	</msg>
	<msg id='69' display='false' source='tcet'>
		<type>HEARTBEAT</type>
		<severity>INFO</severity>
		<timestamp>Mon Oct 28 23:02:34 2019</timestamp>
		<arg name='tids'>5752,216,2140,4936</arg>
		<arg name='syscalls'>1,1,1,0</arg>
		<arg name='calls'>0,0,0,0</arg>
	</msg>
	<msg id='70' display='false' source='tcet'>
		<type>HEARTBEAT</type>
		<severity>INFO</severity>
		<timestamp>Mon Oct 28 23:02:35 2019</timestamp>
		<arg name='tids'>5752,216,2140,4936</arg>
		<arg name='syscalls'>1,1,1,0</arg>
		<arg name='calls'>0,0,0,0</arg>
	</msg>
	<msg id='71' display='false' source='tcet'>
		<type>HEARTBEAT</type>
		<severity>INFO</severity>
		<timestamp>Mon Oct 28 23:02:36 2019</timestamp>
		<arg name='tids'>5752,216,2140,4936</arg>
		<arg name='syscalls'>1,1,1,0</arg>
		<arg name='calls'>0,0,0,0</arg>
	</msg>
	<!-- Thread 4 effective sampling rate is 0/0 -->
	<!-- Thread 2 effective sampling rate is 0/0 -->
	<!-- Thread 3 effective sampling rate is 0/0 -->
	<msg id='72' display='false' source='tcet'>
		<type>HEARTBEAT</type>
		<severity>INFO</severity>
		<timestamp>Mon Oct 28 23:02:37 2019</timestamp>
		<arg name='tids'>4936</arg>
		<arg name='syscalls'>0</arg>
		<arg name='calls'>0</arg>
	</msg>
	<msg id='73' display='false' source='tcet'>
		<type>HEARTBEAT</type>
		<severity>INFO</severity>
		<timestamp>Mon Oct 28 23:02:38 2019</timestamp>
		<arg name='tids'>4936</arg>
		<arg name='syscalls'>0</arg>
		<arg name='calls'>0</arg>
	</msg>
	<msg id='74' display='false' source='tcet'>
		<type>HEARTBEAT</type>
		<severity>INFO</severity>
		<timestamp>Mon Oct 28 23:02:39 2019</timestamp>
		<arg name='tids'>4936</arg>
		<arg name='syscalls'>0</arg>
		<arg name='calls'>0</arg>
	</msg>
	<msg id='75' display='false' source='tcet'>
		<type>HEARTBEAT</type>
		<severity>INFO</severity>
		<timestamp>Mon Oct 28 23:02:40 2019</timestamp>
		<arg name='tids'>4936</arg>
		<arg name='syscalls'>0</arg>
		<arg name='calls'>0</arg>
	</msg>
	<msg id='76' display='false' source='tcet'>
		<type>HEARTBEAT</type>
		<severity>INFO</severity>
		<timestamp>Mon Oct 28 23:02:41 2019</timestamp>
		<arg name='tids'>4936</arg>
		<arg name='syscalls'>0</arg>
		<arg name='calls'>0</arg>
	</msg>
	<msg id='77' display='false' source='tcet'>
		<type>HEARTBEAT</type>
		<severity>INFO</severity>
		<timestamp>Mon Oct 28 23:02:42 2019</timestamp>
		<arg name='tids'>4936</arg>
		<arg name='syscalls'>0</arg>
		<arg name='calls'>0</arg>
	</msg>
	<msg id='78' display='false' source='tcet'>
		<type>HEARTBEAT</type>
		<severity>INFO</severity>
		<timestamp>Mon Oct 28 23:02:43 2019</timestamp>
		<arg name='tids'>4936</arg>
		<arg name='syscalls'>0</arg>
		<arg name='calls'>0</arg>
	</msg>
	<msg id='79' display='false' source='tcet'>
		<type>HEARTBEAT</type>
		<severity>INFO</severity>
		<timestamp>Mon Oct 28 23:02:44 2019</timestamp>
		<arg name='tids'>4936</arg>
		<arg name='syscalls'>0</arg>
		<arg name='calls'>0</arg>
	</msg>
	<msg id='80' display='false' source='tcet'>
		<type>HEARTBEAT</type>
		<severity>INFO</severity>
		<timestamp>Mon Oct 28 23:02:45 2019</timestamp>
		<arg name='tids'>4936</arg>
		<arg name='syscalls'>0</arg>
		<arg name='calls'>0</arg>
	</msg>
	<msg id='81' display='false' source='tcet'>
		<type>HEARTBEAT</type>
		<severity>INFO</severity>
		<timestamp>Mon Oct 28 23:02:46 2019</timestamp>
		<arg name='tids'>4936</arg>
		<arg name='syscalls'>0</arg>
		<arg name='calls'>0</arg>
	</msg>
	<msg id='82' display='false' source='tcet'>
		<type>HEARTBEAT</type>
		<severity>INFO</severity>
		<timestamp>Mon Oct 28 23:02:47 2019</timestamp>
		<arg name='tids'>4936</arg>
		<arg name='syscalls'>0</arg>
		<arg name='calls'>0</arg>
	</msg>
	<msg id='83' display='false' source='tcet'>
		<type>HEARTBEAT</type>
		<severity>INFO</severity>
		<timestamp>Mon Oct 28 23:02:48 2019</timestamp>
		<arg name='tids'>4936</arg>
		<arg name='syscalls'>0</arg>
		<arg name='calls'>0</arg>
	</msg>
	<msg id='84' display='false' source='tcet'>
		<type>HEARTBEAT</type>
		<severity>INFO</severity>
		<timestamp>Mon Oct 28 23:02:49 2019</timestamp>
		<arg name='tids'>4936</arg>
		<arg name='syscalls'>0</arg>
		<arg name='calls'>0</arg>
	</msg>
	<msg id='85' display='false' source='tcet'>
		<type>HEARTBEAT</type>
		<severity>INFO</severity>
		<timestamp>Mon Oct 28 23:02:50 2019</timestamp>
		<arg name='tids'>4936</arg>
		<arg name='syscalls'>0</arg>
		<arg name='calls'>0</arg>
	</msg>
	<msg id='86' display='false' source='tcet'>
		<type>HEARTBEAT</type>
		<severity>INFO</severity>
		<timestamp>Mon Oct 28 23:02:51 2019</timestamp>
		<arg name='tids'>4936</arg>
		<arg name='syscalls'>0</arg>
		<arg name='calls'>0</arg>
	</msg>
	<msg id='87' display='false' source='tcet'>
		<type>HEARTBEAT</type>
		<severity>INFO</severity>
		<timestamp>Mon Oct 28 23:02:52 2019</timestamp>
		<arg name='tids'>4936</arg>
		<arg name='syscalls'>0</arg>
		<arg name='calls'>0</arg>
	</msg>
	<msg id='88' display='false' source='tcet'>
		<type>HEARTBEAT</type>
		<severity>INFO</severity>
		<timestamp>Mon Oct 28 23:02:53 2019</timestamp>
		<arg name='tids'>4936</arg>
		<arg name='syscalls'>0</arg>
		<arg name='calls'>0</arg>
	</msg>
	<msg id='89' display='false' source='tcet'>
		<type>HEARTBEAT</type>
		<severity>INFO</severity>
		<timestamp>Mon Oct 28 23:02:54 2019</timestamp>
		<arg name='tids'>4936</arg>
		<arg name='syscalls'>0</arg>
		<arg name='calls'>0</arg>
	</msg>
	<msg id='90' display='false' source='tcet'>
		<type>HEARTBEAT</type>
		<severity>INFO</severity>
		<timestamp>Mon Oct 28 23:02:55 2019</timestamp>
		<arg name='tids'>4936</arg>
		<arg name='syscalls'>0</arg>
		<arg name='calls'>0</arg>
	</msg>
	<msg id='91' display='false' source='tcet'>
		<type>HEARTBEAT</type>
		<severity>INFO</severity>
		<timestamp>Mon Oct 28 23:02:56 2019</timestamp>
		<arg name='tids'>4936</arg>
		<arg name='syscalls'>0</arg>
		<arg name='calls'>0</arg>
	</msg>
	<msg id='92' display='false' source='tcet'>
		<type>HEARTBEAT</type>
		<severity>INFO</severity>
		<timestamp>Mon Oct 28 23:02:57 2019</timestamp>
		<arg name='tids'>4936</arg>
		<arg name='syscalls'>0</arg>
		<arg name='calls'>0</arg>
	</msg>
	<msg id='93' display='false' source='tcet'>
		<type>HEARTBEAT</type>
		<severity>INFO</severity>
		<timestamp>Mon Oct 28 23:02:58 2019</timestamp>
		<arg name='tids'>4936</arg>
		<arg name='syscalls'>0</arg>
		<arg name='calls'>0</arg>
	</msg>
	<msg id='94' display='false' source='tcet'>
		<type>HEARTBEAT</type>
		<severity>INFO</severity>
		<timestamp>Mon Oct 28 23:02:59 2019</timestamp>
		<arg name='tids'>4936</arg>
		<arg name='syscalls'>0</arg>
		<arg name='calls'>0</arg>
	</msg>
	<msg id='95' display='false' source='tcet'>
		<type>THREADNAME</type>
		<severity>INFO</severity>
		<timestamp>Mon Oct 28 23:03:00 2019</timestamp>
		<arg name='tid'>3452</arg>
		<arg name='name'>Cilk Worker</arg>
	</msg>
	<msg id='96' display='false' source='tcet'>
		<type>HEARTBEAT</type>
		<severity>INFO</severity>
		<timestamp>Mon Oct 28 23:03:00 2019</timestamp>
		<arg name='tids'>10156,9364,3452,4936</arg>
		<arg name='syscalls'>1,0,0,0</arg>
		<arg name='calls'>382,428,437,2378</arg>
	</msg>
	<msg id='97' display='false' source='tcet'>
		<type>THREADNAME</type>
		<severity>INFO</severity>
		<timestamp>Mon Oct 28 23:03:01 2019</timestamp>
		<arg name='tid'>10156</arg>
		<arg name='name'>Cilk Worker</arg>
	</msg>
	<msg id='98' display='false' source='tcet'>
		<type>THREADNAME</type>
		<severity>INFO</severity>
		<timestamp>Mon Oct 28 23:03:01 2019</timestamp>
		<arg name='tid'>9364</arg>
		<arg name='name'>Cilk Worker</arg>
	</msg>
	<msg id='99' display='false' source='tcet'>
		<type>HEARTBEAT</type>
		<severity>INFO</severity>
		<timestamp>Mon Oct 28 23:03:01 2019</timestamp>
		<arg name='tids'>10156,9364,3452,4936</arg>
		<arg name='syscalls'>0,0,0,0</arg>
		<arg name='calls'>549730,539143,471716,192622</arg>
	</msg>
	<msg id='100' display='false' source='tcet'>
		<type>HEARTBEAT</type>
		<severity>INFO</severity>
		<timestamp>Mon Oct 28 23:03:02 2019</timestamp>
		<arg name='tids'>10156,9364,3452,4936</arg>
		<arg name='syscalls'>0,0,0,0</arg>
		<arg name='calls'>385761,389444,123809,414046</arg>
	</msg>
	<msg id='101' display='false' source='tcet'>
		<type>HEARTBEAT</type>
		<severity>INFO</severity>
		<timestamp>Mon Oct 28 23:03:03 2019</timestamp>
		<arg name='tids'>10156,9364,3452,4936</arg>
		<arg name='syscalls'>0,0,0,0</arg>
		<arg name='calls'>360220,491158,320818,127417</arg>
	</msg>
	<msg id='102' display='false' source='tcet'>
		<type>HEARTBEAT</type>
		<severity>INFO</severity>
		<timestamp>Mon Oct 28 23:03:04 2019</timestamp>
		<arg name='tids'>10156,9364,3452,4936</arg>
		<arg name='syscalls'>0,0,0,0</arg>
		<arg name='calls'>137568,371751,383119,239261</arg>
	</msg>
	<msg id='103' display='false' source='tcet'>
		<type>HEARTBEAT</type>
		<severity>INFO</severity>
		<timestamp>Mon Oct 28 23:03:05 2019</timestamp>
		<arg name='tids'>10156,9364,3452,4936</arg>
		<arg name='syscalls'>0,0,0,0</arg>
		<arg name='calls'>213481,191346,58805,244454</arg>
	</msg>
	<msg id='104' display='false' source='tcet'>
		<type>HEARTBEAT</type>
		<severity>INFO</severity>
		<timestamp>Mon Oct 28 23:03:06 2019</timestamp>
		<arg name='tids'>10156,9364,3452,4936</arg>
		<arg name='syscalls'>0,0,0,0</arg>
		<arg name='calls'>198793,425118,271005,292350</arg>
	</msg>
	<msg id='105' display='false' source='tcet'>
		<type>HEARTBEAT</type>
		<severity>INFO</severity>
		<timestamp>Mon Oct 28 23:03:07 2019</timestamp>
		<arg name='tids'>10156,9364,3452,4936</arg>
		<arg name='syscalls'>0,0,0,0</arg>
		<arg name='calls'>75079,136911,33873,103717</arg>
	</msg>
	<msg id='106' display='false' source='tcet'>
		<type>HEARTBEAT</type>
		<severity>INFO</severity>
		<timestamp>Mon Oct 28 23:03:08 2019</timestamp>
		<arg name='tids'>10156,9364,3452,4936</arg>
		<arg name='syscalls'>0,0,0,0</arg>
		<arg name='calls'>125401,301960,188309,230716</arg>
	</msg>
	<msg id='107' display='false' source='tcet'>
		<type>HEARTBEAT</type>
		<severity>INFO</severity>
		<timestamp>Mon Oct 28 23:03:09 2019</timestamp>
		<arg name='tids'>10156,9364,3452,4936</arg>
		<arg name='syscalls'>0,0,0,0</arg>
		<arg name='calls'>326838,362092,370622,118397</arg>
	</msg>
	<msg id='108' display='false' source='tcet'>
		<type>HEARTBEAT</type>
		<severity>INFO</severity>
		<timestamp>Mon Oct 28 23:03:10 2019</timestamp>
		<arg name='tids'>10156,9364,3452,4936</arg>
		<arg name='syscalls'>0,0,0,0</arg>
		<arg name='calls'>221298,318332,284967,349798</arg>
	</msg>
	<msg id='109' display='false' source='tcet'>
		<type>HEARTBEAT</type>
		<severity>INFO</severity>
		<timestamp>Mon Oct 28 23:03:11 2019</timestamp>
		<arg name='tids'>10156,9364,3452,4936</arg>
		<arg name='syscalls'>0,0,0,0</arg>
		<arg name='calls'>131569,265319,185132,73199</arg>
	</msg>
	<msg id='110' display='false' source='tcet'>
		<type>HEARTBEAT</type>
		<severity>INFO</severity>
		<timestamp>Mon Oct 28 23:03:12 2019</timestamp>
		<arg name='tids'>10156,9364,3452,4936</arg>
		<arg name='syscalls'>0,0,0,0</arg>
		<arg name='calls'>71758,279606,438611,448686</arg>
	</msg>
	<msg id='111' display='false' source='tcet'>
		<type>HEARTBEAT</type>
		<severity>INFO</severity>
		<timestamp>Mon Oct 28 23:03:13 2019</timestamp>
		<arg name='tids'>10156,9364,3452,4936</arg>
		<arg name='syscalls'>0,0,0,0</arg>
		<arg name='calls'>95424,357431,453421,170165</arg>
	</msg>
	<msg id='112' display='false' source='tcet'>
		<type>HEARTBEAT</type>
		<severity>INFO</severity>
		<timestamp>Mon Oct 28 23:03:14 2019</timestamp>
		<arg name='tids'>10156,9364,3452,4936</arg>
		<arg name='syscalls'>0,0,0,0</arg>
		<arg name='calls'>261462,101525,162701,65462</arg>
	</msg>
	<msg id='113' display='false' source='tcet'>
		<type>HEARTBEAT</type>
		<severity>INFO</severity>
		<timestamp>Mon Oct 28 23:03:15 2019</timestamp>
		<arg name='tids'>10156,9364,3452,4936</arg>
		<arg name='syscalls'>0,0,0,0</arg>
		<arg name='calls'>317292,153219,100631,104700</arg>
	</msg>
	<msg id='114' display='false' source='tcet'>
		<type>HEARTBEAT</type>
		<severity>INFO</severity>
		<timestamp>Mon Oct 28 23:03:16 2019</timestamp>
		<arg name='tids'>10156,9364,3452,4936</arg>
		<arg name='syscalls'>0,0,0,0</arg>
		<arg name='calls'>60082,157894,69060,77646</arg>
	</msg>
	<msg id='115' display='false' source='tcet'>
		<type>HEARTBEAT</type>
		<severity>INFO</severity>
		<timestamp>Mon Oct 28 23:03:17 2019</timestamp>
		<arg name='tids'>10156,9364,3452,4936</arg>
		<arg name='syscalls'>0,0,0,0</arg>
		<arg name='calls'>385089,240237,276299,325322</arg>
	</msg>
	<msg id='116' display='false' source='tcet'>
		<type>HEARTBEAT</type>
		<severity>INFO</severity>
		<timestamp>Mon Oct 28 23:03:18 2019</timestamp>
		<arg name='tids'>10156,9364,3452,4936</arg>
		<arg name='syscalls'>0,0,0,0</arg>
		<arg name='calls'>336900,406292,118823,256799</arg>
	</msg>
	<msg id='117' display='false' source='tcet'>
		<type>HEARTBEAT</type>
		<severity>INFO</severity>
		<timestamp>Mon Oct 28 23:03:19 2019</timestamp>
		<arg name='tids'>10156,9364,3452,4936</arg>
		<arg name='syscalls'>0,0,0,0</arg>
		<arg name='calls'>22096,327647,301409,344315</arg>
	</msg>
	<msg id='118' display='false' source='tcet'>
		<type>HEARTBEAT</type>
		<severity>INFO</severity>
		<timestamp>Mon Oct 28 23:03:20 2019</timestamp>
		<arg name='tids'>10156,9364,3452,4936</arg>
		<arg name='syscalls'>0,0,0,0</arg>
		<arg name='calls'>313997,131109,293123,125153</arg>
	</msg>
	<msg id='119' display='false' source='tcet'>
		<type>HEARTBEAT</type>
		<severity>INFO</severity>
		<timestamp>Mon Oct 28 23:03:21 2019</timestamp>
		<arg name='tids'>10156,9364,3452,4936</arg>
		<arg name='syscalls'>0,0,0,0</arg>
		<arg name='calls'>178289,189631,367316,252092</arg>
	</msg>
	<msg id='120' display='false' source='tcet'>
		<type>HEARTBEAT</type>
		<severity>INFO</severity>
		<timestamp>Mon Oct 28 23:03:22 2019</timestamp>
		<arg name='tids'>10156,9364,3452,4936</arg>
		<arg name='syscalls'>0,0,0,0</arg>
		<arg name='calls'>325523,179152,28873,292174</arg>
	</msg>
	<msg id='121' display='false' source='tcet'>
		<type>HEARTBEAT</type>
		<severity>INFO</severity>
		<timestamp>Mon Oct 28 23:03:23 2019</timestamp>
		<arg name='tids'>10156,9364,3452,4936</arg>
		<arg name='syscalls'>0,0,0,0</arg>
		<arg name='calls'>260142,165905,102037,225198</arg>
	</msg>
	<msg id='122' display='false' source='tcet'>
		<type>HEARTBEAT</type>
		<severity>INFO</severity>
		<timestamp>Mon Oct 28 23:03:24 2019</timestamp>
		<arg name='tids'>10156,9364,3452,4936</arg>
		<arg name='syscalls'>0,0,0,0</arg>
		<arg name='calls'>230124,171293,339898,244490</arg>
	</msg>
	<msg id='123' display='false' source='tcet'>
		<type>HEARTBEAT</type>
		<severity>INFO</severity>
		<timestamp>Mon Oct 28 23:03:25 2019</timestamp>
		<arg name='tids'>10156,9364,3452,4936</arg>
		<arg name='syscalls'>0,0,0,0</arg>
		<arg name='calls'>267296,427357,125508,230203</arg>
	</msg>
	<msg id='124' display='false' source='tcet'>
		<type>HEARTBEAT</type>
		<severity>INFO</severity>
		<timestamp>Mon Oct 28 23:03:26 2019</timestamp>
		<arg name='tids'>10156,9364,3452,4936</arg>
		<arg name='syscalls'>0,0,0,0</arg>
		<arg name='calls'>95223,252466,169152,110796</arg>
	</msg>
	<msg id='125' display='false' source='tcet'>
		<type>HEARTBEAT</type>
		<severity>INFO</severity>
		<timestamp>Mon Oct 28 23:03:27 2019</timestamp>
		<arg name='tids'>10156,9364,3452,4936</arg>
		<arg name='syscalls'>0,0,0,0</arg>
		<arg name='calls'>240890,314305,87193,117746</arg>
	</msg>
	<msg id='126' display='false' source='tcet'>
		<type>HEARTBEAT</type>
		<severity>INFO</severity>
		<timestamp>Mon Oct 28 23:03:28 2019</timestamp>
		<arg name='tids'>10156,9364,3452,4936</arg>
		<arg name='syscalls'>0,0,0,0</arg>
		<arg name='calls'>154082,328308,204820,308787</arg>
	</msg>
	<msg id='127' display='false' source='tcet'>
		<type>HEARTBEAT</type>
		<severity>INFO</severity>
		<timestamp>Mon Oct 28 23:03:29 2019</timestamp>
		<arg name='tids'>10156,9364,3452,4936</arg>
		<arg name='syscalls'>0,0,0,0</arg>
		<arg name='calls'>240394,258468,229638,315240</arg>
	</msg>
	<msg id='128' display='false' source='tcet'>
		<type>HEARTBEAT</type>
		<severity>INFO</severity>
		<timestamp>Mon Oct 28 23:03:30 2019</timestamp>
		<arg name='tids'>10156,9364,3452,4936</arg>
		<arg name='syscalls'>0,0,0,0</arg>
		<arg name='calls'>435007,317388,122048,172027</arg>
	</msg>
	<msg id='129' display='false' source='tcet'>
		<type>HEARTBEAT</type>
		<severity>INFO</severity>
		<timestamp>Mon Oct 28 23:03:31 2019</timestamp>
		<arg name='tids'>10156,9364,3452,4936</arg>
		<arg name='syscalls'>0,0,0,0</arg>
		<arg name='calls'>227770,237152,377000,121546</arg>
	</msg>
	<msg id='130' display='false' source='tcet'>
		<type>HEARTBEAT</type>
		<severity>INFO</severity>
		<timestamp>Mon Oct 28 23:03:32 2019</timestamp>
		<arg name='tids'>10156,9364,3452,4936</arg>
		<arg name='syscalls'>0,0,0,0</arg>
		<arg name='calls'>281522,268151,176842,260947</arg>
	</msg>
	<msg id='131' display='false' source='tcet'>
		<type>HEARTBEAT</type>
		<severity>INFO</severity>
		<timestamp>Mon Oct 28 23:03:33 2019</timestamp>
		<arg name='tids'>10156,9364,3452,4936</arg>
		<arg name='syscalls'>0,0,0,0</arg>
		<arg name='calls'>297071,238231,236690,91778</arg>
	</msg>
	<msg id='132' display='false' source='tcet'>
		<type>HEARTBEAT</type>
		<severity>INFO</severity>
		<timestamp>Mon Oct 28 23:03:34 2019</timestamp>
		<arg name='tids'>10156,9364,3452,4936</arg>
		<arg name='syscalls'>0,0,0,0</arg>
		<arg name='calls'>270297,309827,179253,127860</arg>
	</msg>
	<msg id='133' display='false' source='tcet'>
		<type>HEARTBEAT</type>
		<severity>INFO</severity>
		<timestamp>Mon Oct 28 23:03:35 2019</timestamp>
		<arg name='tids'>10156,9364,3452,4936</arg>
		<arg name='syscalls'>0,0,0,0</arg>
		<arg name='calls'>81063,228298,180280,325553</arg>
	</msg>
	<msg id='134' display='false' source='tcet'>
		<type>HEARTBEAT</type>
		<severity>INFO</severity>
		<timestamp>Mon Oct 28 23:03:36 2019</timestamp>
		<arg name='tids'>10156,9364,3452,4936</arg>
		<arg name='syscalls'>0,0,0,0</arg>
		<arg name='calls'>324989,246755,86260,226453</arg>
	</msg>
	<msg id='135' display='false' source='tcet'>
		<type>HEARTBEAT</type>
		<severity>INFO</severity>
		<timestamp>Mon Oct 28 23:03:37 2019</timestamp>
		<arg name='tids'>10156,9364,3452,4936</arg>
		<arg name='syscalls'>0,0,0,0</arg>
		<arg name='calls'>177915,200231,31982,46368</arg>
	</msg>
	<msg id='136' display='false' source='tcet'>
		<type>HEARTBEAT</type>
		<severity>INFO</severity>
		<timestamp>Mon Oct 28 23:03:38 2019</timestamp>
		<arg name='tids'>10156,9364,3452,4936</arg>
		<arg name='syscalls'>0,0,0,0</arg>
		<arg name='calls'>406465,198406,360623,131272</arg>
	</msg>
	<msg id='137' display='false' source='tcet'>
		<type>HEARTBEAT</type>
		<severity>INFO</severity>
		<timestamp>Mon Oct 28 23:03:39 2019</timestamp>
		<arg name='tids'>10156,9364,3452,4936</arg>
		<arg name='syscalls'>0,0,0,0</arg>
		<arg name='calls'>111782,103824,109539,175149</arg>
	</msg>
	<msg id='138' display='false' source='tcet'>
		<type>HEARTBEAT</type>
		<severity>INFO</severity>
		<timestamp>Mon Oct 28 23:03:40 2019</timestamp>
		<arg name='tids'>10156,9364,3452,4936</arg>
		<arg name='syscalls'>0,0,0,0</arg>
		<arg name='calls'>552166,253260,169905,150500</arg>
	</msg>
	<msg id='139' display='false' source='tcet'>
		<type>HEARTBEAT</type>
		<severity>INFO</severity>
		<timestamp>Mon Oct 28 23:03:41 2019</timestamp>
		<arg name='tids'>10156,9364,3452,4936</arg>
		<arg name='syscalls'>0,0,0,0</arg>
		<arg name='calls'>182220,74268,236645,129046</arg>
	</msg>
	<msg id='140' display='false' source='tcet'>
		<type>HEARTBEAT</type>
		<severity>INFO</severity>
		<timestamp>Mon Oct 28 23:03:42 2019</timestamp>
		<arg name='tids'>10156,9364,3452,4936</arg>
		<arg name='syscalls'>0,0,0,0</arg>
		<arg name='calls'>124948,173699,105129,152196</arg>
	</msg>
	<msg id='141' display='false' source='tcet'>
		<type>HEARTBEAT</type>
		<severity>INFO</severity>
		<timestamp>Mon Oct 28 23:03:43 2019</timestamp>
		<arg name='tids'>10156,9364,3452,4936</arg>
		<arg name='syscalls'>0,0,0,0</arg>
		<arg name='calls'>169844,519927,220884,271311</arg>
	</msg>
	<msg id='142' display='false' source='tcet'>
		<type>HEARTBEAT</type>
		<severity>INFO</severity>
		<timestamp>Mon Oct 28 23:03:44 2019</timestamp>
		<arg name='tids'>10156,9364,3452,4936</arg>
		<arg name='syscalls'>0,0,0,0</arg>
		<arg name='calls'>211736,163477,404031,199797</arg>
	</msg>
	<msg id='143' display='false' source='tcet'>
		<type>HEARTBEAT</type>
		<severity>INFO</severity>
		<timestamp>Mon Oct 28 23:03:45 2019</timestamp>
		<arg name='tids'>10156,9364,3452,4936</arg>
		<arg name='syscalls'>0,0,0,0</arg>
		<arg name='calls'>271155,106093,100183,120147</arg>
	</msg>
	<msg id='144' display='false' source='tcet'>
		<type>HEARTBEAT</type>
		<severity>INFO</severity>
		<timestamp>Mon Oct 28 23:03:46 2019</timestamp>
		<arg name='tids'>10156,9364,3452,4936</arg>
		<arg name='syscalls'>0,0,0,0</arg>
		<arg name='calls'>171401,99202,55370,157931</arg>
	</msg>
	<msg id='145' display='false' source='tcet'>
		<type>HEARTBEAT</type>
		<severity>INFO</severity>
		<timestamp>Mon Oct 28 23:03:47 2019</timestamp>
		<arg name='tids'>10156,9364,3452,4936</arg>
		<arg name='syscalls'>0,0,0,0</arg>
		<arg name='calls'>175153,372080,303081,115950</arg>
	</msg>
	<msg id='146' display='false' source='tcet'>
		<type>HEARTBEAT</type>
		<severity>INFO</severity>
		<timestamp>Mon Oct 28 23:03:48 2019</timestamp>
		<arg name='tids'>10156,9364,3452,4936</arg>
		<arg name='syscalls'>0,0,0,0</arg>
		<arg name='calls'>154343,210588,183455,245074</arg>
	</msg>
	<msg id='147' display='false' source='tcet'>
		<type>HEARTBEAT</type>
		<severity>INFO</severity>
		<timestamp>Mon Oct 28 23:03:49 2019</timestamp>
		<arg name='tids'>10156,9364,3452,4936</arg>
		<arg name='syscalls'>0,0,0,0</arg>
		<arg name='calls'>264906,327878,204223,237344</arg>
	</msg>
	<msg id='148' display='false' source='tcet'>
		<type>HEARTBEAT</type>
		<severity>INFO</severity>
		<timestamp>Mon Oct 28 23:03:50 2019</timestamp>
		<arg name='tids'>10156,9364,3452,4936</arg>
		<arg name='syscalls'>0,0,0,0</arg>
		<arg name='calls'>159154,277953,245319,389952</arg>
	</msg>
	<msg id='149' display='false' source='tcet'>
		<type>HEARTBEAT</type>
		<severity>INFO</severity>
		<timestamp>Mon Oct 28 23:03:51 2019</timestamp>
		<arg name='tids'>10156,9364,3452,4936</arg>
		<arg name='syscalls'>0,0,0,0</arg>
		<arg name='calls'>216866,150327,142662,90166</arg>
	</msg>
	<msg id='150' display='false' source='tcet'>
		<type>HEARTBEAT</type>
		<severity>INFO</severity>
		<timestamp>Mon Oct 28 23:03:52 2019</timestamp>
		<arg name='tids'>10156,9364,3452,4936</arg>
		<arg name='syscalls'>0,0,0,0</arg>
		<arg name='calls'>309666,414707,314452,49333</arg>
	</msg>
	<msg id='151' display='false' source='tcet'>
		<type>HEARTBEAT</type>
		<severity>INFO</severity>
		<timestamp>Mon Oct 28 23:03:53 2019</timestamp>
		<arg name='tids'>10156,9364,3452,4936</arg>
		<arg name='syscalls'>0,0,0,0</arg>
		<arg name='calls'>149226,286083,220068,385377</arg>
	</msg>
	<msg id='152' display='false' source='tcet'>
		<type>HEARTBEAT</type>
		<severity>INFO</severity>
		<timestamp>Mon Oct 28 23:03:54 2019</timestamp>
		<arg name='tids'>10156,9364,3452,4936</arg>
		<arg name='syscalls'>0,0,0,0</arg>
		<arg name='calls'>117909,234883,223473,183873</arg>
	</msg>
	<msg id='153' display='false' source='tcet'>
		<type>HEARTBEAT</type>
		<severity>INFO</severity>
		<timestamp>Mon Oct 28 23:03:55 2019</timestamp>
		<arg name='tids'>10156,9364,3452,4936</arg>
		<arg name='syscalls'>0,0,0,0</arg>
		<arg name='calls'>354870,57658,376515,470287</arg>
	</msg>
	<msg id='154' display='false' source='tcet'>
		<type>HEARTBEAT</type>
		<severity>INFO</severity>
		<timestamp>Mon Oct 28 23:03:56 2019</timestamp>
		<arg name='tids'>10156,9364,3452,4936</arg>
		<arg name='syscalls'>0,0,0,0</arg>
		<arg name='calls'>166405,190899,158148,259118</arg>
	</msg>
	<msg id='155' display='false' source='tcet'>
		<type>HEARTBEAT</type>
		<severity>INFO</severity>
		<timestamp>Mon Oct 28 23:03:57 2019</timestamp>
		<arg name='tids'>10156,9364,3452,4936</arg>
		<arg name='syscalls'>0,0,0,0</arg>
		<arg name='calls'>274369,220622,127572,243332</arg>
	</msg>
	<msg id='156' display='false' source='tcet'>
		<type>HEARTBEAT</type>
		<severity>INFO</severity>
		<timestamp>Mon Oct 28 23:03:58 2019</timestamp>
		<arg name='tids'>10156,9364,3452,4936</arg>
		<arg name='syscalls'>0,0,0,0</arg>
		<arg name='calls'>214369,275808,198240,191496</arg>
	</msg>
	<msg id='157' display='false' source='tcet'>
		<type>HEARTBEAT</type>
		<severity>INFO</severity>
		<timestamp>Mon Oct 28 23:03:59 2019</timestamp>
		<arg name='tids'>10156,9364,3452,4936</arg>
		<arg name='syscalls'>0,0,0,0</arg>
		<arg name='calls'>220338,210956,197092,76319</arg>
	</msg>
	<msg id='158' display='false' source='tcet'>
		<type>HEARTBEAT</type>
		<severity>INFO</severity>
		<timestamp>Mon Oct 28 23:04:00 2019</timestamp>
		<arg name='tids'>10156,9364,3452,4936</arg>
		<arg name='syscalls'>0,0,0,0</arg>
		<arg name='calls'>229610,163689,202492,102905</arg>
	</msg>
	<msg id='159' display='false' source='tcet'>
		<type>HEARTBEAT</type>
		<severity>INFO</severity>
		<timestamp>Mon Oct 28 23:04:01 2019</timestamp>
		<arg name='tids'>10156,9364,3452,4936</arg>
		<arg name='syscalls'>0,0,0,0</arg>
		<arg name='calls'>398888,251980,99496,269043</arg>
	</msg>
	<msg id='160' display='false' source='tcet'>
		<type>HEARTBEAT</type>
		<severity>INFO</severity>
		<timestamp>Mon Oct 28 23:04:02 2019</timestamp>
		<arg name='tids'>10156,9364,3452,4936</arg>
		<arg name='syscalls'>0,0,0,0</arg>
		<arg name='calls'>209817,166690,190553,240707</arg>
	</msg>
	<msg id='161' display='false' source='tcet'>
		<type>HEARTBEAT</type>
		<severity>INFO</severity>
		<timestamp>Mon Oct 28 23:04:03 2019</timestamp>
		<arg name='tids'>10156,9364,3452,4936</arg>
		<arg name='syscalls'>0,0,0,0</arg>
		<arg name='calls'>207948,236951,295419,281877</arg>
	</msg>
	<msg id='162' display='false' source='tcet'>
		<type>HEARTBEAT</type>
		<severity>INFO</severity>
		<timestamp>Mon Oct 28 23:04:04 2019</timestamp>
		<arg name='tids'>10156,9364,3452,4936</arg>
		<arg name='syscalls'>0,0,0,0</arg>
		<arg name='calls'>215419,256953,70099,329287</arg>
	</msg>
	<msg id='163' display='false' source='tcet'>
		<type>HEARTBEAT</type>
		<severity>INFO</severity>
		<timestamp>Mon Oct 28 23:04:05 2019</timestamp>
		<arg name='tids'>10156,9364,3452,4936</arg>
		<arg name='syscalls'>0,0,0,0</arg>
		<arg name='calls'>257308,333419,267644,43073</arg>
	</msg>
	<msg id='164' display='false' source='tcet'>
		<type>HEARTBEAT</type>
		<severity>INFO</severity>
		<timestamp>Mon Oct 28 23:04:06 2019</timestamp>
		<arg name='tids'>10156,9364,3452,4936</arg>
		<arg name='syscalls'>0,0,0,0</arg>
		<arg name='calls'>238437,234151,158774,186306</arg>
	</msg>
	<msg id='165' display='false' source='tcet'>
		<type>HEARTBEAT</type>
		<severity>INFO</severity>
		<timestamp>Mon Oct 28 23:04:07 2019</timestamp>
		<arg name='tids'>10156,9364,3452,4936</arg>
		<arg name='syscalls'>0,0,0,0</arg>
		<arg name='calls'>154662,155015,235398,319777</arg>
	</msg>
	<msg id='166' display='false' source='tcet'>
		<type>HEARTBEAT</type>
		<severity>INFO</severity>
		<timestamp>Mon Oct 28 23:04:08 2019</timestamp>
		<arg name='tids'>10156,9364,3452,4936</arg>
		<arg name='syscalls'>0,0,0,0</arg>
		<arg name='calls'>211565,310932,281065,446611</arg>
	</msg>
	<msg id='167' display='false' source='tcet'>
		<type>HEARTBEAT</type>
		<severity>INFO</severity>
		<timestamp>Mon Oct 28 23:04:09 2019</timestamp>
		<arg name='tids'>10156,9364,3452,4936</arg>
		<arg name='syscalls'>0,0,0,0</arg>
		<arg name='calls'>341121,154211,250864,281736</arg>
	</msg>
	<msg id='168' display='false' source='tcet'>
		<type>HEARTBEAT</type>
		<severity>INFO</severity>
		<timestamp>Mon Oct 28 23:04:10 2019</timestamp>
		<arg name='tids'>10156,9364,3452,4936</arg>
		<arg name='syscalls'>0,0,0,0</arg>
		<arg name='calls'>258357,133792,403861,335305</arg>
	</msg>
	<msg id='169' display='false' source='tcet'>
		<type>HEARTBEAT</type>
		<severity>INFO</severity>
		<timestamp>Mon Oct 28 23:04:11 2019</timestamp>
		<arg name='tids'>10156,9364,3452,4936</arg>
		<arg name='syscalls'>0,0,0,0</arg>
		<arg name='calls'>230593,315987,326667,333130</arg>
	</msg>
	<msg id='170' display='false' source='tcet'>
		<type>HEARTBEAT</type>
		<severity>INFO</severity>
		<timestamp>Mon Oct 28 23:04:12 2019</timestamp>
		<arg name='tids'>10156,9364,3452,4936</arg>
		<arg name='syscalls'>0,0,0,0</arg>
		<arg name='calls'>122844,174849,103545,199381</arg>
	</msg>
	<msg id='171' display='false' source='tcet'>
		<type>HEARTBEAT</type>
		<severity>INFO</severity>
		<timestamp>Mon Oct 28 23:04:13 2019</timestamp>
		<arg name='tids'>10156,9364,3452,4936</arg>
		<arg name='syscalls'>0,0,0,0</arg>
		<arg name='calls'>189442,454001,105917,180019</arg>
	</msg>
	<msg id='172' display='false' source='tcet'>
		<type>HEARTBEAT</type>
		<severity>INFO</severity>
		<timestamp>Mon Oct 28 23:04:14 2019</timestamp>
		<arg name='tids'>10156,9364,3452,4936</arg>
		<arg name='syscalls'>0,0,0,0</arg>
		<arg name='calls'>330008,502364,149710,358825</arg>
	</msg>
	<msg id='173' display='false' source='tcet'>
		<type>HEARTBEAT</type>
		<severity>INFO</severity>
		<timestamp>Mon Oct 28 23:04:15 2019</timestamp>
		<arg name='tids'>10156,9364,3452,4936</arg>
		<arg name='syscalls'>0,0,0,0</arg>
		<arg name='calls'>302602,151685,143528,265989</arg>
	</msg>
	<msg id='174' display='false' source='tcet'>
		<type>HEARTBEAT</type>
		<severity>INFO</severity>
		<timestamp>Mon Oct 28 23:04:16 2019</timestamp>
		<arg name='tids'>10156,9364,3452,4936</arg>
		<arg name='syscalls'>0,0,0,0</arg>
		<arg name='calls'>201194,297285,420281,354280</arg>
	</msg>
	<msg id='175' display='false' source='tcet'>
		<type>HEARTBEAT</type>
		<severity>INFO</severity>
		<timestamp>Mon Oct 28 23:04:17 2019</timestamp>
		<arg name='tids'>10156,9364,3452,4936</arg>
		<arg name='syscalls'>0,0,0,0</arg>
		<arg name='calls'>150744,457618,426869,362062</arg>
	</msg>
	<msg id='176' display='false' source='tcet'>
		<type>HEARTBEAT</type>
		<severity>INFO</severity>
		<timestamp>Mon Oct 28 23:04:18 2019</timestamp>
		<arg name='tids'>10156,9364,3452,4936</arg>
		<arg name='syscalls'>0,0,0,0</arg>
		<arg name='calls'>167296,185584,344104,339504</arg>
	</msg>
	<msg id='177' display='false' source='tcet'>
		<type>HEARTBEAT</type>
		<severity>INFO</severity>
		<timestamp>Mon Oct 28 23:04:19 2019</timestamp>
		<arg name='tids'>10156,9364,3452,4936</arg>
		<arg name='syscalls'>0,0,0,0</arg>
		<arg name='calls'>192475,188791,417969,323254</arg>
	</msg>
	<msg id='178' display='false' source='tcet'>
		<type>HEARTBEAT</type>
		<severity>INFO</severity>
		<timestamp>Mon Oct 28 23:04:20 2019</timestamp>
		<arg name='tids'>10156,9364,3452,4936</arg>
		<arg name='syscalls'>0,0,0,0</arg>
		<arg name='calls'>302250,193998,245073,116430</arg>
	</msg>
	<msg id='179' display='false' source='tcet'>
		<type>HEARTBEAT</type>
		<severity>INFO</severity>
		<timestamp>Mon Oct 28 23:04:21 2019</timestamp>
		<arg name='tids'>10156,9364,3452,4936</arg>
		<arg name='syscalls'>0,0,0,0</arg>
		<arg name='calls'>201761,89766,276775,249978</arg>
	</msg>
	<msg id='180' display='false' source='tcet'>
		<type>HEARTBEAT</type>
		<severity>INFO</severity>
		<timestamp>Mon Oct 28 23:04:22 2019</timestamp>
		<arg name='tids'>10156,9364,3452,4936</arg>
		<arg name='syscalls'>0,0,0,0</arg>
		<arg name='calls'>364416,270297,173527,255266</arg>
	</msg>
	<msg id='181' display='false' source='tcet'>
		<type>HEARTBEAT</type>
		<severity>INFO</severity>
		<timestamp>Mon Oct 28 23:04:23 2019</timestamp>
		<arg name='tids'>10156,9364,3452,4936</arg>
		<arg name='syscalls'>0,0,0,0</arg>
		<arg name='calls'>32849,52957,59837,63705</arg>
	</msg>
	<msg id='182' display='false' source='tcet'>
		<type>HEARTBEAT</type>
		<severity>INFO</severity>
		<timestamp>Mon Oct 28 23:04:24 2019</timestamp>
		<arg name='tids'>10156,9364,3452,4936</arg>
		<arg name='syscalls'>0,0,0,0</arg>
		<arg name='calls'>274542,186801,205148,142510</arg>
	</msg>
	<msg id='183' display='false' source='tcet'>
		<type>HEARTBEAT</type>
		<severity>INFO</severity>
		<timestamp>Mon Oct 28 23:04:25 2019</timestamp>
		<arg name='tids'>10156,9364,3452,4936</arg>
		<arg name='syscalls'>0,0,0,0</arg>
		<arg name='calls'>304372,256147,281900,354223</arg>
	</msg>
	<msg id='184' display='false' source='tcet'>
		<type>HEARTBEAT</type>
		<severity>INFO</severity>
		<timestamp>Mon Oct 28 23:04:26 2019</timestamp>
		<arg name='tids'>10156,9364,3452,4936</arg>
		<arg name='syscalls'>0,0,0,0</arg>
		<arg name='calls'>230650,283548,204784,404424</arg>
	</msg>
	<msg id='185' display='false' source='tcet'>
		<type>HEARTBEAT</type>
		<severity>INFO</severity>
		<timestamp>Mon Oct 28 23:04:27 2019</timestamp>
		<arg name='tids'>10156,9364,3452,4936</arg>
		<arg name='syscalls'>0,0,0,0</arg>
		<arg name='calls'>273407,139580,371348,153749</arg>
	</msg>
	<msg id='186' display='false' source='tcet'>
		<type>HEARTBEAT</type>
		<severity>INFO</severity>
		<timestamp>Mon Oct 28 23:04:28 2019</timestamp>
		<arg name='tids'>10156,9364,3452,4936</arg>
		<arg name='syscalls'>0,0,0,0</arg>
		<arg name='calls'>230657,301226,295684,190782</arg>
	</msg>
	<msg id='187' display='false' source='tcet'>
		<type>HEARTBEAT</type>
		<severity>INFO</severity>
		<timestamp>Mon Oct 28 23:04:29 2019</timestamp>
		<arg name='tids'>10156,9364,3452,4936</arg>
		<arg name='syscalls'>0,0,0,0</arg>
		<arg name='calls'>195043,250227,281644,363580</arg>
	</msg>
	<msg id='188' display='false' source='tcet'>
		<type>HEARTBEAT</type>
		<severity>INFO</severity>
		<timestamp>Mon Oct 28 23:04:30 2019</timestamp>
		<arg name='tids'>10156,9364,3452,4936</arg>
		<arg name='syscalls'>0,0,0,0</arg>
		<arg name='calls'>310373,270208,197161,272051</arg>
	</msg>
	<msg id='189' display='false' source='tcet'>
		<type>HEARTBEAT</type>
		<severity>INFO</severity>
		<timestamp>Mon Oct 28 23:04:31 2019</timestamp>
		<arg name='tids'>10156,9364,3452,4936</arg>
		<arg name='syscalls'>0,0,0,0</arg>
		<arg name='calls'>356097,308305,202808,509726</arg>
	</msg>
	<msg id='190' display='false' source='tcet'>
		<type>HEARTBEAT</type>
		<severity>INFO</severity>
		<timestamp>Mon Oct 28 23:04:32 2019</timestamp>
		<arg name='tids'>10156,9364,3452,4936</arg>
		<arg name='syscalls'>0,0,0,0</arg>
		<arg name='calls'>108255,258581,399186,488939</arg>
	</msg>
	<msg id='191' display='false' source='tcet'>
		<type>HEARTBEAT</type>
		<severity>INFO</severity>
		<timestamp>Mon Oct 28 23:04:33 2019</timestamp>
		<arg name='tids'>10156,9364,3452,4936</arg>
		<arg name='syscalls'>0,0,0,0</arg>
		<arg name='calls'>208444,243922,317998,239833</arg>
	</msg>
	<msg id='192' display='false' source='tcet'>
		<type>HEARTBEAT</type>
		<severity>INFO</severity>
		<timestamp>Mon Oct 28 23:04:34 2019</timestamp>
		<arg name='tids'>10156,9364,3452,4936</arg>
		<arg name='syscalls'>0,0,0,0</arg>
		<arg name='calls'>61642,263525,218755,278363</arg>
	</msg>
	<msg id='193' display='false' source='tcet'>
		<type>HEARTBEAT</type>
		<severity>INFO</severity>
		<timestamp>Mon Oct 28 23:04:35 2019</timestamp>
		<arg name='tids'>10156,9364,3452,4936</arg>
		<arg name='syscalls'>0,0,0,0</arg>
		<arg name='calls'>280041,248807,98013,270042</arg>
	</msg>
	<msg id='194' display='false' source='tcet'>
		<type>HEARTBEAT</type>
		<severity>INFO</severity>
		<timestamp>Mon Oct 28 23:04:36 2019</timestamp>
		<arg name='tids'>10156,9364,3452,4936</arg>
		<arg name='syscalls'>0,0,0,0</arg>
		<arg name='calls'>236326,216226,317013,269101</arg>
	</msg>
	<msg id='195' display='false' source='tcet'>
		<type>HEARTBEAT</type>
		<severity>INFO</severity>
		<timestamp>Mon Oct 28 23:04:37 2019</timestamp>
		<arg name='tids'>10156,9364,3452,4936</arg>
		<arg name='syscalls'>0,0,0,0</arg>
		<arg name='calls'>180324,124067,283191,250715</arg>
	</msg>
	<msg id='196' display='false' source='tcet'>
		<type>HEARTBEAT</type>
		<severity>INFO</severity>
		<timestamp>Mon Oct 28 23:04:38 2019</timestamp>
		<arg name='tids'>10156,9364,3452,4936</arg>
		<arg name='syscalls'>0,0,0,0</arg>
		<arg name='calls'>256614,156072,272521,293060</arg>
	</msg>
	<msg id='197' display='false' source='tcet'>
		<type>HEARTBEAT</type>
		<severity>INFO</severity>
		<timestamp>Mon Oct 28 23:04:39 2019</timestamp>
		<arg name='tids'>10156,9364,3452,4936</arg>
		<arg name='syscalls'>0,0,0,0</arg>
		<arg name='calls'>261701,203193,270662,135979</arg>
	</msg>
	<msg id='198' display='false' source='tcet'>
		<type>HEARTBEAT</type>
		<severity>INFO</severity>
		<timestamp>Mon Oct 28 23:04:40 2019</timestamp>
		<arg name='tids'>10156,9364,3452,4936</arg>
		<arg name='syscalls'>0,0,0,0</arg>
		<arg name='calls'>330801,234160,286022,185645</arg>
	</msg>
	<msg id='199' display='false' source='tcet'>
		<type>HEARTBEAT</type>
		<severity>INFO</severity>
		<timestamp>Mon Oct 28 23:04:41 2019</timestamp>
		<arg name='tids'>10156,9364,3452,4936</arg>
		<arg name='syscalls'>0,0,0,0</arg>
		<arg name='calls'>237588,65996,324624,182112</arg>
	</msg>
	<msg id='200' display='false' source='tcet'>
		<type>HEARTBEAT</type>
		<severity>INFO</severity>
		<timestamp>Mon Oct 28 23:04:42 2019</timestamp>
		<arg name='tids'>10156,9364,3452,4936</arg>
		<arg name='syscalls'>0,0,0,0</arg>
		<arg name='calls'>280769,216213,203210,238558</arg>
	</msg>
	<msg id='201' display='false' source='tcet'>
		<type>HEARTBEAT</type>
		<severity>INFO</severity>
		<timestamp>Mon Oct 28 23:04:43 2019</timestamp>
		<arg name='tids'>10156,9364,3452,4936</arg>
		<arg name='syscalls'>0,0,0,0</arg>
		<arg name='calls'>174908,126782,189600,330329</arg>
	</msg>
	<msg id='202' display='false' source='tcet'>
		<type>HEARTBEAT</type>
		<severity>INFO</severity>
		<timestamp>Mon Oct 28 23:04:44 2019</timestamp>
		<arg name='tids'>10156,9364,3452,4936</arg>
		<arg name='syscalls'>0,0,0,0</arg>
		<arg name='calls'>257615,136788,201167,168381</arg>
	</msg>
	<msg id='203' display='false' source='tcet'>
		<type>HEARTBEAT</type>
		<severity>INFO</severity>
		<timestamp>Mon Oct 28 23:04:45 2019</timestamp>
		<arg name='tids'>10156,9364,3452,4936</arg>
		<arg name='syscalls'>0,0,0,0</arg>
		<arg name='calls'>242796,195809,235314,203014</arg>
	</msg>
	<msg id='204' display='false' source='tcet'>
		<type>HEARTBEAT</type>
		<severity>INFO</severity>
		<timestamp>Mon Oct 28 23:04:46 2019</timestamp>
		<arg name='tids'>10156,9364,3452,4936</arg>
		<arg name='syscalls'>0,0,0,0</arg>
		<arg name='calls'>228997,348443,252759,173890</arg>
	</msg>
	<msg id='205' display='false' source='tcet'>
		<type>HEARTBEAT</type>
		<severity>INFO</severity>
		<timestamp>Mon Oct 28 23:04:47 2019</timestamp>
		<arg name='tids'>10156,9364,3452,4936</arg>
		<arg name='syscalls'>0,0,0,0</arg>
		<arg name='calls'>226633,226670,189288,145929</arg>
	</msg>
	<msg id='206' display='false' source='tcet'>
		<type>HEARTBEAT</type>
		<severity>INFO</severity>
		<timestamp>Mon Oct 28 23:04:48 2019</timestamp>
		<arg name='tids'>10156,9364,3452,4936</arg>
		<arg name='syscalls'>0,0,0,0</arg>
		<arg name='calls'>137704,204519,146277,290907</arg>
	</msg>
	<msg id='207' display='false' source='tcet'>
		<type>HEARTBEAT</type>
		<severity>INFO</severity>
		<timestamp>Mon Oct 28 23:04:49 2019</timestamp>
		<arg name='tids'>10156,9364,3452,4936</arg>
		<arg name='syscalls'>0,0,0,0</arg>
		<arg name='calls'>314430,236334,272490,352702</arg>
	</msg>
	<msg id='208' display='false' source='tcet'>
		<type>HEARTBEAT</type>
		<severity>INFO</severity>
		<timestamp>Mon Oct 28 23:04:50 2019</timestamp>
		<arg name='tids'>10156,9364,3452,4936</arg>
		<arg name='syscalls'>0,0,0,0</arg>
		<arg name='calls'>295312,286189,219542,210894</arg>
	</msg>
	<msg id='209' display='false' source='tcet'>
		<type>HEARTBEAT</type>
		<severity>INFO</severity>
		<timestamp>Mon Oct 28 23:04:51 2019</timestamp>
		<arg name='tids'>10156,9364,3452,4936</arg>
		<arg name='syscalls'>0,0,0,0</arg>
		<arg name='calls'>296461,229980,290582,236290</arg>
	</msg>
	<msg id='210' display='false' source='tcet'>
		<type>HEARTBEAT</type>
		<severity>INFO</severity>
		<timestamp>Mon Oct 28 23:04:52 2019</timestamp>
		<arg name='tids'>10156,9364,3452,4936</arg>
		<arg name='syscalls'>0,0,0,0</arg>
		<arg name='calls'>244445,218606,248352,430973</arg>
	</msg>
	<msg id='211' display='false' source='tcet'>
		<type>HEARTBEAT</type>
		<severity>INFO</severity>
		<timestamp>Mon Oct 28 23:04:53 2019</timestamp>
		<arg name='tids'>10156,9364,3452,4936</arg>
		<arg name='syscalls'>0,0,0,0</arg>
		<arg name='calls'>146675,232620,314626,191772</arg>
	</msg>
	<msg id='212' display='false' source='tcet'>
		<type>HEARTBEAT</type>
		<severity>INFO</severity>
		<timestamp>Mon Oct 28 23:04:54 2019</timestamp>
		<arg name='tids'>10156,9364,3452,4936</arg>
		<arg name='syscalls'>0,0,0,0</arg>
		<arg name='calls'>189553,302126,165667,192582</arg>
	</msg>
	<msg id='213' display='false' source='tcet'>
		<type>HEARTBEAT</type>
		<severity>INFO</severity>
		<timestamp>Mon Oct 28 23:04:55 2019</timestamp>
		<arg name='tids'>10156,9364,3452,4936</arg>
		<arg name='syscalls'>0,0,0,0</arg>
		<arg name='calls'>248274,357545,204183,237924</arg>
	</msg>
	<msg id='214' display='false' source='tcet'>
		<type>HEARTBEAT</type>
		<severity>INFO</severity>
		<timestamp>Mon Oct 28 23:04:56 2019</timestamp>
		<arg name='tids'>10156,9364,3452,4936</arg>
		<arg name='syscalls'>0,0,0,0</arg>
		<arg name='calls'>178499,268610,197852,269668</arg>
	</msg>
	<msg id='215' display='false' source='tcet'>
		<type>HEARTBEAT</type>
		<severity>INFO</severity>
		<timestamp>Mon Oct 28 23:04:57 2019</timestamp>
		<arg name='tids'>10156,9364,3452,4936</arg>
		<arg name='syscalls'>0,0,0,0</arg>
		<arg name='calls'>240811,212489,313640,331641</arg>
	</msg>
	<msg id='216' display='false' source='tcet'>
		<type>HEARTBEAT</type>
		<severity>INFO</severity>
		<timestamp>Mon Oct 28 23:04:58 2019</timestamp>
		<arg name='tids'>10156,9364,3452,4936</arg>
		<arg name='syscalls'>0,0,0,0</arg>
		<arg name='calls'>264737,274020,286805,284478</arg>
	</msg>
	<msg id='217' display='false' source='tcet'>
		<type>HEARTBEAT</type>
		<severity>INFO</severity>
		<timestamp>Mon Oct 28 23:04:59 2019</timestamp>
		<arg name='tids'>10156,9364,3452,4936</arg>
		<arg name='syscalls'>0,0,0,0</arg>
		<arg name='calls'>268715,298908,186187,235661</arg>
	</msg>
	<msg id='218' display='false' source='tcet'>
		<type>HEARTBEAT</type>
		<severity>INFO</severity>
		<timestamp>Mon Oct 28 23:05:00 2019</timestamp>
		<arg name='tids'>10156,9364,3452,4936</arg>
		<arg name='syscalls'>0,0,0,0</arg>
		<arg name='calls'>271047,275578,378883,300629</arg>
	</msg>
	<msg id='219' display='false' source='tcet'>
		<type>HEARTBEAT</type>
		<severity>INFO</severity>
		<timestamp>Mon Oct 28 23:05:01 2019</timestamp>
		<arg name='tids'>10156,9364,3452,4936</arg>
		<arg name='syscalls'>0,0,0,0</arg>
		<arg name='calls'>337429,360234,335811,285340</arg>
	</msg>
	<msg id='220' display='false' source='tcet'>
		<type>HEARTBEAT</type>
		<severity>INFO</severity>
		<timestamp>Mon Oct 28 23:05:02 2019</timestamp>
		<arg name='tids'>10156,9364,3452,4936</arg>
		<arg name='syscalls'>0,0,0,0</arg>
		<arg name='calls'>320364,267422,337083,223171</arg>
	</msg>
	<msg id='221' display='false' source='tcet'>
		<type>HEARTBEAT</type>
		<severity>INFO</severity>
		<timestamp>Mon Oct 28 23:05:03 2019</timestamp>
		<arg name='tids'>10156,9364,3452,4936</arg>
		<arg name='syscalls'>0,0,0,0</arg>
		<arg name='calls'>556431,563916,543474,486089</arg>
	</msg>
	<msg id='222' display='false' source='tcet'>
		<type>HEARTBEAT</type>
		<severity>INFO</severity>
		<timestamp>Mon Oct 28 23:05:04 2019</timestamp>
		<arg name='tids'>10156,9364,3452,4936</arg>
		<arg name='syscalls'>0,0,0,0</arg>
		<arg name='calls'>1975013,1920150,2066885,1429844</arg>
	</msg>
	<msg id='223' source='tcet'>
		<type>LOAD_MODULE</type>
		<severity>INFO</severity>
		<timestamp>Mon Oct 28 23:05:04 2019</timestamp>
		<arg name='module'>c:\windows\system32\kernel.appcore.dll</arg>
		<arg name='basement'>0x7ffaa9e20000</arg>
		<arg name='ceiling'>0x7ffaa9e2efff</arg>
	</msg>
	<msg id='224' source='tcet'>
		<type>LOAD_MODULE</type>
		<severity>INFO</severity>
		<timestamp>Mon Oct 28 23:05:04 2019</timestamp>
		<arg name='module'>c:\windows\system32\msvcrt.dll</arg>
		<arg name='basement'>0x7ffaad6f0000</arg>
		<arg name='ceiling'>0x7ffaad78dfff</arg>
	</msg>
	<msg id='225' source='tcet'>
		<type>LOAD_MODULE</type>
		<severity>INFO</severity>
		<timestamp>Mon Oct 28 23:05:05 2019</timestamp>
		<arg name='module'>c:\windows\system32\rpcrt4.dll</arg>
		<arg name='basement'>0x7ffaab160000</arg>
		<arg name='ceiling'>0x7ffaab280fff</arg>
	</msg>
	<!-- A thread end notification for 5 was received by thread 0 -->
	<!-- A thread end notification for 6 was received by thread 0 -->
	<!-- A thread end notification for 7 was received by thread 0 -->
	<!-- A thread end notification for 8 was received by thread 0 -->
	<!-- Thread 0 effective sampling rate is 598583798/11971663340 -->
	<msg id='226' source='tcet'>
		<type>UNLOAD_MODULE</type>
		<severity>INFO</severity>
		<timestamp>Mon Oct 28 23:05:06 2019</timestamp>
		<arg name='module'>f:\intel_parallel_studio\projects\task3\x64\debug\task3.exe</arg>
	</msg>
	<msg id='227' source='tcet'>
		<type>UNLOAD_MODULE</type>
		<severity>INFO</severity>
		<timestamp>Mon Oct 28 23:05:06 2019</timestamp>
		<arg name='module'>c:\windows\system32\kernelbase.dll</arg>
	</msg>
	<msg id='228' source='tcet'>
		<type>UNLOAD_MODULE</type>
		<severity>INFO</severity>
		<timestamp>Mon Oct 28 23:05:06 2019</timestamp>
		<arg name='module'>c:\windows\system32\kernel32.dll</arg>
	</msg>
	<msg id='229' source='tcet'>
		<type>UNLOAD_MODULE</type>
		<severity>INFO</severity>
		<timestamp>Mon Oct 28 23:05:06 2019</timestamp>
		<arg name='module'>c:\windows\system32\ntdll.dll</arg>
	</msg>
	<msg id='230' source='tcet'>
		<type>UNLOAD_MODULE</type>
		<severity>INFO</severity>
		<timestamp>Mon Oct 28 23:05:06 2019</timestamp>
		<arg name='module'>c:\windows\system32\vcruntime140d.dll</arg>
	</msg>
	<msg id='231' source='tcet'>
		<type>UNLOAD_MODULE</type>
		<severity>INFO</severity>
		<timestamp>Mon Oct 28 23:05:06 2019</timestamp>
		<arg name='module'>c:\windows\system32\msvcp140d.dll</arg>
	</msg>
	<msg id='232' source='tcet'>
		<type>UNLOAD_MODULE</type>
		<severity>INFO</severity>
		<timestamp>Mon Oct 28 23:05:06 2019</timestamp>
		<arg name='module'>c:\windows\system32\ucrtbased.dll</arg>
	</msg>
	<msg id='233' source='tcet'>
		<type>UNLOAD_MODULE</type>
		<severity>INFO</severity>
		<timestamp>Mon Oct 28 23:05:06 2019</timestamp>
		<arg name='module'>c:\program files (x86)\intelswtools\compilers_and_libraries_2019\windows\redist\intel64\compiler\cilkrts20.dll</arg>
	</msg>
	<msg id='234' source='tcet'>
		<type>UNLOAD_MODULE</type>
		<severity>INFO</severity>
		<timestamp>Mon Oct 28 23:05:06 2019</timestamp>
		<arg name='module'>c:\windows\system32\user32.dll</arg>
	</msg>
	<msg id='235' source='tcet'>
		<type>UNLOAD_MODULE</type>
		<severity>INFO</severity>
		<timestamp>Mon Oct 28 23:05:06 2019</timestamp>
		<arg name='module'>c:\windows\system32\win32u.dll</arg>
	</msg>
	<msg id='236' source='tcet'>
		<type>UNLOAD_MODULE</type>
		<severity>INFO</severity>
		<timestamp>Mon Oct 28 23:05:06 2019</timestamp>
		<arg name='module'>c:\windows\system32\gdi32.dll</arg>
	</msg>
	<msg id='237' source='tcet'>
		<type>UNLOAD_MODULE</type>
		<severity>INFO</severity>
		<timestamp>Mon Oct 28 23:05:06 2019</timestamp>
		<arg name='module'>c:\windows\system32\gdi32full.dll</arg>
	</msg>
	<msg id='238' source='tcet'>
		<type>UNLOAD_MODULE</type>
		<severity>INFO</severity>
		<timestamp>Mon Oct 28 23:05:06 2019</timestamp>
		<arg name='module'>c:\windows\system32\imm32.dll</arg>
	</msg>
	<msg id='239' source='tcet'>
		<type>UNLOAD_MODULE</type>
		<severity>INFO</severity>
		<timestamp>Mon Oct 28 23:05:06 2019</timestamp>
		<arg name='module'>c:\program files (x86)\intelswtools\inspector 2019\bin64\runtime\libittnotify.dll</arg>
	</msg>
	<msg id='240' source='tcet'>
		<type>UNLOAD_MODULE</type>
		<severity>INFO</severity>
		<timestamp>Mon Oct 28 23:05:06 2019</timestamp>
		<arg name='module'>c:\windows\system32\kernel.appcore.dll</arg>
	</msg>
	<msg id='241' source='tcet'>
		<type>UNLOAD_MODULE</type>
		<severity>INFO</severity>
		<timestamp>Mon Oct 28 23:05:06 2019</timestamp>
		<arg name='module'>c:\windows\system32\msvcrt.dll</arg>
	</msg>
	<msg id='242' source='tcet'>
		<type>UNLOAD_MODULE</type>
		<severity>INFO</severity>
		<timestamp>Mon Oct 28 23:05:06 2019</timestamp>
		<arg name='module'>c:\windows\system32\rpcrt4.dll</arg>
	</msg>
	<msg id='243' source='tcet'>
		<type>PROCESS_TERMINATE</type>
		<severity>INFO</severity>
		<timestamp>Mon Oct 28 23:05:06 2019</timestamp>
		<arg name='process'>f:\intel_parallel_studio\projects\task3\x64\debug\task3.exe</arg>
		<arg name='pid'>4324</arg>
	</msg>
	<msg id='244' display='false' source='tccore'>
		<type>ANALYSIS_COMPLETE</type>
		<severity>INFO</severity>
		<timestamp>Mon Oct 28 23:05:06 2019</timestamp>
	</msg>
	<msg id='245' display='false' source='tccore'>
		<type>STOP</type>
		<severity>INFO</severity>
		<timestamp>Mon Oct 28 23:05:06 2019</timestamp>
	</msg>
</log>