
6460 : 0x2aed604da : 1 : spill_jit_data :  Jit agent is not initialized
6460 : 0x2aed60b5c : 2 : ittapi_config_mask_get :  --itt-config mask to be applied: 55
6460 : 0x2aed60b7d : 2 : ittapi_config_apply_per_lib :  ITTAPI function instrumented: __itt_domain_createA
6460 : 0x2aed60b84 : 2 : ittapi_config_apply_per_lib :  ITTAPI function instrumented: __itt_domain_createW
6460 : 0x2aed60b8a : 2 : ittapi_config_apply_per_lib :  ITTAPI function instrumented: __itt_string_handle_createA
6460 : 0x2aed60b90 : 2 : ittapi_config_apply_per_lib :  ITTAPI function instrumented: __itt_string_handle_createW
6460 : 0x2aed60b95 : 2 : ittapi_config_apply_per_lib :  ITTAPI function instrumented: __itt_counter_createA
6460 : 0x2aed60b9a : 2 : ittapi_config_apply_per_lib :  ITTAPI function instrumented: __itt_counter_createW
6460 : 0x2aed60b9f : 2 : ittapi_config_apply_per_lib :  ITTAPI function instrumented: __itt_counter_create_typedA
6460 : 0x2aed60ba4 : 2 : ittapi_config_apply_per_lib :  ITTAPI function instrumented: __itt_counter_create_typedW
6460 : 0x2aed60c95 : 2 : ittapi_config_apply_per_lib :  ITTAPI function instrumented: __itt_pause
6460 : 0x2aed60c9d : 2 : ittapi_config_apply_per_lib :  ITTAPI function instrumented: __itt_resume
6460 : 0x2aed60ca1 : 2 : ittapi_config_apply_per_lib :  ITTAPI function instrumented: __itt_thread_set_nameA
6460 : 0x2aed60ca7 : 2 : ittapi_config_apply_per_lib :  ITTAPI function instrumented: __itt_thread_set_nameW
6460 : 0x2aed60cac : 2 : ittapi_config_apply_per_lib :  ITTAPI function instrumented: __itt_thread_ignore
6460 : 0x2aed60cb2 : 2 : ittapi_config_apply_per_lib :  ITTAPI function instrumented: __itt_thr_name_setA
6460 : 0x2aed60cb7 : 2 : ittapi_config_apply_per_lib :  ITTAPI function instrumented: __itt_thr_name_setW
6460 : 0x2aed60cbc : 2 : ittapi_config_apply_per_lib :  ITTAPI function instrumented: __itt_thr_ignore
6460 : 0x2aed60cc4 : 2 : ittapi_config_apply_per_lib :  ITTAPI function not implemented: __itt_enable_attach
6460 : 0x2aed60cca : 2 : ittapi_config_apply_per_lib :  ITTAPI function instrumented: __itt_detach
6460 : 0x2aed60ce3 : 2 : ittapi_config_apply_per_lib :  ITTAPI function NOT instrumented (not matched by --itt-config option): __itt_sync_createA

6460 : 0x2aed60ce9 : 2 : ittapi_config_apply_per_lib :  ITTAPI function NOT instrumented (not matched by --itt-config option): __itt_sync_createW

6460 : 0x2aed60cee : 2 : ittapi_config_apply_per_lib :  ITTAPI function NOT instrumented (not matched by --itt-config option): __itt_sync_renameA

6460 : 0x2aed60cf3 : 2 : ittapi_config_apply_per_lib :  ITTAPI function NOT instrumented (not matched by --itt-config option): __itt_sync_renameW

6460 : 0x2aed60cf8 : 2 : ittapi_config_apply_per_lib :  ITTAPI function NOT instrumented (not matched by --itt-config option): __itt_sync_destroy

6460 : 0x2aed60cfd : 2 : ittapi_config_apply_per_lib :  ITTAPI function NOT instrumented (not matched by --itt-config option): __itt_sync_prepare

6460 : 0x2aed60d02 : 2 : ittapi_config_apply_per_lib :  ITTAPI function NOT instrumented (not matched by --itt-config option): __itt_sync_cancel

6460 : 0x2aed60d07 : 2 : ittapi_config_apply_per_lib :  ITTAPI function NOT instrumented (not matched by --itt-config option): __itt_sync_acquired

6460 : 0x2aed60d0c : 2 : ittapi_config_apply_per_lib :  ITTAPI function NOT instrumented (not matched by --itt-config option): __itt_sync_releasing

6460 : 0x2aed60d14 : 2 : ittapi_config_apply_per_lib :  ITTAPI function not implemented: __itt_suppress_push
6460 : 0x2aed60d21 : 2 : ittapi_config_apply_per_lib :  ITTAPI function not implemented: __itt_suppress_pop
6460 : 0x2aed60d27 : 2 : ittapi_config_apply_per_lib :  ITTAPI function not implemented: __itt_suppress_mark_range
6460 : 0x2aed60d2c : 2 : ittapi_config_apply_per_lib :  ITTAPI function not implemented: __itt_suppress_clear_range
6460 : 0x2aed60d31 : 2 : ittapi_config_apply_per_lib :  ITTAPI function NOT instrumented (not matched by --itt-config option): __itt_sync_prepare

6460 : 0x2aed60d36 : 2 : ittapi_config_apply_per_lib :  ITTAPI function NOT instrumented (not matched by --itt-config option): __itt_sync_cancel

6460 : 0x2aed60d3b : 2 : ittapi_config_apply_per_lib :  ITTAPI function NOT instrumented (not matched by --itt-config option): __itt_sync_acquired

6460 : 0x2aed60d40 : 2 : ittapi_config_apply_per_lib :  ITTAPI function NOT instrumented (not matched by --itt-config option): __itt_sync_releasing

6460 : 0x2aed60d46 : 2 : ittapi_config_apply_per_lib :  ITTAPI function not implemented: __itt_model_site_begin
6460 : 0x2aed60d4c : 2 : ittapi_config_apply_per_lib :  ITTAPI function not implemented: __itt_model_site_end
6460 : 0x2aed60d51 : 2 : ittapi_config_apply_per_lib :  ITTAPI function not implemented: __itt_model_task_begin
6460 : 0x2aed60d91 : 2 : ittapi_config_apply_per_lib :  ITTAPI function not implemented: __itt_model_task_end
6460 : 0x2aed60d98 : 2 : ittapi_config_apply_per_lib :  ITTAPI function not implemented: __itt_model_lock_acquire
6460 : 0x2aed60d9d : 2 : ittapi_config_apply_per_lib :  ITTAPI function not implemented: __itt_model_lock_release
6460 : 0x2aed60da3 : 2 : ittapi_config_apply_per_lib :  ITTAPI function not implemented: __itt_model_record_allocation
6460 : 0x2aed60da8 : 2 : ittapi_config_apply_per_lib :  ITTAPI function not implemented: __itt_model_record_deallocation
6460 : 0x2aed60dad : 2 : ittapi_config_apply_per_lib :  ITTAPI function not implemented: __itt_model_induction_uses
6460 : 0x2aed60db3 : 2 : ittapi_config_apply_per_lib :  ITTAPI function not implemented: __itt_model_reduction_uses
6460 : 0x2aed60db8 : 2 : ittapi_config_apply_per_lib :  ITTAPI function not implemented: __itt_model_observe_uses
6460 : 0x2aed60dbd : 2 : ittapi_config_apply_per_lib :  ITTAPI function not implemented: __itt_model_clear_uses
6460 : 0x2aed60dc2 : 2 : ittapi_config_apply_per_lib :  ITTAPI function not implemented: __itt_model_site_beginW
6460 : 0x2aed60dd2 : 2 : ittapi_config_apply_per_lib :  ITTAPI function not implemented: __itt_model_task_beginW
6460 : 0x2aed60dd7 : 2 : ittapi_config_apply_per_lib :  ITTAPI function not implemented: __itt_model_iteration_taskW
6460 : 0x2aed60ddc : 2 : ittapi_config_apply_per_lib :  ITTAPI function not implemented: __itt_model_site_beginA
6460 : 0x2aed60de2 : 2 : ittapi_config_apply_per_lib :  ITTAPI function not implemented: __itt_model_site_beginAL
6460 : 0x2aed60de7 : 2 : ittapi_config_apply_per_lib :  ITTAPI function not implemented: __itt_model_task_beginA
6460 : 0x2aed60dec : 2 : ittapi_config_apply_per_lib :  ITTAPI function not implemented: __itt_model_task_beginAL
6460 : 0x2aed60df1 : 2 : ittapi_config_apply_per_lib :  ITTAPI function not implemented: __itt_model_iteration_taskA
6460 : 0x2aed60df6 : 2 : ittapi_config_apply_per_lib :  ITTAPI function not implemented: __itt_model_iteration_taskAL
6460 : 0x2aed60dfb : 2 : ittapi_config_apply_per_lib :  ITTAPI function not implemented: __itt_model_site_end_2
6460 : 0x2aed60e00 : 2 : ittapi_config_apply_per_lib :  ITTAPI function not implemented: __itt_model_task_end_2
6460 : 0x2aed60e0c : 2 : ittapi_config_apply_per_lib :  ITTAPI function not implemented: __itt_model_lock_acquire_2
6460 : 0x2aed60e11 : 2 : ittapi_config_apply_per_lib :  ITTAPI function not implemented: __itt_model_lock_release_2
6460 : 0x2aed60e16 : 2 : ittapi_config_apply_per_lib :  ITTAPI function not implemented: __itt_model_aggregate_task
6460 : 0x2aed60e1b : 2 : ittapi_config_apply_per_lib :  ITTAPI function not implemented: __itt_model_disable_push
6460 : 0x2aed60e20 : 2 : ittapi_config_apply_per_lib :  ITTAPI function not implemented: __itt_model_disable_pop
6460 : 0x2aed60e26 : 2 : ittapi_config_apply_per_lib :  ITTAPI function instrumented: __itt_heap_function_createA
6460 : 0x2aed60e2b : 2 : ittapi_config_apply_per_lib :  ITTAPI function instrumented: __itt_heap_function_createW
6460 : 0x2aed60e30 : 2 : ittapi_config_apply_per_lib :  ITTAPI function instrumented: __itt_heap_allocate_begin
6460 : 0x2aed60e35 : 2 : ittapi_config_apply_per_lib :  ITTAPI function instrumented: __itt_heap_allocate_end
6460 : 0x2aed60e3a : 2 : ittapi_config_apply_per_lib :  ITTAPI function instrumented: __itt_heap_free_begin
6460 : 0x2aed60e49 : 2 : ittapi_config_apply_per_lib :  ITTAPI function instrumented: __itt_heap_free_end
6460 : 0x2aed60e4e : 2 : ittapi_config_apply_per_lib :  ITTAPI function instrumented: __itt_heap_reallocate_begin
6460 : 0x2aed60e53 : 2 : ittapi_config_apply_per_lib :  ITTAPI function instrumented: __itt_heap_reallocate_end
6460 : 0x2aed60e58 : 2 : ittapi_config_apply_per_lib :  ITTAPI function not implemented: __itt_heap_internal_access_begin
6460 : 0x2aed60e5e : 2 : ittapi_config_apply_per_lib :  ITTAPI function not implemented: __itt_heap_internal_access_end
6460 : 0x2aed60e63 : 2 : ittapi_config_apply_per_lib :  ITTAPI function not implemented: __itt_heap_record_memory_growth_begin
6460 : 0x2aed60e69 : 2 : ittapi_config_apply_per_lib :  ITTAPI function not implemented: __itt_heap_record_memory_growth_end
6460 : 0x2aed60e6e : 2 : ittapi_config_apply_per_lib :  ITTAPI function not implemented: __itt_heap_reset_detection
6460 : 0x2aed60e73 : 2 : ittapi_config_apply_per_lib :  ITTAPI function not implemented: __itt_heap_record
6460 : 0x2aed60e79 : 2 : ittapi_config_apply_per_lib :  ITTAPI function not implemented: __itt_id_create
6460 : 0x2aed60e99 : 2 : ittapi_config_apply_per_lib :  ITTAPI function not implemented: __itt_id_destroy
6460 : 0x2aed60ea1 : 2 : ittapi_config_apply_per_lib :  ITTAPI function instrumented: __itt_get_timestamp
6460 : 0x2aed60ec2 : 2 : ittapi_config_apply_per_lib :  ITTAPI function not implemented: __itt_region_begin
6460 : 0x2aed60eca : 2 : ittapi_config_apply_per_lib :  ITTAPI function not implemented: __itt_region_end
6460 : 0x2aed60ed2 : 2 : ittapi_config_apply_per_lib :  ITTAPI function instrumented: __itt_frame_begin_v3
6460 : 0x2aed60ed9 : 2 : ittapi_config_apply_per_lib :  ITTAPI function instrumented: __itt_frame_end_v3
6460 : 0x2aed60ee2 : 2 : ittapi_config_apply_per_lib :  ITTAPI function instrumented: __itt_frame_submit_v3
6460 : 0x2aed60eeb : 2 : ittapi_config_apply_per_lib :  ITTAPI function not implemented: __itt_task_group
6460 : 0x2aed60ef2 : 2 : ittapi_config_apply_per_lib :  ITTAPI function instrumented: __itt_task_begin
6460 : 0x2aed60efa : 2 : ittapi_config_apply_per_lib :  ITTAPI function instrumented: __itt_task_begin_fn
6460 : 0x2aed60f0d : 2 : ittapi_config_apply_per_lib :  ITTAPI function instrumented: __itt_task_end
6460 : 0x2aed60f13 : 2 : ittapi_config_apply_per_lib :  ITTAPI function not implemented: __itt_counter_inc_v3
6460 : 0x2aed60f19 : 2 : ittapi_config_apply_per_lib :  ITTAPI function not implemented: __itt_counter_inc_delta_v3
6460 : 0x2aed60f1e : 2 : ittapi_config_apply_per_lib :  ITTAPI function not implemented: __itt_counter_dec_v3
6460 : 0x2aed60f24 : 2 : ittapi_config_apply_per_lib :  ITTAPI function not implemented: __itt_counter_dec_delta_v3
6460 : 0x2aed60f29 : 2 : ittapi_config_apply_per_lib :  ITTAPI function not implemented: __itt_marker
6460 : 0x2aed60f2e : 2 : ittapi_config_apply_per_lib :  ITTAPI function instrumented: __itt_metadata_add
6460 : 0x2aed60f33 : 2 : ittapi_config_apply_per_lib :  ITTAPI function not implemented: __itt_metadata_str_addA
6460 : 0x2aed60f39 : 2 : ittapi_config_apply_per_lib :  ITTAPI function not implemented: __itt_metadata_str_addW
6460 : 0x2aed60f3e : 2 : ittapi_config_apply_per_lib :  ITTAPI function not implemented: __itt_relation_add_to_current
6460 : 0x2aed60f4a : 2 : ittapi_config_apply_per_lib :  ITTAPI function not implemented: __itt_relation_add
6460 : 0x2aed60f50 : 2 : ittapi_config_apply_per_lib :  ITTAPI function instrumented: __itt_event_createA
6460 : 0x2aed60f55 : 2 : ittapi_config_apply_per_lib :  ITTAPI function instrumented: __itt_event_createW
6460 : 0x2aed60f5a : 2 : ittapi_config_apply_per_lib :  ITTAPI function instrumented: __itt_event_start
6460 : 0x2aed60f62 : 2 : ittapi_config_apply_per_lib :  ITTAPI function instrumented: __itt_event_end
6460 : 0x2aed60f67 : 2 : ittapi_config_apply_per_lib :  ITTAPI function NOT instrumented (not matched by --itt-config option): __itt_sync_set_nameA

6460 : 0x2aed60f6f : 2 : ittapi_config_apply_per_lib :  ITTAPI function NOT instrumented (not matched by --itt-config option): __itt_sync_set_nameW

6460 : 0x2aed60f75 : 2 : ittapi_config_apply_per_lib :  ITTAPI function NOT instrumented (not matched by --itt-config option): __itt_notify_sync_nameA

6460 : 0x2aed60f81 : 2 : ittapi_config_apply_per_lib :  ITTAPI function NOT instrumented (not matched by --itt-config option): __itt_notify_sync_nameW

6460 : 0x2aed60f86 : 2 : ittapi_config_apply_per_lib :  ITTAPI function NOT instrumented (not matched by --itt-config option): __itt_notify_sync_prepare

6460 : 0x2aed60f96 : 2 : ittapi_config_apply_per_lib :  ITTAPI function NOT instrumented (not matched by --itt-config option): __itt_notify_sync_cancel

6460 : 0x2aed60f9b : 2 : ittapi_config_apply_per_lib :  ITTAPI function NOT instrumented (not matched by --itt-config option): __itt_notify_sync_acquired

6460 : 0x2aed60fa0 : 2 : ittapi_config_apply_per_lib :  ITTAPI function NOT instrumented (not matched by --itt-config option): __itt_notify_sync_releasing

6460 : 0x2aed60fa7 : 2 : ittapi_config_apply_per_lib :  ITTAPI function not implemented: __itt_memory_read
6460 : 0x2aed60fac : 2 : ittapi_config_apply_per_lib :  ITTAPI function not implemented: __itt_memory_write
6460 : 0x2aed60fb2 : 2 : ittapi_config_apply_per_lib :  ITTAPI function not implemented: __itt_memory_update
6460 : 0x2aed60fb7 : 2 : ittapi_config_apply_per_lib :  ITTAPI function not implemented: __itt_state_get
6460 : 0x2aed60fbc : 2 : ittapi_config_apply_per_lib :  ITTAPI function not implemented: __itt_state_set
6460 : 0x2aed60fc1 : 2 : ittapi_config_apply_per_lib :  ITTAPI function not implemented: __itt_obj_mode_set
6460 : 0x2aed60fc6 : 2 : ittapi_config_apply_per_lib :  ITTAPI function not implemented: __itt_thr_mode_set
6460 : 0x2aed60fd4 : 2 : ittapi_config_apply_per_lib :  ITTAPI function instrumented: __itt_frame_createA
6460 : 0x2aed60fd9 : 2 : ittapi_config_apply_per_lib :  ITTAPI function instrumented: __itt_frame_createW
6460 : 0x2aed60fde : 2 : ittapi_config_apply_per_lib :  ITTAPI function instrumented: __itt_frame_begin
6460 : 0x2aed60fe3 : 2 : ittapi_config_apply_per_lib :  ITTAPI function instrumented: __itt_frame_end
6460 : 0x2aed60fe8 : 2 : ittapi_config_apply_per_lib :  ITTAPI function not implemented: __itt_counter_destroy
6460 : 0x2aed60fed : 2 : ittapi_config_apply_per_lib :  ITTAPI function instrumented: __itt_counter_inc
6460 : 0x2aed60ff2 : 2 : ittapi_config_apply_per_lib :  ITTAPI function instrumented: __itt_counter_inc_delta
6460 : 0x2aed60ff7 : 2 : ittapi_config_apply_per_lib :  ITTAPI function instrumented: __itt_counter_dec
6460 : 0x2aed60ffc : 2 : ittapi_config_apply_per_lib :  ITTAPI function instrumented: __itt_counter_dec_delta
6460 : 0x2aed61001 : 2 : ittapi_config_apply_per_lib :  ITTAPI function instrumented: __itt_counter_set_value
6460 : 0x2aed6100e : 2 : ittapi_config_apply_per_lib :  ITTAPI function not implemented: __itt_counter_set_value_ex
6460 : 0x2aed61013 : 2 : ittapi_config_apply_per_lib :  ITTAPI function not implemented: __itt_mark_createA
6460 : 0x2aed61018 : 2 : ittapi_config_apply_per_lib :  ITTAPI function not implemented: __itt_mark_createW
6460 : 0x2aed6101d : 2 : ittapi_config_apply_per_lib :  ITTAPI function not implemented: __itt_markA
6460 : 0x2aed61023 : 2 : ittapi_config_apply_per_lib :  ITTAPI function not implemented: __itt_markW
6460 : 0x2aed61028 : 2 : ittapi_config_apply_per_lib :  ITTAPI function not implemented: __itt_mark_off
6460 : 0x2aed6102d : 2 : ittapi_config_apply_per_lib :  ITTAPI function not implemented: __itt_mark_globalA
6460 : 0x2aed61032 : 2 : ittapi_config_apply_per_lib :  ITTAPI function not implemented: __itt_mark_globalW
6460 : 0x2aed61037 : 2 : ittapi_config_apply_per_lib :  ITTAPI function not implemented: __itt_mark_global_off
6460 : 0x2aed6103d : 2 : ittapi_config_apply_per_lib :  ITTAPI function instrumented: __itt_stack_caller_create
6460 : 0x2aed61049 : 2 : ittapi_config_apply_per_lib :  ITTAPI function instrumented: __itt_stack_caller_destroy
6460 : 0x2aed6104e : 2 : ittapi_config_apply_per_lib :  ITTAPI function instrumented: __itt_stack_callee_enter
6460 : 0x2aed61053 : 2 : ittapi_config_apply_per_lib :  ITTAPI function instrumented: __itt_stack_callee_leave
6460 : 0x2aed61058 : 2 : ittapi_config_apply_per_lib :  ITTAPI function not implemented: __itt_clock_domain_create
6460 : 0x2aed6105d : 2 : ittapi_config_apply_per_lib :  ITTAPI function not implemented: __itt_clock_domain_reset
6460 : 0x2aed61063 : 2 : ittapi_config_apply_per_lib :  ITTAPI function not implemented: __itt_id_create_ex
6460 : 0x2aed61068 : 2 : ittapi_config_apply_per_lib :  ITTAPI function not implemented: __itt_id_destroy_ex
6460 : 0x2aed6106d : 2 : ittapi_config_apply_per_lib :  ITTAPI function not implemented: __itt_task_begin_ex
6460 : 0x2aed61073 : 2 : ittapi_config_apply_per_lib :  ITTAPI function not implemented: __itt_task_begin_fn_ex
6460 : 0x2aed61078 : 2 : ittapi_config_apply_per_lib :  ITTAPI function not implemented: __itt_task_end_ex
6460 : 0x2aed610b3 : 2 : ittapi_config_apply_per_lib :  ITTAPI function instrumented: __itt_task_begin_overlapped
6460 : 0x2aed610ba : 2 : ittapi_config_apply_per_lib :  ITTAPI function not implemented: __itt_task_begin_overlapped_ex
6460 : 0x2aed610bf : 2 : ittapi_config_apply_per_lib :  ITTAPI function instrumented: __itt_task_end_overlapped
6460 : 0x2aed610c6 : 2 : ittapi_config_apply_per_lib :  ITTAPI function not implemented: __itt_task_end_overlapped_ex
6460 : 0x2aed610ce : 2 : ittapi_config_apply_per_lib :  ITTAPI function not implemented: __itt_marker_ex
6460 : 0x2aed610d5 : 2 : ittapi_config_apply_per_lib :  ITTAPI function not implemented: __itt_metadata_add_with_scope
6460 : 0x2aed610de : 2 : ittapi_config_apply_per_lib :  ITTAPI function not implemented: __itt_metadata_str_add_with_scopeA
6460 : 0x2aed610e7 : 2 : ittapi_config_apply_per_lib :  ITTAPI function not implemented: __itt_metadata_str_add_with_scopeW
6460 : 0x2aed610ef : 2 : ittapi_config_apply_per_lib :  ITTAPI function not implemented: __itt_relation_add_to_current_ex
6460 : 0x2aed610f7 : 2 : ittapi_config_apply_per_lib :  ITTAPI function not implemented: __itt_relation_add_ex
6460 : 0x2aed6110f : 2 : ittapi_config_apply_per_lib :  ITTAPI function not implemented: __itt_track_group_create
6460 : 0x2aed61117 : 2 : ittapi_config_apply_per_lib :  ITTAPI function not implemented: __itt_track_create
6460 : 0x2aed6111f : 2 : ittapi_config_apply_per_lib :  ITTAPI function not implemented: __itt_set_track
6460 : 0x2aed61128 : 2 : ittapi_config_apply_per_lib :  ITTAPI function instrumented: __itt_api_version
6460 : 0x2aed6112f : 2 : ittapi_config_apply_per_lib :  ITTAPI function not implemented: __itt_av_saveA
6460 : 0x2aed61135 : 2 : ittapi_config_apply_per_lib :  ITTAPI function not implemented: __itt_av_saveW
6460 : 0x2aed6113c : 2 : ittapi_config_apply_per_lib :  ITTAPI function instrumented: __itt_module_loadA
6460 : 0x2aed61143 : 2 : ittapi_config_apply_per_lib :  ITTAPI function instrumented: __itt_module_loadW